2025-11-09 23:57:39 [INFO] ======================================================================
2025-11-09 23:57:39 [INFO] NAS with Approximate Multipliers - Started
2025-11-09 23:57:39 [INFO] Log file: logs/nas_run_20251109_235739.log
2025-11-09 23:57:39 [INFO] ======================================================================
2025-11-09 23:57:39 [INFO] ======================================================================
2025-11-09 23:57:39 [INFO] CONFIGURATION
2025-11-09 23:57:39 [INFO] ======================================================================
2025-11-09 23:57:39 [INFO] Dataset: cifar10
2025-11-09 23:57:39 [INFO] Training samples: 5000
2025-11-09 23:57:39 [INFO] Validation samples: 1000
2025-11-09 23:57:39 [INFO] NAS trials: 20
2025-11-09 23:57:39 [INFO] NAS blocks: 4
2025-11-09 23:57:39 [INFO] NAS method: evolutionary
2025-11-09 23:57:39 [INFO] Training epochs: 30
2025-11-09 23:57:39 [INFO] Batch size: 128
2025-11-09 23:57:39 [INFO] Learning rate: 0.001
2025-11-09 23:57:39 [INFO] LR scheduling: No
2025-11-09 23:57:39 [INFO] Multiplier dir: ./multipliers
2025-11-09 23:57:39 [INFO] Save predictions: No
2025-11-09 23:57:39 [INFO] Results dir: logs/results
2025-11-09 23:57:39 [INFO] 
======================================================================
2025-11-09 23:57:39 [INFO] STEP 0: Loading Dataset
2025-11-09 23:57:39 [INFO] ======================================================================
2025-11-09 23:57:39 [INFO] Input shape: (32, 32, 3)
2025-11-09 23:57:39 [INFO] Number of classes: 10
2025-11-09 23:57:39 [INFO] Training samples (full): 44000
2025-11-09 23:57:39 [INFO] Validation samples (full): 6000
2025-11-09 23:57:39 [INFO] Test samples: 10000
2025-11-09 23:57:39 [INFO] 
Using subset:
2025-11-09 23:57:39 [INFO]   Training: 5000 samples
2025-11-09 23:57:39 [INFO]   Validation: 1000 samples
2025-11-09 23:57:39 [INFO]   Classes: airplane, automobile, bird, cat, deer...
2025-11-09 23:57:39 [INFO] 
======================================================================
2025-11-09 23:57:39 [INFO] STEP 1: Using Predefined Architecture (NAS Skipped)
2025-11-09 23:57:39 [INFO] ======================================================================
2025-11-09 23:57:39 [INFO] Architecture: [{'op': 'conv3x3', 'filters': 32, 'use_bn': True}, {'op': 'conv3x3', 'filters': 64, 'use_bn': True}, {'op': 'max_pool', 'filters': 64, 'use_bn': False}, {'op': 'conv3x3', 'filters': 128, 'use_bn': True}, {'op': 'conv1x1', 'filters': 128, 'use_bn': False}]
2025-11-09 23:57:40 [WARNING] sample_weight modes were coerced from
  ...
    to  
  ['...']
2025-11-09 23:57:54 [INFO] Quick evaluation accuracy: 0.2070
2025-11-09 23:57:54 [INFO] 
======================================================================
2025-11-09 23:57:54 [INFO] STEP 2: Training Best Architecture
2025-11-09 23:57:54 [INFO] ======================================================================
2025-11-09 23:57:54 [INFO] Best Architecture: [{'op': 'conv3x3', 'filters': 32, 'use_bn': True}, {'op': 'conv3x3', 'filters': 64, 'use_bn': True}, {'op': 'max_pool', 'filters': 64, 'use_bn': False}, {'op': 'conv3x3', 'filters': 128, 'use_bn': True}, {'op': 'conv1x1', 'filters': 128, 'use_bn': False}]
2025-11-09 23:57:54 [INFO] 
Model Complexity:
2025-11-09 23:57:54 [INFO]   Trainable Parameters: 128,010
2025-11-09 23:57:54 [INFO]   Estimated FLOPs: 42,827,776
2025-11-09 23:57:54 [INFO]   Model Size (approx): 0.49 MB (float32)
2025-11-09 23:57:54 [INFO] 
Training for 30 epochs...
2025-11-09 23:57:54 [WARNING] sample_weight modes were coerced from
  ...
    to  
  ['...']
2025-11-09 23:58:32 [INFO] Training completed: 30 epochs
2025-11-09 23:58:32 [INFO] ✓ Standard model accuracy: 0.4870
2025-11-09 23:58:32 [INFO] 
============================================================
2025-11-09 23:58:32 [INFO] BEST ARCHITECTURE FOUND
2025-11-09 23:58:32 [INFO] ============================================================
2025-11-09 23:58:32 [INFO] Architecture: [{'op': 'conv3x3', 'filters': 32, 'use_bn': True}, {'op': 'conv3x3', 'filters': 64, 'use_bn': True}, {'op': 'max_pool', 'filters': 64, 'use_bn': False}, {'op': 'conv3x3', 'filters': 128, 'use_bn': True}, {'op': 'conv1x1', 'filters': 128, 'use_bn': False}]
2025-11-09 23:58:32 [INFO] Accuracy: 0.4870
2025-11-09 23:58:32 [INFO] ============================================================
2025-11-09 23:58:32 [INFO] 
Training Summary:
2025-11-09 23:58:32 [INFO]   Final Training Accuracy: 0.5101
2025-11-09 23:58:32 [INFO]   Final Validation Accuracy: 0.4870
2025-11-09 23:58:32 [INFO]   Final Training Loss: 1.3952
2025-11-09 23:58:32 [INFO]   Final Validation Loss: 1.5319
2025-11-09 23:58:32 [INFO] 
Saving training curves...
2025-11-09 23:58:32 [INFO]   ✓ Training curves saved to logs/results/
2025-11-09 23:58:32 [INFO] 
✓ Standard model weights saved to logs/results/standard_model_weights.h5
2025-11-09 23:58:32 [INFO] 
======================================================================
2025-11-09 23:58:32 [INFO] STEP 3: Testing Approximate Multipliers
2025-11-09 23:58:32 [INFO] ======================================================================
2025-11-09 23:58:32 [INFO] Testing 36 multipliers
2025-11-09 23:58:32 [INFO] Standard model accuracy: 0.4870
2025-11-09 23:58:32 [INFO] Using saved weights from: logs/results/standard_model_weights.h5

2025-11-09 23:58:32 [INFO] [1/36] Testing: mul8u_125K.bin
2025-11-09 23:58:35 [INFO] Testing: mul8u_125K.bin
2025-11-09 23:58:35 [INFO]   Accuracy: 0.1000
2025-11-09 23:58:35 [INFO]   Drop:     0.3870 (79.47%)
2025-11-09 23:58:35 [INFO] [2/36] Testing: mul8u_12N4.bin
2025-11-09 23:58:38 [INFO] Testing: mul8u_12N4.bin
2025-11-09 23:58:38 [INFO]   Accuracy: 0.1000
2025-11-09 23:58:38 [INFO]   Drop:     0.3870 (79.47%)
2025-11-09 23:58:38 [INFO] [3/36] Testing: mul8u_13QR.bin
2025-11-09 23:58:40 [INFO] Testing: mul8u_13QR.bin
2025-11-09 23:58:40 [INFO]   Accuracy: 0.1000
2025-11-09 23:58:40 [INFO]   Drop:     0.3870 (79.47%)
2025-11-09 23:58:40 [INFO] [4/36] Testing: mul8u_1446.bin
2025-11-09 23:58:43 [INFO] Testing: mul8u_1446.bin
2025-11-09 23:58:43 [INFO]   Accuracy: 0.1000
2025-11-09 23:58:43 [INFO]   Drop:     0.3870 (79.47%)
2025-11-09 23:58:43 [INFO] [5/36] Testing: mul8u_14VP.bin
2025-11-09 23:58:45 [INFO] Testing: mul8u_14VP.bin
2025-11-09 23:58:45 [INFO]   Accuracy: 0.1000
2025-11-09 23:58:45 [INFO]   Drop:     0.3870 (79.47%)
2025-11-09 23:58:45 [INFO] [6/36] Testing: mul8u_150Q.bin
2025-11-09 23:58:48 [INFO] Testing: mul8u_150Q.bin
2025-11-09 23:58:48 [INFO]   Accuracy: 0.1000
2025-11-09 23:58:48 [INFO]   Drop:     0.3870 (79.47%)
2025-11-09 23:58:48 [INFO] [7/36] Testing: mul8u_17C8.bin
2025-11-09 23:58:50 [INFO] Testing: mul8u_17C8.bin
2025-11-09 23:58:50 [INFO]   Accuracy: 0.1000
2025-11-09 23:58:50 [INFO]   Drop:     0.3870 (79.47%)
2025-11-09 23:58:50 [INFO] [8/36] Testing: mul8u_17KS.bin
2025-11-09 23:58:53 [INFO] Testing: mul8u_17KS.bin
2025-11-09 23:58:53 [INFO]   Accuracy: 0.1000
2025-11-09 23:58:53 [INFO]   Drop:     0.3870 (79.47%)
2025-11-09 23:58:53 [INFO] [9/36] Testing: mul8u_17QU.bin
2025-11-09 23:58:56 [INFO] Testing: mul8u_17QU.bin
2025-11-09 23:58:56 [INFO]   Accuracy: 0.1000
2025-11-09 23:58:56 [INFO]   Drop:     0.3870 (79.47%)
2025-11-09 23:58:56 [INFO] [10/36] Testing: mul8u_185Q.bin
2025-11-09 23:58:58 [INFO] Testing: mul8u_185Q.bin
2025-11-09 23:58:58 [INFO]   Accuracy: 0.1000
2025-11-09 23:58:58 [INFO]   Drop:     0.3870 (79.47%)
2025-11-09 23:58:58 [INFO] [11/36] Testing: mul8u_18DU.bin
2025-11-09 23:59:01 [INFO] Testing: mul8u_18DU.bin
2025-11-09 23:59:01 [INFO]   Accuracy: 0.1000
2025-11-09 23:59:01 [INFO]   Drop:     0.3870 (79.47%)
2025-11-09 23:59:01 [INFO] [12/36] Testing: mul8u_199Z.bin
2025-11-09 23:59:03 [INFO] Testing: mul8u_199Z.bin
2025-11-09 23:59:03 [INFO]   Accuracy: 0.1000
2025-11-09 23:59:03 [INFO]   Drop:     0.3870 (79.47%)
2025-11-09 23:59:03 [INFO] [13/36] Testing: mul8u_19DB.bin
2025-11-09 23:59:06 [INFO] Testing: mul8u_19DB.bin
2025-11-09 23:59:06 [INFO]   Accuracy: 0.1000
2025-11-09 23:59:06 [INFO]   Drop:     0.3870 (79.47%)
2025-11-09 23:59:06 [INFO] [14/36] Testing: mul8u_1AGV.bin
2025-11-09 23:59:09 [INFO] Testing: mul8u_1AGV.bin
2025-11-09 23:59:09 [INFO]   Accuracy: 0.1000
2025-11-09 23:59:09 [INFO]   Drop:     0.3870 (79.47%)
2025-11-09 23:59:09 [INFO] [15/36] Testing: mul8u_1JFF.bin
2025-11-09 23:59:11 [INFO] Testing: mul8u_1JFF.bin
2025-11-09 23:59:11 [INFO]   Accuracy: 0.1000
2025-11-09 23:59:11 [INFO]   Drop:     0.3870 (79.47%)
2025-11-09 23:59:11 [INFO] [16/36] Testing: mul8u_2AC.bin
2025-11-09 23:59:14 [INFO] Testing: mul8u_2AC.bin
2025-11-09 23:59:14 [INFO]   Accuracy: 0.1000
2025-11-09 23:59:14 [INFO]   Drop:     0.3870 (79.47%)
2025-11-09 23:59:14 [INFO] [17/36] Testing: mul8u_2HH.bin
2025-11-09 23:59:16 [INFO] Testing: mul8u_2HH.bin
2025-11-09 23:59:16 [INFO]   Accuracy: 0.1000
2025-11-09 23:59:16 [INFO]   Drop:     0.3870 (79.47%)
2025-11-09 23:59:16 [INFO] [18/36] Testing: mul8u_2P7.bin
2025-11-09 23:59:19 [INFO] Testing: mul8u_2P7.bin
2025-11-09 23:59:19 [INFO]   Accuracy: 0.1000
2025-11-09 23:59:19 [INFO]   Drop:     0.3870 (79.47%)
2025-11-09 23:59:19 [INFO] [19/36] Testing: mul8u_7C1.bin
2025-11-09 23:59:22 [INFO] Testing: mul8u_7C1.bin
2025-11-09 23:59:22 [INFO]   Accuracy: 0.1000
2025-11-09 23:59:22 [INFO]   Drop:     0.3870 (79.47%)
2025-11-09 23:59:22 [INFO] [20/36] Testing: mul8u_96D.bin
2025-11-09 23:59:24 [INFO] Testing: mul8u_96D.bin
2025-11-09 23:59:24 [INFO]   Accuracy: 0.1000
2025-11-09 23:59:24 [INFO]   Drop:     0.3870 (79.47%)
2025-11-09 23:59:24 [INFO] [21/36] Testing: mul8u_CK5.bin
2025-11-09 23:59:27 [INFO] Testing: mul8u_CK5.bin
2025-11-09 23:59:27 [INFO]   Accuracy: 0.1000
2025-11-09 23:59:27 [INFO]   Drop:     0.3870 (79.47%)
2025-11-09 23:59:27 [INFO] [22/36] Testing: mul8u_DM1.bin
2025-11-09 23:59:30 [INFO] Testing: mul8u_DM1.bin
2025-11-09 23:59:30 [INFO]   Accuracy: 0.1000
2025-11-09 23:59:30 [INFO]   Drop:     0.3870 (79.47%)
2025-11-09 23:59:30 [INFO] [23/36] Testing: mul8u_EXZ.bin
2025-11-09 23:59:32 [INFO] Testing: mul8u_EXZ.bin
2025-11-09 23:59:32 [INFO]   Accuracy: 0.1000
2025-11-09 23:59:32 [INFO]   Drop:     0.3870 (79.47%)
2025-11-09 23:59:32 [INFO] [24/36] Testing: mul8u_FTA.bin
