2025-11-09 23:54:44 [INFO] ======================================================================
2025-11-09 23:54:44 [INFO] NAS with Approximate Multipliers - Started
2025-11-09 23:54:44 [INFO] Log file: logs/nas_run_20251109_235444.log
2025-11-09 23:54:44 [INFO] ======================================================================
2025-11-09 23:54:44 [INFO] ======================================================================
2025-11-09 23:54:44 [INFO] CONFIGURATION
2025-11-09 23:54:44 [INFO] ======================================================================
2025-11-09 23:54:44 [INFO] Dataset: cifar10
2025-11-09 23:54:44 [INFO] Training samples: 1000
2025-11-09 23:54:44 [INFO] Validation samples: 200
2025-11-09 23:54:44 [INFO] NAS trials: 20
2025-11-09 23:54:44 [INFO] NAS blocks: 4
2025-11-09 23:54:44 [INFO] NAS method: evolutionary
2025-11-09 23:54:44 [INFO] Training epochs: 10
2025-11-09 23:54:44 [INFO] Batch size: 128
2025-11-09 23:54:44 [INFO] Learning rate: 0.001
2025-11-09 23:54:44 [INFO] LR scheduling: No
2025-11-09 23:54:44 [INFO] Multiplier dir: ./multipliers
2025-11-09 23:54:44 [INFO] Save predictions: No
2025-11-09 23:54:44 [INFO] Results dir: logs/results
2025-11-09 23:54:44 [INFO] 
======================================================================
2025-11-09 23:54:44 [INFO] STEP 0: Loading Dataset
2025-11-09 23:54:44 [INFO] ======================================================================
2025-11-09 23:54:44 [INFO] Input shape: (32, 32, 3)
2025-11-09 23:54:44 [INFO] Number of classes: 10
2025-11-09 23:54:44 [INFO] Training samples (full): 44000
2025-11-09 23:54:44 [INFO] Validation samples (full): 6000
2025-11-09 23:54:44 [INFO] Test samples: 10000
2025-11-09 23:54:44 [INFO] 
Using subset:
2025-11-09 23:54:44 [INFO]   Training: 1000 samples
2025-11-09 23:54:44 [INFO]   Validation: 200 samples
2025-11-09 23:54:44 [INFO]   Classes: airplane, automobile, bird, cat, deer...
2025-11-09 23:54:44 [INFO] 
======================================================================
2025-11-09 23:54:44 [INFO] STEP 1: Using Predefined Architecture (NAS Skipped)
2025-11-09 23:54:44 [INFO] ======================================================================
2025-11-09 23:54:44 [INFO] Architecture: [{'op': 'conv3x3', 'filters': 32, 'use_bn': True}, {'op': 'conv3x3', 'filters': 64, 'use_bn': True}, {'op': 'max_pool', 'filters': 64, 'use_bn': False}, {'op': 'conv3x3', 'filters': 128, 'use_bn': True}, {'op': 'conv1x1', 'filters': 128, 'use_bn': False}]
2025-11-09 23:54:45 [WARNING] sample_weight modes were coerced from
  ...
    to  
  ['...']
2025-11-09 23:54:49 [INFO] Quick evaluation accuracy: 0.0850
2025-11-09 23:54:49 [INFO] 
======================================================================
2025-11-09 23:54:49 [INFO] STEP 2: Training Best Architecture
2025-11-09 23:54:49 [INFO] ======================================================================
2025-11-09 23:54:49 [INFO] Best Architecture: [{'op': 'conv3x3', 'filters': 32, 'use_bn': True}, {'op': 'conv3x3', 'filters': 64, 'use_bn': True}, {'op': 'max_pool', 'filters': 64, 'use_bn': False}, {'op': 'conv3x3', 'filters': 128, 'use_bn': True}, {'op': 'conv1x1', 'filters': 128, 'use_bn': False}]
2025-11-09 23:54:49 [INFO] 
Model Complexity:
2025-11-09 23:54:49 [INFO]   Trainable Parameters: 128,010
2025-11-09 23:54:49 [INFO]   Estimated FLOPs: 42,827,776
2025-11-09 23:54:49 [INFO]   Model Size (approx): 0.49 MB (float32)
2025-11-09 23:54:49 [INFO] 
Training for 10 epochs...
2025-11-09 23:54:49 [WARNING] sample_weight modes were coerced from
  ...
    to  
  ['...']
2025-11-09 23:54:52 [INFO] Training completed: 10 epochs
2025-11-09 23:54:52 [INFO] ✓ Standard model accuracy: 0.0950
2025-11-09 23:54:52 [INFO] 
============================================================
2025-11-09 23:54:52 [INFO] BEST ARCHITECTURE FOUND
2025-11-09 23:54:52 [INFO] ============================================================
2025-11-09 23:54:52 [INFO] Architecture: [{'op': 'conv3x3', 'filters': 32, 'use_bn': True}, {'op': 'conv3x3', 'filters': 64, 'use_bn': True}, {'op': 'max_pool', 'filters': 64, 'use_bn': False}, {'op': 'conv3x3', 'filters': 128, 'use_bn': True}, {'op': 'conv1x1', 'filters': 128, 'use_bn': False}]
2025-11-09 23:54:52 [INFO] Accuracy: 0.0950
2025-11-09 23:54:52 [INFO] ============================================================
2025-11-09 23:54:52 [INFO] 
Training Summary:
2025-11-09 23:54:52 [INFO]   Final Training Accuracy: 0.2672
2025-11-09 23:54:52 [INFO]   Final Validation Accuracy: 0.0950
2025-11-09 23:54:52 [INFO]   Final Training Loss: 2.0662
2025-11-09 23:54:52 [INFO]   Final Validation Loss: 2.4673
2025-11-09 23:54:52 [INFO]   ⚠ Warning: Large train-val gap (0.1722) suggests overfitting
2025-11-09 23:54:52 [INFO] 
Saving training curves...
2025-11-09 23:54:53 [INFO]   ✓ Training curves saved to logs/results/
2025-11-09 23:54:53 [INFO] 
✓ Standard model weights saved to logs/results/standard_model_weights.h5
2025-11-09 23:54:53 [INFO] 
======================================================================
2025-11-09 23:54:53 [INFO] STEP 3: Testing Approximate Multipliers
2025-11-09 23:54:53 [INFO] ======================================================================
2025-11-09 23:54:53 [INFO] Testing 36 multipliers
2025-11-09 23:54:53 [INFO] Standard model accuracy: 0.0950
2025-11-09 23:54:53 [INFO] Using saved weights from: logs/results/standard_model_weights.h5

2025-11-09 23:54:53 [INFO] [1/36] Testing: mul8u_125K.bin
2025-11-09 23:54:55 [INFO] Testing: mul8u_125K.bin
2025-11-09 23:54:55 [INFO]   Accuracy: 0.1000
2025-11-09 23:54:55 [INFO]   Drop:     -0.0050 (-5.26%)
2025-11-09 23:54:55 [INFO] [2/36] Testing: mul8u_12N4.bin
2025-11-09 23:54:58 [INFO] Testing: mul8u_12N4.bin
2025-11-09 23:54:58 [INFO]   Accuracy: 0.1000
2025-11-09 23:54:58 [INFO]   Drop:     -0.0050 (-5.26%)
2025-11-09 23:54:58 [INFO] [3/36] Testing: mul8u_13QR.bin
2025-11-09 23:55:01 [INFO] Testing: mul8u_13QR.bin
2025-11-09 23:55:01 [INFO]   Accuracy: 0.1000
2025-11-09 23:55:01 [INFO]   Drop:     -0.0050 (-5.26%)
2025-11-09 23:55:01 [INFO] [4/36] Testing: mul8u_1446.bin
2025-11-09 23:55:03 [INFO] Testing: mul8u_1446.bin
2025-11-09 23:55:03 [INFO]   Accuracy: 0.1000
2025-11-09 23:55:03 [INFO]   Drop:     -0.0050 (-5.26%)
2025-11-09 23:55:03 [INFO] [5/36] Testing: mul8u_14VP.bin
2025-11-09 23:55:06 [INFO] Testing: mul8u_14VP.bin
2025-11-09 23:55:06 [INFO]   Accuracy: 0.1000
2025-11-09 23:55:06 [INFO]   Drop:     -0.0050 (-5.26%)
2025-11-09 23:55:06 [INFO] [6/36] Testing: mul8u_150Q.bin
2025-11-09 23:55:09 [INFO] Testing: mul8u_150Q.bin
2025-11-09 23:55:09 [INFO]   Accuracy: 0.1000
2025-11-09 23:55:09 [INFO]   Drop:     -0.0050 (-5.26%)
2025-11-09 23:55:09 [INFO] [7/36] Testing: mul8u_17C8.bin
2025-11-09 23:55:11 [INFO] Testing: mul8u_17C8.bin
2025-11-09 23:55:11 [INFO]   Accuracy: 0.1000
2025-11-09 23:55:11 [INFO]   Drop:     -0.0050 (-5.26%)
2025-11-09 23:55:11 [INFO] [8/36] Testing: mul8u_17KS.bin
2025-11-09 23:55:14 [INFO] Testing: mul8u_17KS.bin
2025-11-09 23:55:14 [INFO]   Accuracy: 0.1000
2025-11-09 23:55:14 [INFO]   Drop:     -0.0050 (-5.26%)
2025-11-09 23:55:14 [INFO] [9/36] Testing: mul8u_17QU.bin
2025-11-09 23:55:17 [INFO] Testing: mul8u_17QU.bin
2025-11-09 23:55:17 [INFO]   Accuracy: 0.1000
2025-11-09 23:55:17 [INFO]   Drop:     -0.0050 (-5.26%)
2025-11-09 23:55:17 [INFO] [10/36] Testing: mul8u_185Q.bin
2025-11-09 23:55:19 [INFO] Testing: mul8u_185Q.bin
2025-11-09 23:55:19 [INFO]   Accuracy: 0.1000
2025-11-09 23:55:19 [INFO]   Drop:     -0.0050 (-5.26%)
2025-11-09 23:55:19 [INFO] [11/36] Testing: mul8u_18DU.bin
2025-11-09 23:55:22 [INFO] Testing: mul8u_18DU.bin
2025-11-09 23:55:22 [INFO]   Accuracy: 0.1000
2025-11-09 23:55:22 [INFO]   Drop:     -0.0050 (-5.26%)
2025-11-09 23:55:22 [INFO] [12/36] Testing: mul8u_199Z.bin
2025-11-09 23:55:24 [INFO] Testing: mul8u_199Z.bin
2025-11-09 23:55:24 [INFO]   Accuracy: 0.1000
2025-11-09 23:55:24 [INFO]   Drop:     -0.0050 (-5.26%)
2025-11-09 23:55:24 [INFO] [13/36] Testing: mul8u_19DB.bin
2025-11-09 23:55:27 [INFO] Testing: mul8u_19DB.bin
2025-11-09 23:55:27 [INFO]   Accuracy: 0.1000
2025-11-09 23:55:27 [INFO]   Drop:     -0.0050 (-5.26%)
2025-11-09 23:55:27 [INFO] [14/36] Testing: mul8u_1AGV.bin
2025-11-09 23:55:30 [INFO] Testing: mul8u_1AGV.bin
2025-11-09 23:55:30 [INFO]   Accuracy: 0.1000
2025-11-09 23:55:30 [INFO]   Drop:     -0.0050 (-5.26%)
2025-11-09 23:55:30 [INFO] [15/36] Testing: mul8u_1JFF.bin
2025-11-09 23:55:32 [INFO] Testing: mul8u_1JFF.bin
2025-11-09 23:55:32 [INFO]   Accuracy: 0.1000
2025-11-09 23:55:32 [INFO]   Drop:     -0.0050 (-5.26%)
2025-11-09 23:55:32 [INFO] [16/36] Testing: mul8u_2AC.bin
2025-11-09 23:55:35 [INFO] Testing: mul8u_2AC.bin
2025-11-09 23:55:35 [INFO]   Accuracy: 0.1000
2025-11-09 23:55:35 [INFO]   Drop:     -0.0050 (-5.26%)
2025-11-09 23:55:35 [INFO] [17/36] Testing: mul8u_2HH.bin
2025-11-09 23:55:38 [INFO] Testing: mul8u_2HH.bin
2025-11-09 23:55:38 [INFO]   Accuracy: 0.1000
2025-11-09 23:55:38 [INFO]   Drop:     -0.0050 (-5.26%)
2025-11-09 23:55:38 [INFO] [18/36] Testing: mul8u_2P7.bin
2025-11-09 23:55:41 [INFO] Testing: mul8u_2P7.bin
2025-11-09 23:55:41 [INFO]   Accuracy: 0.1000
2025-11-09 23:55:41 [INFO]   Drop:     -0.0050 (-5.26%)
2025-11-09 23:55:41 [INFO] [19/36] Testing: mul8u_7C1.bin
2025-11-09 23:55:44 [INFO] Testing: mul8u_7C1.bin
2025-11-09 23:55:44 [INFO]   Accuracy: 0.1000
2025-11-09 23:55:44 [INFO]   Drop:     -0.0050 (-5.26%)
2025-11-09 23:55:44 [INFO] [20/36] Testing: mul8u_96D.bin
2025-11-09 23:55:47 [INFO] Testing: mul8u_96D.bin
2025-11-09 23:55:47 [INFO]   Accuracy: 0.1000
2025-11-09 23:55:47 [INFO]   Drop:     -0.0050 (-5.26%)
2025-11-09 23:55:47 [INFO] [21/36] Testing: mul8u_CK5.bin
2025-11-09 23:55:49 [INFO] Testing: mul8u_CK5.bin
2025-11-09 23:55:49 [INFO]   Accuracy: 0.1000
2025-11-09 23:55:49 [INFO]   Drop:     -0.0050 (-5.26%)
2025-11-09 23:55:49 [INFO] [22/36] Testing: mul8u_DM1.bin
2025-11-09 23:55:52 [INFO] Testing: mul8u_DM1.bin
2025-11-09 23:55:52 [INFO]   Accuracy: 0.1000
2025-11-09 23:55:52 [INFO]   Drop:     -0.0050 (-5.26%)
2025-11-09 23:55:52 [INFO] [23/36] Testing: mul8u_EXZ.bin
2025-11-09 23:55:55 [INFO] Testing: mul8u_EXZ.bin
2025-11-09 23:55:55 [INFO]   Accuracy: 0.1000
2025-11-09 23:55:55 [INFO]   Drop:     -0.0050 (-5.26%)
2025-11-09 23:55:55 [INFO] [24/36] Testing: mul8u_FTA.bin
2025-11-09 23:55:57 [INFO] Testing: mul8u_FTA.bin
2025-11-09 23:55:57 [INFO]   Accuracy: 0.1000
2025-11-09 23:55:57 [INFO]   Drop:     -0.0050 (-5.26%)
2025-11-09 23:55:57 [INFO] [25/36] Testing: mul8u_GS2.bin
2025-11-09 23:56:00 [INFO] Testing: mul8u_GS2.bin
2025-11-09 23:56:00 [INFO]   Accuracy: 0.1000
2025-11-09 23:56:00 [INFO]   Drop:     -0.0050 (-5.26%)
2025-11-09 23:56:00 [INFO] [26/36] Testing: mul8u_JQQ.bin
2025-11-09 23:56:03 [INFO] Testing: mul8u_JQQ.bin
2025-11-09 23:56:03 [INFO]   Accuracy: 0.1000
2025-11-09 23:56:03 [INFO]   Drop:     -0.0050 (-5.26%)
2025-11-09 23:56:03 [INFO] [27/36] Testing: mul8u_JV3.bin
2025-11-09 23:56:06 [INFO] Testing: mul8u_JV3.bin
2025-11-09 23:56:06 [INFO]   Accuracy: 0.1000
2025-11-09 23:56:06 [INFO]   Drop:     -0.0050 (-5.26%)
2025-11-09 23:56:06 [INFO] [28/36] Testing: mul8u_KEM.bin
2025-11-09 23:56:09 [INFO] Testing: mul8u_KEM.bin
2025-11-09 23:56:09 [INFO]   Accuracy: 0.1000
2025-11-09 23:56:09 [INFO]   Drop:     -0.0050 (-5.26%)
2025-11-09 23:56:09 [INFO] [29/36] Testing: mul8u_L40.bin
2025-11-09 23:56:12 [INFO] Testing: mul8u_L40.bin
2025-11-09 23:56:12 [INFO]   Accuracy: 0.1000
2025-11-09 23:56:12 [INFO]   Drop:     -0.0050 (-5.26%)
2025-11-09 23:56:12 [INFO] [30/36] Testing: mul8u_NGR.bin
2025-11-09 23:56:15 [INFO] Testing: mul8u_NGR.bin
2025-11-09 23:56:15 [INFO]   Accuracy: 0.1000
2025-11-09 23:56:15 [INFO]   Drop:     -0.0050 (-5.26%)
2025-11-09 23:56:15 [INFO] [31/36] Testing: mul8u_PKY.bin
2025-11-09 23:56:17 [INFO] Testing: mul8u_PKY.bin
2025-11-09 23:56:17 [INFO]   Accuracy: 0.1000
2025-11-09 23:56:17 [INFO]   Drop:     -0.0050 (-5.26%)
2025-11-09 23:56:17 [INFO] [32/36] Testing: mul8u_QJD.bin
2025-11-09 23:56:20 [INFO] Testing: mul8u_QJD.bin
2025-11-09 23:56:20 [INFO]   Accuracy: 0.1000
2025-11-09 23:56:20 [INFO]   Drop:     -0.0050 (-5.26%)
2025-11-09 23:56:20 [INFO] [33/36] Testing: mul8u_QKX.bin
2025-11-09 23:56:23 [INFO] Testing: mul8u_QKX.bin
2025-11-09 23:56:23 [INFO]   Accuracy: 0.1000
2025-11-09 23:56:23 [INFO]   Drop:     -0.0050 (-5.26%)
2025-11-09 23:56:23 [INFO] [34/36] Testing: mul8u_Y48.bin
2025-11-09 23:56:26 [INFO] Testing: mul8u_Y48.bin
2025-11-09 23:56:26 [INFO]   Accuracy: 0.1000
2025-11-09 23:56:26 [INFO]   Drop:     -0.0050 (-5.26%)
2025-11-09 23:56:26 [INFO] [35/36] Testing: mul8u_YX7.bin
2025-11-09 23:56:28 [INFO] Testing: mul8u_YX7.bin
2025-11-09 23:56:28 [INFO]   Accuracy: 0.1000
2025-11-09 23:56:28 [INFO]   Drop:     -0.0050 (-5.26%)
2025-11-09 23:56:28 [INFO] [36/36] Testing: mul8u_ZFB.bin
2025-11-09 23:56:31 [INFO] Testing: mul8u_ZFB.bin
2025-11-09 23:56:31 [INFO]   Accuracy: 0.1000
2025-11-09 23:56:31 [INFO]   Drop:     -0.0050 (-5.26%)
2025-11-09 23:56:31 [INFO] 
======================================================================
2025-11-09 23:56:31 [INFO] STEP 4: Results Analysis
2025-11-09 23:56:31 [INFO] ======================================================================
2025-11-09 23:56:31 [INFO] 
======================================================================
2025-11-09 23:56:31 [INFO] FINAL RESULTS SUMMARY
2025-11-09 23:56:31 [INFO] ======================================================================
2025-11-09 23:56:31 [INFO] Standard Accuracy: 0.0950
2025-11-09 23:56:31 [INFO] Total Multipliers Tested: 36
2025-11-09 23:56:31 [INFO] 
Accuracy Statistics:
2025-11-09 23:56:31 [INFO]   Best:  0.1000
2025-11-09 23:56:31 [INFO]   Worst: 0.1000
2025-11-09 23:56:31 [INFO]   Mean:  0.1000
2025-11-09 23:56:31 [INFO] 
Drop Statistics:
2025-11-09 23:56:31 [INFO]   Min Drop:  -0.0050 (-5.26%)
2025-11-09 23:56:31 [INFO]   Max Drop:  -0.0050 (-5.26%)
2025-11-09 23:56:31 [INFO]   Mean Drop: -0.0050
2025-11-09 23:56:31 [INFO] 
Multiplier Categories:
2025-11-09 23:56:31 [INFO]   Excellent (≤1% drop):   36
2025-11-09 23:56:31 [INFO]   Good (1-5% drop):       0
2025-11-09 23:56:31 [INFO]   Medium (5-10% drop):    0
2025-11-09 23:56:31 [INFO]   Poor (>10% drop):       0
2025-11-09 23:56:31 [INFO] 
Multiplier                     Accuracy     Drop         Drop %    
2025-11-09 23:56:31 [INFO] ----------------------------------------------------------------------
2025-11-09 23:56:31 [INFO] mul8u_125K.bin                 0.1000       -0.0050      -5.26     %
2025-11-09 23:56:31 [INFO] mul8u_12N4.bin                 0.1000       -0.0050      -5.26     %
2025-11-09 23:56:31 [INFO] mul8u_13QR.bin                 0.1000       -0.0050      -5.26     %
2025-11-09 23:56:31 [INFO] mul8u_1446.bin                 0.1000       -0.0050      -5.26     %
2025-11-09 23:56:31 [INFO] mul8u_14VP.bin                 0.1000       -0.0050      -5.26     %
2025-11-09 23:56:31 [INFO] mul8u_150Q.bin                 0.1000       -0.0050      -5.26     %
2025-11-09 23:56:31 [INFO] mul8u_17C8.bin                 0.1000       -0.0050      -5.26     %
2025-11-09 23:56:31 [INFO] mul8u_17KS.bin                 0.1000       -0.0050      -5.26     %
2025-11-09 23:56:31 [INFO] mul8u_17QU.bin                 0.1000       -0.0050      -5.26     %
2025-11-09 23:56:31 [INFO] mul8u_185Q.bin                 0.1000       -0.0050      -5.26     %
2025-11-09 23:56:31 [INFO] mul8u_18DU.bin                 0.1000       -0.0050      -5.26     %
2025-11-09 23:56:31 [INFO] mul8u_199Z.bin                 0.1000       -0.0050      -5.26     %
2025-11-09 23:56:31 [INFO] mul8u_19DB.bin                 0.1000       -0.0050      -5.26     %
2025-11-09 23:56:31 [INFO] mul8u_1AGV.bin                 0.1000       -0.0050      -5.26     %
2025-11-09 23:56:31 [INFO] mul8u_1JFF.bin                 0.1000       -0.0050      -5.26     %
2025-11-09 23:56:31 [INFO] mul8u_2AC.bin                  0.1000       -0.0050      -5.26     %
2025-11-09 23:56:31 [INFO] mul8u_2HH.bin                  0.1000       -0.0050      -5.26     %
2025-11-09 23:56:31 [INFO] mul8u_2P7.bin                  0.1000       -0.0050      -5.26     %
2025-11-09 23:56:31 [INFO] mul8u_7C1.bin                  0.1000       -0.0050      -5.26     %
2025-11-09 23:56:31 [INFO] mul8u_96D.bin                  0.1000       -0.0050      -5.26     %
2025-11-09 23:56:31 [INFO] mul8u_CK5.bin                  0.1000       -0.0050      -5.26     %
2025-11-09 23:56:31 [INFO] mul8u_DM1.bin                  0.1000       -0.0050      -5.26     %
2025-11-09 23:56:31 [INFO] mul8u_EXZ.bin                  0.1000       -0.0050      -5.26     %
2025-11-09 23:56:31 [INFO] mul8u_FTA.bin                  0.1000       -0.0050      -5.26     %
2025-11-09 23:56:31 [INFO] mul8u_GS2.bin                  0.1000       -0.0050      -5.26     %
2025-11-09 23:56:31 [INFO] mul8u_JQQ.bin                  0.1000       -0.0050      -5.26     %
2025-11-09 23:56:31 [INFO] mul8u_JV3.bin                  0.1000       -0.0050      -5.26     %
2025-11-09 23:56:31 [INFO] mul8u_KEM.bin                  0.1000       -0.0050      -5.26     %
2025-11-09 23:56:31 [INFO] mul8u_L40.bin                  0.1000       -0.0050      -5.26     %
2025-11-09 23:56:31 [INFO] mul8u_NGR.bin                  0.1000       -0.0050      -5.26     %
2025-11-09 23:56:31 [INFO] mul8u_PKY.bin                  0.1000       -0.0050      -5.26     %
2025-11-09 23:56:31 [INFO] mul8u_QJD.bin                  0.1000       -0.0050      -5.26     %
2025-11-09 23:56:31 [INFO] mul8u_QKX.bin                  0.1000       -0.0050      -5.26     %
2025-11-09 23:56:31 [INFO] mul8u_Y48.bin                  0.1000       -0.0050      -5.26     %
2025-11-09 23:56:31 [INFO] mul8u_YX7.bin                  0.1000       -0.0050      -5.26     %
2025-11-09 23:56:31 [INFO] mul8u_ZFB.bin                  0.1000       -0.0050      -5.26     %
2025-11-09 23:56:31 [INFO] 
======================================================================
2025-11-09 23:56:31 [INFO] BEST APPROXIMATE MULTIPLIER
2025-11-09 23:56:31 [INFO] ======================================================================
2025-11-09 23:56:31 [INFO] Multiplier:  mul8u_125K.bin
2025-11-09 23:56:31 [INFO] Accuracy:    0.1000
2025-11-09 23:56:31 [INFO] Drop:        -0.0050 (-5.26%)
2025-11-09 23:56:31 [INFO] 
Top 5 Multipliers:
2025-11-09 23:56:31 [INFO] 1. mul8u_125K.bin                 Acc: 0.1000 Drop: -5.26%
2025-11-09 23:56:31 [INFO] 2. mul8u_12N4.bin                 Acc: 0.1000 Drop: -5.26%
2025-11-09 23:56:31 [INFO] 3. mul8u_13QR.bin                 Acc: 0.1000 Drop: -5.26%
2025-11-09 23:56:31 [INFO] 4. mul8u_1446.bin                 Acc: 0.1000 Drop: -5.26%
2025-11-09 23:56:31 [INFO] 5. mul8u_14VP.bin                 Acc: 0.1000 Drop: -5.26%
2025-11-09 23:56:31 [INFO] 
Estimated Energy Savings:
2025-11-09 23:56:31 [INFO]   Excellent (≤1% drop): 36 multipliers
2025-11-09 23:56:31 [INFO]   Good (1-5% drop):     0 multipliers
2025-11-09 23:56:31 [INFO]   Potential energy savings: 30-50% (typical for approximate multipliers)
2025-11-09 23:56:31 [INFO]   Model parameters: 128,010
2025-11-09 23:56:31 [INFO]   Estimated MACs per inference: 21,413,888
2025-11-09 23:56:31 [INFO] 
======================================================================
2025-11-09 23:56:31 [INFO] FINAL SUMMARY
2025-11-09 23:56:31 [INFO] ======================================================================
2025-11-09 23:56:31 [INFO] Dataset: cifar10
2025-11-09 23:56:31 [INFO] Best Architecture: [{'op': 'conv3x3', 'filters': 32, 'use_bn': True}, {'op': 'conv3x3', 'filters': 64, 'use_bn': True}, {'op': 'max_pool', 'filters': 64, 'use_bn': False}, {'op': 'conv3x3', 'filters': 128, 'use_bn': True}, {'op': 'conv1x1', 'filters': 128, 'use_bn': False}]
2025-11-09 23:56:31 [INFO] Standard Model Accuracy: 0.0950
2025-11-09 23:56:31 [INFO] Model Parameters: 128,010
2025-11-09 23:56:31 [INFO] Estimated FLOPs: 42,827,776
2025-11-09 23:56:31 [INFO] Learning Rate: 0.001
2025-11-09 23:56:31 [INFO] 
Multiplier Testing:
2025-11-09 23:56:31 [INFO]   Total tested: 36
2025-11-09 23:56:31 [INFO]   Best accuracy: 0.1000
2025-11-09 23:56:31 [INFO]   Best multiplier: mul8u_125K.bin
2025-11-09 23:56:31 [INFO] 
Quality Distribution:
2025-11-09 23:56:31 [INFO]   Excellent (≤1%):   36
2025-11-09 23:56:31 [INFO]   Good (1-5%):       0
2025-11-09 23:56:31 [INFO]   Medium (5-10%):    0
2025-11-09 23:56:31 [INFO]   Poor (>10%):       0
2025-11-09 23:56:31 [INFO] 
Output Locations:
2025-11-09 23:56:31 [INFO]   Logs: logs/
2025-11-09 23:56:31 [INFO]   Results: logs/results/
2025-11-09 23:56:31 [INFO] 
✓ Results saved to: logs/nas_results_20251109_235444.json
2025-11-09 23:56:31 [INFO] 
======================================================================
2025-11-09 23:56:31 [INFO] NAS Run Completed
2025-11-09 23:56:31 [INFO] Log file: logs/nas_run_20251109_235444.log
2025-11-09 23:56:31 [INFO] ======================================================================
