2025-11-07 15:47:52 [INFO] ======================================================================
2025-11-07 15:47:52 [INFO] NAS with Approximate Multipliers - Started
2025-11-07 15:47:52 [INFO] Log file: logs/nas_run_20251107_154752.log
2025-11-07 15:47:52 [INFO] ======================================================================
2025-11-07 15:47:52 [INFO] ======================================================================
2025-11-07 15:47:52 [INFO] CONFIGURATION
2025-11-07 15:47:52 [INFO] ======================================================================
2025-11-07 15:47:52 [INFO] Dataset: cifar10
2025-11-07 15:47:52 [INFO] Training samples: 5000
2025-11-07 15:47:52 [INFO] Validation samples: 1000
2025-11-07 15:47:52 [INFO] NAS trials: 20
2025-11-07 15:47:52 [INFO] NAS blocks: 6
2025-11-07 15:47:52 [INFO] NAS method: evolutionary
2025-11-07 15:47:52 [INFO] Training epochs: 100
2025-11-07 15:47:52 [INFO] Batch size: 128
2025-11-07 15:47:52 [INFO] Learning rate: 0.001
2025-11-07 15:47:52 [INFO] LR scheduling: No
2025-11-07 15:47:52 [INFO] Multiplier dir: ./multipliers
2025-11-07 15:47:52 [INFO] Save predictions: No
2025-11-07 15:47:52 [INFO] Results dir: logs/results
2025-11-07 15:47:52 [INFO] 
======================================================================
2025-11-07 15:47:52 [INFO] STEP 0: Loading Dataset
2025-11-07 15:47:52 [INFO] ======================================================================
2025-11-07 15:47:53 [INFO] Input shape: (32, 32, 3)
2025-11-07 15:47:53 [INFO] Number of classes: 10
2025-11-07 15:47:53 [INFO] Training samples (full): 44000
2025-11-07 15:47:53 [INFO] Validation samples (full): 6000
2025-11-07 15:47:53 [INFO] Test samples: 10000
2025-11-07 15:47:53 [INFO] 
Using subset:
2025-11-07 15:47:53 [INFO]   Training: 5000 samples
2025-11-07 15:47:53 [INFO]   Validation: 1000 samples
2025-11-07 15:47:53 [INFO]   Classes: airplane, automobile, bird, cat, deer...
2025-11-07 15:47:53 [INFO] 
======================================================================
2025-11-07 15:47:53 [INFO] STEP 1: Neural Architecture Search
2025-11-07 15:47:53 [INFO] ======================================================================
2025-11-07 15:47:53 [INFO] Starting NAS: STANDARD - Method: EVOLUTIONARY

2025-11-07 15:47:53 [INFO] Phase 1: Generating initial population (4 architectures)
2025-11-07 15:47:56 [INFO] Init 1/4: Accuracy 0.2090
2025-11-07 15:47:58 [INFO] Init 2/4: Accuracy 0.1540
2025-11-07 15:47:59 [INFO] Init 3/4: Accuracy 0.2180
2025-11-07 15:48:01 [INFO] Init 4/4: Accuracy 0.0970
2025-11-07 15:48:01 [INFO] 
Phase 2: Evolution (16 generations)
2025-11-07 15:48:02 [INFO] Trial 5/20
2025-11-07 15:48:02 [INFO]   Architecture: [{'op': 'conv3x3', 'filters': 64, 'use_bn': False}, {'op': 'avg_pool', 'filters': 64, 'use_bn': False}, {'op': 'identity', 'filters': 64, 'use_bn': False}, {'op': 'identity', 'filters': 64, 'use_bn': False}, {'op': 'conv3x3', 'filters': 32, 'use_bn': True}, {'op': 'avg_pool', 'filters': 128, 'use_bn': False}]
2025-11-07 15:48:02 [INFO]   Accuracy: 0.2510
2025-11-07 15:48:03 [INFO] Trial 6/20
2025-11-07 15:48:03 [INFO]   Architecture: [{'op': 'conv3x3', 'filters': 64, 'use_bn': False}, {'op': 'avg_pool', 'filters': 64, 'use_bn': False}, {'op': 'max_pool', 'filters': 64, 'use_bn': False}, {'op': 'identity', 'filters': 64, 'use_bn': False}, {'op': 'conv3x3', 'filters': 32, 'use_bn': True}, {'op': 'avg_pool', 'filters': 128, 'use_bn': False}]
2025-11-07 15:48:03 [INFO]   Accuracy: 0.2280
2025-11-07 15:48:04 [INFO] Trial 7/20
2025-11-07 15:48:04 [INFO]   Architecture: [{'op': 'conv3x3', 'filters': 64, 'use_bn': False}, {'op': 'avg_pool', 'filters': 64, 'use_bn': False}, {'op': 'max_pool', 'filters': 64, 'use_bn': False}, {'op': 'identity', 'filters': 64, 'use_bn': False}, {'op': 'conv3x3', 'filters': 32, 'use_bn': True}, {'op': 'avg_pool', 'filters': 128, 'use_bn': False}]
2025-11-07 15:48:04 [INFO]   Accuracy: 0.3110
2025-11-07 15:48:05 [INFO] Trial 8/20
2025-11-07 15:48:05 [INFO]   Architecture: [{'op': 'conv3x3', 'filters': 64, 'use_bn': True}, {'op': 'avg_pool', 'filters': 64, 'use_bn': False}, {'op': 'max_pool', 'filters': 64, 'use_bn': False}, {'op': 'identity', 'filters': 64, 'use_bn': False}, {'op': 'conv3x3', 'filters': 32, 'use_bn': False}, {'op': 'avg_pool', 'filters': 128, 'use_bn': False}]
2025-11-07 15:48:05 [INFO]   Accuracy: 0.2160
2025-11-07 15:48:07 [INFO] Trial 9/20
2025-11-07 15:48:07 [INFO]   Architecture: [{'op': 'conv1x1', 'filters': 128, 'use_bn': False}, {'op': 'max_pool', 'filters': 32, 'use_bn': False}, {'op': 'identity', 'filters': 64, 'use_bn': False}, {'op': 'identity', 'filters': 64, 'use_bn': False}, {'op': 'conv1x1', 'filters': 128, 'use_bn': False}, {'op': 'conv1x1', 'filters': 128, 'use_bn': False}]
2025-11-07 15:48:07 [INFO]   Accuracy: 0.2100
2025-11-07 15:48:08 [INFO] Trial 10/20
2025-11-07 15:48:08 [INFO]   Architecture: [{'op': 'conv3x3', 'filters': 64, 'use_bn': True}, {'op': 'avg_pool', 'filters': 64, 'use_bn': False}, {'op': 'max_pool', 'filters': 64, 'use_bn': False}, {'op': 'identity', 'filters': 64, 'use_bn': False}, {'op': 'conv3x3', 'filters': 64, 'use_bn': False}, {'op': 'avg_pool', 'filters': 128, 'use_bn': False}]
2025-11-07 15:48:08 [INFO]   Accuracy: 0.2050
2025-11-07 15:48:10 [INFO] Trial 11/20
2025-11-07 15:48:10 [INFO]   Architecture: [{'op': 'conv3x3', 'filters': 64, 'use_bn': False}, {'op': 'avg_pool', 'filters': 32, 'use_bn': False}, {'op': 'max_pool', 'filters': 64, 'use_bn': False}, {'op': 'identity', 'filters': 64, 'use_bn': False}, {'op': 'conv3x3', 'filters': 32, 'use_bn': True}, {'op': 'conv5x5', 'filters': 128, 'use_bn': False}]
2025-11-07 15:48:10 [INFO]   Accuracy: 0.3710
2025-11-07 15:48:11 [INFO] Trial 12/20
2025-11-07 15:48:11 [INFO]   Architecture: [{'op': 'conv1x1', 'filters': 128, 'use_bn': False}, {'op': 'max_pool', 'filters': 32, 'use_bn': False}, {'op': 'identity', 'filters': 64, 'use_bn': False}, {'op': 'identity', 'filters': 64, 'use_bn': False}, {'op': 'conv1x1', 'filters': 128, 'use_bn': False}, {'op': 'conv1x1', 'filters': 128, 'use_bn': False}]
2025-11-07 15:48:11 [INFO]   Accuracy: 0.2330
2025-11-07 15:48:12 [INFO] Trial 13/20
2025-11-07 15:48:12 [INFO]   Architecture: [{'op': 'conv3x3', 'filters': 64, 'use_bn': True}, {'op': 'avg_pool', 'filters': 32, 'use_bn': False}, {'op': 'max_pool', 'filters': 64, 'use_bn': False}, {'op': 'identity', 'filters': 64, 'use_bn': False}, {'op': 'conv3x3', 'filters': 32, 'use_bn': False}, {'op': 'avg_pool', 'filters': 128, 'use_bn': False}]
2025-11-07 15:48:12 [INFO]   Accuracy: 0.2180
2025-11-07 15:48:13 [INFO] Trial 14/20
2025-11-07 15:48:13 [INFO]   Architecture: [{'op': 'conv1x1', 'filters': 64, 'use_bn': True}, {'op': 'avg_pool', 'filters': 32, 'use_bn': False}, {'op': 'max_pool', 'filters': 64, 'use_bn': False}, {'op': 'identity', 'filters': 64, 'use_bn': False}, {'op': 'conv3x3', 'filters': 32, 'use_bn': False}, {'op': 'avg_pool', 'filters': 128, 'use_bn': False}]
2025-11-07 15:48:13 [INFO]   Accuracy: 0.2710
2025-11-07 15:48:15 [INFO] Trial 15/20
2025-11-07 15:48:15 [INFO]   Architecture: [{'op': 'conv1x1', 'filters': 32, 'use_bn': False}, {'op': 'max_pool', 'filters': 32, 'use_bn': False}, {'op': 'identity', 'filters': 32, 'use_bn': False}, {'op': 'conv1x1', 'filters': 64, 'use_bn': False}, {'op': 'conv1x1', 'filters': 128, 'use_bn': False}, {'op': 'conv1x1', 'filters': 64, 'use_bn': False}]
2025-11-07 15:48:15 [INFO]   Accuracy: 0.1980
2025-11-07 15:48:16 [INFO] Trial 16/20
2025-11-07 15:48:16 [INFO]   Architecture: [{'op': 'conv1x1', 'filters': 32, 'use_bn': False}, {'op': 'max_pool', 'filters': 32, 'use_bn': False}, {'op': 'identity', 'filters': 32, 'use_bn': False}, {'op': 'conv1x1', 'filters': 64, 'use_bn': True}, {'op': 'max_pool', 'filters': 128, 'use_bn': False}, {'op': 'conv1x1', 'filters': 64, 'use_bn': False}]
2025-11-07 15:48:16 [INFO]   Accuracy: 0.1600
2025-11-07 15:48:17 [INFO] Trial 17/20
2025-11-07 15:48:17 [INFO]   Architecture: [{'op': 'conv3x3', 'filters': 64, 'use_bn': True}, {'op': 'avg_pool', 'filters': 64, 'use_bn': False}, {'op': 'max_pool', 'filters': 64, 'use_bn': False}, {'op': 'identity', 'filters': 64, 'use_bn': False}, {'op': 'conv3x3', 'filters': 64, 'use_bn': False}, {'op': 'avg_pool', 'filters': 128, 'use_bn': False}]
2025-11-07 15:48:17 [INFO]   Accuracy: 0.2640
2025-11-07 15:48:18 [INFO] Trial 18/20
2025-11-07 15:48:18 [INFO]   Architecture: [{'op': 'conv1x1', 'filters': 32, 'use_bn': False}, {'op': 'max_pool', 'filters': 32, 'use_bn': False}, {'op': 'identity', 'filters': 32, 'use_bn': False}, {'op': 'conv1x1', 'filters': 64, 'use_bn': True}, {'op': 'max_pool', 'filters': 32, 'use_bn': False}, {'op': 'conv1x1', 'filters': 64, 'use_bn': False}]
2025-11-07 15:48:18 [INFO]   Accuracy: 0.1610
2025-11-07 15:48:19 [INFO] Trial 19/20
2025-11-07 15:48:19 [INFO]   Architecture: [{'op': 'conv3x3', 'filters': 64, 'use_bn': True}, {'op': 'avg_pool', 'filters': 64, 'use_bn': False}, {'op': 'max_pool', 'filters': 64, 'use_bn': False}, {'op': 'identity', 'filters': 64, 'use_bn': False}, {'op': 'conv3x3', 'filters': 64, 'use_bn': False}, {'op': 'avg_pool', 'filters': 128, 'use_bn': False}]
2025-11-07 15:48:19 [INFO]   Accuracy: 0.2080
2025-11-07 15:48:20 [INFO] Trial 20/20
2025-11-07 15:48:20 [INFO]   Architecture: [{'op': 'conv3x3', 'filters': 64, 'use_bn': False}, {'op': 'avg_pool', 'filters': 64, 'use_bn': False}, {'op': 'max_pool', 'filters': 64, 'use_bn': False}, {'op': 'identity', 'filters': 64, 'use_bn': False}, {'op': 'conv3x3', 'filters': 32, 'use_bn': True}, {'op': 'avg_pool', 'filters': 128, 'use_bn': False}]
2025-11-07 15:48:20 [INFO]   Accuracy: 0.1860
2025-11-07 15:48:20 [INFO] 
Top 3 Architectures:
2025-11-07 15:48:20 [INFO] 1. Accuracy: 0.3710
2025-11-07 15:48:20 [INFO]    [{'op': 'conv3x3', 'filters': 64, 'use_bn': False}, {'op': 'avg_pool', 'filters': 32, 'use_bn': False}, {'op': 'max_pool', 'filters': 64, 'use_bn': False}, {'op': 'identity', 'filters': 64, 'use_bn': False}, {'op': 'conv3x3', 'filters': 32, 'use_bn': True}, {'op': 'conv5x5', 'filters': 128, 'use_bn': False}]
2025-11-07 15:48:20 [INFO] 2. Accuracy: 0.3110
2025-11-07 15:48:20 [INFO]    [{'op': 'conv3x3', 'filters': 64, 'use_bn': False}, {'op': 'avg_pool', 'filters': 64, 'use_bn': False}, {'op': 'max_pool', 'filters': 64, 'use_bn': False}, {'op': 'identity', 'filters': 64, 'use_bn': False}, {'op': 'conv3x3', 'filters': 32, 'use_bn': True}, {'op': 'avg_pool', 'filters': 128, 'use_bn': False}]
2025-11-07 15:48:20 [INFO] 3. Accuracy: 0.2710
2025-11-07 15:48:20 [INFO]    [{'op': 'conv1x1', 'filters': 64, 'use_bn': True}, {'op': 'avg_pool', 'filters': 32, 'use_bn': False}, {'op': 'max_pool', 'filters': 64, 'use_bn': False}, {'op': 'identity', 'filters': 64, 'use_bn': False}, {'op': 'conv3x3', 'filters': 32, 'use_bn': False}, {'op': 'avg_pool', 'filters': 128, 'use_bn': False}]
2025-11-07 15:48:20 [INFO] 
======================================================================
2025-11-07 15:48:20 [INFO] STEP 2: Training Best Architecture
2025-11-07 15:48:20 [INFO] ======================================================================
2025-11-07 15:48:20 [INFO] Best Architecture: [{'op': 'conv3x3', 'filters': 64, 'use_bn': False}, {'op': 'avg_pool', 'filters': 32, 'use_bn': False}, {'op': 'max_pool', 'filters': 64, 'use_bn': False}, {'op': 'identity', 'filters': 64, 'use_bn': False}, {'op': 'conv3x3', 'filters': 32, 'use_bn': True}, {'op': 'conv5x5', 'filters': 128, 'use_bn': False}]
2025-11-07 15:48:20 [INFO] 
Model Complexity:
2025-11-07 15:48:20 [INFO]   Trainable Parameters: 140,650
2025-11-07 15:48:20 [INFO]   Estimated FLOPs: 9,502,720
2025-11-07 15:48:20 [INFO]   Model Size (approx): 0.54 MB (float32)
2025-11-07 15:48:20 [INFO] 
Training for 100 epochs...
2025-11-07 15:48:36 [INFO] Training completed: 100 epochs
2025-11-07 15:48:36 [INFO] ✓ Standard model accuracy: 0.6030
2025-11-07 15:48:36 [INFO] 
============================================================
2025-11-07 15:48:36 [INFO] BEST ARCHITECTURE FOUND
2025-11-07 15:48:36 [INFO] ============================================================
2025-11-07 15:48:36 [INFO] Architecture: [{'op': 'conv3x3', 'filters': 64, 'use_bn': False}, {'op': 'avg_pool', 'filters': 32, 'use_bn': False}, {'op': 'max_pool', 'filters': 64, 'use_bn': False}, {'op': 'identity', 'filters': 64, 'use_bn': False}, {'op': 'conv3x3', 'filters': 32, 'use_bn': True}, {'op': 'conv5x5', 'filters': 128, 'use_bn': False}]
2025-11-07 15:48:36 [INFO] Accuracy: 0.6030
2025-11-07 15:48:36 [INFO] ============================================================
2025-11-07 15:48:36 [INFO] 
Training Summary:
2025-11-07 15:48:36 [INFO]   Final Training Accuracy: 0.9752
2025-11-07 15:48:36 [INFO]   Final Validation Accuracy: 0.6030
2025-11-07 15:48:36 [INFO]   Final Training Loss: 0.0889
2025-11-07 15:48:36 [INFO]   Final Validation Loss: 2.0569
2025-11-07 15:48:36 [INFO]   ⚠ Warning: Large train-val gap (0.3722) suggests overfitting
2025-11-07 15:48:36 [INFO] 
Saving training curves...
2025-11-07 15:48:36 [INFO]   ✓ Training curves saved to logs/results/
2025-11-07 15:48:36 [INFO] 
======================================================================
2025-11-07 15:48:36 [INFO] STEP 3: Testing Approximate Multipliers
2025-11-07 15:48:36 [INFO] ======================================================================
2025-11-07 15:48:36 [INFO] Found 36 multipliers
2025-11-07 15:48:36 [INFO] Testing first 10 (use --test_all_multipliers to test all)
2025-11-07 15:48:36 [INFO] Testing 10 multipliers
2025-11-07 15:48:36 [INFO] Standard model accuracy: 0.6030

2025-11-07 15:48:36 [INFO] [1/10] Testing: mul8u_125K.bin
2025-11-07 15:48:37 [INFO] Testing: mul8u_125K.bin
2025-11-07 15:48:37 [INFO]   Accuracy: 0.6160
2025-11-07 15:48:37 [INFO]   Drop:     -0.0130 (-2.16%)
2025-11-07 15:48:37 [INFO] [2/10] Testing: mul8u_12N4.bin
2025-11-07 15:48:37 [INFO] Testing: mul8u_12N4.bin
2025-11-07 15:48:37 [INFO]   Accuracy: 0.0860
2025-11-07 15:48:37 [INFO]   Drop:     0.5170 (85.74%)
2025-11-07 15:48:37 [INFO] [3/10] Testing: mul8u_13QR.bin
2025-11-07 15:48:37 [INFO] Testing: mul8u_13QR.bin
2025-11-07 15:48:37 [INFO]   Accuracy: 0.0890
2025-11-07 15:48:37 [INFO]   Drop:     0.5140 (85.24%)
2025-11-07 15:48:37 [INFO] [4/10] Testing: mul8u_1446.bin
2025-11-07 15:48:37 [INFO] Testing: mul8u_1446.bin
2025-11-07 15:48:37 [INFO]   Accuracy: 0.6150
2025-11-07 15:48:37 [INFO]   Drop:     -0.0120 (-1.99%)
2025-11-07 15:48:37 [INFO] [5/10] Testing: mul8u_14VP.bin
2025-11-07 15:48:38 [INFO] Testing: mul8u_14VP.bin
2025-11-07 15:48:38 [INFO]   Accuracy: 0.6140
2025-11-07 15:48:38 [INFO]   Drop:     -0.0110 (-1.82%)
2025-11-07 15:48:38 [INFO] [6/10] Testing: mul8u_150Q.bin
2025-11-07 15:48:38 [INFO] Testing: mul8u_150Q.bin
2025-11-07 15:48:38 [INFO]   Accuracy: 0.6100
2025-11-07 15:48:38 [INFO]   Drop:     -0.0070 (-1.16%)
2025-11-07 15:48:38 [INFO] [7/10] Testing: mul8u_17C8.bin
2025-11-07 15:48:38 [INFO] Testing: mul8u_17C8.bin
2025-11-07 15:48:38 [INFO]   Accuracy: 0.0860
2025-11-07 15:48:38 [INFO]   Drop:     0.5170 (85.74%)
2025-11-07 15:48:38 [INFO] [8/10] Testing: mul8u_17KS.bin
2025-11-07 15:48:38 [INFO] Testing: mul8u_17KS.bin
2025-11-07 15:48:38 [INFO]   Accuracy: 0.0940
2025-11-07 15:48:38 [INFO]   Drop:     0.5090 (84.41%)
2025-11-07 15:48:38 [INFO] [9/10] Testing: mul8u_17QU.bin
2025-11-07 15:48:39 [INFO] Testing: mul8u_17QU.bin
2025-11-07 15:48:39 [INFO]   Accuracy: 0.0880
2025-11-07 15:48:39 [INFO]   Drop:     0.5150 (85.41%)
2025-11-07 15:48:39 [INFO] [10/10] Testing: mul8u_185Q.bin
2025-11-07 15:48:39 [INFO] Testing: mul8u_185Q.bin
2025-11-07 15:48:39 [INFO]   Accuracy: 0.1670
2025-11-07 15:48:39 [INFO]   Drop:     0.4360 (72.31%)
2025-11-07 15:48:39 [INFO] 
======================================================================
2025-11-07 15:48:39 [INFO] STEP 4: Results Analysis
2025-11-07 15:48:39 [INFO] ======================================================================
2025-11-07 15:48:39 [INFO] 
======================================================================
2025-11-07 15:48:39 [INFO] FINAL RESULTS SUMMARY
2025-11-07 15:48:39 [INFO] ======================================================================
2025-11-07 15:48:39 [INFO] Standard Accuracy: 0.6030
2025-11-07 15:48:39 [INFO] Total Multipliers Tested: 10
2025-11-07 15:48:39 [INFO] 
Accuracy Statistics:
2025-11-07 15:48:39 [INFO]   Best:  0.6160
2025-11-07 15:48:39 [INFO]   Worst: 0.0860
2025-11-07 15:48:39 [INFO]   Mean:  0.3065
2025-11-07 15:48:39 [INFO] 
Drop Statistics:
2025-11-07 15:48:39 [INFO]   Min Drop:  -0.0130 (-2.16%)
2025-11-07 15:48:39 [INFO]   Max Drop:  0.5170 (85.74%)
2025-11-07 15:48:39 [INFO]   Mean Drop: 0.2965
2025-11-07 15:48:39 [INFO] 
Multiplier Categories:
2025-11-07 15:48:39 [INFO]   Excellent (≤1% drop):   4
2025-11-07 15:48:39 [INFO]   Good (1-5% drop):       0
2025-11-07 15:48:39 [INFO]   Medium (5-10% drop):    0
2025-11-07 15:48:39 [INFO]   Poor (>10% drop):       6
2025-11-07 15:48:39 [INFO] 
Multiplier                     Accuracy     Drop         Drop %    
2025-11-07 15:48:39 [INFO] ----------------------------------------------------------------------
2025-11-07 15:48:39 [INFO] mul8u_125K.bin                 0.6160       -0.0130      -2.16     %
2025-11-07 15:48:39 [INFO] mul8u_1446.bin                 0.6150       -0.0120      -1.99     %
2025-11-07 15:48:39 [INFO] mul8u_14VP.bin                 0.6140       -0.0110      -1.82     %
2025-11-07 15:48:39 [INFO] mul8u_150Q.bin                 0.6100       -0.0070      -1.16     %
2025-11-07 15:48:39 [INFO] mul8u_185Q.bin                 0.1670       0.4360       72.31     %
2025-11-07 15:48:39 [INFO] mul8u_17KS.bin                 0.0940       0.5090       84.41     %
2025-11-07 15:48:39 [INFO] mul8u_13QR.bin                 0.0890       0.5140       85.24     %
2025-11-07 15:48:39 [INFO] mul8u_17QU.bin                 0.0880       0.5150       85.41     %
2025-11-07 15:48:39 [INFO] mul8u_12N4.bin                 0.0860       0.5170       85.74     %
2025-11-07 15:48:39 [INFO] mul8u_17C8.bin                 0.0860       0.5170       85.74     %
2025-11-07 15:48:39 [INFO] 
======================================================================
2025-11-07 15:48:39 [INFO] BEST APPROXIMATE MULTIPLIER
2025-11-07 15:48:39 [INFO] ======================================================================
2025-11-07 15:48:39 [INFO] Multiplier:  mul8u_125K.bin
2025-11-07 15:48:39 [INFO] Accuracy:    0.6160
2025-11-07 15:48:39 [INFO] Drop:        -0.0130 (-2.16%)
2025-11-07 15:48:39 [INFO] 
Top 5 Multipliers:
2025-11-07 15:48:39 [INFO] 1. mul8u_125K.bin                 Acc: 0.6160 Drop: -2.16%
2025-11-07 15:48:39 [INFO] 2. mul8u_1446.bin                 Acc: 0.6150 Drop: -1.99%
2025-11-07 15:48:39 [INFO] 3. mul8u_14VP.bin                 Acc: 0.6140 Drop: -1.82%
2025-11-07 15:48:39 [INFO] 4. mul8u_150Q.bin                 Acc: 0.6100 Drop: -1.16%
2025-11-07 15:48:39 [INFO] 5. mul8u_185Q.bin                 Acc: 0.1670 Drop: +72.31%
2025-11-07 15:48:39 [INFO] 
Estimated Energy Savings:
2025-11-07 15:48:39 [INFO]   Excellent (≤1% drop): 1 multipliers
2025-11-07 15:48:39 [INFO]   Good (1-5% drop):     3 multipliers
2025-11-07 15:48:39 [INFO]   Potential energy savings: 30-50% (typical for approximate multipliers)
2025-11-07 15:48:39 [INFO]   Model parameters: 140,650
2025-11-07 15:48:39 [INFO]   Estimated MACs per inference: 4,751,360
2025-11-07 15:48:39 [INFO] 
======================================================================
2025-11-07 15:48:39 [INFO] FINAL SUMMARY
2025-11-07 15:48:39 [INFO] ======================================================================
2025-11-07 15:48:39 [INFO] Dataset: cifar10
2025-11-07 15:48:39 [INFO] Best Architecture: [{'op': 'conv3x3', 'filters': 64, 'use_bn': False}, {'op': 'avg_pool', 'filters': 32, 'use_bn': False}, {'op': 'max_pool', 'filters': 64, 'use_bn': False}, {'op': 'identity', 'filters': 64, 'use_bn': False}, {'op': 'conv3x3', 'filters': 32, 'use_bn': True}, {'op': 'conv5x5', 'filters': 128, 'use_bn': False}]
2025-11-07 15:48:39 [INFO] Standard Model Accuracy: 0.6030
2025-11-07 15:48:39 [INFO] Model Parameters: 140,650
2025-11-07 15:48:39 [INFO] Estimated FLOPs: 9,502,720
2025-11-07 15:48:39 [INFO] Learning Rate: 0.001
2025-11-07 15:48:39 [INFO] 
Multiplier Testing:
2025-11-07 15:48:39 [INFO]   Total tested: 10
2025-11-07 15:48:39 [INFO]   Best accuracy: 0.6160
2025-11-07 15:48:39 [INFO]   Best multiplier: mul8u_125K.bin
2025-11-07 15:48:39 [INFO] 
Quality Distribution:
2025-11-07 15:48:39 [INFO]   Excellent (≤1%):   1
2025-11-07 15:48:39 [INFO]   Good (1-5%):       3
2025-11-07 15:48:39 [INFO]   Medium (5-10%):    0
2025-11-07 15:48:39 [INFO]   Poor (>10%):       6
2025-11-07 15:48:39 [INFO] 
Output Locations:
2025-11-07 15:48:39 [INFO]   Logs: logs/
2025-11-07 15:48:39 [INFO]   Results: logs/results/
2025-11-07 15:48:39 [INFO] 
✓ Results saved to: logs/nas_results_20251107_154752.json
2025-11-07 15:48:39 [INFO] 
======================================================================
2025-11-07 15:48:39 [INFO] NAS Run Completed
2025-11-07 15:48:39 [INFO] Log file: logs/nas_run_20251107_154752.log
2025-11-07 15:48:39 [INFO] ======================================================================
