2025-11-05 15:08:24 [INFO] ======================================================================
2025-11-05 15:08:24 [INFO] NAS with Approximate Multipliers - Started
2025-11-05 15:08:24 [INFO] Log file: logs/nas_run_20251105_150824.log
2025-11-05 15:08:24 [INFO] ======================================================================
2025-11-05 15:08:24 [INFO] 
======================================================================
2025-11-05 15:08:24 [INFO] STEP 1: NAS with STANDARD multipliers
2025-11-05 15:08:24 [INFO] ======================================================================
2025-11-05 15:08:24 [INFO] Starting NAS: STANDARD

2025-11-05 15:08:26 [INFO] Trial 1/10
2025-11-05 15:08:26 [INFO]   Architecture: [{'op': 'avg_pool', 'filters': 32, 'use_bn': False}, {'op': 'max_pool', 'filters': 128, 'use_bn': False}]
2025-11-05 15:08:26 [INFO]   Accuracy: 0.7930
2025-11-05 15:08:29 [INFO] Trial 2/10
2025-11-05 15:08:29 [INFO]   Architecture: [{'op': 'conv5x5', 'filters': 128, 'use_bn': True}, {'op': 'conv3x3', 'filters': 128, 'use_bn': True}]
2025-11-05 15:08:29 [INFO]   Accuracy: 0.3210
2025-11-05 15:08:30 [INFO] Trial 3/10
2025-11-05 15:08:30 [INFO]   Architecture: [{'op': 'conv5x5', 'filters': 64, 'use_bn': True}, {'op': 'conv3x3', 'filters': 32, 'use_bn': False}]
2025-11-05 15:08:30 [INFO]   Accuracy: 0.9590
2025-11-05 15:08:31 [INFO] Trial 4/10
2025-11-05 15:08:31 [INFO]   Architecture: [{'op': 'max_pool', 'filters': 128, 'use_bn': False}, {'op': 'conv3x3', 'filters': 64, 'use_bn': True}]
2025-11-05 15:08:31 [INFO]   Accuracy: 0.8990
2025-11-05 15:08:33 [INFO] Trial 5/10
2025-11-05 15:08:33 [INFO]   Architecture: [{'op': 'conv5x5', 'filters': 64, 'use_bn': False}, {'op': 'conv3x3', 'filters': 128, 'use_bn': False}]
2025-11-05 15:08:33 [INFO]   Accuracy: 0.9550
2025-11-05 15:08:34 [INFO] Trial 6/10
2025-11-05 15:08:34 [INFO]   Architecture: [{'op': 'conv5x5', 'filters': 128, 'use_bn': False}, {'op': 'avg_pool', 'filters': 32, 'use_bn': False}]
2025-11-05 15:08:34 [INFO]   Accuracy: 0.9590
2025-11-05 15:08:36 [INFO] Trial 7/10
2025-11-05 15:08:36 [INFO]   Architecture: [{'op': 'conv5x5', 'filters': 32, 'use_bn': False}, {'op': 'conv5x5', 'filters': 64, 'use_bn': True}]
2025-11-05 15:08:36 [INFO]   Accuracy: 0.8430
2025-11-05 15:08:36 [INFO] Trial 8/10
2025-11-05 15:08:36 [INFO]   Architecture: [{'op': 'avg_pool', 'filters': 64, 'use_bn': False}, {'op': 'conv3x3', 'filters': 32, 'use_bn': True}]
2025-11-05 15:08:36 [INFO]   Accuracy: 0.9410
2025-11-05 15:08:37 [INFO] Trial 9/10
2025-11-05 15:08:37 [INFO]   Architecture: [{'op': 'max_pool', 'filters': 128, 'use_bn': False}, {'op': 'conv5x5', 'filters': 128, 'use_bn': False}]
2025-11-05 15:08:37 [INFO]   Accuracy: 0.9550
2025-11-05 15:08:38 [INFO] Trial 10/10
2025-11-05 15:08:38 [INFO]   Architecture: [{'op': 'max_pool', 'filters': 128, 'use_bn': False}, {'op': 'conv3x3', 'filters': 64, 'use_bn': False}]
2025-11-05 15:08:38 [INFO]   Accuracy: 0.9370
2025-11-05 15:08:38 [INFO] 
======================================================================
2025-11-05 15:08:38 [INFO] STEP 2: Train BEST architecture
2025-11-05 15:08:38 [INFO] ======================================================================
2025-11-05 15:08:38 [INFO] Best Architecture: [{'op': 'conv5x5', 'filters': 64, 'use_bn': True}, {'op': 'conv3x3', 'filters': 32, 'use_bn': False}]
2025-11-05 15:08:38 [INFO] Training standard model...
2025-11-05 15:08:47 [INFO] Training completed: 50 epochs
2025-11-05 15:08:47 [INFO] ✓ Standard model accuracy: 0.9670
2025-11-05 15:08:47 [INFO] 
============================================================
2025-11-05 15:08:47 [INFO] BEST ARCHITECTURE FOUND
2025-11-05 15:08:47 [INFO] ============================================================
2025-11-05 15:08:47 [INFO] Architecture: [{'op': 'conv5x5', 'filters': 64, 'use_bn': True}, {'op': 'conv3x3', 'filters': 32, 'use_bn': False}]
2025-11-05 15:08:47 [INFO] Accuracy: 0.9670
2025-11-05 15:08:47 [INFO] ============================================================
2025-11-05 15:08:47 [INFO] 
======================================================================
2025-11-05 15:08:47 [INFO] STEP 3: Test with DIFFERENT APPROXIMATE MULTIPLIERS
2025-11-05 15:08:47 [INFO] ======================================================================
2025-11-05 15:08:47 [INFO] Found 36 multipliers to test

2025-11-05 15:08:47 [INFO] Testing: mul8u_125K.bin
2025-11-05 15:08:47 [INFO]   Accuracy: 0.9660
2025-11-05 15:08:47 [INFO]   Drop:     0.0010 (0.10%)
2025-11-05 15:08:48 [INFO] Testing: mul8u_12N4.bin
2025-11-05 15:08:48 [INFO]   Accuracy: 0.9210
2025-11-05 15:08:48 [INFO]   Drop:     0.0460 (4.76%)
2025-11-05 15:08:48 [INFO] Testing: mul8u_13QR.bin
2025-11-05 15:08:48 [INFO]   Accuracy: 0.1260
2025-11-05 15:08:48 [INFO]   Drop:     0.8410 (86.97%)
2025-11-05 15:08:48 [INFO] Testing: mul8u_1446.bin
2025-11-05 15:08:48 [INFO]   Accuracy: 0.9680
2025-11-05 15:08:48 [INFO]   Drop:     -0.0010 (-0.10%)
2025-11-05 15:08:49 [INFO] Testing: mul8u_14VP.bin
2025-11-05 15:08:49 [INFO]   Accuracy: 0.9680
2025-11-05 15:08:49 [INFO]   Drop:     -0.0010 (-0.10%)
2025-11-05 15:08:49 [INFO] Testing: mul8u_150Q.bin
2025-11-05 15:08:49 [INFO]   Accuracy: 0.9680
2025-11-05 15:08:49 [INFO]   Drop:     -0.0010 (-0.10%)
2025-11-05 15:08:49 [INFO] Testing: mul8u_17C8.bin
2025-11-05 15:08:49 [INFO]   Accuracy: 0.1260
2025-11-05 15:08:49 [INFO]   Drop:     0.8410 (86.97%)
2025-11-05 15:08:49 [INFO] Testing: mul8u_17KS.bin
2025-11-05 15:08:49 [INFO]   Accuracy: 0.5790
2025-11-05 15:08:49 [INFO]   Drop:     0.3880 (40.12%)
2025-11-05 15:08:50 [INFO] Testing: mul8u_17QU.bin
2025-11-05 15:08:50 [INFO]   Accuracy: 0.1260
2025-11-05 15:08:50 [INFO]   Drop:     0.8410 (86.97%)
2025-11-05 15:08:50 [INFO] Testing: mul8u_185Q.bin
2025-11-05 15:08:50 [INFO]   Accuracy: 0.9630
2025-11-05 15:08:50 [INFO]   Drop:     0.0040 (0.41%)
2025-11-05 15:08:50 [INFO] Testing: mul8u_18DU.bin
2025-11-05 15:08:50 [INFO]   Accuracy: 0.1260
2025-11-05 15:08:50 [INFO]   Drop:     0.8410 (86.97%)
2025-11-05 15:08:50 [INFO] Testing: mul8u_199Z.bin
2025-11-05 15:08:50 [INFO]   Accuracy: 0.1260
2025-11-05 15:08:50 [INFO]   Drop:     0.8410 (86.97%)
2025-11-05 15:08:51 [INFO] Testing: mul8u_19DB.bin
2025-11-05 15:08:51 [INFO]   Accuracy: 0.9380
2025-11-05 15:08:51 [INFO]   Drop:     0.0290 (3.00%)
2025-11-05 15:08:51 [INFO] Testing: mul8u_1AGV.bin
2025-11-05 15:08:51 [INFO]   Accuracy: 0.7580
2025-11-05 15:08:51 [INFO]   Drop:     0.2090 (21.61%)
2025-11-05 15:08:51 [INFO] Testing: mul8u_1JFF.bin
2025-11-05 15:08:51 [INFO]   Accuracy: 0.9670
2025-11-05 15:08:51 [INFO]   Drop:     0.0000 (0.00%)
2025-11-05 15:08:52 [INFO] Testing: mul8u_2AC.bin
2025-11-05 15:08:52 [INFO]   Accuracy: 0.9650
2025-11-05 15:08:52 [INFO]   Drop:     0.0020 (0.21%)
2025-11-05 15:08:52 [INFO] Testing: mul8u_2HH.bin
2025-11-05 15:08:52 [INFO]   Accuracy: 0.9500
2025-11-05 15:08:52 [INFO]   Drop:     0.0170 (1.76%)
2025-11-05 15:08:52 [INFO] Testing: mul8u_2P7.bin
2025-11-05 15:08:52 [INFO]   Accuracy: 0.9670
2025-11-05 15:08:52 [INFO]   Drop:     0.0000 (0.00%)
2025-11-05 15:08:52 [INFO] Testing: mul8u_7C1.bin
2025-11-05 15:08:52 [INFO]   Accuracy: 0.9670
2025-11-05 15:08:52 [INFO]   Drop:     0.0000 (0.00%)
2025-11-05 15:08:53 [INFO] Testing: mul8u_96D.bin
2025-11-05 15:08:53 [INFO]   Accuracy: 0.9660
2025-11-05 15:08:53 [INFO]   Drop:     0.0010 (0.10%)
2025-11-05 15:08:53 [INFO] Testing: mul8u_CK5.bin
2025-11-05 15:08:53 [INFO]   Accuracy: 0.9670
2025-11-05 15:08:53 [INFO]   Drop:     0.0000 (0.00%)
2025-11-05 15:08:53 [INFO] Testing: mul8u_DM1.bin
2025-11-05 15:08:53 [INFO]   Accuracy: 0.9660
2025-11-05 15:08:53 [INFO]   Drop:     0.0010 (0.10%)
2025-11-05 15:08:54 [INFO] Testing: mul8u_EXZ.bin
2025-11-05 15:08:54 [INFO]   Accuracy: 0.9660
2025-11-05 15:08:54 [INFO]   Drop:     0.0010 (0.10%)
2025-11-05 15:08:54 [INFO] Testing: mul8u_FTA.bin
2025-11-05 15:08:54 [INFO]   Accuracy: 0.7150
2025-11-05 15:08:54 [INFO]   Drop:     0.2520 (26.06%)
2025-11-05 15:08:54 [INFO] Testing: mul8u_GS2.bin
2025-11-05 15:08:54 [INFO]   Accuracy: 0.9680
2025-11-05 15:08:54 [INFO]   Drop:     -0.0010 (-0.10%)
2025-11-05 15:08:54 [INFO] Testing: mul8u_JQQ.bin
2025-11-05 15:08:54 [INFO]   Accuracy: 0.9410
2025-11-05 15:08:54 [INFO]   Drop:     0.0260 (2.69%)
2025-11-05 15:08:55 [INFO] Testing: mul8u_JV3.bin
2025-11-05 15:08:55 [INFO]   Accuracy: 0.7000
2025-11-05 15:08:55 [INFO]   Drop:     0.2670 (27.61%)
2025-11-05 15:08:55 [INFO] Testing: mul8u_KEM.bin
2025-11-05 15:08:55 [INFO]   Accuracy: 0.9660
2025-11-05 15:08:55 [INFO]   Drop:     0.0010 (0.10%)
2025-11-05 15:08:55 [INFO] Testing: mul8u_L40.bin
2025-11-05 15:08:55 [INFO]   Accuracy: 0.9000
2025-11-05 15:08:55 [INFO]   Drop:     0.0670 (6.93%)
2025-11-05 15:08:56 [INFO] Testing: mul8u_NGR.bin
2025-11-05 15:08:56 [INFO]   Accuracy: 0.9650
2025-11-05 15:08:56 [INFO]   Drop:     0.0020 (0.21%)
2025-11-05 15:08:56 [INFO] Testing: mul8u_PKY.bin
2025-11-05 15:08:56 [INFO]   Accuracy: 0.9670
2025-11-05 15:08:56 [INFO]   Drop:     0.0000 (0.00%)
2025-11-05 15:08:56 [INFO] Testing: mul8u_QJD.bin
2025-11-05 15:08:56 [INFO]   Accuracy: 0.9670
2025-11-05 15:08:56 [INFO]   Drop:     0.0000 (0.00%)
2025-11-05 15:08:56 [INFO] Testing: mul8u_QKX.bin
2025-11-05 15:08:56 [INFO]   Accuracy: 0.1260
2025-11-05 15:08:56 [INFO]   Drop:     0.8410 (86.97%)
2025-11-05 15:08:57 [INFO] Testing: mul8u_Y48.bin
2025-11-05 15:08:57 [INFO]   Accuracy: 0.9670
2025-11-05 15:08:57 [INFO]   Drop:     0.0000 (0.00%)
2025-11-05 15:08:57 [INFO] Testing: mul8u_YX7.bin
2025-11-05 15:08:57 [INFO]   Accuracy: 0.1260
2025-11-05 15:08:57 [INFO]   Drop:     0.8410 (86.97%)
2025-11-05 15:08:57 [INFO] Testing: mul8u_ZFB.bin
2025-11-05 15:08:57 [INFO]   Accuracy: 0.9660
2025-11-05 15:08:57 [INFO]   Drop:     0.0010 (0.10%)
2025-11-05 15:08:57 [INFO] 
======================================================================
2025-11-05 15:08:57 [INFO] FINAL RESULTS SUMMARY
2025-11-05 15:08:57 [INFO] ======================================================================
2025-11-05 15:08:57 [INFO] Standard Accuracy: 0.9670
2025-11-05 15:08:57 [INFO] Total Multipliers Tested: 36
2025-11-05 15:08:57 [INFO] 
Accuracy Statistics:
2025-11-05 15:08:57 [INFO]   Best:  0.9680
2025-11-05 15:08:57 [INFO]   Worst: 0.1260
2025-11-05 15:08:57 [INFO]   Mean:  0.7671
2025-11-05 15:08:57 [INFO] 
Drop Statistics:
2025-11-05 15:08:57 [INFO]   Min Drop:  -0.0010 (-0.10%)
2025-11-05 15:08:57 [INFO]   Max Drop:  0.8410 (86.97%)
2025-11-05 15:08:57 [INFO]   Mean Drop: 0.1999
2025-11-05 15:08:57 [INFO] 
Multiplier Categories:
2025-11-05 15:08:57 [INFO]   Excellent (≤1% drop):   20
2025-11-05 15:08:57 [INFO]   Good (1-5% drop):       4
2025-11-05 15:08:57 [INFO]   Medium (5-10% drop):    1
2025-11-05 15:08:57 [INFO]   Poor (>10% drop):       11
2025-11-05 15:08:57 [INFO] 
Multiplier                     Accuracy     Drop         Drop %    
2025-11-05 15:08:57 [INFO] ----------------------------------------------------------------------
2025-11-05 15:08:57 [INFO] mul8u_1446.bin                 0.9680       -0.0010      -0.10     %
2025-11-05 15:08:57 [INFO] mul8u_14VP.bin                 0.9680       -0.0010      -0.10     %
2025-11-05 15:08:57 [INFO] mul8u_150Q.bin                 0.9680       -0.0010      -0.10     %
2025-11-05 15:08:57 [INFO] mul8u_GS2.bin                  0.9680       -0.0010      -0.10     %
2025-11-05 15:08:57 [INFO] mul8u_1JFF.bin                 0.9670       0.0000       0.00      %
2025-11-05 15:08:57 [INFO] mul8u_2P7.bin                  0.9670       0.0000       0.00      %
2025-11-05 15:08:57 [INFO] mul8u_7C1.bin                  0.9670       0.0000       0.00      %
2025-11-05 15:08:57 [INFO] mul8u_CK5.bin                  0.9670       0.0000       0.00      %
2025-11-05 15:08:57 [INFO] mul8u_PKY.bin                  0.9670       0.0000       0.00      %
2025-11-05 15:08:57 [INFO] mul8u_QJD.bin                  0.9670       0.0000       0.00      %
2025-11-05 15:08:57 [INFO] mul8u_Y48.bin                  0.9670       0.0000       0.00      %
2025-11-05 15:08:57 [INFO] mul8u_125K.bin                 0.9660       0.0010       0.10      %
2025-11-05 15:08:57 [INFO] mul8u_96D.bin                  0.9660       0.0010       0.10      %
2025-11-05 15:08:57 [INFO] mul8u_DM1.bin                  0.9660       0.0010       0.10      %
2025-11-05 15:08:57 [INFO] mul8u_EXZ.bin                  0.9660       0.0010       0.10      %
2025-11-05 15:08:57 [INFO] mul8u_KEM.bin                  0.9660       0.0010       0.10      %
2025-11-05 15:08:57 [INFO] mul8u_ZFB.bin                  0.9660       0.0010       0.10      %
2025-11-05 15:08:57 [INFO] mul8u_2AC.bin                  0.9650       0.0020       0.21      %
2025-11-05 15:08:57 [INFO] mul8u_NGR.bin                  0.9650       0.0020       0.21      %
2025-11-05 15:08:57 [INFO] mul8u_185Q.bin                 0.9630       0.0040       0.41      %
2025-11-05 15:08:57 [INFO] mul8u_2HH.bin                  0.9500       0.0170       1.76      %
2025-11-05 15:08:57 [INFO] mul8u_JQQ.bin                  0.9410       0.0260       2.69      %
2025-11-05 15:08:57 [INFO] mul8u_19DB.bin                 0.9380       0.0290       3.00      %
2025-11-05 15:08:57 [INFO] mul8u_12N4.bin                 0.9210       0.0460       4.76      %
2025-11-05 15:08:57 [INFO] mul8u_L40.bin                  0.9000       0.0670       6.93      %
2025-11-05 15:08:57 [INFO] mul8u_1AGV.bin                 0.7580       0.2090       21.61     %
2025-11-05 15:08:57 [INFO] mul8u_FTA.bin                  0.7150       0.2520       26.06     %
2025-11-05 15:08:57 [INFO] mul8u_JV3.bin                  0.7000       0.2670       27.61     %
2025-11-05 15:08:57 [INFO] mul8u_17KS.bin                 0.5790       0.3880       40.12     %
2025-11-05 15:08:57 [INFO] mul8u_13QR.bin                 0.1260       0.8410       86.97     %
2025-11-05 15:08:57 [INFO] mul8u_17C8.bin                 0.1260       0.8410       86.97     %
2025-11-05 15:08:57 [INFO] mul8u_17QU.bin                 0.1260       0.8410       86.97     %
2025-11-05 15:08:57 [INFO] mul8u_18DU.bin                 0.1260       0.8410       86.97     %
2025-11-05 15:08:57 [INFO] mul8u_199Z.bin                 0.1260       0.8410       86.97     %
2025-11-05 15:08:57 [INFO] mul8u_QKX.bin                  0.1260       0.8410       86.97     %
2025-11-05 15:08:57 [INFO] mul8u_YX7.bin                  0.1260       0.8410       86.97     %
2025-11-05 15:08:57 [INFO] 
======================================================================
2025-11-05 15:08:57 [INFO] BEST APPROXIMATE MULTIPLIER
2025-11-05 15:08:57 [INFO] ======================================================================
2025-11-05 15:08:57 [INFO] Multiplier:  mul8u_1446.bin
2025-11-05 15:08:57 [INFO] Accuracy:    0.9680
2025-11-05 15:08:57 [INFO] Drop:        -0.0010 (-0.10%)
2025-11-05 15:08:57 [INFO] 
✓ Results saved to: logs/nas_results_20251105_150824.json
2025-11-05 15:08:57 [INFO] 
======================================================================
2025-11-05 15:08:57 [INFO] NAS Run Completed
2025-11-05 15:08:57 [INFO] Log file: logs/nas_run_20251105_150824.log
2025-11-05 15:08:57 [INFO] ======================================================================
