2025-11-07 15:52:48 [INFO] ======================================================================
2025-11-07 15:52:48 [INFO] NAS with Approximate Multipliers - Started
2025-11-07 15:52:48 [INFO] Log file: logs/nas_run_20251107_155248.log
2025-11-07 15:52:48 [INFO] ======================================================================
2025-11-07 15:52:48 [INFO] ======================================================================
2025-11-07 15:52:48 [INFO] CONFIGURATION
2025-11-07 15:52:48 [INFO] ======================================================================
2025-11-07 15:52:48 [INFO] Dataset: cifar10
2025-11-07 15:52:48 [INFO] Training samples: 40000
2025-11-07 15:52:48 [INFO] Validation samples: 4000
2025-11-07 15:52:48 [INFO] NAS trials: 20
2025-11-07 15:52:48 [INFO] NAS blocks: 6
2025-11-07 15:52:48 [INFO] NAS method: evolutionary
2025-11-07 15:52:48 [INFO] Training epochs: 100
2025-11-07 15:52:48 [INFO] Batch size: 128
2025-11-07 15:52:48 [INFO] Learning rate: 0.001
2025-11-07 15:52:48 [INFO] LR scheduling: Yes
2025-11-07 15:52:48 [INFO] Multiplier dir: ./multipliers
2025-11-07 15:52:48 [INFO] Save predictions: Yes
2025-11-07 15:52:48 [INFO] Results dir: logs/results
2025-11-07 15:52:48 [INFO] 
======================================================================
2025-11-07 15:52:48 [INFO] STEP 0: Loading Dataset
2025-11-07 15:52:48 [INFO] ======================================================================
2025-11-07 15:52:49 [INFO] Input shape: (32, 32, 3)
2025-11-07 15:52:49 [INFO] Number of classes: 10
2025-11-07 15:52:49 [INFO] Training samples (full): 44000
2025-11-07 15:52:49 [INFO] Validation samples (full): 6000
2025-11-07 15:52:49 [INFO] Test samples: 10000
2025-11-07 15:52:49 [INFO] 
Using subset:
2025-11-07 15:52:49 [INFO]   Training: 40000 samples
2025-11-07 15:52:49 [INFO]   Validation: 4000 samples
2025-11-07 15:52:49 [INFO]   Classes: airplane, automobile, bird, cat, deer...
2025-11-07 15:52:49 [INFO] 
======================================================================
2025-11-07 15:52:49 [INFO] STEP 1: Neural Architecture Search
2025-11-07 15:52:49 [INFO] ======================================================================
2025-11-07 15:52:49 [INFO] Starting NAS: STANDARD - Method: EVOLUTIONARY

2025-11-07 15:52:49 [INFO] Phase 1: Generating initial population (4 architectures)
2025-11-07 15:52:50 [WARNING] sample_weight modes were coerced from
  ...
    to  
  ['...']
2025-11-07 15:53:41 [INFO] Init 1/4: Accuracy 0.4577
2025-11-07 15:53:41 [WARNING] sample_weight modes were coerced from
  ...
    to  
  ['...']
2025-11-07 15:54:37 [INFO] Init 2/4: Accuracy 0.5030
2025-11-07 15:54:37 [WARNING] sample_weight modes were coerced from
  ...
    to  
  ['...']
2025-11-07 15:55:27 [INFO] Init 3/4: Accuracy 0.5045
2025-11-07 15:55:27 [WARNING] sample_weight modes were coerced from
  ...
    to  
  ['...']
2025-11-07 15:56:18 [INFO] Init 4/4: Accuracy 0.3340
2025-11-07 15:56:18 [INFO] 
Phase 2: Evolution (16 generations)
2025-11-07 15:56:18 [WARNING] sample_weight modes were coerced from
  ...
    to  
  ['...']
2025-11-07 15:57:08 [INFO] Trial 5/20
2025-11-07 15:57:08 [INFO]   Architecture: [{'op': 'conv5x5', 'filters': 64, 'use_bn': False}, {'op': 'conv5x5', 'filters': 32, 'use_bn': False}, {'op': 'avg_pool', 'filters': 64, 'use_bn': False}, {'op': 'avg_pool', 'filters': 64, 'use_bn': False}, {'op': 'identity', 'filters': 32, 'use_bn': False}, {'op': 'conv5x5', 'filters': 128, 'use_bn': True}]
2025-11-07 15:57:08 [INFO]   Accuracy: 0.5280
2025-11-07 15:57:08 [WARNING] sample_weight modes were coerced from
  ...
    to  
  ['...']
2025-11-07 15:57:58 [INFO] Trial 7/20
2025-11-07 15:57:58 [INFO]   Architecture: [{'op': 'conv5x5', 'filters': 64, 'use_bn': False}, {'op': 'conv5x5', 'filters': 32, 'use_bn': False}, {'op': 'avg_pool', 'filters': 64, 'use_bn': False}, {'op': 'avg_pool', 'filters': 64, 'use_bn': False}, {'op': 'identity', 'filters': 32, 'use_bn': False}, {'op': 'conv5x5', 'filters': 128, 'use_bn': True}]
2025-11-07 15:57:58 [INFO]   Accuracy: 0.5362
2025-11-07 15:57:59 [WARNING] sample_weight modes were coerced from
  ...
    to  
  ['...']
2025-11-07 15:58:49 [INFO] Trial 8/20
2025-11-07 15:58:49 [INFO]   Architecture: [{'op': 'conv5x5', 'filters': 64, 'use_bn': False}, {'op': 'conv5x5', 'filters': 128, 'use_bn': False}, {'op': 'avg_pool', 'filters': 64, 'use_bn': False}, {'op': 'avg_pool', 'filters': 64, 'use_bn': False}, {'op': 'identity', 'filters': 32, 'use_bn': False}, {'op': 'conv5x5', 'filters': 128, 'use_bn': True}]
2025-11-07 15:58:49 [INFO]   Accuracy: 0.5782
2025-11-07 15:58:50 [WARNING] sample_weight modes were coerced from
  ...
    to  
  ['...']
2025-11-07 15:59:40 [INFO] Trial 9/20
2025-11-07 15:59:40 [INFO]   Architecture: [{'op': 'conv3x3', 'filters': 64, 'use_bn': False}, {'op': 'conv5x5', 'filters': 128, 'use_bn': False}, {'op': 'avg_pool', 'filters': 64, 'use_bn': False}, {'op': 'avg_pool', 'filters': 64, 'use_bn': False}, {'op': 'identity', 'filters': 64, 'use_bn': False}, {'op': 'conv5x5', 'filters': 128, 'use_bn': True}]
2025-11-07 15:59:40 [INFO]   Accuracy: 0.6062
2025-11-07 15:59:40 [WARNING] sample_weight modes were coerced from
  ...
    to  
  ['...']
2025-11-07 16:00:30 [INFO] Trial 10/20
2025-11-07 16:00:30 [INFO]   Architecture: [{'op': 'conv3x3', 'filters': 64, 'use_bn': False}, {'op': 'conv5x5', 'filters': 128, 'use_bn': False}, {'op': 'avg_pool', 'filters': 64, 'use_bn': False}, {'op': 'avg_pool', 'filters': 64, 'use_bn': False}, {'op': 'identity', 'filters': 64, 'use_bn': False}, {'op': 'conv5x5', 'filters': 128, 'use_bn': True}]
2025-11-07 16:00:30 [INFO]   Accuracy: 0.5928
2025-11-07 16:00:30 [WARNING] sample_weight modes were coerced from
  ...
    to  
  ['...']
2025-11-07 16:01:21 [INFO] Trial 11/20
2025-11-07 16:01:21 [INFO]   Architecture: [{'op': 'conv5x5', 'filters': 64, 'use_bn': False}, {'op': 'conv5x5', 'filters': 32, 'use_bn': False}, {'op': 'avg_pool', 'filters': 64, 'use_bn': False}, {'op': 'avg_pool', 'filters': 64, 'use_bn': False}, {'op': 'identity', 'filters': 32, 'use_bn': False}, {'op': 'conv5x5', 'filters': 128, 'use_bn': True}]
2025-11-07 16:01:21 [INFO]   Accuracy: 0.5543
2025-11-07 16:01:21 [WARNING] sample_weight modes were coerced from
  ...
    to  
  ['...']
2025-11-07 16:02:11 [INFO] Trial 12/20
2025-11-07 16:02:11 [INFO]   Architecture: [{'op': 'conv5x5', 'filters': 64, 'use_bn': False}, {'op': 'conv5x5', 'filters': 32, 'use_bn': False}, {'op': 'avg_pool', 'filters': 64, 'use_bn': False}, {'op': 'avg_pool', 'filters': 64, 'use_bn': False}, {'op': 'identity', 'filters': 32, 'use_bn': False}, {'op': 'conv5x5', 'filters': 128, 'use_bn': True}]
2025-11-07 16:02:11 [INFO]   Accuracy: 0.5353
2025-11-07 16:02:12 [WARNING] sample_weight modes were coerced from
  ...
    to  
  ['...']
2025-11-07 16:03:02 [INFO] Trial 13/20
2025-11-07 16:03:02 [INFO]   Architecture: [{'op': 'conv5x5', 'filters': 64, 'use_bn': False}, {'op': 'conv5x5', 'filters': 32, 'use_bn': True}, {'op': 'avg_pool', 'filters': 64, 'use_bn': False}, {'op': 'avg_pool', 'filters': 64, 'use_bn': False}, {'op': 'identity', 'filters': 32, 'use_bn': False}, {'op': 'conv5x5', 'filters': 128, 'use_bn': False}]
2025-11-07 16:03:02 [INFO]   Accuracy: 0.5297
2025-11-07 16:03:02 [WARNING] sample_weight modes were coerced from
  ...
    to  
  ['...']
2025-11-07 16:03:52 [INFO] Trial 14/20
2025-11-07 16:03:52 [INFO]   Architecture: [{'op': 'conv5x5', 'filters': 64, 'use_bn': False}, {'op': 'conv5x5', 'filters': 32, 'use_bn': False}, {'op': 'max_pool', 'filters': 64, 'use_bn': False}, {'op': 'avg_pool', 'filters': 64, 'use_bn': False}, {'op': 'identity', 'filters': 32, 'use_bn': False}, {'op': 'avg_pool', 'filters': 128, 'use_bn': False}]
2025-11-07 16:03:52 [INFO]   Accuracy: 0.3618
2025-11-07 16:03:52 [WARNING] sample_weight modes were coerced from
  ...
    to  
  ['...']
2025-11-07 16:04:43 [INFO] Trial 15/20
2025-11-07 16:04:43 [INFO]   Architecture: [{'op': 'conv3x3', 'filters': 64, 'use_bn': False}, {'op': 'conv5x5', 'filters': 128, 'use_bn': False}, {'op': 'avg_pool', 'filters': 64, 'use_bn': False}, {'op': 'avg_pool', 'filters': 64, 'use_bn': False}, {'op': 'identity', 'filters': 64, 'use_bn': False}, {'op': 'conv5x5', 'filters': 128, 'use_bn': True}]
2025-11-07 16:04:43 [INFO]   Accuracy: 0.5500
2025-11-07 16:04:43 [WARNING] sample_weight modes were coerced from
  ...
    to  
  ['...']
2025-11-07 16:05:34 [INFO] Trial 16/20
2025-11-07 16:05:34 [INFO]   Architecture: [{'op': 'conv5x5', 'filters': 64, 'use_bn': False}, {'op': 'conv5x5', 'filters': 128, 'use_bn': False}, {'op': 'avg_pool', 'filters': 64, 'use_bn': False}, {'op': 'avg_pool', 'filters': 64, 'use_bn': False}, {'op': 'identity', 'filters': 32, 'use_bn': False}, {'op': 'conv5x5', 'filters': 128, 'use_bn': True}]
2025-11-07 16:05:34 [INFO]   Accuracy: 0.5272
2025-11-07 16:05:34 [WARNING] sample_weight modes were coerced from
  ...
    to  
  ['...']
2025-11-07 16:06:25 [INFO] Trial 17/20
2025-11-07 16:06:25 [INFO]   Architecture: [{'op': 'conv5x5', 'filters': 128, 'use_bn': False}, {'op': 'conv5x5', 'filters': 32, 'use_bn': False}, {'op': 'avg_pool', 'filters': 64, 'use_bn': False}, {'op': 'avg_pool', 'filters': 64, 'use_bn': False}, {'op': 'identity', 'filters': 32, 'use_bn': False}, {'op': 'conv5x5', 'filters': 128, 'use_bn': True}]
2025-11-07 16:06:25 [INFO]   Accuracy: 0.4963
2025-11-07 16:06:25 [WARNING] sample_weight modes were coerced from
  ...
    to  
  ['...']
2025-11-07 16:07:15 [INFO] Trial 18/20
2025-11-07 16:07:15 [INFO]   Architecture: [{'op': 'conv3x3', 'filters': 64, 'use_bn': True}, {'op': 'conv5x5', 'filters': 128, 'use_bn': False}, {'op': 'avg_pool', 'filters': 64, 'use_bn': False}, {'op': 'avg_pool', 'filters': 32, 'use_bn': False}, {'op': 'identity', 'filters': 64, 'use_bn': False}, {'op': 'conv5x5', 'filters': 64, 'use_bn': True}]
2025-11-07 16:07:15 [INFO]   Accuracy: 0.5763
2025-11-07 16:07:15 [WARNING] sample_weight modes were coerced from
  ...
    to  
  ['...']
2025-11-07 16:08:06 [INFO] Trial 19/20
2025-11-07 16:08:06 [INFO]   Architecture: [{'op': 'conv5x5', 'filters': 128, 'use_bn': False}, {'op': 'conv5x5', 'filters': 32, 'use_bn': False}, {'op': 'avg_pool', 'filters': 64, 'use_bn': False}, {'op': 'avg_pool', 'filters': 64, 'use_bn': False}, {'op': 'identity', 'filters': 32, 'use_bn': False}, {'op': 'conv5x5', 'filters': 128, 'use_bn': True}]
2025-11-07 16:08:06 [INFO]   Accuracy: 0.4910
2025-11-07 16:08:06 [WARNING] sample_weight modes were coerced from
  ...
    to  
  ['...']
2025-11-07 16:08:56 [INFO] Trial 20/20
2025-11-07 16:08:56 [INFO]   Architecture: [{'op': 'conv5x5', 'filters': 64, 'use_bn': True}, {'op': 'conv5x5', 'filters': 32, 'use_bn': False}, {'op': 'max_pool', 'filters': 64, 'use_bn': False}, {'op': 'avg_pool', 'filters': 64, 'use_bn': False}, {'op': 'identity', 'filters': 32, 'use_bn': False}, {'op': 'avg_pool', 'filters': 128, 'use_bn': False}]
2025-11-07 16:08:56 [INFO]   Accuracy: 0.2962
2025-11-07 16:08:56 [INFO] 
Top 3 Architectures:
2025-11-07 16:08:56 [INFO] 1. Accuracy: 0.6062
2025-11-07 16:08:56 [INFO]    [{'op': 'conv3x3', 'filters': 64, 'use_bn': False}, {'op': 'conv5x5', 'filters': 128, 'use_bn': False}, {'op': 'avg_pool', 'filters': 64, 'use_bn': False}, {'op': 'avg_pool', 'filters': 64, 'use_bn': False}, {'op': 'identity', 'filters': 64, 'use_bn': False}, {'op': 'conv5x5', 'filters': 128, 'use_bn': True}]
2025-11-07 16:08:56 [INFO] 2. Accuracy: 0.5928
2025-11-07 16:08:56 [INFO]    [{'op': 'conv3x3', 'filters': 64, 'use_bn': True}, {'op': 'conv5x5', 'filters': 128, 'use_bn': False}, {'op': 'avg_pool', 'filters': 64, 'use_bn': False}, {'op': 'avg_pool', 'filters': 32, 'use_bn': False}, {'op': 'identity', 'filters': 64, 'use_bn': False}, {'op': 'conv5x5', 'filters': 64, 'use_bn': True}]
2025-11-07 16:08:56 [INFO] 3. Accuracy: 0.5782
2025-11-07 16:08:56 [INFO]    [{'op': 'conv5x5', 'filters': 64, 'use_bn': False}, {'op': 'conv5x5', 'filters': 128, 'use_bn': False}, {'op': 'avg_pool', 'filters': 64, 'use_bn': False}, {'op': 'avg_pool', 'filters': 64, 'use_bn': False}, {'op': 'identity', 'filters': 32, 'use_bn': False}, {'op': 'conv5x5', 'filters': 128, 'use_bn': True}]
2025-11-07 16:08:56 [INFO] 
======================================================================
2025-11-07 16:08:56 [INFO] STEP 2: Training Best Architecture
2025-11-07 16:08:56 [INFO] ======================================================================
2025-11-07 16:08:56 [INFO] Best Architecture: [{'op': 'conv3x3', 'filters': 64, 'use_bn': False}, {'op': 'conv5x5', 'filters': 128, 'use_bn': False}, {'op': 'avg_pool', 'filters': 64, 'use_bn': False}, {'op': 'avg_pool', 'filters': 64, 'use_bn': False}, {'op': 'identity', 'filters': 64, 'use_bn': False}, {'op': 'conv5x5', 'filters': 128, 'use_bn': True}]
2025-11-07 16:08:56 [INFO] 
Model Complexity:
2025-11-07 16:08:56 [INFO]   Trainable Parameters: 634,506
2025-11-07 16:08:56 [INFO]   Estimated FLOPs: 224,591,872
2025-11-07 16:08:56 [INFO]   Model Size (approx): 2.42 MB (float32)
2025-11-07 16:08:56 [INFO] 
Using learning rate schedule:
2025-11-07 16:08:56 [INFO]   Epochs 0-33: 0.001
2025-11-07 16:08:56 [INFO]   Epochs 34-66: 0.0001
2025-11-07 16:08:56 [INFO]   Epochs 67-100: 1e-05
2025-11-07 16:08:56 [INFO] 
Training for 100 epochs...
2025-11-07 16:15:25 [INFO] Training completed: 100 epochs
2025-11-07 16:15:25 [INFO] ✓ Standard model accuracy: 0.8292
2025-11-07 16:15:25 [INFO] 
============================================================
2025-11-07 16:15:25 [INFO] BEST ARCHITECTURE FOUND
2025-11-07 16:15:25 [INFO] ============================================================
2025-11-07 16:15:25 [INFO] Architecture: [{'op': 'conv3x3', 'filters': 64, 'use_bn': False}, {'op': 'conv5x5', 'filters': 128, 'use_bn': False}, {'op': 'avg_pool', 'filters': 64, 'use_bn': False}, {'op': 'avg_pool', 'filters': 64, 'use_bn': False}, {'op': 'identity', 'filters': 64, 'use_bn': False}, {'op': 'conv5x5', 'filters': 128, 'use_bn': True}]
2025-11-07 16:15:25 [INFO] Accuracy: 0.8292
2025-11-07 16:15:25 [INFO] ============================================================
2025-11-07 16:15:25 [INFO] 
Training Summary:
2025-11-07 16:15:25 [INFO]   Final Training Accuracy: 0.9200
2025-11-07 16:15:25 [INFO]   Final Validation Accuracy: 0.8292
2025-11-07 16:15:25 [INFO]   Final Training Loss: 0.2660
2025-11-07 16:15:25 [INFO]   Final Validation Loss: 0.5695
2025-11-07 16:15:25 [INFO] 
Saving training curves...
2025-11-07 16:15:26 [INFO]   ✓ Training curves saved to logs/results/
2025-11-07 16:15:26 [INFO] Saving standard model predictions and visualizations...
2025-11-07 16:15:27 [INFO]   ✓ Predictions saved to logs/results/
2025-11-07 16:15:27 [INFO]   ✓ Confusion matrix saved
2025-11-07 16:15:27 [INFO]   ✓ Top 20 misclassifications visualized
2025-11-07 16:15:27 [INFO] 
======================================================================
2025-11-07 16:15:27 [INFO] STEP 3: Testing Approximate Multipliers
2025-11-07 16:15:27 [INFO] ======================================================================
2025-11-07 16:15:27 [INFO] Testing 36 multipliers
2025-11-07 16:15:27 [INFO] Standard model accuracy: 0.8292

2025-11-07 16:15:27 [INFO] [1/36] Testing: mul8u_125K.bin
2025-11-07 16:15:30 [INFO] Testing: mul8u_125K.bin
2025-11-07 16:15:30 [INFO]   Accuracy: 0.8288
2025-11-07 16:15:30 [INFO]   Drop:     0.0005 (0.06%)
2025-11-07 16:15:35 [INFO] [2/36] Testing: mul8u_12N4.bin
2025-11-07 16:15:38 [INFO] Testing: mul8u_12N4.bin
2025-11-07 16:15:38 [INFO]   Accuracy: 0.1040
2025-11-07 16:15:38 [INFO]   Drop:     0.7253 (87.46%)
2025-11-07 16:15:42 [INFO] [3/36] Testing: mul8u_13QR.bin
2025-11-07 16:15:46 [INFO] Testing: mul8u_13QR.bin
2025-11-07 16:15:46 [INFO]   Accuracy: 0.1103
2025-11-07 16:15:46 [INFO]   Drop:     0.7190 (86.70%)
2025-11-07 16:15:50 [INFO] [4/36] Testing: mul8u_1446.bin
2025-11-07 16:15:53 [INFO] Testing: mul8u_1446.bin
2025-11-07 16:15:53 [INFO]   Accuracy: 0.8285
2025-11-07 16:15:53 [INFO]   Drop:     0.0008 (0.09%)
2025-11-07 16:15:58 [INFO] [5/36] Testing: mul8u_14VP.bin
2025-11-07 16:16:01 [INFO] Testing: mul8u_14VP.bin
2025-11-07 16:16:01 [INFO]   Accuracy: 0.8192
2025-11-07 16:16:01 [INFO]   Drop:     0.0100 (1.21%)
2025-11-07 16:16:05 [INFO] [6/36] Testing: mul8u_150Q.bin
2025-11-07 16:16:09 [INFO] Testing: mul8u_150Q.bin
2025-11-07 16:16:09 [INFO]   Accuracy: 0.8060
2025-11-07 16:16:09 [INFO]   Drop:     0.0232 (2.80%)
2025-11-07 16:16:13 [INFO] [7/36] Testing: mul8u_17C8.bin
2025-11-07 16:16:17 [INFO] Testing: mul8u_17C8.bin
2025-11-07 16:16:17 [INFO]   Accuracy: 0.1055
2025-11-07 16:16:17 [INFO]   Drop:     0.7237 (87.28%)
2025-11-07 16:16:21 [INFO] [8/36] Testing: mul8u_17KS.bin
2025-11-07 16:16:24 [INFO] Testing: mul8u_17KS.bin
2025-11-07 16:16:24 [INFO]   Accuracy: 0.0935
2025-11-07 16:16:24 [INFO]   Drop:     0.7357 (88.72%)
2025-11-07 16:16:29 [INFO] [9/36] Testing: mul8u_17QU.bin
2025-11-07 16:16:32 [INFO] Testing: mul8u_17QU.bin
2025-11-07 16:16:32 [INFO]   Accuracy: 0.0918
2025-11-07 16:16:32 [INFO]   Drop:     0.7375 (88.94%)
2025-11-07 16:16:37 [INFO] [10/36] Testing: mul8u_185Q.bin
2025-11-07 16:16:40 [INFO] Testing: mul8u_185Q.bin
2025-11-07 16:16:40 [INFO]   Accuracy: 0.1660
2025-11-07 16:16:40 [INFO]   Drop:     0.6632 (79.98%)
2025-11-07 16:16:45 [INFO] [11/36] Testing: mul8u_18DU.bin
2025-11-07 16:16:48 [INFO] Testing: mul8u_18DU.bin
2025-11-07 16:16:48 [INFO]   Accuracy: 0.1030
2025-11-07 16:16:48 [INFO]   Drop:     0.7262 (87.58%)
2025-11-07 16:16:52 [INFO] [12/36] Testing: mul8u_199Z.bin
2025-11-07 16:16:56 [INFO] Testing: mul8u_199Z.bin
2025-11-07 16:16:56 [INFO]   Accuracy: 0.0940
2025-11-07 16:16:56 [INFO]   Drop:     0.7352 (88.66%)
2025-11-07 16:17:00 [INFO] [13/36] Testing: mul8u_19DB.bin
2025-11-07 16:17:03 [INFO] Testing: mul8u_19DB.bin
2025-11-07 16:17:03 [INFO]   Accuracy: 0.1198
2025-11-07 16:17:03 [INFO]   Drop:     0.7095 (85.56%)
2025-11-07 16:17:08 [INFO] [14/36] Testing: mul8u_1AGV.bin
2025-11-07 16:17:11 [INFO] Testing: mul8u_1AGV.bin
2025-11-07 16:17:11 [INFO]   Accuracy: 0.0955
2025-11-07 16:17:11 [INFO]   Drop:     0.7337 (88.48%)
2025-11-07 16:17:15 [INFO] [15/36] Testing: mul8u_1JFF.bin
2025-11-07 16:17:19 [INFO] Testing: mul8u_1JFF.bin
2025-11-07 16:17:19 [INFO]   Accuracy: 0.8280
2025-11-07 16:17:19 [INFO]   Drop:     0.0012 (0.15%)
2025-11-07 16:17:23 [INFO] [16/36] Testing: mul8u_2AC.bin
2025-11-07 16:17:27 [INFO] Testing: mul8u_2AC.bin
2025-11-07 16:17:27 [INFO]   Accuracy: 0.1670
2025-11-07 16:17:27 [INFO]   Drop:     0.6622 (79.86%)
2025-11-07 16:17:31 [INFO] [17/36] Testing: mul8u_2HH.bin
2025-11-07 16:17:34 [INFO] Testing: mul8u_2HH.bin
2025-11-07 16:17:34 [INFO]   Accuracy: 0.1345
2025-11-07 16:17:34 [INFO]   Drop:     0.6947 (83.78%)
2025-11-07 16:17:39 [INFO] [18/36] Testing: mul8u_2P7.bin
2025-11-07 16:17:42 [INFO] Testing: mul8u_2P7.bin
2025-11-07 16:17:42 [INFO]   Accuracy: 0.8282
2025-11-07 16:17:42 [INFO]   Drop:     0.0010 (0.12%)
2025-11-07 16:17:46 [INFO] [19/36] Testing: mul8u_7C1.bin
2025-11-07 16:17:50 [INFO] Testing: mul8u_7C1.bin
2025-11-07 16:17:50 [INFO]   Accuracy: 0.7883
2025-11-07 16:17:50 [INFO]   Drop:     0.0410 (4.94%)
2025-11-07 16:17:54 [INFO] [20/36] Testing: mul8u_96D.bin
2025-11-07 16:17:58 [INFO] Testing: mul8u_96D.bin
2025-11-07 16:17:58 [INFO]   Accuracy: 0.6317
2025-11-07 16:17:58 [INFO]   Drop:     0.1975 (23.82%)
2025-11-07 16:18:02 [INFO] [21/36] Testing: mul8u_CK5.bin
2025-11-07 16:18:05 [INFO] Testing: mul8u_CK5.bin
2025-11-07 16:18:05 [INFO]   Accuracy: 0.8012
2025-11-07 16:18:05 [INFO]   Drop:     0.0280 (3.38%)
2025-11-07 16:18:10 [INFO] [22/36] Testing: mul8u_DM1.bin
2025-11-07 16:18:13 [INFO] Testing: mul8u_DM1.bin
2025-11-07 16:18:13 [INFO]   Accuracy: 0.1005
2025-11-07 16:18:13 [INFO]   Drop:     0.7287 (87.88%)
2025-11-07 16:18:17 [INFO] [23/36] Testing: mul8u_EXZ.bin
2025-11-07 16:18:21 [INFO] Testing: mul8u_EXZ.bin
2025-11-07 16:18:21 [INFO]   Accuracy: 0.8275
2025-11-07 16:18:21 [INFO]   Drop:     0.0017 (0.21%)
2025-11-07 16:18:25 [INFO] [24/36] Testing: mul8u_FTA.bin
2025-11-07 16:18:29 [INFO] Testing: mul8u_FTA.bin
2025-11-07 16:18:29 [INFO]   Accuracy: 0.0885
2025-11-07 16:18:29 [INFO]   Drop:     0.7407 (89.33%)
2025-11-07 16:18:33 [INFO] [25/36] Testing: mul8u_GS2.bin
2025-11-07 16:18:36 [INFO] Testing: mul8u_GS2.bin
2025-11-07 16:18:36 [INFO]   Accuracy: 0.8192
2025-11-07 16:18:36 [INFO]   Drop:     0.0100 (1.21%)
2025-11-07 16:18:41 [INFO] [26/36] Testing: mul8u_JQQ.bin
2025-11-07 16:18:44 [INFO] Testing: mul8u_JQQ.bin
2025-11-07 16:18:44 [INFO]   Accuracy: 0.7072
2025-11-07 16:18:44 [INFO]   Drop:     0.1220 (14.71%)
2025-11-07 16:18:48 [INFO] [27/36] Testing: mul8u_JV3.bin
2025-11-07 16:18:52 [INFO] Testing: mul8u_JV3.bin
2025-11-07 16:18:52 [INFO]   Accuracy: 0.1125
2025-11-07 16:18:52 [INFO]   Drop:     0.7167 (86.43%)
2025-11-07 16:18:56 [INFO] [28/36] Testing: mul8u_KEM.bin
2025-11-07 16:18:59 [INFO] Testing: mul8u_KEM.bin
2025-11-07 16:18:59 [INFO]   Accuracy: 0.8290
2025-11-07 16:18:59 [INFO]   Drop:     0.0002 (0.03%)
2025-11-07 16:19:04 [INFO] [29/36] Testing: mul8u_L40.bin
2025-11-07 16:19:07 [INFO] Testing: mul8u_L40.bin
2025-11-07 16:19:07 [INFO]   Accuracy: 0.1332
2025-11-07 16:19:07 [INFO]   Drop:     0.6960 (83.93%)
2025-11-07 16:19:11 [INFO] [30/36] Testing: mul8u_NGR.bin
2025-11-07 16:19:15 [INFO] Testing: mul8u_NGR.bin
2025-11-07 16:19:15 [INFO]   Accuracy: 0.3063
2025-11-07 16:19:15 [INFO]   Drop:     0.5230 (63.07%)
2025-11-07 16:19:19 [INFO] [31/36] Testing: mul8u_PKY.bin
2025-11-07 16:19:23 [INFO] Testing: mul8u_PKY.bin
2025-11-07 16:19:23 [INFO]   Accuracy: 0.3490
2025-11-07 16:19:23 [INFO]   Drop:     0.4802 (57.91%)
2025-11-07 16:19:27 [INFO] [32/36] Testing: mul8u_QJD.bin
2025-11-07 16:19:30 [INFO] Testing: mul8u_QJD.bin
2025-11-07 16:19:30 [INFO]   Accuracy: 0.7383
2025-11-07 16:19:30 [INFO]   Drop:     0.0910 (10.97%)
2025-11-07 16:19:35 [INFO] [33/36] Testing: mul8u_QKX.bin
2025-11-07 16:19:38 [INFO] Testing: mul8u_QKX.bin
2025-11-07 16:19:38 [INFO]   Accuracy: 0.0940
2025-11-07 16:19:38 [INFO]   Drop:     0.7352 (88.66%)
2025-11-07 16:19:42 [INFO] [34/36] Testing: mul8u_Y48.bin
2025-11-07 16:19:46 [INFO] Testing: mul8u_Y48.bin
2025-11-07 16:19:46 [INFO]   Accuracy: 0.8285
2025-11-07 16:19:46 [INFO]   Drop:     0.0008 (0.09%)
2025-11-07 16:19:50 [INFO] [35/36] Testing: mul8u_YX7.bin
2025-11-07 16:19:54 [INFO] Testing: mul8u_YX7.bin
2025-11-07 16:19:54 [INFO]   Accuracy: 0.0940
2025-11-07 16:19:54 [INFO]   Drop:     0.7352 (88.66%)
2025-11-07 16:19:58 [INFO] [36/36] Testing: mul8u_ZFB.bin
2025-11-07 16:20:01 [INFO] Testing: mul8u_ZFB.bin
2025-11-07 16:20:01 [INFO]   Accuracy: 0.6495
2025-11-07 16:20:01 [INFO]   Drop:     0.1797 (21.68%)
2025-11-07 16:20:06 [INFO] 
======================================================================
2025-11-07 16:20:06 [INFO] STEP 4: Results Analysis
2025-11-07 16:20:06 [INFO] ======================================================================
2025-11-07 16:20:06 [INFO] 
======================================================================
2025-11-07 16:20:06 [INFO] FINAL RESULTS SUMMARY
2025-11-07 16:20:06 [INFO] ======================================================================
2025-11-07 16:20:06 [INFO] Standard Accuracy: 0.8292
2025-11-07 16:20:06 [INFO] Total Multipliers Tested: 36
2025-11-07 16:20:06 [INFO] 
Accuracy Statistics:
2025-11-07 16:20:06 [INFO]   Best:  0.8290
2025-11-07 16:20:06 [INFO]   Worst: 0.0885
2025-11-07 16:20:06 [INFO]   Mean:  0.4228
2025-11-07 16:20:06 [INFO] 
Drop Statistics:
2025-11-07 16:20:06 [INFO]   Min Drop:  0.0002 (0.03%)
2025-11-07 16:20:06 [INFO]   Max Drop:  0.7407 (89.33%)
2025-11-07 16:20:06 [INFO]   Mean Drop: 0.4064
2025-11-07 16:20:06 [INFO] 
Multiplier Categories:
2025-11-07 16:20:06 [INFO]   Excellent (≤1% drop):   9
2025-11-07 16:20:06 [INFO]   Good (1-5% drop):       3
2025-11-07 16:20:06 [INFO]   Medium (5-10% drop):    1
2025-11-07 16:20:06 [INFO]   Poor (>10% drop):       23
2025-11-07 16:20:06 [INFO] 
Multiplier                     Accuracy     Drop         Drop %    
2025-11-07 16:20:06 [INFO] ----------------------------------------------------------------------
2025-11-07 16:20:06 [INFO] mul8u_KEM.bin                  0.8290       0.0002       0.03      %
2025-11-07 16:20:06 [INFO] mul8u_125K.bin                 0.8288       0.0005       0.06      %
2025-11-07 16:20:06 [INFO] mul8u_1446.bin                 0.8285       0.0008       0.09      %
2025-11-07 16:20:06 [INFO] mul8u_Y48.bin                  0.8285       0.0008       0.09      %
2025-11-07 16:20:06 [INFO] mul8u_2P7.bin                  0.8282       0.0010       0.12      %
2025-11-07 16:20:06 [INFO] mul8u_1JFF.bin                 0.8280       0.0012       0.15      %
2025-11-07 16:20:06 [INFO] mul8u_EXZ.bin                  0.8275       0.0017       0.21      %
2025-11-07 16:20:06 [INFO] mul8u_14VP.bin                 0.8192       0.0100       1.21      %
2025-11-07 16:20:06 [INFO] mul8u_GS2.bin                  0.8192       0.0100       1.21      %
2025-11-07 16:20:06 [INFO] mul8u_150Q.bin                 0.8060       0.0232       2.80      %
2025-11-07 16:20:06 [INFO] mul8u_CK5.bin                  0.8012       0.0280       3.38      %
2025-11-07 16:20:06 [INFO] mul8u_7C1.bin                  0.7883       0.0410       4.94      %
2025-11-07 16:20:06 [INFO] mul8u_QJD.bin                  0.7383       0.0910       10.97     %
2025-11-07 16:20:06 [INFO] mul8u_JQQ.bin                  0.7072       0.1220       14.71     %
2025-11-07 16:20:06 [INFO] mul8u_ZFB.bin                  0.6495       0.1797       21.68     %
2025-11-07 16:20:06 [INFO] mul8u_96D.bin                  0.6317       0.1975       23.82     %
2025-11-07 16:20:06 [INFO] mul8u_PKY.bin                  0.3490       0.4802       57.91     %
2025-11-07 16:20:06 [INFO] mul8u_NGR.bin                  0.3063       0.5230       63.07     %
2025-11-07 16:20:06 [INFO] mul8u_2AC.bin                  0.1670       0.6622       79.86     %
2025-11-07 16:20:06 [INFO] mul8u_185Q.bin                 0.1660       0.6632       79.98     %
2025-11-07 16:20:06 [INFO] mul8u_2HH.bin                  0.1345       0.6947       83.78     %
2025-11-07 16:20:06 [INFO] mul8u_L40.bin                  0.1332       0.6960       83.93     %
2025-11-07 16:20:06 [INFO] mul8u_19DB.bin                 0.1198       0.7095       85.56     %
2025-11-07 16:20:06 [INFO] mul8u_JV3.bin                  0.1125       0.7167       86.43     %
2025-11-07 16:20:06 [INFO] mul8u_13QR.bin                 0.1103       0.7190       86.70     %
2025-11-07 16:20:06 [INFO] mul8u_17C8.bin                 0.1055       0.7237       87.28     %
2025-11-07 16:20:06 [INFO] mul8u_12N4.bin                 0.1040       0.7253       87.46     %
2025-11-07 16:20:06 [INFO] mul8u_18DU.bin                 0.1030       0.7262       87.58     %
2025-11-07 16:20:06 [INFO] mul8u_DM1.bin                  0.1005       0.7287       87.88     %
2025-11-07 16:20:06 [INFO] mul8u_1AGV.bin                 0.0955       0.7337       88.48     %
2025-11-07 16:20:06 [INFO] mul8u_199Z.bin                 0.0940       0.7352       88.66     %
2025-11-07 16:20:06 [INFO] mul8u_QKX.bin                  0.0940       0.7352       88.66     %
2025-11-07 16:20:06 [INFO] mul8u_YX7.bin                  0.0940       0.7352       88.66     %
2025-11-07 16:20:06 [INFO] mul8u_17KS.bin                 0.0935       0.7357       88.72     %
2025-11-07 16:20:06 [INFO] mul8u_17QU.bin                 0.0918       0.7375       88.94     %
2025-11-07 16:20:06 [INFO] mul8u_FTA.bin                  0.0885       0.7407       89.33     %
2025-11-07 16:20:06 [INFO] 
======================================================================
2025-11-07 16:20:06 [INFO] BEST APPROXIMATE MULTIPLIER
2025-11-07 16:20:06 [INFO] ======================================================================
2025-11-07 16:20:06 [INFO] Multiplier:  mul8u_KEM.bin
2025-11-07 16:20:06 [INFO] Accuracy:    0.8290
2025-11-07 16:20:06 [INFO] Drop:        0.0002 (0.03%)
2025-11-07 16:20:06 [INFO] 
Top 5 Multipliers:
2025-11-07 16:20:06 [INFO] 1. mul8u_KEM.bin                  Acc: 0.8290 Drop: +0.03%
2025-11-07 16:20:06 [INFO] 2. mul8u_125K.bin                 Acc: 0.8288 Drop: +0.06%
2025-11-07 16:20:06 [INFO] 3. mul8u_1446.bin                 Acc: 0.8285 Drop: +0.09%
2025-11-07 16:20:06 [INFO] 4. mul8u_Y48.bin                  Acc: 0.8285 Drop: +0.09%
2025-11-07 16:20:06 [INFO] 5. mul8u_2P7.bin                  Acc: 0.8282 Drop: +0.12%
2025-11-07 16:20:06 [INFO] 
Estimated Energy Savings:
2025-11-07 16:20:06 [INFO]   Excellent (≤1% drop): 9 multipliers
2025-11-07 16:20:06 [INFO]   Good (1-5% drop):     3 multipliers
2025-11-07 16:20:06 [INFO]   Potential energy savings: 30-50% (typical for approximate multipliers)
2025-11-07 16:20:06 [INFO]   Model parameters: 634,506
2025-11-07 16:20:06 [INFO]   Estimated MACs per inference: 112,295,936
2025-11-07 16:20:06 [INFO] 
Generating comparison plots...
2025-11-07 16:20:06 [INFO]   ✓ Confidence distribution plots saved
2025-11-07 16:20:06 [INFO] 
======================================================================
2025-11-07 16:20:06 [INFO] FINAL SUMMARY
2025-11-07 16:20:06 [INFO] ======================================================================
2025-11-07 16:20:06 [INFO] Dataset: cifar10
2025-11-07 16:20:06 [INFO] Best Architecture: [{'op': 'conv3x3', 'filters': 64, 'use_bn': False}, {'op': 'conv5x5', 'filters': 128, 'use_bn': False}, {'op': 'avg_pool', 'filters': 64, 'use_bn': False}, {'op': 'avg_pool', 'filters': 64, 'use_bn': False}, {'op': 'identity', 'filters': 64, 'use_bn': False}, {'op': 'conv5x5', 'filters': 128, 'use_bn': True}]
2025-11-07 16:20:06 [INFO] Standard Model Accuracy: 0.8292
2025-11-07 16:20:06 [INFO] Model Parameters: 634,506
2025-11-07 16:20:06 [INFO] Estimated FLOPs: 224,591,872
2025-11-07 16:20:06 [INFO] Learning Rate: 0.001
2025-11-07 16:20:06 [INFO] 
Multiplier Testing:
2025-11-07 16:20:06 [INFO]   Total tested: 36
2025-11-07 16:20:06 [INFO]   Best accuracy: 0.8290
2025-11-07 16:20:06 [INFO]   Best multiplier: mul8u_KEM.bin
2025-11-07 16:20:06 [INFO] 
Quality Distribution:
2025-11-07 16:20:06 [INFO]   Excellent (≤1%):   9
2025-11-07 16:20:06 [INFO]   Good (1-5%):       3
2025-11-07 16:20:06 [INFO]   Medium (5-10%):    1
2025-11-07 16:20:06 [INFO]   Poor (>10%):       23
2025-11-07 16:20:06 [INFO] 
Output Locations:
2025-11-07 16:20:06 [INFO]   Logs: logs/
2025-11-07 16:20:06 [INFO]   Results: logs/results/
2025-11-07 16:20:06 [INFO]   Predictions: logs/results/standard_predictions.json
2025-11-07 16:20:06 [INFO]   Confusion Matrix: logs/results/standard_confusion_matrix.png
2025-11-07 16:20:06 [INFO]   Training Curves: logs/results/standard_model_training_curves.png
2025-11-07 16:20:06 [INFO]   Multiplier Results: logs/results/multipliers/
2025-11-07 16:20:06 [INFO] 
✓ Results saved to: logs/nas_results_20251107_155248.json
2025-11-07 16:20:06 [INFO] 
======================================================================
2025-11-07 16:20:06 [INFO] NAS Run Completed
2025-11-07 16:20:06 [INFO] Log file: logs/nas_run_20251107_155248.log
2025-11-07 16:20:06 [INFO] ======================================================================
