2025-11-07 12:01:19 [INFO] ======================================================================
2025-11-07 12:01:19 [INFO] NAS with Approximate Multipliers - Started
2025-11-07 12:01:19 [INFO] Log file: logs/nas_run_20251107_120119.log
2025-11-07 12:01:19 [INFO] ======================================================================
2025-11-07 12:01:19 [INFO] ======================================================================
2025-11-07 12:01:19 [INFO] CONFIGURATION
2025-11-07 12:01:19 [INFO] ======================================================================
2025-11-07 12:01:19 [INFO] Dataset: cifar10
2025-11-07 12:01:19 [INFO] Training samples: 5000
2025-11-07 12:01:19 [INFO] Validation samples: 1000
2025-11-07 12:01:19 [INFO] NAS trials: 20
2025-11-07 12:01:19 [INFO] NAS blocks: 4
2025-11-07 12:01:19 [INFO] NAS method: evolutionary
2025-11-07 12:01:19 [INFO] Training epochs: 50
2025-11-07 12:01:19 [INFO] Batch size: 128
2025-11-07 12:01:19 [INFO] Learning rate: 0.001
2025-11-07 12:01:19 [INFO] LR scheduling: Yes
2025-11-07 12:01:19 [INFO] Multiplier dir: ./multipliers
2025-11-07 12:01:19 [INFO] Save predictions: Yes
2025-11-07 12:01:19 [INFO] Results dir: logs/results
2025-11-07 12:01:19 [INFO] 
======================================================================
2025-11-07 12:01:19 [INFO] STEP 0: Loading Dataset
2025-11-07 12:01:19 [INFO] ======================================================================
2025-11-07 12:01:19 [INFO] Input shape: (32, 32, 3)
2025-11-07 12:01:19 [INFO] Number of classes: 10
2025-11-07 12:01:19 [INFO] Training samples (full): 44000
2025-11-07 12:01:19 [INFO] Validation samples (full): 6000
2025-11-07 12:01:19 [INFO] Test samples: 10000
2025-11-07 12:01:19 [INFO] 
Using subset:
2025-11-07 12:01:19 [INFO]   Training: 5000 samples
2025-11-07 12:01:19 [INFO]   Validation: 1000 samples
2025-11-07 12:01:19 [INFO]   Classes: airplane, automobile, bird, cat, deer...
2025-11-07 12:01:19 [INFO] 
======================================================================
2025-11-07 12:01:19 [INFO] STEP 1: Neural Architecture Search
2025-11-07 12:01:19 [INFO] ======================================================================
2025-11-07 12:01:19 [INFO] Starting NAS: STANDARD - Method: EVOLUTIONARY

2025-11-07 12:01:19 [INFO] Phase 1: Generating initial population (4 architectures)
2025-11-07 12:01:22 [INFO] Init 1/4: Accuracy 0.1750
2025-11-07 12:01:25 [INFO] Init 2/4: Accuracy 0.0930
2025-11-07 12:01:27 [INFO] Init 3/4: Accuracy 0.0960
2025-11-07 12:01:30 [INFO] Init 4/4: Accuracy 0.2590
2025-11-07 12:01:30 [INFO] 
Phase 2: Evolution (16 generations)
2025-11-07 12:01:31 [INFO] Trial 5/20
2025-11-07 12:01:31 [INFO]   Architecture: [{'op': 'conv5x5', 'filters': 32, 'use_bn': True}, {'op': 'max_pool', 'filters': 64, 'use_bn': False}, {'op': 'conv5x5', 'filters': 32, 'use_bn': False}, {'op': 'conv3x3', 'filters': 64, 'use_bn': False}]
2025-11-07 12:01:31 [INFO]   Accuracy: 0.2620
2025-11-07 12:01:32 [INFO] Trial 6/20
2025-11-07 12:01:32 [INFO]   Architecture: [{'op': 'conv5x5', 'filters': 32, 'use_bn': True}, {'op': 'max_pool', 'filters': 64, 'use_bn': False}, {'op': 'conv5x5', 'filters': 32, 'use_bn': False}, {'op': 'conv3x3', 'filters': 64, 'use_bn': False}]
2025-11-07 12:01:32 [INFO]   Accuracy: 0.2320
2025-11-07 12:01:34 [INFO] Trial 7/20
2025-11-07 12:01:34 [INFO]   Architecture: [{'op': 'conv5x5', 'filters': 128, 'use_bn': True}, {'op': 'max_pool', 'filters': 64, 'use_bn': False}, {'op': 'conv3x3', 'filters': 32, 'use_bn': False}, {'op': 'conv3x3', 'filters': 64, 'use_bn': True}]
2025-11-07 12:01:34 [INFO]   Accuracy: 0.1840
2025-11-07 12:01:37 [INFO] Trial 8/20
2025-11-07 12:01:37 [INFO]   Architecture: [{'op': 'conv5x5', 'filters': 128, 'use_bn': True}, {'op': 'identity', 'filters': 64, 'use_bn': False}, {'op': 'conv3x3', 'filters': 32, 'use_bn': False}, {'op': 'conv3x3', 'filters': 64, 'use_bn': True}]
2025-11-07 12:01:37 [INFO]   Accuracy: 0.1900
2025-11-07 12:01:40 [INFO] Trial 9/20
2025-11-07 12:01:40 [INFO]   Architecture: [{'op': 'conv5x5', 'filters': 128, 'use_bn': False}, {'op': 'identity', 'filters': 64, 'use_bn': False}, {'op': 'conv3x3', 'filters': 32, 'use_bn': False}, {'op': 'conv3x3', 'filters': 64, 'use_bn': True}]
2025-11-07 12:01:40 [INFO]   Accuracy: 0.2690
2025-11-07 12:01:41 [INFO] Trial 10/20
2025-11-07 12:01:41 [INFO]   Architecture: [{'op': 'conv5x5', 'filters': 32, 'use_bn': True}, {'op': 'max_pool', 'filters': 64, 'use_bn': False}, {'op': 'conv5x5', 'filters': 32, 'use_bn': False}, {'op': 'conv3x3', 'filters': 64, 'use_bn': True}]
2025-11-07 12:01:41 [INFO]   Accuracy: 0.1320
2025-11-07 12:01:43 [INFO] Trial 11/20
2025-11-07 12:01:43 [INFO]   Architecture: [{'op': 'conv5x5', 'filters': 128, 'use_bn': False}, {'op': 'max_pool', 'filters': 64, 'use_bn': False}, {'op': 'conv3x3', 'filters': 32, 'use_bn': True}, {'op': 'conv3x3', 'filters': 64, 'use_bn': True}]
2025-11-07 12:01:43 [INFO]   Accuracy: 0.2450
2025-11-07 12:01:45 [INFO] Trial 12/20
2025-11-07 12:01:45 [INFO]   Architecture: [{'op': 'conv1x1', 'filters': 64, 'use_bn': False}, {'op': 'conv5x5', 'filters': 64, 'use_bn': True}, {'op': 'avg_pool', 'filters': 32, 'use_bn': False}, {'op': 'conv1x1', 'filters': 32, 'use_bn': False}]
2025-11-07 12:01:45 [INFO]   Accuracy: 0.2710
2025-11-07 12:01:46 [INFO] Trial 13/20
2025-11-07 12:01:46 [INFO]   Architecture: [{'op': 'conv5x5', 'filters': 32, 'use_bn': True}, {'op': 'max_pool', 'filters': 64, 'use_bn': False}, {'op': 'conv1x1', 'filters': 32, 'use_bn': False}, {'op': 'identity', 'filters': 64, 'use_bn': True}]
2025-11-07 12:01:46 [INFO]   Accuracy: 0.2690
2025-11-07 12:01:49 [INFO] Trial 14/20
2025-11-07 12:01:49 [INFO]   Architecture: [{'op': 'conv5x5', 'filters': 128, 'use_bn': True}, {'op': 'identity', 'filters': 64, 'use_bn': False}, {'op': 'conv3x3', 'filters': 32, 'use_bn': False}, {'op': 'conv3x3', 'filters': 64, 'use_bn': True}]
2025-11-07 12:01:49 [INFO]   Accuracy: 0.0890
2025-11-07 12:01:52 [INFO] Trial 15/20
2025-11-07 12:01:52 [INFO]   Architecture: [{'op': 'conv5x5', 'filters': 128, 'use_bn': True}, {'op': 'identity', 'filters': 64, 'use_bn': False}, {'op': 'conv3x3', 'filters': 32, 'use_bn': False}, {'op': 'conv3x3', 'filters': 64, 'use_bn': True}]
2025-11-07 12:01:52 [INFO]   Accuracy: 0.1360
2025-11-07 12:01:55 [INFO] Trial 16/20
2025-11-07 12:01:55 [INFO]   Architecture: [{'op': 'conv5x5', 'filters': 128, 'use_bn': True}, {'op': 'identity', 'filters': 64, 'use_bn': False}, {'op': 'conv3x3', 'filters': 32, 'use_bn': False}, {'op': 'conv5x5', 'filters': 64, 'use_bn': True}]
2025-11-07 12:01:55 [INFO]   Accuracy: 0.1510
2025-11-07 12:01:56 [INFO] Trial 17/20
2025-11-07 12:01:56 [INFO]   Architecture: [{'op': 'conv5x5', 'filters': 64, 'use_bn': True}, {'op': 'max_pool', 'filters': 64, 'use_bn': False}, {'op': 'conv1x1', 'filters': 32, 'use_bn': False}, {'op': 'identity', 'filters': 64, 'use_bn': True}]
2025-11-07 12:01:56 [INFO]   Accuracy: 0.1910
2025-11-07 12:01:58 [INFO] Trial 18/20
2025-11-07 12:01:58 [INFO]   Architecture: [{'op': 'conv1x1', 'filters': 64, 'use_bn': False}, {'op': 'conv5x5', 'filters': 64, 'use_bn': True}, {'op': 'avg_pool', 'filters': 32, 'use_bn': False}, {'op': 'max_pool', 'filters': 32, 'use_bn': False}]
2025-11-07 12:01:58 [INFO]   Accuracy: 0.2200
2025-11-07 12:01:59 [INFO] Trial 19/20
2025-11-07 12:01:59 [INFO]   Architecture: [{'op': 'conv5x5', 'filters': 32, 'use_bn': True}, {'op': 'max_pool', 'filters': 64, 'use_bn': False}, {'op': 'conv1x1', 'filters': 32, 'use_bn': False}, {'op': 'identity', 'filters': 64, 'use_bn': True}]
2025-11-07 12:01:59 [INFO]   Accuracy: 0.1450
2025-11-07 12:02:01 [INFO] Trial 20/20
2025-11-07 12:02:01 [INFO]   Architecture: [{'op': 'conv5x5', 'filters': 128, 'use_bn': False}, {'op': 'max_pool', 'filters': 64, 'use_bn': False}, {'op': 'conv3x3', 'filters': 32, 'use_bn': True}, {'op': 'conv3x3', 'filters': 64, 'use_bn': True}]
2025-11-07 12:02:01 [INFO]   Accuracy: 0.1720
2025-11-07 12:02:01 [INFO] 
Top 3 Architectures:
2025-11-07 12:02:01 [INFO] 1. Accuracy: 0.2710
2025-11-07 12:02:01 [INFO]    [{'op': 'conv1x1', 'filters': 64, 'use_bn': False}, {'op': 'conv5x5', 'filters': 64, 'use_bn': True}, {'op': 'avg_pool', 'filters': 32, 'use_bn': False}, {'op': 'conv1x1', 'filters': 32, 'use_bn': False}]
2025-11-07 12:02:01 [INFO] 2. Accuracy: 0.2690
2025-11-07 12:02:01 [INFO]    [{'op': 'conv5x5', 'filters': 128, 'use_bn': False}, {'op': 'max_pool', 'filters': 64, 'use_bn': False}, {'op': 'conv3x3', 'filters': 32, 'use_bn': True}, {'op': 'conv3x3', 'filters': 64, 'use_bn': True}]
2025-11-07 12:02:01 [INFO] 3. Accuracy: 0.2690
2025-11-07 12:02:01 [INFO]    [{'op': 'conv5x5', 'filters': 32, 'use_bn': True}, {'op': 'max_pool', 'filters': 64, 'use_bn': False}, {'op': 'conv1x1', 'filters': 32, 'use_bn': False}, {'op': 'identity', 'filters': 64, 'use_bn': True}]
2025-11-07 12:02:01 [INFO] 
======================================================================
2025-11-07 12:02:01 [INFO] STEP 2: Training Best Architecture
2025-11-07 12:02:01 [INFO] ======================================================================
2025-11-07 12:02:01 [INFO] Best Architecture: [{'op': 'conv1x1', 'filters': 64, 'use_bn': False}, {'op': 'conv5x5', 'filters': 64, 'use_bn': True}, {'op': 'avg_pool', 'filters': 32, 'use_bn': False}, {'op': 'conv1x1', 'filters': 32, 'use_bn': False}]
2025-11-07 12:02:01 [INFO] 
Model Complexity:
2025-11-07 12:02:01 [INFO]   Trainable Parameters: 110,442
2025-11-07 12:02:01 [INFO]   Estimated FLOPs: 105,316,352
2025-11-07 12:02:01 [INFO]   Model Size (approx): 0.42 MB (float32)
2025-11-07 12:02:01 [INFO] 
Using learning rate schedule:
2025-11-07 12:02:01 [INFO]   Epochs 0-16: 0.001
2025-11-07 12:02:01 [INFO]   Epochs 17-33: 0.0001
2025-11-07 12:02:01 [INFO]   Epochs 34-50: 1e-05
2025-11-07 12:02:01 [INFO] 
Training for 50 epochs...
2025-11-07 12:02:19 [INFO] Training completed: 50 epochs
2025-11-07 12:02:19 [INFO] ✓ Standard model accuracy: 0.4090
2025-11-07 12:02:19 [INFO] 
============================================================
2025-11-07 12:02:19 [INFO] BEST ARCHITECTURE FOUND
2025-11-07 12:02:19 [INFO] ============================================================
2025-11-07 12:02:19 [INFO] Architecture: [{'op': 'conv1x1', 'filters': 64, 'use_bn': False}, {'op': 'conv5x5', 'filters': 64, 'use_bn': True}, {'op': 'avg_pool', 'filters': 32, 'use_bn': False}, {'op': 'conv1x1', 'filters': 32, 'use_bn': False}]
2025-11-07 12:02:19 [INFO] Accuracy: 0.4090
2025-11-07 12:02:19 [INFO] ============================================================
2025-11-07 12:02:19 [INFO] 
Training Summary:
2025-11-07 12:02:19 [INFO]   Final Training Accuracy: 0.4408
2025-11-07 12:02:19 [INFO]   Final Validation Accuracy: 0.4090
2025-11-07 12:02:19 [INFO]   Final Training Loss: 1.4938
2025-11-07 12:02:19 [INFO]   Final Validation Loss: 1.5808
2025-11-07 12:02:19 [INFO] 
Saving training curves...
