2025-11-09 14:56:45 [INFO] ======================================================================
2025-11-09 14:56:45 [INFO] NAS with Approximate Multipliers - Started
2025-11-09 14:56:45 [INFO] Log file: logs/nas_run_20251109_145645.log
2025-11-09 14:56:45 [INFO] ======================================================================
2025-11-09 14:56:45 [INFO] ======================================================================
2025-11-09 14:56:45 [INFO] CONFIGURATION
2025-11-09 14:56:45 [INFO] ======================================================================
2025-11-09 14:56:45 [INFO] Dataset: cifar10
2025-11-09 14:56:45 [INFO] Training samples: 5000
2025-11-09 14:56:45 [INFO] Validation samples: 1000
2025-11-09 14:56:45 [INFO] NAS trials: 20
2025-11-09 14:56:45 [INFO] NAS blocks: 4
2025-11-09 14:56:45 [INFO] NAS method: evolutionary
2025-11-09 14:56:45 [INFO] Training epochs: 30
2025-11-09 14:56:45 [INFO] Batch size: 128
2025-11-09 14:56:45 [INFO] Learning rate: 0.001
2025-11-09 14:56:45 [INFO] LR scheduling: No
2025-11-09 14:56:45 [INFO] Multiplier dir: ./multipliers
2025-11-09 14:56:45 [INFO] Save predictions: No
2025-11-09 14:56:45 [INFO] Results dir: logs/results
2025-11-09 14:56:45 [INFO] 
======================================================================
2025-11-09 14:56:45 [INFO] STEP 0: Loading Dataset
2025-11-09 14:56:45 [INFO] ======================================================================
2025-11-09 14:56:46 [INFO] Input shape: (32, 32, 3)
2025-11-09 14:56:46 [INFO] Number of classes: 10
2025-11-09 14:56:46 [INFO] Training samples (full): 44000
2025-11-09 14:56:46 [INFO] Validation samples (full): 6000
2025-11-09 14:56:46 [INFO] Test samples: 10000
2025-11-09 14:56:46 [INFO] 
Using subset:
2025-11-09 14:56:46 [INFO]   Training: 5000 samples
2025-11-09 14:56:46 [INFO]   Validation: 1000 samples
2025-11-09 14:56:46 [INFO]   Classes: airplane, automobile, bird, cat, deer...
2025-11-09 14:56:46 [INFO] 
======================================================================
2025-11-09 14:56:46 [INFO] STEP 1: Using Predefined Architecture (NAS Skipped)
2025-11-09 14:56:46 [INFO] ======================================================================
2025-11-09 14:56:46 [INFO] Architecture: [{'op': 'conv3x3', 'filters': 32, 'use_bn': True}, {'op': 'conv3x3', 'filters': 64, 'use_bn': True}, {'op': 'max_pool', 'filters': 64, 'use_bn': False}, {'op': 'conv3x3', 'filters': 128, 'use_bn': True}, {'op': 'conv1x1', 'filters': 128, 'use_bn': False}]
2025-11-09 14:56:46 [WARNING] sample_weight modes were coerced from
  ...
    to  
  ['...']
2025-11-09 14:57:00 [INFO] Quick evaluation accuracy: 0.1430
2025-11-09 14:57:00 [INFO] 
======================================================================
2025-11-09 14:57:00 [INFO] STEP 2: Training Best Architecture
2025-11-09 14:57:00 [INFO] ======================================================================
2025-11-09 14:57:00 [INFO] Best Architecture: [{'op': 'conv3x3', 'filters': 32, 'use_bn': True}, {'op': 'conv3x3', 'filters': 64, 'use_bn': True}, {'op': 'max_pool', 'filters': 64, 'use_bn': False}, {'op': 'conv3x3', 'filters': 128, 'use_bn': True}, {'op': 'conv1x1', 'filters': 128, 'use_bn': False}]
2025-11-09 14:57:00 [INFO] 
Model Complexity:
2025-11-09 14:57:00 [INFO]   Trainable Parameters: 128,010
2025-11-09 14:57:00 [INFO]   Estimated FLOPs: 42,827,776
2025-11-09 14:57:00 [INFO]   Model Size (approx): 0.49 MB (float32)
2025-11-09 14:57:00 [INFO] 
Training for 30 epochs...
2025-11-09 14:57:00 [WARNING] sample_weight modes were coerced from
  ...
    to  
  ['...']
2025-11-09 14:57:38 [INFO] Training completed: 30 epochs
2025-11-09 14:57:38 [INFO] ✓ Standard model accuracy: 0.4900
2025-11-09 14:57:38 [INFO] 
============================================================
2025-11-09 14:57:38 [INFO] BEST ARCHITECTURE FOUND
2025-11-09 14:57:38 [INFO] ============================================================
2025-11-09 14:57:38 [INFO] Architecture: [{'op': 'conv3x3', 'filters': 32, 'use_bn': True}, {'op': 'conv3x3', 'filters': 64, 'use_bn': True}, {'op': 'max_pool', 'filters': 64, 'use_bn': False}, {'op': 'conv3x3', 'filters': 128, 'use_bn': True}, {'op': 'conv1x1', 'filters': 128, 'use_bn': False}]
2025-11-09 14:57:38 [INFO] Accuracy: 0.4900
2025-11-09 14:57:38 [INFO] ============================================================
2025-11-09 14:57:38 [INFO] 
Training Summary:
2025-11-09 14:57:38 [INFO]   Final Training Accuracy: 0.5207
2025-11-09 14:57:38 [INFO]   Final Validation Accuracy: 0.4900
2025-11-09 14:57:38 [INFO]   Final Training Loss: 1.3825
2025-11-09 14:57:38 [INFO]   Final Validation Loss: 1.5003
2025-11-09 14:57:38 [INFO] 
Saving training curves...
2025-11-09 14:57:38 [INFO]   ✓ Training curves saved to logs/results/
2025-11-09 14:57:38 [INFO] 
======================================================================
2025-11-09 14:57:38 [INFO] STEP 3: Testing Approximate Multipliers
2025-11-09 14:57:38 [INFO] ======================================================================
2025-11-09 14:57:38 [INFO] Found 36 multipliers
2025-11-09 14:57:38 [INFO] Testing first 10 (use --test_all_multipliers to test all)
2025-11-09 14:57:38 [INFO] Testing 10 multipliers
2025-11-09 14:57:38 [INFO] Standard model accuracy: 0.4900

2025-11-09 14:57:38 [INFO] 
Verifying weight transfer with first multiplier...
2025-11-09 14:57:38 [INFO] Verification accuracy: 0.0950 (Standard: 0.4900)
2025-11-09 14:57:38 [INFO] ✗ CRITICAL: Weight transfer verification failed!
2025-11-09 14:57:38 [INFO] Expected ~0.4900, got 0.0950
2025-11-09 14:57:38 [INFO] Skipping multiplier testing...
2025-11-09 14:57:38 [INFO] 
======================================================================
2025-11-09 14:57:38 [INFO] STEP 4: Results Analysis
2025-11-09 14:57:38 [INFO] ======================================================================
2025-11-09 14:57:38 [INFO] ⚠ No multipliers were successfully tested
2025-11-09 14:57:38 [INFO] 
======================================================================
2025-11-09 14:57:38 [INFO] FINAL SUMMARY
2025-11-09 14:57:38 [INFO] ======================================================================
2025-11-09 14:57:38 [INFO] Dataset: cifar10
2025-11-09 14:57:38 [INFO] Best Architecture: [{'op': 'conv3x3', 'filters': 32, 'use_bn': True}, {'op': 'conv3x3', 'filters': 64, 'use_bn': True}, {'op': 'max_pool', 'filters': 64, 'use_bn': False}, {'op': 'conv3x3', 'filters': 128, 'use_bn': True}, {'op': 'conv1x1', 'filters': 128, 'use_bn': False}]
2025-11-09 14:57:38 [INFO] Standard Model Accuracy: 0.4900
2025-11-09 14:57:38 [INFO] Model Parameters: 128,010
2025-11-09 14:57:38 [INFO] Estimated FLOPs: 42,827,776
2025-11-09 14:57:38 [INFO] Learning Rate: 0.001
2025-11-09 14:57:38 [INFO] 
Output Locations:
2025-11-09 14:57:38 [INFO]   Logs: logs/
2025-11-09 14:57:38 [INFO]   Results: logs/results/
2025-11-09 14:57:38 [INFO] 
✓ Results saved to: logs/nas_results_20251109_145645.json
2025-11-09 14:57:38 [INFO] 
======================================================================
2025-11-09 14:57:38 [INFO] NAS Run Completed
2025-11-09 14:57:38 [INFO] Log file: logs/nas_run_20251109_145645.log
2025-11-09 14:57:38 [INFO] ======================================================================
