2025-11-10 00:28:18 [INFO] ======================================================================
2025-11-10 00:28:18 [INFO] NAS with Approximate Multipliers - Started
2025-11-10 00:28:18 [INFO] Log file: logs/nas_run_20251110_002818.log
2025-11-10 00:28:18 [INFO] ======================================================================
2025-11-10 00:28:18 [INFO] ======================================================================
2025-11-10 00:28:18 [INFO] CONFIGURATION
2025-11-10 00:28:18 [INFO] ======================================================================
2025-11-10 00:28:18 [INFO] Dataset: mnist
2025-11-10 00:28:18 [INFO] Training samples: 5000
2025-11-10 00:28:18 [INFO] Validation samples: 1000
2025-11-10 00:28:18 [INFO] NAS trials: 20
2025-11-10 00:28:18 [INFO] NAS blocks: 4
2025-11-10 00:28:18 [INFO] NAS method: evolutionary
2025-11-10 00:28:18 [INFO] Training epochs: 30
2025-11-10 00:28:18 [INFO] Batch size: 128
2025-11-10 00:28:18 [INFO] Learning rate: 0.001
2025-11-10 00:28:18 [INFO] LR scheduling: No
2025-11-10 00:28:18 [INFO] Multiplier dir: ./multipliers
2025-11-10 00:28:18 [INFO] Save predictions: No
2025-11-10 00:28:18 [INFO] Results dir: logs/results
2025-11-10 00:28:18 [INFO] 
======================================================================
2025-11-10 00:28:18 [INFO] STEP 0: Loading Dataset
2025-11-10 00:28:18 [INFO] ======================================================================
2025-11-10 00:28:18 [INFO] Input shape: (28, 28, 1)
2025-11-10 00:28:18 [INFO] Number of classes: 10
2025-11-10 00:28:18 [INFO] Training samples (full): 54000
2025-11-10 00:28:18 [INFO] Validation samples (full): 6000
2025-11-10 00:28:18 [INFO] Test samples: 10000
2025-11-10 00:28:18 [INFO] 
Using subset:
2025-11-10 00:28:18 [INFO]   Training: 5000 samples
2025-11-10 00:28:18 [INFO]   Validation: 1000 samples
2025-11-10 00:28:18 [INFO]   Classes: 0, 1, 2, 3, 4...
2025-11-10 00:28:18 [INFO] 
======================================================================
2025-11-10 00:28:18 [INFO] STEP 1: Using Predefined Architecture (NAS Skipped)
2025-11-10 00:28:18 [INFO] ======================================================================
2025-11-10 00:28:18 [INFO] Architecture: [{'op': 'conv3x3', 'filters': 64, 'use_bn': True}, {'op': 'max_pool', 'filters': 64, 'use_bn': False}, {'op': 'conv5x5', 'filters': 128, 'use_bn': True}, {'op': 'conv1x1', 'filters': 64, 'use_bn': False}]
2025-11-10 00:28:22 [INFO] Quick evaluation accuracy: 0.9270
2025-11-10 00:28:22 [INFO] 
======================================================================
2025-11-10 00:28:22 [INFO] STEP 2: Training Best Architecture
2025-11-10 00:28:22 [INFO] ======================================================================
2025-11-10 00:28:22 [INFO] Best Architecture: [{'op': 'conv3x3', 'filters': 64, 'use_bn': True}, {'op': 'max_pool', 'filters': 64, 'use_bn': False}, {'op': 'conv5x5', 'filters': 128, 'use_bn': True}, {'op': 'conv1x1', 'filters': 64, 'use_bn': False}]
2025-11-10 00:28:22 [INFO] 
Model Complexity:
2025-11-10 00:28:22 [INFO]   Trainable Parameters: 1,821,258
2025-11-10 00:28:22 [INFO]   Estimated FLOPs: 42,198,016
2025-11-10 00:28:22 [INFO]   Model Size (approx): 6.95 MB (float32)
2025-11-10 00:28:22 [INFO] 
Training for 30 epochs...
2025-11-10 00:28:29 [INFO] Training completed: 30 epochs
2025-11-10 00:28:29 [INFO] ✓ Standard model accuracy: 0.9780
2025-11-10 00:28:29 [INFO] 
============================================================
2025-11-10 00:28:29 [INFO] BEST ARCHITECTURE FOUND
2025-11-10 00:28:29 [INFO] ============================================================
2025-11-10 00:28:29 [INFO] Architecture: [{'op': 'conv3x3', 'filters': 64, 'use_bn': True}, {'op': 'max_pool', 'filters': 64, 'use_bn': False}, {'op': 'conv5x5', 'filters': 128, 'use_bn': True}, {'op': 'conv1x1', 'filters': 64, 'use_bn': False}]
2025-11-10 00:28:29 [INFO] Accuracy: 0.9780
2025-11-10 00:28:29 [INFO] ============================================================
2025-11-10 00:28:29 [INFO] 
Training Summary:
2025-11-10 00:28:29 [INFO]   Final Training Accuracy: 1.0000
2025-11-10 00:28:29 [INFO]   Final Validation Accuracy: 0.9780
2025-11-10 00:28:29 [INFO]   Final Training Loss: 0.0002
2025-11-10 00:28:29 [INFO]   Final Validation Loss: 0.1038
2025-11-10 00:28:29 [INFO] 
Saving training curves...
2025-11-10 00:28:29 [INFO]   ✓ Training curves saved to logs/results/
2025-11-10 00:28:30 [INFO] 
✓ Standard model weights saved to logs/results/standard_model_weights.h5
2025-11-10 00:28:30 [INFO] 
======================================================================
2025-11-10 00:28:30 [INFO] STEP 3: Testing Approximate Multipliers
2025-11-10 00:28:30 [INFO] ======================================================================
2025-11-10 00:28:30 [INFO] Found 36 multipliers
2025-11-10 00:28:30 [INFO] Testing first 10 (use --test_all_multipliers to test all)
2025-11-10 00:28:30 [INFO] Testing 10 multipliers
2025-11-10 00:28:30 [INFO] Standard model accuracy: 0.9780
2025-11-10 00:28:30 [INFO] Using saved weights from: logs/results/standard_model_weights.h5

2025-11-10 00:28:30 [INFO] [1/10] Testing: mul8u_125K.bin
2025-11-10 00:28:30 [INFO]   ✓ Weights transferred successfully using set_weights()
2025-11-10 00:28:30 [INFO] Testing: mul8u_125K.bin
2025-11-10 00:28:30 [INFO]   Accuracy: 0.1000
2025-11-10 00:28:30 [INFO]   Drop:     0.8780 (89.78%)
2025-11-10 00:28:30 [INFO] [2/10] Testing: mul8u_12N4.bin
2025-11-10 00:28:30 [INFO] Testing: mul8u_12N4.bin
2025-11-10 00:28:30 [INFO]   Accuracy: 0.1000
2025-11-10 00:28:30 [INFO]   Drop:     0.8780 (89.78%)
2025-11-10 00:28:30 [INFO] [3/10] Testing: mul8u_13QR.bin
2025-11-10 00:28:31 [INFO] Testing: mul8u_13QR.bin
2025-11-10 00:28:31 [INFO]   Accuracy: 0.1000
2025-11-10 00:28:31 [INFO]   Drop:     0.8780 (89.78%)
2025-11-10 00:28:31 [INFO] [4/10] Testing: mul8u_1446.bin
2025-11-10 00:28:31 [INFO] Testing: mul8u_1446.bin
2025-11-10 00:28:31 [INFO]   Accuracy: 0.1000
2025-11-10 00:28:31 [INFO]   Drop:     0.8780 (89.78%)
2025-11-10 00:28:31 [INFO] [5/10] Testing: mul8u_14VP.bin
2025-11-10 00:28:32 [INFO] Testing: mul8u_14VP.bin
2025-11-10 00:28:32 [INFO]   Accuracy: 0.1000
2025-11-10 00:28:32 [INFO]   Drop:     0.8780 (89.78%)
2025-11-10 00:28:32 [INFO] [6/10] Testing: mul8u_150Q.bin
2025-11-10 00:28:32 [INFO] Testing: mul8u_150Q.bin
2025-11-10 00:28:32 [INFO]   Accuracy: 0.1000
2025-11-10 00:28:32 [INFO]   Drop:     0.8780 (89.78%)
2025-11-10 00:28:32 [INFO] [7/10] Testing: mul8u_17C8.bin
2025-11-10 00:28:32 [INFO] Testing: mul8u_17C8.bin
2025-11-10 00:28:32 [INFO]   Accuracy: 0.1000
2025-11-10 00:28:32 [INFO]   Drop:     0.8780 (89.78%)
2025-11-10 00:28:32 [INFO] [8/10] Testing: mul8u_17KS.bin
2025-11-10 00:28:33 [INFO] Testing: mul8u_17KS.bin
2025-11-10 00:28:33 [INFO]   Accuracy: 0.1000
2025-11-10 00:28:33 [INFO]   Drop:     0.8780 (89.78%)
2025-11-10 00:28:33 [INFO] [9/10] Testing: mul8u_17QU.bin
2025-11-10 00:28:33 [INFO] Testing: mul8u_17QU.bin
2025-11-10 00:28:33 [INFO]   Accuracy: 0.1000
2025-11-10 00:28:33 [INFO]   Drop:     0.8780 (89.78%)
2025-11-10 00:28:33 [INFO] [10/10] Testing: mul8u_185Q.bin
2025-11-10 00:28:33 [INFO] Testing: mul8u_185Q.bin
2025-11-10 00:28:33 [INFO]   Accuracy: 0.1000
2025-11-10 00:28:33 [INFO]   Drop:     0.8780 (89.78%)
2025-11-10 00:28:33 [INFO] 
======================================================================
2025-11-10 00:28:33 [INFO] STEP 4: Results Analysis
2025-11-10 00:28:33 [INFO] ======================================================================
2025-11-10 00:28:33 [INFO] 
======================================================================
2025-11-10 00:28:33 [INFO] FINAL RESULTS SUMMARY
2025-11-10 00:28:33 [INFO] ======================================================================
2025-11-10 00:28:33 [INFO] Standard Accuracy: 0.9780
2025-11-10 00:28:33 [INFO] Total Multipliers Tested: 10
2025-11-10 00:28:33 [INFO] 
Accuracy Statistics:
2025-11-10 00:28:33 [INFO]   Best:  0.1000
2025-11-10 00:28:33 [INFO]   Worst: 0.1000
2025-11-10 00:28:33 [INFO]   Mean:  0.1000
2025-11-10 00:28:33 [INFO] 
Drop Statistics:
2025-11-10 00:28:33 [INFO]   Min Drop:  0.8780 (89.78%)
2025-11-10 00:28:33 [INFO]   Max Drop:  0.8780 (89.78%)
2025-11-10 00:28:33 [INFO]   Mean Drop: 0.8780
2025-11-10 00:28:33 [INFO] 
Multiplier Categories:
2025-11-10 00:28:33 [INFO]   Excellent (≤1% drop):   0
2025-11-10 00:28:33 [INFO]   Good (1-5% drop):       0
2025-11-10 00:28:33 [INFO]   Medium (5-10% drop):    0
2025-11-10 00:28:33 [INFO]   Poor (>10% drop):       10
2025-11-10 00:28:33 [INFO] 
Multiplier                     Accuracy     Drop         Drop %    
2025-11-10 00:28:33 [INFO] ----------------------------------------------------------------------
2025-11-10 00:28:33 [INFO] mul8u_125K.bin                 0.1000       0.8780       89.78     %
2025-11-10 00:28:33 [INFO] mul8u_12N4.bin                 0.1000       0.8780       89.78     %
2025-11-10 00:28:33 [INFO] mul8u_13QR.bin                 0.1000       0.8780       89.78     %
2025-11-10 00:28:33 [INFO] mul8u_1446.bin                 0.1000       0.8780       89.78     %
2025-11-10 00:28:33 [INFO] mul8u_14VP.bin                 0.1000       0.8780       89.78     %
2025-11-10 00:28:33 [INFO] mul8u_150Q.bin                 0.1000       0.8780       89.78     %
2025-11-10 00:28:33 [INFO] mul8u_17C8.bin                 0.1000       0.8780       89.78     %
2025-11-10 00:28:33 [INFO] mul8u_17KS.bin                 0.1000       0.8780       89.78     %
2025-11-10 00:28:33 [INFO] mul8u_17QU.bin                 0.1000       0.8780       89.78     %
2025-11-10 00:28:33 [INFO] mul8u_185Q.bin                 0.1000       0.8780       89.78     %
2025-11-10 00:28:33 [INFO] 
======================================================================
2025-11-10 00:28:33 [INFO] BEST APPROXIMATE MULTIPLIER
2025-11-10 00:28:33 [INFO] ======================================================================
2025-11-10 00:28:33 [INFO] Multiplier:  mul8u_125K.bin
2025-11-10 00:28:33 [INFO] Accuracy:    0.1000
2025-11-10 00:28:33 [INFO] Drop:        0.8780 (89.78%)
2025-11-10 00:28:33 [INFO] 
Top 5 Multipliers:
2025-11-10 00:28:33 [INFO] 1. mul8u_125K.bin                 Acc: 0.1000 Drop: +89.78%
2025-11-10 00:28:33 [INFO] 2. mul8u_12N4.bin                 Acc: 0.1000 Drop: +89.78%
2025-11-10 00:28:33 [INFO] 3. mul8u_13QR.bin                 Acc: 0.1000 Drop: +89.78%
2025-11-10 00:28:33 [INFO] 4. mul8u_1446.bin                 Acc: 0.1000 Drop: +89.78%
2025-11-10 00:28:33 [INFO] 5. mul8u_14VP.bin                 Acc: 0.1000 Drop: +89.78%
2025-11-10 00:28:33 [INFO] 
Estimated Energy Savings:
2025-11-10 00:28:33 [INFO]   Excellent (≤1% drop): 0 multipliers
2025-11-10 00:28:33 [INFO]   Good (1-5% drop):     0 multipliers
2025-11-10 00:28:33 [INFO]   Potential energy savings: 30-50% (typical for approximate multipliers)
2025-11-10 00:28:33 [INFO]   Model parameters: 1,821,258
2025-11-10 00:28:33 [INFO]   Estimated MACs per inference: 21,099,008
2025-11-10 00:28:33 [INFO] 
======================================================================
2025-11-10 00:28:33 [INFO] FINAL SUMMARY
2025-11-10 00:28:33 [INFO] ======================================================================
2025-11-10 00:28:33 [INFO] Dataset: mnist
2025-11-10 00:28:33 [INFO] Best Architecture: [{'op': 'conv3x3', 'filters': 64, 'use_bn': True}, {'op': 'max_pool', 'filters': 64, 'use_bn': False}, {'op': 'conv5x5', 'filters': 128, 'use_bn': True}, {'op': 'conv1x1', 'filters': 64, 'use_bn': False}]
2025-11-10 00:28:33 [INFO] Standard Model Accuracy: 0.9780
2025-11-10 00:28:33 [INFO] Model Parameters: 1,821,258
2025-11-10 00:28:33 [INFO] Estimated FLOPs: 42,198,016
2025-11-10 00:28:33 [INFO] Learning Rate: 0.001
2025-11-10 00:28:33 [INFO] 
Multiplier Testing:
2025-11-10 00:28:33 [INFO]   Total tested: 10
2025-11-10 00:28:33 [INFO]   Best accuracy: 0.1000
2025-11-10 00:28:33 [INFO]   Best multiplier: mul8u_125K.bin
2025-11-10 00:28:33 [INFO] 
Quality Distribution:
2025-11-10 00:28:33 [INFO]   Excellent (≤1%):   0
2025-11-10 00:28:33 [INFO]   Good (1-5%):       0
2025-11-10 00:28:33 [INFO]   Medium (5-10%):    0
2025-11-10 00:28:33 [INFO]   Poor (>10%):       10
2025-11-10 00:28:33 [INFO] 
Output Locations:
2025-11-10 00:28:33 [INFO]   Logs: logs/
2025-11-10 00:28:33 [INFO]   Results: logs/results/
2025-11-10 00:28:33 [INFO] 
✓ Results saved to: logs/nas_results_20251110_002818.json
2025-11-10 00:28:33 [INFO] 
======================================================================
2025-11-10 00:28:33 [INFO] NAS Run Completed
2025-11-10 00:28:33 [INFO] Log file: logs/nas_run_20251110_002818.log
2025-11-10 00:28:33 [INFO] ======================================================================
