2025-11-10 00:52:42 [INFO] ======================================================================
2025-11-10 00:52:42 [INFO] NAS with Approximate Multipliers - Started
2025-11-10 00:52:42 [INFO] Log file: logs/nas_run_20251110_005242.log
2025-11-10 00:52:42 [INFO] ======================================================================
2025-11-10 00:52:42 [INFO] ======================================================================
2025-11-10 00:52:42 [INFO] CONFIGURATION
2025-11-10 00:52:42 [INFO] ======================================================================
2025-11-10 00:52:42 [INFO] Dataset: mnist
2025-11-10 00:52:42 [INFO] Training samples: 5000
2025-11-10 00:52:42 [INFO] Validation samples: 1000
2025-11-10 00:52:42 [INFO] NAS trials: 20
2025-11-10 00:52:42 [INFO] NAS blocks: 4
2025-11-10 00:52:42 [INFO] NAS method: evolutionary
2025-11-10 00:52:42 [INFO] Training epochs: 30
2025-11-10 00:52:42 [INFO] Batch size: 128
2025-11-10 00:52:42 [INFO] Learning rate: 0.001
2025-11-10 00:52:42 [INFO] LR scheduling: No
2025-11-10 00:52:42 [INFO] Multiplier dir: ./multipliers
2025-11-10 00:52:42 [INFO] Save predictions: No
2025-11-10 00:52:42 [INFO] Results dir: logs/results
2025-11-10 00:52:42 [INFO] 
======================================================================
2025-11-10 00:52:42 [INFO] STEP 0: Loading Dataset
2025-11-10 00:52:42 [INFO] ======================================================================
2025-11-10 00:52:42 [INFO] Input shape: (28, 28, 1)
2025-11-10 00:52:42 [INFO] Number of classes: 10
2025-11-10 00:52:42 [INFO] Training samples (full): 54000
2025-11-10 00:52:42 [INFO] Validation samples (full): 6000
2025-11-10 00:52:42 [INFO] Test samples: 10000
2025-11-10 00:52:42 [INFO] 
Using subset:
2025-11-10 00:52:42 [INFO]   Training: 5000 samples
2025-11-10 00:52:42 [INFO]   Validation: 1000 samples
2025-11-10 00:52:42 [INFO]   Classes: 0, 1, 2, 3, 4...
2025-11-10 00:52:42 [INFO] 
======================================================================
2025-11-10 00:52:42 [INFO] STEP 1: Using Predefined Architecture (NAS Skipped)
2025-11-10 00:52:42 [INFO] ======================================================================
2025-11-10 00:52:42 [INFO] Architecture: [{'op': 'conv3x3', 'filters': 64, 'use_bn': True}, {'op': 'max_pool', 'filters': 64, 'use_bn': False}, {'op': 'conv5x5', 'filters': 128, 'use_bn': True}, {'op': 'conv1x1', 'filters': 64, 'use_bn': False}]
2025-11-10 00:52:46 [INFO] Quick evaluation accuracy: 0.9380
2025-11-10 00:52:46 [INFO] 
======================================================================
2025-11-10 00:52:46 [INFO] STEP 2: Training Best Architecture
2025-11-10 00:52:46 [INFO] ======================================================================
2025-11-10 00:52:46 [INFO] Best Architecture: [{'op': 'conv3x3', 'filters': 64, 'use_bn': True}, {'op': 'max_pool', 'filters': 64, 'use_bn': False}, {'op': 'conv5x5', 'filters': 128, 'use_bn': True}, {'op': 'conv1x1', 'filters': 64, 'use_bn': False}]
2025-11-10 00:52:46 [INFO] 
Model Complexity:
2025-11-10 00:52:46 [INFO]   Trainable Parameters: 1,821,258
2025-11-10 00:52:46 [INFO]   Estimated FLOPs: 42,198,016
2025-11-10 00:52:46 [INFO]   Model Size (approx): 6.95 MB (float32)
2025-11-10 00:52:46 [INFO] 
Training for 30 epochs...
2025-11-10 00:52:53 [INFO] Training completed: 30 epochs
2025-11-10 00:52:53 [INFO] ✓ Standard model accuracy: 0.9470
2025-11-10 00:52:53 [INFO] 
============================================================
2025-11-10 00:52:53 [INFO] BEST ARCHITECTURE FOUND
2025-11-10 00:52:53 [INFO] ============================================================
2025-11-10 00:52:53 [INFO] Architecture: [{'op': 'conv3x3', 'filters': 64, 'use_bn': True}, {'op': 'max_pool', 'filters': 64, 'use_bn': False}, {'op': 'conv5x5', 'filters': 128, 'use_bn': True}, {'op': 'conv1x1', 'filters': 64, 'use_bn': False}]
2025-11-10 00:52:53 [INFO] Accuracy: 0.9470
2025-11-10 00:52:53 [INFO] ============================================================
2025-11-10 00:52:53 [INFO] 
Training Summary:
2025-11-10 00:52:53 [INFO]   Final Training Accuracy: 0.9678
2025-11-10 00:52:53 [INFO]   Final Validation Accuracy: 0.9470
2025-11-10 00:52:53 [INFO]   Final Training Loss: 0.1128
2025-11-10 00:52:53 [INFO]   Final Validation Loss: 0.2927
2025-11-10 00:52:53 [INFO] 
Saving training curves...
2025-11-10 00:52:53 [INFO]   ✓ Training curves saved to logs/results/
2025-11-10 00:52:53 [INFO] 
✓ Standard model weights saved to logs/results/standard_model_weights.h5
2025-11-10 00:52:53 [INFO] 
======================================================================
2025-11-10 00:52:53 [INFO] STEP 3: Testing Approximate Multipliers
2025-11-10 00:52:53 [INFO] ======================================================================
2025-11-10 00:52:53 [INFO] Found 36 multipliers
2025-11-10 00:52:53 [INFO] Testing first 10 (use --test_all_multipliers to test all)
2025-11-10 00:52:53 [INFO] Testing 10 multipliers
2025-11-10 00:52:53 [INFO] Standard model accuracy: 0.9470
2025-11-10 00:52:53 [INFO] Using saved weights from: logs/results/standard_model_weights.h5

2025-11-10 00:52:53 [INFO] [1/10] Testing: mul8u_125K.bin
2025-11-10 00:52:53 [INFO]   ✗ Failed: 'conv1x1'

2025-11-10 00:52:53 [INFO] [2/10] Testing: mul8u_12N4.bin
2025-11-10 00:52:53 [INFO]   ✗ Failed: 'conv1x1'

2025-11-10 00:52:53 [INFO] [3/10] Testing: mul8u_13QR.bin
2025-11-10 00:52:53 [INFO]   ✗ Failed: 'conv1x1'

2025-11-10 00:52:53 [INFO] [4/10] Testing: mul8u_1446.bin
2025-11-10 00:52:53 [INFO]   ✗ Failed: 'conv1x1'

2025-11-10 00:52:53 [INFO] [5/10] Testing: mul8u_14VP.bin
2025-11-10 00:52:53 [INFO]   ✗ Failed: 'conv1x1'

2025-11-10 00:52:53 [INFO] [6/10] Testing: mul8u_150Q.bin
2025-11-10 00:52:54 [INFO]   ✗ Failed: 'conv1x1'

2025-11-10 00:52:54 [INFO] [7/10] Testing: mul8u_17C8.bin
2025-11-10 00:52:54 [INFO]   ✗ Failed: 'conv1x1'

2025-11-10 00:52:54 [INFO] [8/10] Testing: mul8u_17KS.bin
2025-11-10 00:52:54 [INFO]   ✗ Failed: 'conv1x1'

2025-11-10 00:52:54 [INFO] [9/10] Testing: mul8u_17QU.bin
2025-11-10 00:52:54 [INFO]   ✗ Failed: 'conv1x1'

2025-11-10 00:52:54 [INFO] [10/10] Testing: mul8u_185Q.bin
2025-11-10 00:52:54 [INFO]   ✗ Failed: 'conv1x1'

2025-11-10 00:52:54 [INFO] 
======================================================================
2025-11-10 00:52:54 [INFO] STEP 4: Results Analysis
2025-11-10 00:52:54 [INFO] ======================================================================
2025-11-10 00:52:54 [INFO] ⚠ No multipliers were successfully tested
2025-11-10 00:52:54 [INFO] 
======================================================================
2025-11-10 00:52:54 [INFO] FINAL SUMMARY
2025-11-10 00:52:54 [INFO] ======================================================================
2025-11-10 00:52:54 [INFO] Dataset: mnist
2025-11-10 00:52:54 [INFO] Best Architecture: [{'op': 'conv3x3', 'filters': 64, 'use_bn': True}, {'op': 'max_pool', 'filters': 64, 'use_bn': False}, {'op': 'conv5x5', 'filters': 128, 'use_bn': True}, {'op': 'conv1x1', 'filters': 64, 'use_bn': False}]
2025-11-10 00:52:54 [INFO] Standard Model Accuracy: 0.9470
2025-11-10 00:52:54 [INFO] Model Parameters: 1,821,258
2025-11-10 00:52:54 [INFO] Estimated FLOPs: 42,198,016
2025-11-10 00:52:54 [INFO] Learning Rate: 0.001
2025-11-10 00:52:54 [INFO] 
Output Locations:
2025-11-10 00:52:54 [INFO]   Logs: logs/
2025-11-10 00:52:54 [INFO]   Results: logs/results/
2025-11-10 00:52:54 [INFO] 
✓ Results saved to: logs/nas_results_20251110_005242.json
2025-11-10 00:52:54 [INFO] 
======================================================================
2025-11-10 00:52:54 [INFO] NAS Run Completed
2025-11-10 00:52:54 [INFO] Log file: logs/nas_run_20251110_005242.log
2025-11-10 00:52:54 [INFO] ======================================================================
