2025-11-05 15:35:54 [INFO] ======================================================================
2025-11-05 15:35:54 [INFO] NAS with Approximate Multipliers - Started
2025-11-05 15:35:54 [INFO] Log file: logs/nas_run_20251105_153554.log
2025-11-05 15:35:54 [INFO] ======================================================================
2025-11-05 15:35:55 [INFO] 
======================================================================
2025-11-05 15:35:55 [INFO] STEP 1: NAS with STANDARD multipliers
2025-11-05 15:35:55 [INFO] ======================================================================
2025-11-05 15:35:55 [INFO] Starting NAS: STANDARD

2025-11-05 15:35:57 [INFO] Trial 1/10
2025-11-05 15:35:57 [INFO]   Architecture: [{'op': 'avg_pool', 'filters': 128, 'use_bn': False}, {'op': 'conv5x5', 'filters': 128, 'use_bn': False}]
2025-11-05 15:35:57 [INFO]   Accuracy: 0.9600
2025-11-05 15:35:58 [INFO] Trial 2/10
2025-11-05 15:35:58 [INFO]   Architecture: [{'op': 'avg_pool', 'filters': 32, 'use_bn': False}, {'op': 'conv5x5', 'filters': 128, 'use_bn': True}]
2025-11-05 15:35:58 [INFO]   Accuracy: 0.6740
2025-11-05 15:35:58 [INFO] Trial 3/10
2025-11-05 15:35:58 [INFO]   Architecture: [{'op': 'max_pool', 'filters': 64, 'use_bn': False}, {'op': 'max_pool', 'filters': 64, 'use_bn': False}]
2025-11-05 15:35:58 [INFO]   Accuracy: 0.7660
2025-11-05 15:36:00 [INFO] Trial 4/10
2025-11-05 15:36:00 [INFO]   Architecture: [{'op': 'conv5x5', 'filters': 32, 'use_bn': True}, {'op': 'conv3x3', 'filters': 64, 'use_bn': True}]
2025-11-05 15:36:00 [INFO]   Accuracy: 0.1690
2025-11-05 15:36:01 [INFO] Trial 5/10
2025-11-05 15:36:01 [INFO]   Architecture: [{'op': 'conv3x3', 'filters': 32, 'use_bn': True}, {'op': 'conv3x3', 'filters': 32, 'use_bn': True}]
2025-11-05 15:36:01 [INFO]   Accuracy: 0.2970
