2025-11-05 15:34:54 [INFO] ======================================================================
2025-11-05 15:34:54 [INFO] NAS with Approximate Multipliers - Started
2025-11-05 15:34:54 [INFO] Log file: logs/nas_run_20251105_153454.log
2025-11-05 15:34:54 [INFO] ======================================================================
2025-11-05 15:34:54 [INFO] 
======================================================================
2025-11-05 15:34:54 [INFO] STEP 1: NAS with STANDARD multipliers
2025-11-05 15:34:54 [INFO] ======================================================================
2025-11-05 15:34:54 [INFO] Starting NAS: STANDARD

2025-11-05 15:34:56 [INFO] Trial 1/10
2025-11-05 15:34:56 [INFO]   Architecture: [{'op': 'avg_pool', 'filters': 64, 'use_bn': False}, {'op': 'conv3x3', 'filters': 32, 'use_bn': True}]
2025-11-05 15:34:56 [INFO]   Accuracy: 0.9370
2025-11-05 15:34:58 [INFO] Trial 2/10
2025-11-05 15:34:58 [INFO]   Architecture: [{'op': 'conv5x5', 'filters': 64, 'use_bn': True}, {'op': 'conv3x3', 'filters': 128, 'use_bn': False}]
2025-11-05 15:34:58 [INFO]   Accuracy: 0.9500
2025-11-05 15:34:59 [INFO] Trial 3/10
2025-11-05 15:34:59 [INFO]   Architecture: [{'op': 'max_pool', 'filters': 128, 'use_bn': False}, {'op': 'conv5x5', 'filters': 32, 'use_bn': False}]
2025-11-05 15:34:59 [INFO]   Accuracy: 0.9340
2025-11-05 15:35:02 [INFO] Trial 4/10
2025-11-05 15:35:02 [INFO]   Architecture: [{'op': 'conv5x5', 'filters': 128, 'use_bn': True}, {'op': 'conv3x3', 'filters': 64, 'use_bn': True}]
2025-11-05 15:35:02 [INFO]   Accuracy: 0.1270
2025-11-05 15:35:03 [INFO] Trial 5/10
2025-11-05 15:35:03 [INFO]   Architecture: [{'op': 'conv5x5', 'filters': 128, 'use_bn': True}, {'op': 'conv5x5', 'filters': 32, 'use_bn': False}]
2025-11-05 15:35:03 [INFO]   Accuracy: 0.9640
2025-11-05 15:35:04 [INFO] Trial 6/10
2025-11-05 15:35:04 [INFO]   Architecture: [{'op': 'max_pool', 'filters': 64, 'use_bn': False}, {'op': 'conv3x3', 'filters': 128, 'use_bn': False}]
2025-11-05 15:35:04 [INFO]   Accuracy: 0.9540
2025-11-05 15:35:05 [INFO] Trial 7/10
2025-11-05 15:35:05 [INFO]   Architecture: [{'op': 'avg_pool', 'filters': 128, 'use_bn': False}, {'op': 'max_pool', 'filters': 64, 'use_bn': False}]
2025-11-05 15:35:05 [INFO]   Accuracy: 0.8070
2025-11-05 15:35:05 [INFO] Trial 8/10
2025-11-05 15:35:05 [INFO]   Architecture: [{'op': 'avg_pool', 'filters': 64, 'use_bn': False}, {'op': 'avg_pool', 'filters': 128, 'use_bn': False}]
2025-11-05 15:35:05 [INFO]   Accuracy: 0.8120
2025-11-05 15:35:07 [INFO] Trial 9/10
2025-11-05 15:35:07 [INFO]   Architecture: [{'op': 'conv3x3', 'filters': 32, 'use_bn': True}, {'op': 'conv3x3', 'filters': 128, 'use_bn': False}]
2025-11-05 15:35:07 [INFO]   Accuracy: 0.9460
2025-11-05 15:35:08 [INFO] Trial 10/10
2025-11-05 15:35:08 [INFO]   Architecture: [{'op': 'conv5x5', 'filters': 32, 'use_bn': True}, {'op': 'max_pool', 'filters': 64, 'use_bn': False}]
2025-11-05 15:35:08 [INFO]   Accuracy: 0.9560
2025-11-05 15:35:08 [INFO] 
======================================================================
2025-11-05 15:35:08 [INFO] STEP 2: Train BEST architecture
2025-11-05 15:35:08 [INFO] ======================================================================
2025-11-05 15:35:08 [INFO] Best Architecture: [{'op': 'conv5x5', 'filters': 128, 'use_bn': True}, {'op': 'conv5x5', 'filters': 32, 'use_bn': False}]
2025-11-05 15:35:08 [INFO] Training standard model...
2025-11-05 15:35:22 [INFO] Training completed: 50 epochs
2025-11-05 15:35:22 [INFO] ✓ Standard model accuracy: 0.9730
2025-11-05 15:35:22 [INFO] 
============================================================
2025-11-05 15:35:22 [INFO] BEST ARCHITECTURE FOUND
2025-11-05 15:35:22 [INFO] ============================================================
2025-11-05 15:35:22 [INFO] Architecture: [{'op': 'conv5x5', 'filters': 128, 'use_bn': True}, {'op': 'conv5x5', 'filters': 32, 'use_bn': False}]
2025-11-05 15:35:22 [INFO] Accuracy: 0.9730
2025-11-05 15:35:22 [INFO] ============================================================
2025-11-05 15:35:22 [INFO] 
======================================================================
2025-11-05 15:35:22 [INFO] STEP 3: Test with DIFFERENT APPROXIMATE MULTIPLIERS
2025-11-05 15:35:22 [INFO] ======================================================================
2025-11-05 15:35:22 [INFO] Found 36 multipliers to test

2025-11-05 15:35:23 [INFO] Testing: mul8u_125K.bin
2025-11-05 15:35:23 [INFO]   Accuracy: 0.9720
2025-11-05 15:35:23 [INFO]   Drop:     0.0010 (0.10%)
2025-11-05 15:35:23 [INFO] Testing: mul8u_12N4.bin
2025-11-05 15:35:23 [INFO]   Accuracy: 0.2720
2025-11-05 15:35:23 [INFO]   Drop:     0.7010 (72.05%)
2025-11-05 15:35:24 [INFO] Testing: mul8u_13QR.bin
2025-11-05 15:35:24 [INFO]   Accuracy: 0.1070
2025-11-05 15:35:24 [INFO]   Drop:     0.8660 (89.00%)
2025-11-05 15:35:25 [INFO] Testing: mul8u_1446.bin
2025-11-05 15:35:25 [INFO]   Accuracy: 0.9740
2025-11-05 15:35:25 [INFO]   Drop:     -0.0010 (-0.10%)
2025-11-05 15:35:25 [INFO] Testing: mul8u_14VP.bin
2025-11-05 15:35:25 [INFO]   Accuracy: 0.9710
2025-11-05 15:35:25 [INFO]   Drop:     0.0020 (0.21%)
2025-11-05 15:35:26 [INFO] Testing: mul8u_150Q.bin
2025-11-05 15:35:26 [INFO]   Accuracy: 0.9710
2025-11-05 15:35:26 [INFO]   Drop:     0.0020 (0.21%)
2025-11-05 15:35:27 [INFO] Testing: mul8u_17C8.bin
2025-11-05 15:35:27 [INFO]   Accuracy: 0.1070
2025-11-05 15:35:27 [INFO]   Drop:     0.8660 (89.00%)
2025-11-05 15:35:27 [INFO] Testing: mul8u_17KS.bin
2025-11-05 15:35:27 [INFO]   Accuracy: 0.1070
2025-11-05 15:35:27 [INFO]   Drop:     0.8660 (89.00%)
2025-11-05 15:35:28 [INFO] Testing: mul8u_17QU.bin
2025-11-05 15:35:28 [INFO]   Accuracy: 0.1070
2025-11-05 15:35:28 [INFO]   Drop:     0.8660 (89.00%)
2025-11-05 15:35:28 [INFO] Testing: mul8u_185Q.bin
2025-11-05 15:35:28 [INFO]   Accuracy: 0.9260
2025-11-05 15:35:28 [INFO]   Drop:     0.0470 (4.83%)
2025-11-05 15:35:29 [INFO] Testing: mul8u_18DU.bin
2025-11-05 15:35:29 [INFO]   Accuracy: 0.1070
2025-11-05 15:35:29 [INFO]   Drop:     0.8660 (89.00%)
2025-11-05 15:35:30 [INFO] Testing: mul8u_199Z.bin
2025-11-05 15:35:30 [INFO]   Accuracy: 0.1070
2025-11-05 15:35:30 [INFO]   Drop:     0.8660 (89.00%)
2025-11-05 15:35:30 [INFO] Testing: mul8u_19DB.bin
2025-11-05 15:35:30 [INFO]   Accuracy: 0.7460
2025-11-05 15:35:30 [INFO]   Drop:     0.2270 (23.33%)
2025-11-05 15:35:31 [INFO] Testing: mul8u_1AGV.bin
2025-11-05 15:35:31 [INFO]   Accuracy: 0.1070
2025-11-05 15:35:31 [INFO]   Drop:     0.8660 (89.00%)
2025-11-05 15:35:32 [INFO] Testing: mul8u_1JFF.bin
2025-11-05 15:35:32 [INFO]   Accuracy: 0.9730
2025-11-05 15:35:32 [INFO]   Drop:     0.0000 (0.00%)
2025-11-05 15:35:32 [INFO] Testing: mul8u_2AC.bin
2025-11-05 15:35:32 [INFO]   Accuracy: 0.9740
2025-11-05 15:35:32 [INFO]   Drop:     -0.0010 (-0.10%)
2025-11-05 15:35:33 [INFO] Testing: mul8u_2HH.bin
2025-11-05 15:35:33 [INFO]   Accuracy: 0.9720
2025-11-05 15:35:33 [INFO]   Drop:     0.0010 (0.10%)
2025-11-05 15:35:33 [INFO] Testing: mul8u_2P7.bin
2025-11-05 15:35:33 [INFO]   Accuracy: 0.9730
2025-11-05 15:35:33 [INFO]   Drop:     0.0000 (0.00%)
2025-11-05 15:35:34 [INFO] Testing: mul8u_7C1.bin
2025-11-05 15:35:34 [INFO]   Accuracy: 0.9620
2025-11-05 15:35:34 [INFO]   Drop:     0.0110 (1.13%)
2025-11-05 15:35:35 [INFO] Testing: mul8u_96D.bin
2025-11-05 15:35:35 [INFO]   Accuracy: 0.9600
2025-11-05 15:35:35 [INFO]   Drop:     0.0130 (1.34%)
2025-11-05 15:35:35 [INFO] Testing: mul8u_CK5.bin
2025-11-05 15:35:35 [INFO]   Accuracy: 0.9730
2025-11-05 15:35:35 [INFO]   Drop:     0.0000 (0.00%)
2025-11-05 15:35:36 [INFO] Testing: mul8u_DM1.bin
2025-11-05 15:35:36 [INFO]   Accuracy: 0.9290
2025-11-05 15:35:36 [INFO]   Drop:     0.0440 (4.52%)
2025-11-05 15:35:36 [INFO] Testing: mul8u_EXZ.bin
2025-11-05 15:35:36 [INFO]   Accuracy: 0.9730
2025-11-05 15:35:36 [INFO]   Drop:     0.0000 (0.00%)
2025-11-05 15:35:37 [INFO] Testing: mul8u_FTA.bin
2025-11-05 15:35:37 [INFO]   Accuracy: 0.1070
2025-11-05 15:35:37 [INFO]   Drop:     0.8660 (89.00%)
2025-11-05 15:35:38 [INFO] Testing: mul8u_GS2.bin
2025-11-05 15:35:38 [INFO]   Accuracy: 0.9740
2025-11-05 15:35:38 [INFO]   Drop:     -0.0010 (-0.10%)
2025-11-05 15:35:38 [INFO] Testing: mul8u_JQQ.bin
2025-11-05 15:35:38 [INFO]   Accuracy: 0.9630
2025-11-05 15:35:38 [INFO]   Drop:     0.0100 (1.03%)
2025-11-05 15:35:39 [INFO] Testing: mul8u_JV3.bin
2025-11-05 15:35:39 [INFO]   Accuracy: 0.3370
2025-11-05 15:35:39 [INFO]   Drop:     0.6360 (65.36%)
2025-11-05 15:35:39 [INFO] Testing: mul8u_KEM.bin
2025-11-05 15:35:39 [INFO]   Accuracy: 0.9720
2025-11-05 15:35:39 [INFO]   Drop:     0.0010 (0.10%)
2025-11-05 15:35:40 [INFO] Testing: mul8u_L40.bin
2025-11-05 15:35:40 [INFO]   Accuracy: 0.5600
2025-11-05 15:35:40 [INFO]   Drop:     0.4130 (42.45%)
2025-11-05 15:35:41 [INFO] Testing: mul8u_NGR.bin
2025-11-05 15:35:41 [INFO]   Accuracy: 0.9590
2025-11-05 15:35:41 [INFO]   Drop:     0.0140 (1.44%)
2025-11-05 15:35:41 [INFO] Testing: mul8u_PKY.bin
2025-11-05 15:35:41 [INFO]   Accuracy: 0.9400
2025-11-05 15:35:41 [INFO]   Drop:     0.0330 (3.39%)
2025-11-05 15:35:42 [INFO] Testing: mul8u_QJD.bin
2025-11-05 15:35:42 [INFO]   Accuracy: 0.9690
2025-11-05 15:35:42 [INFO]   Drop:     0.0040 (0.41%)
2025-11-05 15:35:43 [INFO] Testing: mul8u_QKX.bin
2025-11-05 15:35:43 [INFO]   Accuracy: 0.1070
2025-11-05 15:35:43 [INFO]   Drop:     0.8660 (89.00%)
2025-11-05 15:35:43 [INFO] Testing: mul8u_Y48.bin
2025-11-05 15:35:43 [INFO]   Accuracy: 0.9730
2025-11-05 15:35:43 [INFO]   Drop:     0.0000 (0.00%)
2025-11-05 15:35:44 [INFO] Testing: mul8u_YX7.bin
2025-11-05 15:35:44 [INFO]   Accuracy: 0.1070
2025-11-05 15:35:44 [INFO]   Drop:     0.8660 (89.00%)
2025-11-05 15:35:44 [INFO] Testing: mul8u_ZFB.bin
2025-11-05 15:35:44 [INFO]   Accuracy: 0.9590
2025-11-05 15:35:44 [INFO]   Drop:     0.0140 (1.44%)
2025-11-05 15:35:44 [INFO] 
======================================================================
2025-11-05 15:35:44 [INFO] FINAL RESULTS SUMMARY
2025-11-05 15:35:44 [INFO] ======================================================================
2025-11-05 15:35:44 [INFO] Standard Accuracy: 0.9730
2025-11-05 15:35:44 [INFO] Total Multipliers Tested: 36
2025-11-05 15:35:44 [INFO] 
Accuracy Statistics:
2025-11-05 15:35:44 [INFO]   Best:  0.9740
2025-11-05 15:35:44 [INFO]   Worst: 0.1070
2025-11-05 15:35:44 [INFO]   Mean:  0.6721
2025-11-05 15:35:44 [INFO] 
Drop Statistics:
2025-11-05 15:35:44 [INFO]   Min Drop:  -0.0010 (-0.10%)
2025-11-05 15:35:44 [INFO]   Max Drop:  0.8660 (89.00%)
2025-11-05 15:35:44 [INFO]   Mean Drop: 0.3009
2025-11-05 15:35:44 [INFO] 
Multiplier Categories:
2025-11-05 15:35:44 [INFO]   Excellent (≤1% drop):   15
2025-11-05 15:35:44 [INFO]   Good (1-5% drop):       7
2025-11-05 15:35:44 [INFO]   Medium (5-10% drop):    0
2025-11-05 15:35:44 [INFO]   Poor (>10% drop):       14
2025-11-05 15:35:44 [INFO] 
Multiplier                     Accuracy     Drop         Drop %    
2025-11-05 15:35:44 [INFO] ----------------------------------------------------------------------
2025-11-05 15:35:44 [INFO] mul8u_1446.bin                 0.9740       -0.0010      -0.10     %
2025-11-05 15:35:44 [INFO] mul8u_2AC.bin                  0.9740       -0.0010      -0.10     %
2025-11-05 15:35:44 [INFO] mul8u_GS2.bin                  0.9740       -0.0010      -0.10     %
2025-11-05 15:35:44 [INFO] mul8u_1JFF.bin                 0.9730       0.0000       0.00      %
2025-11-05 15:35:44 [INFO] mul8u_2P7.bin                  0.9730       0.0000       0.00      %
2025-11-05 15:35:44 [INFO] mul8u_CK5.bin                  0.9730       0.0000       0.00      %
2025-11-05 15:35:44 [INFO] mul8u_EXZ.bin                  0.9730       0.0000       0.00      %
2025-11-05 15:35:44 [INFO] mul8u_Y48.bin                  0.9730       0.0000       0.00      %
2025-11-05 15:35:44 [INFO] mul8u_125K.bin                 0.9720       0.0010       0.10      %
2025-11-05 15:35:44 [INFO] mul8u_2HH.bin                  0.9720       0.0010       0.10      %
2025-11-05 15:35:44 [INFO] mul8u_KEM.bin                  0.9720       0.0010       0.10      %
2025-11-05 15:35:44 [INFO] mul8u_14VP.bin                 0.9710       0.0020       0.21      %
2025-11-05 15:35:44 [INFO] mul8u_150Q.bin                 0.9710       0.0020       0.21      %
2025-11-05 15:35:44 [INFO] mul8u_QJD.bin                  0.9690       0.0040       0.41      %
2025-11-05 15:35:44 [INFO] mul8u_JQQ.bin                  0.9630       0.0100       1.03      %
2025-11-05 15:35:44 [INFO] mul8u_7C1.bin                  0.9620       0.0110       1.13      %
2025-11-05 15:35:44 [INFO] mul8u_96D.bin                  0.9600       0.0130       1.34      %
2025-11-05 15:35:44 [INFO] mul8u_NGR.bin                  0.9590       0.0140       1.44      %
2025-11-05 15:35:44 [INFO] mul8u_ZFB.bin                  0.9590       0.0140       1.44      %
2025-11-05 15:35:44 [INFO] mul8u_PKY.bin                  0.9400       0.0330       3.39      %
2025-11-05 15:35:44 [INFO] mul8u_DM1.bin                  0.9290       0.0440       4.52      %
2025-11-05 15:35:44 [INFO] mul8u_185Q.bin                 0.9260       0.0470       4.83      %
2025-11-05 15:35:44 [INFO] mul8u_19DB.bin                 0.7460       0.2270       23.33     %
2025-11-05 15:35:44 [INFO] mul8u_L40.bin                  0.5600       0.4130       42.45     %
2025-11-05 15:35:44 [INFO] mul8u_JV3.bin                  0.3370       0.6360       65.36     %
2025-11-05 15:35:44 [INFO] mul8u_12N4.bin                 0.2720       0.7010       72.05     %
2025-11-05 15:35:44 [INFO] mul8u_13QR.bin                 0.1070       0.8660       89.00     %
2025-11-05 15:35:44 [INFO] mul8u_17C8.bin                 0.1070       0.8660       89.00     %
2025-11-05 15:35:44 [INFO] mul8u_17KS.bin                 0.1070       0.8660       89.00     %
2025-11-05 15:35:44 [INFO] mul8u_17QU.bin                 0.1070       0.8660       89.00     %
2025-11-05 15:35:44 [INFO] mul8u_18DU.bin                 0.1070       0.8660       89.00     %
2025-11-05 15:35:44 [INFO] mul8u_199Z.bin                 0.1070       0.8660       89.00     %
2025-11-05 15:35:44 [INFO] mul8u_1AGV.bin                 0.1070       0.8660       89.00     %
2025-11-05 15:35:44 [INFO] mul8u_FTA.bin                  0.1070       0.8660       89.00     %
2025-11-05 15:35:44 [INFO] mul8u_QKX.bin                  0.1070       0.8660       89.00     %
2025-11-05 15:35:44 [INFO] mul8u_YX7.bin                  0.1070       0.8660       89.00     %
2025-11-05 15:35:44 [INFO] 
======================================================================
2025-11-05 15:35:44 [INFO] BEST APPROXIMATE MULTIPLIER
2025-11-05 15:35:44 [INFO] ======================================================================
2025-11-05 15:35:44 [INFO] Multiplier:  mul8u_1446.bin
2025-11-05 15:35:44 [INFO] Accuracy:    0.9740
2025-11-05 15:35:44 [INFO] Drop:        -0.0010 (-0.10%)
2025-11-05 15:35:44 [INFO] 
✓ Results saved to: logs/nas_results_20251105_153454.json
2025-11-05 15:35:44 [INFO] 
======================================================================
2025-11-05 15:35:44 [INFO] NAS Run Completed
2025-11-05 15:35:44 [INFO] Log file: logs/nas_run_20251105_153454.log
2025-11-05 15:35:44 [INFO] ======================================================================
