2025-11-05 16:06:52 [INFO] ======================================================================
2025-11-05 16:06:52 [INFO] NAS with Approximate Multipliers - Started
2025-11-05 16:06:52 [INFO] Log file: logs/nas_run_20251105_160652.log
2025-11-05 16:06:52 [INFO] ======================================================================
2025-11-05 16:06:53 [INFO] 
======================================================================
2025-11-05 16:06:53 [INFO] STEP 1: NAS with STANDARD multipliers
2025-11-05 16:06:53 [INFO] ======================================================================
2025-11-05 16:06:53 [INFO] Starting NAS: STANDARD

2025-11-05 16:06:56 [INFO] Trial 1/10
2025-11-05 16:06:56 [INFO]   Architecture: [{'op': 'conv3x3', 'filters': 128, 'use_bn': False}, {'op': 'conv3x3', 'filters': 64, 'use_bn': True}]
2025-11-05 16:06:56 [INFO]   Accuracy: 0.9470
2025-11-05 16:06:57 [INFO] Trial 2/10
2025-11-05 16:06:57 [INFO]   Architecture: [{'op': 'conv3x3', 'filters': 64, 'use_bn': False}, {'op': 'conv3x3', 'filters': 32, 'use_bn': True}]
2025-11-05 16:06:57 [INFO]   Accuracy: 0.8860
2025-11-05 16:06:58 [INFO] Trial 3/10
2025-11-05 16:06:58 [INFO]   Architecture: [{'op': 'conv3x3', 'filters': 64, 'use_bn': True}, {'op': 'max_pool', 'filters': 64, 'use_bn': False}]
2025-11-05 16:06:58 [INFO]   Accuracy: 0.9590
2025-11-05 16:06:59 [INFO] Trial 4/10
2025-11-05 16:06:59 [INFO]   Architecture: [{'op': 'max_pool', 'filters': 32, 'use_bn': False}, {'op': 'conv5x5', 'filters': 64, 'use_bn': True}]
2025-11-05 16:06:59 [INFO]   Accuracy: 0.9370
2025-11-05 16:07:00 [INFO] Trial 5/10
2025-11-05 16:07:00 [INFO]   Architecture: [{'op': 'conv3x3', 'filters': 128, 'use_bn': True}, {'op': 'avg_pool', 'filters': 128, 'use_bn': False}]
2025-11-05 16:07:00 [INFO]   Accuracy: 0.7010
2025-11-05 16:07:04 [INFO] Trial 6/10
2025-11-05 16:07:04 [INFO]   Architecture: [{'op': 'conv3x3', 'filters': 128, 'use_bn': False}, {'op': 'conv5x5', 'filters': 128, 'use_bn': True}]
2025-11-05 16:07:04 [INFO]   Accuracy: 0.9610
2025-11-05 16:07:04 [INFO] Trial 7/10
2025-11-05 16:07:04 [INFO]   Architecture: [{'op': 'max_pool', 'filters': 32, 'use_bn': False}, {'op': 'max_pool', 'filters': 128, 'use_bn': False}]
2025-11-05 16:07:04 [INFO]   Accuracy: 0.7730
2025-11-05 16:07:05 [INFO] Trial 8/10
2025-11-05 16:07:05 [INFO]   Architecture: [{'op': 'conv3x3', 'filters': 128, 'use_bn': True}, {'op': 'max_pool', 'filters': 32, 'use_bn': False}]
2025-11-05 16:07:05 [INFO]   Accuracy: 0.9560
2025-11-05 16:07:07 [INFO] Trial 9/10
2025-11-05 16:07:07 [INFO]   Architecture: [{'op': 'conv5x5', 'filters': 128, 'use_bn': True}, {'op': 'avg_pool', 'filters': 64, 'use_bn': False}]
2025-11-05 16:07:07 [INFO]   Accuracy: 0.6310
2025-11-05 16:07:10 [INFO] Trial 10/10
2025-11-05 16:07:10 [INFO]   Architecture: [{'op': 'conv3x3', 'filters': 128, 'use_bn': False}, {'op': 'conv5x5', 'filters': 128, 'use_bn': True}]
2025-11-05 16:07:10 [INFO]   Accuracy: 0.9480
2025-11-05 16:07:10 [INFO] 
======================================================================
2025-11-05 16:07:10 [INFO] STEP 2: Train BEST architecture
2025-11-05 16:07:10 [INFO] ======================================================================
2025-11-05 16:07:10 [INFO] Best Architecture: [{'op': 'conv3x3', 'filters': 128, 'use_bn': False}, {'op': 'conv5x5', 'filters': 128, 'use_bn': True}]
2025-11-05 16:07:10 [INFO] Training standard model...
2025-11-05 16:07:35 [INFO] Training completed: 50 epochs
2025-11-05 16:07:35 [INFO] ✓ Standard model accuracy: 0.9690
2025-11-05 16:07:35 [INFO] 
============================================================
2025-11-05 16:07:35 [INFO] BEST ARCHITECTURE FOUND
2025-11-05 16:07:35 [INFO] ============================================================
2025-11-05 16:07:35 [INFO] Architecture: [{'op': 'conv3x3', 'filters': 128, 'use_bn': False}, {'op': 'conv5x5', 'filters': 128, 'use_bn': True}]
2025-11-05 16:07:35 [INFO] Accuracy: 0.9690
2025-11-05 16:07:35 [INFO] ============================================================
2025-11-05 16:07:35 [INFO] 
======================================================================
2025-11-05 16:07:35 [INFO] STEP 3: Test with DIFFERENT APPROXIMATE MULTIPLIERS
2025-11-05 16:07:35 [INFO] ======================================================================
2025-11-05 16:07:35 [INFO] Found 36 multipliers to test

2025-11-05 16:07:36 [INFO] Testing: mul8u_125K.bin
2025-11-05 16:07:36 [INFO]   Accuracy: 0.9680
2025-11-05 16:07:36 [INFO]   Drop:     0.0010 (0.10%)
2025-11-05 16:07:37 [INFO] Testing: mul8u_12N4.bin
2025-11-05 16:07:37 [INFO]   Accuracy: 0.0970
2025-11-05 16:07:37 [INFO]   Drop:     0.8720 (89.99%)
2025-11-05 16:07:39 [INFO] Testing: mul8u_13QR.bin
2025-11-05 16:07:39 [INFO]   Accuracy: 0.0890
2025-11-05 16:07:39 [INFO]   Drop:     0.8800 (90.82%)
2025-11-05 16:07:40 [INFO] Testing: mul8u_1446.bin
2025-11-05 16:07:40 [INFO]   Accuracy: 0.9690
2025-11-05 16:07:40 [INFO]   Drop:     0.0000 (0.00%)
2025-11-05 16:07:41 [INFO] Testing: mul8u_14VP.bin
2025-11-05 16:07:41 [INFO]   Accuracy: 0.9700
2025-11-05 16:07:41 [INFO]   Drop:     -0.0010 (-0.10%)
2025-11-05 16:07:43 [INFO] Testing: mul8u_150Q.bin
2025-11-05 16:07:43 [INFO]   Accuracy: 0.9700
2025-11-05 16:07:43 [INFO]   Drop:     -0.0010 (-0.10%)
2025-11-05 16:07:44 [INFO] Testing: mul8u_17C8.bin
2025-11-05 16:07:44 [INFO]   Accuracy: 0.2690
2025-11-05 16:07:44 [INFO]   Drop:     0.7000 (72.24%)
2025-11-05 16:07:45 [INFO] Testing: mul8u_17KS.bin
2025-11-05 16:07:45 [INFO]   Accuracy: 0.0890
2025-11-05 16:07:45 [INFO]   Drop:     0.8800 (90.82%)
2025-11-05 16:07:46 [INFO] Testing: mul8u_17QU.bin
2025-11-05 16:07:46 [INFO]   Accuracy: 0.0870
2025-11-05 16:07:46 [INFO]   Drop:     0.8820 (91.02%)
2025-11-05 16:07:48 [INFO] Testing: mul8u_185Q.bin
2025-11-05 16:07:48 [INFO]   Accuracy: 0.1960
2025-11-05 16:07:48 [INFO]   Drop:     0.7730 (79.77%)
2025-11-05 16:07:49 [INFO] Testing: mul8u_18DU.bin
2025-11-05 16:07:49 [INFO]   Accuracy: 0.0890
2025-11-05 16:07:49 [INFO]   Drop:     0.8800 (90.82%)
2025-11-05 16:07:50 [INFO] Testing: mul8u_199Z.bin
2025-11-05 16:07:50 [INFO]   Accuracy: 0.0890
2025-11-05 16:07:50 [INFO]   Drop:     0.8800 (90.82%)
2025-11-05 16:07:52 [INFO] Testing: mul8u_19DB.bin
2025-11-05 16:07:52 [INFO]   Accuracy: 0.1120
2025-11-05 16:07:52 [INFO]   Drop:     0.8570 (88.44%)
2025-11-05 16:07:53 [INFO] Testing: mul8u_1AGV.bin
2025-11-05 16:07:53 [INFO]   Accuracy: 0.0370
2025-11-05 16:07:53 [INFO]   Drop:     0.9320 (96.18%)
2025-11-05 16:07:54 [INFO] Testing: mul8u_1JFF.bin
2025-11-05 16:07:54 [INFO]   Accuracy: 0.9690
2025-11-05 16:07:54 [INFO]   Drop:     0.0000 (0.00%)
2025-11-05 16:07:55 [INFO] Testing: mul8u_2AC.bin
2025-11-05 16:07:55 [INFO]   Accuracy: 0.0860
2025-11-05 16:07:55 [INFO]   Drop:     0.8830 (91.12%)
2025-11-05 16:07:57 [INFO] Testing: mul8u_2HH.bin
2025-11-05 16:07:57 [INFO]   Accuracy: 0.0840
2025-11-05 16:07:57 [INFO]   Drop:     0.8850 (91.33%)
2025-11-05 16:07:58 [INFO] Testing: mul8u_2P7.bin
2025-11-05 16:07:58 [INFO]   Accuracy: 0.9690
2025-11-05 16:07:58 [INFO]   Drop:     0.0000 (0.00%)
2025-11-05 16:07:59 [INFO] Testing: mul8u_7C1.bin
2025-11-05 16:07:59 [INFO]   Accuracy: 0.9680
2025-11-05 16:07:59 [INFO]   Drop:     0.0010 (0.10%)
2025-11-05 16:08:01 [INFO] Testing: mul8u_96D.bin
2025-11-05 16:08:01 [INFO]   Accuracy: 0.9340
2025-11-05 16:08:01 [INFO]   Drop:     0.0350 (3.61%)
2025-11-05 16:08:02 [INFO] Testing: mul8u_CK5.bin
2025-11-05 16:08:02 [INFO]   Accuracy: 0.9710
2025-11-05 16:08:02 [INFO]   Drop:     -0.0020 (-0.21%)
2025-11-05 16:08:03 [INFO] Testing: mul8u_DM1.bin
2025-11-05 16:08:03 [INFO]   Accuracy: 0.9240
2025-11-05 16:08:03 [INFO]   Drop:     0.0450 (4.64%)
2025-11-05 16:08:05 [INFO] Testing: mul8u_EXZ.bin
2025-11-05 16:08:05 [INFO]   Accuracy: 0.9680
2025-11-05 16:08:05 [INFO]   Drop:     0.0010 (0.10%)
2025-11-05 16:08:06 [INFO] Testing: mul8u_FTA.bin
2025-11-05 16:08:06 [INFO]   Accuracy: 0.0890
2025-11-05 16:08:06 [INFO]   Drop:     0.8800 (90.82%)
2025-11-05 16:08:07 [INFO] Testing: mul8u_GS2.bin
2025-11-05 16:08:07 [INFO]   Accuracy: 0.9690
2025-11-05 16:08:07 [INFO]   Drop:     0.0000 (0.00%)
2025-11-05 16:08:08 [INFO] Testing: mul8u_JQQ.bin
2025-11-05 16:08:08 [INFO]   Accuracy: 0.9530
2025-11-05 16:08:08 [INFO]   Drop:     0.0160 (1.65%)
2025-11-05 16:08:10 [INFO] Testing: mul8u_JV3.bin
2025-11-05 16:08:10 [INFO]   Accuracy: 0.4320
2025-11-05 16:08:10 [INFO]   Drop:     0.5370 (55.42%)
2025-11-05 16:08:11 [INFO] Testing: mul8u_KEM.bin
2025-11-05 16:08:11 [INFO]   Accuracy: 0.9710
2025-11-05 16:08:11 [INFO]   Drop:     -0.0020 (-0.21%)
2025-11-05 16:08:13 [INFO] Testing: mul8u_L40.bin
2025-11-05 16:08:13 [INFO]   Accuracy: 0.0980
2025-11-05 16:08:13 [INFO]   Drop:     0.8710 (89.89%)
2025-11-05 16:08:14 [INFO] Testing: mul8u_NGR.bin
2025-11-05 16:08:14 [INFO]   Accuracy: 0.9120
2025-11-05 16:08:14 [INFO]   Drop:     0.0570 (5.88%)
2025-11-05 16:08:16 [INFO] Testing: mul8u_PKY.bin
2025-11-05 16:08:16 [INFO]   Accuracy: 0.9020
2025-11-05 16:08:16 [INFO]   Drop:     0.0670 (6.91%)
2025-11-05 16:08:18 [INFO] Testing: mul8u_QJD.bin
2025-11-05 16:08:18 [INFO]   Accuracy: 0.9670
2025-11-05 16:08:18 [INFO]   Drop:     0.0020 (0.21%)
2025-11-05 16:08:19 [INFO] Testing: mul8u_QKX.bin
2025-11-05 16:08:19 [INFO]   Accuracy: 0.0890
2025-11-05 16:08:19 [INFO]   Drop:     0.8800 (90.82%)
2025-11-05 16:08:21 [INFO] Testing: mul8u_Y48.bin
2025-11-05 16:08:21 [INFO]   Accuracy: 0.9690
2025-11-05 16:08:21 [INFO]   Drop:     0.0000 (0.00%)
2025-11-05 16:08:22 [INFO] Testing: mul8u_YX7.bin
2025-11-05 16:08:22 [INFO]   Accuracy: 0.0890
2025-11-05 16:08:22 [INFO]   Drop:     0.8800 (90.82%)
2025-11-05 16:08:24 [INFO] Testing: mul8u_ZFB.bin
2025-11-05 16:08:24 [INFO]   Accuracy: 0.9050
2025-11-05 16:08:24 [INFO]   Drop:     0.0640 (6.60%)
2025-11-05 16:08:24 [INFO] 
======================================================================
2025-11-05 16:08:24 [INFO] FINAL RESULTS SUMMARY
2025-11-05 16:08:24 [INFO] ======================================================================
2025-11-05 16:08:24 [INFO] Standard Accuracy: 0.9690
2025-11-05 16:08:24 [INFO] Total Multipliers Tested: 36
2025-11-05 16:08:24 [INFO] 
Accuracy Statistics:
2025-11-05 16:08:24 [INFO]   Best:  0.9710
2025-11-05 16:08:24 [INFO]   Worst: 0.0370
2025-11-05 16:08:24 [INFO]   Mean:  0.5625
2025-11-05 16:08:24 [INFO] 
Drop Statistics:
2025-11-05 16:08:24 [INFO]   Min Drop:  -0.0020 (-0.21%)
2025-11-05 16:08:24 [INFO]   Max Drop:  0.9320 (96.18%)
2025-11-05 16:08:24 [INFO]   Mean Drop: 0.4065
2025-11-05 16:08:24 [INFO] 
Multiplier Categories:
2025-11-05 16:08:24 [INFO]   Excellent (≤1% drop):   13
2025-11-05 16:08:24 [INFO]   Good (1-5% drop):       3
2025-11-05 16:08:24 [INFO]   Medium (5-10% drop):    3
2025-11-05 16:08:24 [INFO]   Poor (>10% drop):       17
2025-11-05 16:08:24 [INFO] 
Multiplier                     Accuracy     Drop         Drop %    
2025-11-05 16:08:24 [INFO] ----------------------------------------------------------------------
2025-11-05 16:08:24 [INFO] mul8u_CK5.bin                  0.9710       -0.0020      -0.21     %
2025-11-05 16:08:24 [INFO] mul8u_KEM.bin                  0.9710       -0.0020      -0.21     %
2025-11-05 16:08:24 [INFO] mul8u_14VP.bin                 0.9700       -0.0010      -0.10     %
2025-11-05 16:08:24 [INFO] mul8u_150Q.bin                 0.9700       -0.0010      -0.10     %
2025-11-05 16:08:24 [INFO] mul8u_1446.bin                 0.9690       0.0000       0.00      %
2025-11-05 16:08:24 [INFO] mul8u_1JFF.bin                 0.9690       0.0000       0.00      %
2025-11-05 16:08:24 [INFO] mul8u_2P7.bin                  0.9690       0.0000       0.00      %
2025-11-05 16:08:24 [INFO] mul8u_GS2.bin                  0.9690       0.0000       0.00      %
2025-11-05 16:08:24 [INFO] mul8u_Y48.bin                  0.9690       0.0000       0.00      %
2025-11-05 16:08:24 [INFO] mul8u_125K.bin                 0.9680       0.0010       0.10      %
2025-11-05 16:08:24 [INFO] mul8u_7C1.bin                  0.9680       0.0010       0.10      %
2025-11-05 16:08:24 [INFO] mul8u_EXZ.bin                  0.9680       0.0010       0.10      %
2025-11-05 16:08:24 [INFO] mul8u_QJD.bin                  0.9670       0.0020       0.21      %
2025-11-05 16:08:24 [INFO] mul8u_JQQ.bin                  0.9530       0.0160       1.65      %
2025-11-05 16:08:24 [INFO] mul8u_96D.bin                  0.9340       0.0350       3.61      %
2025-11-05 16:08:24 [INFO] mul8u_DM1.bin                  0.9240       0.0450       4.64      %
2025-11-05 16:08:24 [INFO] mul8u_NGR.bin                  0.9120       0.0570       5.88      %
2025-11-05 16:08:24 [INFO] mul8u_ZFB.bin                  0.9050       0.0640       6.60      %
2025-11-05 16:08:24 [INFO] mul8u_PKY.bin                  0.9020       0.0670       6.91      %
2025-11-05 16:08:24 [INFO] mul8u_JV3.bin                  0.4320       0.5370       55.42     %
2025-11-05 16:08:24 [INFO] mul8u_17C8.bin                 0.2690       0.7000       72.24     %
2025-11-05 16:08:24 [INFO] mul8u_185Q.bin                 0.1960       0.7730       79.77     %
2025-11-05 16:08:24 [INFO] mul8u_19DB.bin                 0.1120       0.8570       88.44     %
2025-11-05 16:08:24 [INFO] mul8u_L40.bin                  0.0980       0.8710       89.89     %
2025-11-05 16:08:24 [INFO] mul8u_12N4.bin                 0.0970       0.8720       89.99     %
2025-11-05 16:08:24 [INFO] mul8u_13QR.bin                 0.0890       0.8800       90.82     %
2025-11-05 16:08:24 [INFO] mul8u_17KS.bin                 0.0890       0.8800       90.82     %
2025-11-05 16:08:24 [INFO] mul8u_18DU.bin                 0.0890       0.8800       90.82     %
2025-11-05 16:08:24 [INFO] mul8u_199Z.bin                 0.0890       0.8800       90.82     %
2025-11-05 16:08:24 [INFO] mul8u_FTA.bin                  0.0890       0.8800       90.82     %
2025-11-05 16:08:24 [INFO] mul8u_QKX.bin                  0.0890       0.8800       90.82     %
2025-11-05 16:08:24 [INFO] mul8u_YX7.bin                  0.0890       0.8800       90.82     %
2025-11-05 16:08:24 [INFO] mul8u_17QU.bin                 0.0870       0.8820       91.02     %
2025-11-05 16:08:24 [INFO] mul8u_2AC.bin                  0.0860       0.8830       91.12     %
2025-11-05 16:08:24 [INFO] mul8u_2HH.bin                  0.0840       0.8850       91.33     %
2025-11-05 16:08:24 [INFO] mul8u_1AGV.bin                 0.0370       0.9320       96.18     %
2025-11-05 16:08:24 [INFO] 
======================================================================
2025-11-05 16:08:24 [INFO] BEST APPROXIMATE MULTIPLIER
2025-11-05 16:08:24 [INFO] ======================================================================
2025-11-05 16:08:24 [INFO] Multiplier:  mul8u_CK5.bin
2025-11-05 16:08:24 [INFO] Accuracy:    0.9710
2025-11-05 16:08:24 [INFO] Drop:        -0.0020 (-0.21%)
2025-11-05 16:08:24 [INFO] 
✓ Results saved to: logs/nas_results_20251105_160652.json
2025-11-05 16:08:24 [INFO] 
======================================================================
2025-11-05 16:08:24 [INFO] NAS Run Completed
2025-11-05 16:08:24 [INFO] Log file: logs/nas_run_20251105_160652.log
2025-11-05 16:08:24 [INFO] ======================================================================
