2025-11-07 12:06:25 [INFO] ======================================================================
2025-11-07 12:06:25 [INFO] NAS with Approximate Multipliers - Started
2025-11-07 12:06:25 [INFO] Log file: logs/nas_run_20251107_120625.log
2025-11-07 12:06:25 [INFO] ======================================================================
2025-11-07 12:06:25 [INFO] ======================================================================
2025-11-07 12:06:25 [INFO] CONFIGURATION
2025-11-07 12:06:25 [INFO] ======================================================================
2025-11-07 12:06:25 [INFO] Dataset: cifar10
2025-11-07 12:06:25 [INFO] Training samples: 5000
2025-11-07 12:06:25 [INFO] Validation samples: 1000
2025-11-07 12:06:25 [INFO] NAS trials: 20
2025-11-07 12:06:25 [INFO] NAS blocks: 4
2025-11-07 12:06:25 [INFO] NAS method: evolutionary
2025-11-07 12:06:25 [INFO] Training epochs: 50
2025-11-07 12:06:25 [INFO] Batch size: 128
2025-11-07 12:06:25 [INFO] Learning rate: 0.001
2025-11-07 12:06:25 [INFO] LR scheduling: Yes
2025-11-07 12:06:25 [INFO] Multiplier dir: ./multipliers
2025-11-07 12:06:25 [INFO] Save predictions: Yes
2025-11-07 12:06:25 [INFO] Results dir: logs/results
2025-11-07 12:06:25 [INFO] 
======================================================================
2025-11-07 12:06:25 [INFO] STEP 0: Loading Dataset
2025-11-07 12:06:25 [INFO] ======================================================================
2025-11-07 12:06:25 [INFO] Input shape: (32, 32, 3)
2025-11-07 12:06:25 [INFO] Number of classes: 10
2025-11-07 12:06:25 [INFO] Training samples (full): 44000
2025-11-07 12:06:25 [INFO] Validation samples (full): 6000
2025-11-07 12:06:25 [INFO] Test samples: 10000
2025-11-07 12:06:25 [INFO] 
Using subset:
2025-11-07 12:06:25 [INFO]   Training: 5000 samples
2025-11-07 12:06:25 [INFO]   Validation: 1000 samples
2025-11-07 12:06:25 [INFO]   Classes: airplane, automobile, bird, cat, deer...
2025-11-07 12:06:25 [INFO] 
======================================================================
2025-11-07 12:06:25 [INFO] STEP 1: Neural Architecture Search
2025-11-07 12:06:25 [INFO] ======================================================================
2025-11-07 12:06:25 [INFO] Starting NAS: STANDARD - Method: EVOLUTIONARY

2025-11-07 12:06:25 [INFO] Phase 1: Generating initial population (4 architectures)
2025-11-07 12:06:29 [INFO] Init 1/4: Accuracy 0.2240
2025-11-07 12:06:30 [INFO] Init 2/4: Accuracy 0.1140
2025-11-07 12:06:37 [INFO] Init 3/4: Accuracy 0.2940
2025-11-07 12:06:38 [INFO] Init 4/4: Accuracy 0.2190
2025-11-07 12:06:38 [INFO] 
Phase 2: Evolution (16 generations)
2025-11-07 12:06:40 [INFO] Trial 5/20
2025-11-07 12:06:40 [INFO]   Architecture: [{'op': 'conv1x1', 'filters': 32, 'use_bn': False}, {'op': 'conv3x3', 'filters': 128, 'use_bn': False}, {'op': 'avg_pool', 'filters': 64, 'use_bn': False}, {'op': 'conv1x1', 'filters': 64, 'use_bn': True}]
2025-11-07 12:06:40 [INFO]   Accuracy: 0.1610
2025-11-07 12:06:44 [INFO] Trial 6/20
2025-11-07 12:06:44 [INFO]   Architecture: [{'op': 'conv5x5', 'filters': 32, 'use_bn': True}, {'op': 'conv1x1', 'filters': 64, 'use_bn': False}, {'op': 'conv5x5', 'filters': 32, 'use_bn': False}, {'op': 'conv5x5', 'filters': 128, 'use_bn': True}]
2025-11-07 12:06:44 [INFO]   Accuracy: 0.1540
2025-11-07 12:06:48 [INFO] Trial 7/20
2025-11-07 12:06:48 [INFO]   Architecture: [{'op': 'conv5x5', 'filters': 32, 'use_bn': True}, {'op': 'conv1x1', 'filters': 64, 'use_bn': True}, {'op': 'conv5x5', 'filters': 32, 'use_bn': False}, {'op': 'conv5x5', 'filters': 128, 'use_bn': True}]
2025-11-07 12:06:48 [INFO]   Accuracy: 0.1170
2025-11-07 12:06:50 [INFO] Trial 8/20
2025-11-07 12:06:50 [INFO]   Architecture: [{'op': 'conv1x1', 'filters': 32, 'use_bn': False}, {'op': 'conv3x3', 'filters': 128, 'use_bn': False}, {'op': 'avg_pool', 'filters': 64, 'use_bn': False}, {'op': 'conv1x1', 'filters': 64, 'use_bn': True}]
2025-11-07 12:06:50 [INFO]   Accuracy: 0.1830
2025-11-07 12:06:52 [INFO] Trial 9/20
2025-11-07 12:06:52 [INFO]   Architecture: [{'op': 'conv1x1', 'filters': 32, 'use_bn': False}, {'op': 'conv3x3', 'filters': 128, 'use_bn': False}, {'op': 'max_pool', 'filters': 64, 'use_bn': False}, {'op': 'conv1x1', 'filters': 64, 'use_bn': True}]
2025-11-07 12:06:52 [INFO]   Accuracy: 0.1730
2025-11-07 12:06:54 [INFO] Trial 10/20
2025-11-07 12:06:54 [INFO]   Architecture: [{'op': 'conv5x5', 'filters': 32, 'use_bn': True}, {'op': 'max_pool', 'filters': 64, 'use_bn': True}, {'op': 'conv5x5', 'filters': 32, 'use_bn': True}, {'op': 'conv5x5', 'filters': 128, 'use_bn': True}]
2025-11-07 12:06:54 [INFO]   Accuracy: 0.1750
2025-11-07 12:06:56 [INFO] Trial 11/20
2025-11-07 12:06:56 [INFO]   Architecture: [{'op': 'conv3x3', 'filters': 64, 'use_bn': False}, {'op': 'conv1x1', 'filters': 64, 'use_bn': True}, {'op': 'max_pool', 'filters': 128, 'use_bn': False}, {'op': 'conv3x3', 'filters': 32, 'use_bn': False}]
2025-11-07 12:06:56 [INFO]   Accuracy: 0.2110
2025-11-07 12:06:57 [INFO] Trial 12/20
2025-11-07 12:06:57 [INFO]   Architecture: [{'op': 'conv5x5', 'filters': 32, 'use_bn': False}, {'op': 'max_pool', 'filters': 64, 'use_bn': True}, {'op': 'conv5x5', 'filters': 32, 'use_bn': True}, {'op': 'conv5x5', 'filters': 128, 'use_bn': True}]
2025-11-07 12:06:57 [INFO]   Accuracy: 0.1220
2025-11-07 12:07:00 [INFO] Trial 13/20
2025-11-07 12:07:00 [INFO]   Architecture: [{'op': 'conv1x1', 'filters': 32, 'use_bn': False}, {'op': 'conv3x3', 'filters': 128, 'use_bn': False}, {'op': 'conv3x3', 'filters': 64, 'use_bn': False}, {'op': 'conv1x1', 'filters': 64, 'use_bn': False}]
2025-11-07 12:07:00 [INFO]   Accuracy: 0.2240
2025-11-07 12:07:02 [INFO] Trial 14/20
2025-11-07 12:07:02 [INFO]   Architecture: [{'op': 'conv5x5', 'filters': 32, 'use_bn': True}, {'op': 'max_pool', 'filters': 64, 'use_bn': True}, {'op': 'conv5x5', 'filters': 32, 'use_bn': True}, {'op': 'conv5x5', 'filters': 128, 'use_bn': True}]
2025-11-07 12:07:02 [INFO]   Accuracy: 0.0970
2025-11-07 12:07:03 [INFO] Trial 15/20
2025-11-07 12:07:03 [INFO]   Architecture: [{'op': 'conv3x3', 'filters': 64, 'use_bn': False}, {'op': 'conv1x1', 'filters': 64, 'use_bn': True}, {'op': 'max_pool', 'filters': 128, 'use_bn': False}, {'op': 'conv3x3', 'filters': 32, 'use_bn': False}]
2025-11-07 12:07:03 [INFO]   Accuracy: 0.3180
2025-11-07 12:07:05 [INFO] Trial 16/20
2025-11-07 12:07:05 [INFO]   Architecture: [{'op': 'conv5x5', 'filters': 32, 'use_bn': True}, {'op': 'max_pool', 'filters': 64, 'use_bn': True}, {'op': 'conv5x5', 'filters': 32, 'use_bn': True}, {'op': 'conv5x5', 'filters': 128, 'use_bn': True}]
2025-11-07 12:07:05 [INFO]   Accuracy: 0.1350
2025-11-07 12:07:07 [INFO] Trial 17/20
2025-11-07 12:07:07 [INFO]   Architecture: [{'op': 'conv1x1', 'filters': 32, 'use_bn': False}, {'op': 'conv1x1', 'filters': 128, 'use_bn': False}, {'op': 'max_pool', 'filters': 64, 'use_bn': False}, {'op': 'conv1x1', 'filters': 64, 'use_bn': True}]
2025-11-07 12:07:07 [INFO]   Accuracy: 0.1050
2025-11-07 12:07:08 [INFO] Trial 18/20
2025-11-07 12:07:08 [INFO]   Architecture: [{'op': 'conv3x3', 'filters': 64, 'use_bn': False}, {'op': 'conv1x1', 'filters': 64, 'use_bn': True}, {'op': 'max_pool', 'filters': 128, 'use_bn': False}, {'op': 'conv3x3', 'filters': 32, 'use_bn': False}]
2025-11-07 12:07:08 [INFO]   Accuracy: 0.2780
2025-11-07 12:07:10 [INFO] Trial 19/20
2025-11-07 12:07:10 [INFO]   Architecture: [{'op': 'conv3x3', 'filters': 64, 'use_bn': False}, {'op': 'conv1x1', 'filters': 32, 'use_bn': True}, {'op': 'max_pool', 'filters': 128, 'use_bn': False}, {'op': 'conv3x3', 'filters': 32, 'use_bn': False}]
2025-11-07 12:07:10 [INFO]   Accuracy: 0.2090
2025-11-07 12:07:11 [INFO] Trial 20/20
2025-11-07 12:07:11 [INFO]   Architecture: [{'op': 'conv3x3', 'filters': 64, 'use_bn': False}, {'op': 'conv1x1', 'filters': 32, 'use_bn': True}, {'op': 'max_pool', 'filters': 128, 'use_bn': False}, {'op': 'conv3x3', 'filters': 32, 'use_bn': False}]
2025-11-07 12:07:11 [INFO]   Accuracy: 0.1920
2025-11-07 12:07:11 [INFO] 
Top 3 Architectures:
2025-11-07 12:07:11 [INFO] 1. Accuracy: 0.3180
2025-11-07 12:07:11 [INFO]    [{'op': 'conv3x3', 'filters': 64, 'use_bn': False}, {'op': 'conv1x1', 'filters': 64, 'use_bn': True}, {'op': 'max_pool', 'filters': 128, 'use_bn': False}, {'op': 'conv3x3', 'filters': 32, 'use_bn': False}]
2025-11-07 12:07:11 [INFO] 2. Accuracy: 0.2780
2025-11-07 12:07:11 [INFO]    [{'op': 'conv3x3', 'filters': 64, 'use_bn': False}, {'op': 'conv1x1', 'filters': 64, 'use_bn': True}, {'op': 'max_pool', 'filters': 128, 'use_bn': False}, {'op': 'conv3x3', 'filters': 32, 'use_bn': False}]
2025-11-07 12:07:11 [INFO] 3. Accuracy: 0.2240
2025-11-07 12:07:11 [INFO]    [{'op': 'conv1x1', 'filters': 32, 'use_bn': False}, {'op': 'conv3x3', 'filters': 128, 'use_bn': False}, {'op': 'conv3x3', 'filters': 64, 'use_bn': False}, {'op': 'conv1x1', 'filters': 64, 'use_bn': False}]
2025-11-07 12:07:11 [INFO] 
======================================================================
2025-11-07 12:07:11 [INFO] STEP 2: Training Best Architecture
2025-11-07 12:07:11 [INFO] ======================================================================
2025-11-07 12:07:11 [INFO] Best Architecture: [{'op': 'conv3x3', 'filters': 64, 'use_bn': False}, {'op': 'conv1x1', 'filters': 64, 'use_bn': True}, {'op': 'max_pool', 'filters': 128, 'use_bn': False}, {'op': 'conv3x3', 'filters': 32, 'use_bn': False}]
2025-11-07 12:07:11 [INFO] 
Model Complexity:
2025-11-07 12:07:11 [INFO]   Trainable Parameters: 30,058
2025-11-07 12:07:11 [INFO]   Estimated FLOPs: 15,400,960
2025-11-07 12:07:11 [INFO]   Model Size (approx): 0.11 MB (float32)
2025-11-07 12:07:11 [INFO] 
Using learning rate schedule:
2025-11-07 12:07:11 [INFO]   Epochs 0-16: 0.001
2025-11-07 12:07:11 [INFO]   Epochs 17-33: 0.0001
2025-11-07 12:07:11 [INFO]   Epochs 34-50: 1e-05
2025-11-07 12:07:11 [INFO] 
Training for 50 epochs...
2025-11-07 12:07:22 [INFO] Training completed: 50 epochs
2025-11-07 12:07:22 [INFO] ✓ Standard model accuracy: 0.4900
2025-11-07 12:07:22 [INFO] 
============================================================
2025-11-07 12:07:22 [INFO] BEST ARCHITECTURE FOUND
2025-11-07 12:07:22 [INFO] ============================================================
2025-11-07 12:07:22 [INFO] Architecture: [{'op': 'conv3x3', 'filters': 64, 'use_bn': False}, {'op': 'conv1x1', 'filters': 64, 'use_bn': True}, {'op': 'max_pool', 'filters': 128, 'use_bn': False}, {'op': 'conv3x3', 'filters': 32, 'use_bn': False}]
2025-11-07 12:07:22 [INFO] Accuracy: 0.4900
2025-11-07 12:07:22 [INFO] ============================================================
2025-11-07 12:07:22 [INFO] 
Training Summary:
2025-11-07 12:07:22 [INFO]   Final Training Accuracy: 0.5264
2025-11-07 12:07:22 [INFO]   Final Validation Accuracy: 0.4900
2025-11-07 12:07:22 [INFO]   Final Training Loss: 1.3033
2025-11-07 12:07:22 [INFO]   Final Validation Loss: 1.3752
2025-11-07 12:07:22 [INFO] 
Saving training curves...
2025-11-07 12:07:22 [INFO]   ✓ Training curves saved to logs/results/
2025-11-07 12:07:22 [INFO] Saving standard model predictions and visualizations...
2025-11-07 12:07:23 [INFO]   ✓ Predictions saved to logs/results/
2025-11-07 12:07:23 [INFO]   ✓ Confusion matrix saved
2025-11-07 12:07:23 [INFO]   ✓ Top 20 misclassifications visualized
2025-11-07 12:07:23 [INFO] 
======================================================================
2025-11-07 12:07:23 [INFO] STEP 3: Testing Approximate Multipliers
2025-11-07 12:07:23 [INFO] ======================================================================
2025-11-07 12:07:23 [INFO] Testing 36 multipliers
2025-11-07 12:07:23 [INFO] Standard model accuracy: 0.4900

2025-11-07 12:07:23 [INFO] [1/36] Testing: mul8u_125K.bin
2025-11-07 12:07:24 [INFO] Testing: mul8u_125K.bin
2025-11-07 12:07:24 [INFO]   Accuracy: 0.0950
2025-11-07 12:07:24 [INFO]   Drop:     0.3950 (80.61%)
2025-11-07 12:07:25 [INFO] [2/36] Testing: mul8u_12N4.bin
2025-11-07 12:07:25 [INFO] Testing: mul8u_12N4.bin
2025-11-07 12:07:25 [INFO]   Accuracy: 0.0950
2025-11-07 12:07:25 [INFO]   Drop:     0.3950 (80.61%)
2025-11-07 12:07:26 [INFO] [3/36] Testing: mul8u_13QR.bin
2025-11-07 12:07:26 [INFO] Testing: mul8u_13QR.bin
2025-11-07 12:07:26 [INFO]   Accuracy: 0.0950
2025-11-07 12:07:26 [INFO]   Drop:     0.3950 (80.61%)
2025-11-07 12:07:27 [INFO] [4/36] Testing: mul8u_1446.bin
2025-11-07 12:07:28 [INFO] Testing: mul8u_1446.bin
2025-11-07 12:07:28 [INFO]   Accuracy: 0.0950
2025-11-07 12:07:28 [INFO]   Drop:     0.3950 (80.61%)
2025-11-07 12:07:29 [INFO] [5/36] Testing: mul8u_14VP.bin
2025-11-07 12:07:29 [INFO] Testing: mul8u_14VP.bin
2025-11-07 12:07:29 [INFO]   Accuracy: 0.0950
2025-11-07 12:07:29 [INFO]   Drop:     0.3950 (80.61%)
2025-11-07 12:07:30 [INFO] [6/36] Testing: mul8u_150Q.bin
2025-11-07 12:07:30 [INFO] Testing: mul8u_150Q.bin
2025-11-07 12:07:30 [INFO]   Accuracy: 0.0950
2025-11-07 12:07:30 [INFO]   Drop:     0.3950 (80.61%)
2025-11-07 12:07:31 [INFO] [7/36] Testing: mul8u_17C8.bin
2025-11-07 12:07:31 [INFO] Testing: mul8u_17C8.bin
2025-11-07 12:07:31 [INFO]   Accuracy: 0.1000
2025-11-07 12:07:31 [INFO]   Drop:     0.3900 (79.59%)
2025-11-07 12:07:33 [INFO] [8/36] Testing: mul8u_17KS.bin
2025-11-07 12:07:33 [INFO] Testing: mul8u_17KS.bin
2025-11-07 12:07:33 [INFO]   Accuracy: 0.0950
2025-11-07 12:07:33 [INFO]   Drop:     0.3950 (80.61%)
2025-11-07 12:07:34 [INFO] [9/36] Testing: mul8u_17QU.bin
2025-11-07 12:07:34 [INFO] Testing: mul8u_17QU.bin
2025-11-07 12:07:34 [INFO]   Accuracy: 0.1000
2025-11-07 12:07:34 [INFO]   Drop:     0.3900 (79.59%)
2025-11-07 12:07:35 [INFO] [10/36] Testing: mul8u_185Q.bin
2025-11-07 12:07:35 [INFO] Testing: mul8u_185Q.bin
2025-11-07 12:07:35 [INFO]   Accuracy: 0.0950
2025-11-07 12:07:35 [INFO]   Drop:     0.3950 (80.61%)
2025-11-07 12:07:36 [INFO] [11/36] Testing: mul8u_18DU.bin
2025-11-07 12:07:37 [INFO] Testing: mul8u_18DU.bin
2025-11-07 12:07:37 [INFO]   Accuracy: 0.0890
2025-11-07 12:07:37 [INFO]   Drop:     0.4010 (81.84%)
2025-11-07 12:07:38 [INFO] [12/36] Testing: mul8u_199Z.bin
2025-11-07 12:07:38 [INFO] Testing: mul8u_199Z.bin
2025-11-07 12:07:38 [INFO]   Accuracy: 0.0890
2025-11-07 12:07:38 [INFO]   Drop:     0.4010 (81.84%)
2025-11-07 12:07:39 [INFO] [13/36] Testing: mul8u_19DB.bin
2025-11-07 12:07:39 [INFO] Testing: mul8u_19DB.bin
2025-11-07 12:07:39 [INFO]   Accuracy: 0.0950
2025-11-07 12:07:39 [INFO]   Drop:     0.3950 (80.61%)
2025-11-07 12:07:40 [INFO] [14/36] Testing: mul8u_1AGV.bin
2025-11-07 12:07:41 [INFO] Testing: mul8u_1AGV.bin
2025-11-07 12:07:41 [INFO]   Accuracy: 0.0950
2025-11-07 12:07:41 [INFO]   Drop:     0.3950 (80.61%)
2025-11-07 12:07:42 [INFO] [15/36] Testing: mul8u_1JFF.bin
2025-11-07 12:07:42 [INFO] Testing: mul8u_1JFF.bin
2025-11-07 12:07:42 [INFO]   Accuracy: 0.0950
2025-11-07 12:07:42 [INFO]   Drop:     0.3950 (80.61%)
2025-11-07 12:07:43 [INFO] [16/36] Testing: mul8u_2AC.bin
2025-11-07 12:07:43 [INFO] Testing: mul8u_2AC.bin
2025-11-07 12:07:43 [INFO]   Accuracy: 0.0950
2025-11-07 12:07:43 [INFO]   Drop:     0.3950 (80.61%)
2025-11-07 12:07:44 [INFO] [17/36] Testing: mul8u_2HH.bin
2025-11-07 12:07:45 [INFO] Testing: mul8u_2HH.bin
2025-11-07 12:07:45 [INFO]   Accuracy: 0.0950
2025-11-07 12:07:45 [INFO]   Drop:     0.3950 (80.61%)
2025-11-07 12:07:45 [INFO] [18/36] Testing: mul8u_2P7.bin
2025-11-07 12:07:46 [INFO] Testing: mul8u_2P7.bin
2025-11-07 12:07:46 [INFO]   Accuracy: 0.0950
2025-11-07 12:07:46 [INFO]   Drop:     0.3950 (80.61%)
2025-11-07 12:07:47 [INFO] [19/36] Testing: mul8u_7C1.bin
2025-11-07 12:07:47 [INFO] Testing: mul8u_7C1.bin
2025-11-07 12:07:47 [INFO]   Accuracy: 0.0950
2025-11-07 12:07:47 [INFO]   Drop:     0.3950 (80.61%)
2025-11-07 12:07:48 [INFO] [20/36] Testing: mul8u_96D.bin
2025-11-07 12:07:48 [INFO] Testing: mul8u_96D.bin
2025-11-07 12:07:48 [INFO]   Accuracy: 0.0950
2025-11-07 12:07:48 [INFO]   Drop:     0.3950 (80.61%)
2025-11-07 12:07:49 [INFO] [21/36] Testing: mul8u_CK5.bin
2025-11-07 12:07:50 [INFO] Testing: mul8u_CK5.bin
2025-11-07 12:07:50 [INFO]   Accuracy: 0.0950
2025-11-07 12:07:50 [INFO]   Drop:     0.3950 (80.61%)
2025-11-07 12:07:51 [INFO] [22/36] Testing: mul8u_DM1.bin
2025-11-07 12:07:51 [INFO] Testing: mul8u_DM1.bin
2025-11-07 12:07:51 [INFO]   Accuracy: 0.0950
2025-11-07 12:07:51 [INFO]   Drop:     0.3950 (80.61%)
2025-11-07 12:07:52 [INFO] [23/36] Testing: mul8u_EXZ.bin
2025-11-07 12:07:52 [INFO] Testing: mul8u_EXZ.bin
2025-11-07 12:07:52 [INFO]   Accuracy: 0.0950
2025-11-07 12:07:52 [INFO]   Drop:     0.3950 (80.61%)
2025-11-07 12:07:53 [INFO] [24/36] Testing: mul8u_FTA.bin
2025-11-07 12:07:53 [INFO] Testing: mul8u_FTA.bin
2025-11-07 12:07:53 [INFO]   Accuracy: 0.0950
2025-11-07 12:07:53 [INFO]   Drop:     0.3950 (80.61%)
2025-11-07 12:07:54 [INFO] [25/36] Testing: mul8u_GS2.bin
2025-11-07 12:07:55 [INFO] Testing: mul8u_GS2.bin
2025-11-07 12:07:55 [INFO]   Accuracy: 0.0950
2025-11-07 12:07:55 [INFO]   Drop:     0.3950 (80.61%)
2025-11-07 12:07:56 [INFO] [26/36] Testing: mul8u_JQQ.bin
2025-11-07 12:07:56 [INFO] Testing: mul8u_JQQ.bin
2025-11-07 12:07:56 [INFO]   Accuracy: 0.0890
2025-11-07 12:07:56 [INFO]   Drop:     0.4010 (81.84%)
2025-11-07 12:07:57 [INFO] [27/36] Testing: mul8u_JV3.bin
2025-11-07 12:07:57 [INFO] Testing: mul8u_JV3.bin
2025-11-07 12:07:57 [INFO]   Accuracy: 0.0950
2025-11-07 12:07:57 [INFO]   Drop:     0.3950 (80.61%)
2025-11-07 12:07:58 [INFO] [28/36] Testing: mul8u_KEM.bin
2025-11-07 12:07:59 [INFO] Testing: mul8u_KEM.bin
2025-11-07 12:07:59 [INFO]   Accuracy: 0.0950
2025-11-07 12:07:59 [INFO]   Drop:     0.3950 (80.61%)
2025-11-07 12:08:00 [INFO] [29/36] Testing: mul8u_L40.bin
2025-11-07 12:08:00 [INFO] Testing: mul8u_L40.bin
2025-11-07 12:08:00 [INFO]   Accuracy: 0.0890
2025-11-07 12:08:00 [INFO]   Drop:     0.4010 (81.84%)
2025-11-07 12:08:01 [INFO] [30/36] Testing: mul8u_NGR.bin
2025-11-07 12:08:01 [INFO] Testing: mul8u_NGR.bin
2025-11-07 12:08:01 [INFO]   Accuracy: 0.0950
2025-11-07 12:08:01 [INFO]   Drop:     0.3950 (80.61%)
2025-11-07 12:08:02 [INFO] [31/36] Testing: mul8u_PKY.bin
2025-11-07 12:08:02 [INFO] Testing: mul8u_PKY.bin
2025-11-07 12:08:02 [INFO]   Accuracy: 0.0950
2025-11-07 12:08:02 [INFO]   Drop:     0.3950 (80.61%)
2025-11-07 12:08:03 [INFO] [32/36] Testing: mul8u_QJD.bin
2025-11-07 12:08:04 [INFO] Testing: mul8u_QJD.bin
2025-11-07 12:08:04 [INFO]   Accuracy: 0.0950
2025-11-07 12:08:04 [INFO]   Drop:     0.3950 (80.61%)
2025-11-07 12:08:05 [INFO] [33/36] Testing: mul8u_QKX.bin
2025-11-07 12:08:05 [INFO] Testing: mul8u_QKX.bin
2025-11-07 12:08:05 [INFO]   Accuracy: 0.0890
2025-11-07 12:08:05 [INFO]   Drop:     0.4010 (81.84%)
2025-11-07 12:08:06 [INFO] [34/36] Testing: mul8u_Y48.bin
2025-11-07 12:08:06 [INFO] Testing: mul8u_Y48.bin
2025-11-07 12:08:06 [INFO]   Accuracy: 0.0950
2025-11-07 12:08:06 [INFO]   Drop:     0.3950 (80.61%)
2025-11-07 12:08:07 [INFO] [35/36] Testing: mul8u_YX7.bin
2025-11-07 12:08:08 [INFO] Testing: mul8u_YX7.bin
2025-11-07 12:08:08 [INFO]   Accuracy: 0.0890
2025-11-07 12:08:08 [INFO]   Drop:     0.4010 (81.84%)
2025-11-07 12:08:08 [INFO] [36/36] Testing: mul8u_ZFB.bin
2025-11-07 12:08:09 [INFO] Testing: mul8u_ZFB.bin
2025-11-07 12:08:09 [INFO]   Accuracy: 0.0950
2025-11-07 12:08:09 [INFO]   Drop:     0.3950 (80.61%)
2025-11-07 12:08:10 [INFO] 
======================================================================
2025-11-07 12:08:10 [INFO] STEP 4: Results Analysis
2025-11-07 12:08:10 [INFO] ======================================================================
2025-11-07 12:08:10 [INFO] 
======================================================================
2025-11-07 12:08:10 [INFO] FINAL RESULTS SUMMARY
2025-11-07 12:08:10 [INFO] ======================================================================
2025-11-07 12:08:10 [INFO] Standard Accuracy: 0.4900
2025-11-07 12:08:10 [INFO] Total Multipliers Tested: 36
2025-11-07 12:08:10 [INFO] 
Accuracy Statistics:
2025-11-07 12:08:10 [INFO]   Best:  0.1000
2025-11-07 12:08:10 [INFO]   Worst: 0.0890
2025-11-07 12:08:10 [INFO]   Mean:  0.0943
2025-11-07 12:08:10 [INFO] 
Drop Statistics:
2025-11-07 12:08:10 [INFO]   Min Drop:  0.3900 (79.59%)
2025-11-07 12:08:10 [INFO]   Max Drop:  0.4010 (81.84%)
2025-11-07 12:08:10 [INFO]   Mean Drop: 0.3957
2025-11-07 12:08:10 [INFO] 
Multiplier Categories:
2025-11-07 12:08:10 [INFO]   Excellent (≤1% drop):   0
2025-11-07 12:08:10 [INFO]   Good (1-5% drop):       0
2025-11-07 12:08:10 [INFO]   Medium (5-10% drop):    0
2025-11-07 12:08:10 [INFO]   Poor (>10% drop):       36
2025-11-07 12:08:10 [INFO] 
Multiplier                     Accuracy     Drop         Drop %    
2025-11-07 12:08:10 [INFO] ----------------------------------------------------------------------
2025-11-07 12:08:10 [INFO] mul8u_17C8.bin                 0.1000       0.3900       79.59     %
2025-11-07 12:08:10 [INFO] mul8u_17QU.bin                 0.1000       0.3900       79.59     %
2025-11-07 12:08:10 [INFO] mul8u_125K.bin                 0.0950       0.3950       80.61     %
2025-11-07 12:08:10 [INFO] mul8u_12N4.bin                 0.0950       0.3950       80.61     %
2025-11-07 12:08:10 [INFO] mul8u_13QR.bin                 0.0950       0.3950       80.61     %
2025-11-07 12:08:10 [INFO] mul8u_1446.bin                 0.0950       0.3950       80.61     %
2025-11-07 12:08:10 [INFO] mul8u_14VP.bin                 0.0950       0.3950       80.61     %
2025-11-07 12:08:10 [INFO] mul8u_150Q.bin                 0.0950       0.3950       80.61     %
2025-11-07 12:08:10 [INFO] mul8u_17KS.bin                 0.0950       0.3950       80.61     %
2025-11-07 12:08:10 [INFO] mul8u_185Q.bin                 0.0950       0.3950       80.61     %
2025-11-07 12:08:10 [INFO] mul8u_19DB.bin                 0.0950       0.3950       80.61     %
2025-11-07 12:08:10 [INFO] mul8u_1AGV.bin                 0.0950       0.3950       80.61     %
2025-11-07 12:08:10 [INFO] mul8u_1JFF.bin                 0.0950       0.3950       80.61     %
2025-11-07 12:08:10 [INFO] mul8u_2AC.bin                  0.0950       0.3950       80.61     %
2025-11-07 12:08:10 [INFO] mul8u_2HH.bin                  0.0950       0.3950       80.61     %
2025-11-07 12:08:10 [INFO] mul8u_2P7.bin                  0.0950       0.3950       80.61     %
2025-11-07 12:08:10 [INFO] mul8u_7C1.bin                  0.0950       0.3950       80.61     %
2025-11-07 12:08:10 [INFO] mul8u_96D.bin                  0.0950       0.3950       80.61     %
2025-11-07 12:08:10 [INFO] mul8u_CK5.bin                  0.0950       0.3950       80.61     %
2025-11-07 12:08:10 [INFO] mul8u_DM1.bin                  0.0950       0.3950       80.61     %
2025-11-07 12:08:10 [INFO] mul8u_EXZ.bin                  0.0950       0.3950       80.61     %
2025-11-07 12:08:10 [INFO] mul8u_FTA.bin                  0.0950       0.3950       80.61     %
2025-11-07 12:08:10 [INFO] mul8u_GS2.bin                  0.0950       0.3950       80.61     %
2025-11-07 12:08:10 [INFO] mul8u_JV3.bin                  0.0950       0.3950       80.61     %
2025-11-07 12:08:10 [INFO] mul8u_KEM.bin                  0.0950       0.3950       80.61     %
2025-11-07 12:08:10 [INFO] mul8u_NGR.bin                  0.0950       0.3950       80.61     %
2025-11-07 12:08:10 [INFO] mul8u_PKY.bin                  0.0950       0.3950       80.61     %
2025-11-07 12:08:10 [INFO] mul8u_QJD.bin                  0.0950       0.3950       80.61     %
2025-11-07 12:08:10 [INFO] mul8u_Y48.bin                  0.0950       0.3950       80.61     %
2025-11-07 12:08:10 [INFO] mul8u_ZFB.bin                  0.0950       0.3950       80.61     %
2025-11-07 12:08:10 [INFO] mul8u_18DU.bin                 0.0890       0.4010       81.84     %
2025-11-07 12:08:10 [INFO] mul8u_199Z.bin                 0.0890       0.4010       81.84     %
2025-11-07 12:08:10 [INFO] mul8u_JQQ.bin                  0.0890       0.4010       81.84     %
2025-11-07 12:08:10 [INFO] mul8u_L40.bin                  0.0890       0.4010       81.84     %
2025-11-07 12:08:10 [INFO] mul8u_QKX.bin                  0.0890       0.4010       81.84     %
2025-11-07 12:08:10 [INFO] mul8u_YX7.bin                  0.0890       0.4010       81.84     %
2025-11-07 12:08:10 [INFO] 
======================================================================
2025-11-07 12:08:10 [INFO] BEST APPROXIMATE MULTIPLIER
2025-11-07 12:08:10 [INFO] ======================================================================
2025-11-07 12:08:10 [INFO] Multiplier:  mul8u_17C8.bin
2025-11-07 12:08:10 [INFO] Accuracy:    0.1000
2025-11-07 12:08:10 [INFO] Drop:        0.3900 (79.59%)
2025-11-07 12:08:10 [INFO] 
Top 5 Multipliers:
2025-11-07 12:08:10 [INFO] 1. mul8u_17C8.bin                 Acc: 0.1000 Drop: +79.59%
2025-11-07 12:08:10 [INFO] 2. mul8u_17QU.bin                 Acc: 0.1000 Drop: +79.59%
2025-11-07 12:08:10 [INFO] 3. mul8u_125K.bin                 Acc: 0.0950 Drop: +80.61%
2025-11-07 12:08:10 [INFO] 4. mul8u_12N4.bin                 Acc: 0.0950 Drop: +80.61%
2025-11-07 12:08:10 [INFO] 5. mul8u_13QR.bin                 Acc: 0.0950 Drop: +80.61%
2025-11-07 12:08:10 [INFO] 
Estimated Energy Savings:
2025-11-07 12:08:10 [INFO]   Excellent (≤1% drop): 0 multipliers
2025-11-07 12:08:10 [INFO]   Good (1-5% drop):     0 multipliers
2025-11-07 12:08:10 [INFO]   Potential energy savings: 30-50% (typical for approximate multipliers)
2025-11-07 12:08:10 [INFO]   Model parameters: 30,058
2025-11-07 12:08:10 [INFO]   Estimated MACs per inference: 7,700,480
2025-11-07 12:08:10 [INFO] 
Generating comparison plots...
2025-11-07 12:08:11 [INFO]   ✓ Confidence distribution plots saved
2025-11-07 12:08:11 [INFO] 
======================================================================
2025-11-07 12:08:11 [INFO] FINAL SUMMARY
2025-11-07 12:08:11 [INFO] ======================================================================
2025-11-07 12:08:11 [INFO] Dataset: cifar10
2025-11-07 12:08:11 [INFO] Best Architecture: [{'op': 'conv3x3', 'filters': 64, 'use_bn': False}, {'op': 'conv1x1', 'filters': 64, 'use_bn': True}, {'op': 'max_pool', 'filters': 128, 'use_bn': False}, {'op': 'conv3x3', 'filters': 32, 'use_bn': False}]
2025-11-07 12:08:11 [INFO] Standard Model Accuracy: 0.4900
2025-11-07 12:08:11 [INFO] Model Parameters: 30,058
2025-11-07 12:08:11 [INFO] Estimated FLOPs: 15,400,960
2025-11-07 12:08:11 [INFO] Learning Rate: 0.001
2025-11-07 12:08:11 [INFO] 
Multiplier Testing:
2025-11-07 12:08:11 [INFO]   Total tested: 36
2025-11-07 12:08:11 [INFO]   Best accuracy: 0.1000
2025-11-07 12:08:11 [INFO]   Best multiplier: mul8u_17C8.bin
2025-11-07 12:08:11 [INFO] 
Quality Distribution:
2025-11-07 12:08:11 [INFO]   Excellent (≤1%):   0
2025-11-07 12:08:11 [INFO]   Good (1-5%):       0
2025-11-07 12:08:11 [INFO]   Medium (5-10%):    0
2025-11-07 12:08:11 [INFO]   Poor (>10%):       36
2025-11-07 12:08:11 [INFO] 
Output Locations:
2025-11-07 12:08:11 [INFO]   Logs: logs/
2025-11-07 12:08:11 [INFO]   Results: logs/results/
2025-11-07 12:08:11 [INFO]   Predictions: logs/results/standard_predictions.json
2025-11-07 12:08:11 [INFO]   Confusion Matrix: logs/results/standard_confusion_matrix.png
2025-11-07 12:08:11 [INFO]   Training Curves: logs/results/standard_model_training_curves.png
2025-11-07 12:08:11 [INFO]   Multiplier Results: logs/results/multipliers/
2025-11-07 12:08:11 [INFO] 
✓ Results saved to: logs/nas_results_20251107_120625.json
2025-11-07 12:08:11 [INFO] 
======================================================================
2025-11-07 12:08:11 [INFO] NAS Run Completed
2025-11-07 12:08:11 [INFO] Log file: logs/nas_run_20251107_120625.log
2025-11-07 12:08:11 [INFO] ======================================================================
