2025-11-05 15:06:37 [INFO] ======================================================================
2025-11-05 15:06:37 [INFO] NAS with Approximate Multipliers - Started
2025-11-05 15:06:37 [INFO] Log file: logs/nas_run_20251105_150637.log
2025-11-05 15:06:37 [INFO] ======================================================================
2025-11-05 15:06:37 [INFO] 
======================================================================
2025-11-05 15:06:37 [INFO] STEP 1: NAS with STANDARD multipliers
2025-11-05 15:06:37 [INFO] ======================================================================
2025-11-05 15:06:37 [INFO] Starting NAS: STANDARD

2025-11-05 15:06:40 [INFO] Trial 1/10
2025-11-05 15:06:40 [INFO]   Architecture: [{'op': 'conv3x3', 'filters': 128, 'use_bn': True}, {'op': 'max_pool', 'filters': 64, 'use_bn': False}, {'op': 'conv5x5', 'filters': 128, 'use_bn': True}, {'op': 'avg_pool', 'filters': 128, 'use_bn': False}]
2025-11-05 15:06:40 [INFO]   Accuracy: 0.2760
2025-11-05 15:06:41 [INFO] Trial 2/10
2025-11-05 15:06:41 [INFO]   Architecture: [{'op': 'avg_pool', 'filters': 64, 'use_bn': False}, {'op': 'conv3x3', 'filters': 128, 'use_bn': False}, {'op': 'max_pool', 'filters': 64, 'use_bn': False}, {'op': 'conv3x3', 'filters': 64, 'use_bn': True}]
2025-11-05 15:06:41 [INFO]   Accuracy: 0.9300
2025-11-05 15:06:45 [INFO] Trial 3/10
2025-11-05 15:06:45 [INFO]   Architecture: [{'op': 'conv5x5', 'filters': 128, 'use_bn': True}, {'op': 'conv3x3', 'filters': 64, 'use_bn': True}, {'op': 'conv3x3', 'filters': 128, 'use_bn': True}, {'op': 'conv5x5', 'filters': 32, 'use_bn': False}]
2025-11-05 15:06:45 [INFO]   Accuracy: 0.1880
2025-11-05 15:06:46 [INFO] Trial 4/10
2025-11-05 15:06:46 [INFO]   Architecture: [{'op': 'max_pool', 'filters': 128, 'use_bn': False}, {'op': 'avg_pool', 'filters': 64, 'use_bn': False}, {'op': 'conv5x5', 'filters': 64, 'use_bn': True}, {'op': 'max_pool', 'filters': 64, 'use_bn': False}]
2025-11-05 15:06:46 [INFO]   Accuracy: 0.9160
2025-11-05 15:06:47 [INFO] Trial 5/10
2025-11-05 15:06:47 [INFO]   Architecture: [{'op': 'max_pool', 'filters': 128, 'use_bn': False}, {'op': 'conv5x5', 'filters': 128, 'use_bn': True}, {'op': 'avg_pool', 'filters': 128, 'use_bn': False}, {'op': 'avg_pool', 'filters': 32, 'use_bn': False}]
2025-11-05 15:06:47 [INFO]   Accuracy: 0.9530
2025-11-05 15:06:49 [INFO] Trial 6/10
2025-11-05 15:06:49 [INFO]   Architecture: [{'op': 'conv5x5', 'filters': 32, 'use_bn': False}, {'op': 'conv5x5', 'filters': 128, 'use_bn': False}, {'op': 'max_pool', 'filters': 32, 'use_bn': False}, {'op': 'conv5x5', 'filters': 64, 'use_bn': False}]
2025-11-05 15:06:49 [INFO]   Accuracy: 0.9730
2025-11-05 15:06:49 [INFO] Trial 7/10
2025-11-05 15:06:49 [INFO]   Architecture: [{'op': 'max_pool', 'filters': 128, 'use_bn': False}, {'op': 'conv5x5', 'filters': 128, 'use_bn': True}, {'op': 'max_pool', 'filters': 32, 'use_bn': False}, {'op': 'avg_pool', 'filters': 128, 'use_bn': False}]
2025-11-05 15:06:49 [INFO]   Accuracy: 0.9530
2025-11-05 15:06:51 [INFO] Trial 8/10
2025-11-05 15:06:51 [INFO]   Architecture: [{'op': 'conv5x5', 'filters': 128, 'use_bn': True}, {'op': 'conv3x3', 'filters': 64, 'use_bn': False}, {'op': 'avg_pool', 'filters': 32, 'use_bn': False}, {'op': 'conv5x5', 'filters': 32, 'use_bn': False}]
2025-11-05 15:06:51 [INFO]   Accuracy: 0.9640
2025-11-05 15:06:53 [INFO] Trial 9/10
2025-11-05 15:06:53 [INFO]   Architecture: [{'op': 'conv5x5', 'filters': 64, 'use_bn': True}, {'op': 'conv5x5', 'filters': 64, 'use_bn': False}, {'op': 'avg_pool', 'filters': 64, 'use_bn': False}, {'op': 'avg_pool', 'filters': 64, 'use_bn': False}]
2025-11-05 15:06:53 [INFO]   Accuracy: 0.9710
2025-11-05 15:06:56 [INFO] Trial 10/10
2025-11-05 15:06:56 [INFO]   Architecture: [{'op': 'conv5x5', 'filters': 64, 'use_bn': True}, {'op': 'conv5x5', 'filters': 128, 'use_bn': True}, {'op': 'conv5x5', 'filters': 64, 'use_bn': False}, {'op': 'avg_pool', 'filters': 128, 'use_bn': False}]
2025-11-05 15:06:56 [INFO]   Accuracy: 0.2520
2025-11-05 15:06:56 [INFO] 
======================================================================
2025-11-05 15:06:56 [INFO] STEP 2: Train BEST architecture
2025-11-05 15:06:56 [INFO] ======================================================================
2025-11-05 15:06:56 [INFO] Best Architecture: [{'op': 'conv5x5', 'filters': 32, 'use_bn': False}, {'op': 'conv5x5', 'filters': 128, 'use_bn': False}, {'op': 'max_pool', 'filters': 32, 'use_bn': False}, {'op': 'conv5x5', 'filters': 64, 'use_bn': False}]
2025-11-05 15:06:56 [INFO] Training standard model...
2025-11-05 15:07:12 [INFO] Training completed: 50 epochs
2025-11-05 15:07:12 [INFO] ✓ Standard model accuracy: 0.9800
2025-11-05 15:07:12 [INFO] 
============================================================
2025-11-05 15:07:12 [INFO] BEST ARCHITECTURE FOUND
2025-11-05 15:07:12 [INFO] ============================================================
2025-11-05 15:07:12 [INFO] Architecture: [{'op': 'conv5x5', 'filters': 32, 'use_bn': False}, {'op': 'conv5x5', 'filters': 128, 'use_bn': False}, {'op': 'max_pool', 'filters': 32, 'use_bn': False}, {'op': 'conv5x5', 'filters': 64, 'use_bn': False}]
2025-11-05 15:07:12 [INFO] Accuracy: 0.9800
2025-11-05 15:07:12 [INFO] ============================================================
2025-11-05 15:07:12 [INFO] 
======================================================================
2025-11-05 15:07:12 [INFO] STEP 3: Test with DIFFERENT APPROXIMATE MULTIPLIERS
2025-11-05 15:07:12 [INFO] ======================================================================
2025-11-05 15:07:12 [INFO] Found 36 multipliers to test

2025-11-05 15:07:12 [INFO] Testing: mul8u_125K.bin
2025-11-05 15:07:12 [INFO]   Accuracy: 0.9800
2025-11-05 15:07:12 [INFO]   Drop:     0.0000 (0.00%)
2025-11-05 15:07:13 [INFO] Testing: mul8u_12N4.bin
2025-11-05 15:07:13 [INFO]   Accuracy: 0.9770
2025-11-05 15:07:13 [INFO]   Drop:     0.0030 (0.31%)
2025-11-05 15:07:14 [INFO] Testing: mul8u_13QR.bin
2025-11-05 15:07:14 [INFO]   Accuracy: 0.1260
2025-11-05 15:07:14 [INFO]   Drop:     0.8540 (87.14%)
2025-11-05 15:07:14 [INFO] Testing: mul8u_1446.bin
2025-11-05 15:07:14 [INFO]   Accuracy: 0.9800
2025-11-05 15:07:14 [INFO]   Drop:     0.0000 (0.00%)
2025-11-05 15:07:15 [INFO] Testing: mul8u_14VP.bin
2025-11-05 15:07:15 [INFO]   Accuracy: 0.9800
2025-11-05 15:07:15 [INFO]   Drop:     0.0000 (0.00%)
2025-11-05 15:07:15 [INFO] Testing: mul8u_150Q.bin
2025-11-05 15:07:15 [INFO]   Accuracy: 0.9800
2025-11-05 15:07:15 [INFO]   Drop:     0.0000 (0.00%)
2025-11-05 15:07:16 [INFO] Testing: mul8u_17C8.bin
2025-11-05 15:07:16 [INFO]   Accuracy: 0.1580
2025-11-05 15:07:16 [INFO]   Drop:     0.8220 (83.88%)
2025-11-05 15:07:17 [INFO] Testing: mul8u_17KS.bin
2025-11-05 15:07:17 [INFO]   Accuracy: 0.9620
2025-11-05 15:07:17 [INFO]   Drop:     0.0180 (1.84%)
2025-11-05 15:07:17 [INFO] Testing: mul8u_17QU.bin
2025-11-05 15:07:17 [INFO]   Accuracy: 0.1260
2025-11-05 15:07:17 [INFO]   Drop:     0.8540 (87.14%)
2025-11-05 15:07:18 [INFO] Testing: mul8u_185Q.bin
2025-11-05 15:07:18 [INFO]   Accuracy: 0.9770
2025-11-05 15:07:18 [INFO]   Drop:     0.0030 (0.31%)
2025-11-05 15:07:18 [INFO] Testing: mul8u_18DU.bin
2025-11-05 15:07:18 [INFO]   Accuracy: 0.2050
2025-11-05 15:07:18 [INFO]   Drop:     0.7750 (79.08%)
2025-11-05 15:07:19 [INFO] Testing: mul8u_199Z.bin
2025-11-05 15:07:19 [INFO]   Accuracy: 0.1560
2025-11-05 15:07:19 [INFO]   Drop:     0.8240 (84.08%)
2025-11-05 15:07:20 [INFO] Testing: mul8u_19DB.bin
2025-11-05 15:07:20 [INFO]   Accuracy: 0.9780
2025-11-05 15:07:20 [INFO]   Drop:     0.0020 (0.20%)
2025-11-05 15:07:20 [INFO] Testing: mul8u_1AGV.bin
2025-11-05 15:07:20 [INFO]   Accuracy: 0.9720
2025-11-05 15:07:20 [INFO]   Drop:     0.0080 (0.82%)
2025-11-05 15:07:21 [INFO] Testing: mul8u_1JFF.bin
2025-11-05 15:07:21 [INFO]   Accuracy: 0.9800
2025-11-05 15:07:21 [INFO]   Drop:     0.0000 (0.00%)
2025-11-05 15:07:21 [INFO] Testing: mul8u_2AC.bin
2025-11-05 15:07:21 [INFO]   Accuracy: 0.9660
2025-11-05 15:07:21 [INFO]   Drop:     0.0140 (1.43%)
2025-11-05 15:07:22 [INFO] Testing: mul8u_2HH.bin
2025-11-05 15:07:22 [INFO]   Accuracy: 0.9290
2025-11-05 15:07:22 [INFO]   Drop:     0.0510 (5.20%)
2025-11-05 15:07:23 [INFO] Testing: mul8u_2P7.bin
2025-11-05 15:07:23 [INFO]   Accuracy: 0.9800
2025-11-05 15:07:23 [INFO]   Drop:     0.0000 (0.00%)
2025-11-05 15:07:23 [INFO] Testing: mul8u_7C1.bin
2025-11-05 15:07:23 [INFO]   Accuracy: 0.9790
2025-11-05 15:07:23 [INFO]   Drop:     0.0010 (0.10%)
2025-11-05 15:07:24 [INFO] Testing: mul8u_96D.bin
2025-11-05 15:07:24 [INFO]   Accuracy: 0.9770
2025-11-05 15:07:24 [INFO]   Drop:     0.0030 (0.31%)
2025-11-05 15:07:25 [INFO] Testing: mul8u_CK5.bin
2025-11-05 15:07:25 [INFO]   Accuracy: 0.9800
2025-11-05 15:07:25 [INFO]   Drop:     0.0000 (0.00%)
2025-11-05 15:07:25 [INFO] Testing: mul8u_DM1.bin
2025-11-05 15:07:25 [INFO]   Accuracy: 0.9800
2025-11-05 15:07:25 [INFO]   Drop:     0.0000 (0.00%)
2025-11-05 15:07:26 [INFO] Testing: mul8u_EXZ.bin
2025-11-05 15:07:26 [INFO]   Accuracy: 0.9800
2025-11-05 15:07:26 [INFO]   Drop:     0.0000 (0.00%)
2025-11-05 15:07:26 [INFO] Testing: mul8u_FTA.bin
2025-11-05 15:07:26 [INFO]   Accuracy: 0.9420
2025-11-05 15:07:26 [INFO]   Drop:     0.0380 (3.88%)
2025-11-05 15:07:27 [INFO] Testing: mul8u_GS2.bin
2025-11-05 15:07:27 [INFO]   Accuracy: 0.9800
2025-11-05 15:07:27 [INFO]   Drop:     0.0000 (0.00%)
2025-11-05 15:07:28 [INFO] Testing: mul8u_JQQ.bin
2025-11-05 15:07:28 [INFO]   Accuracy: 0.9760
2025-11-05 15:07:28 [INFO]   Drop:     0.0040 (0.41%)
2025-11-05 15:07:28 [INFO] Testing: mul8u_JV3.bin
2025-11-05 15:07:28 [INFO]   Accuracy: 0.9290
2025-11-05 15:07:28 [INFO]   Drop:     0.0510 (5.20%)
2025-11-05 15:07:29 [INFO] Testing: mul8u_KEM.bin
2025-11-05 15:07:29 [INFO]   Accuracy: 0.9800
2025-11-05 15:07:29 [INFO]   Drop:     0.0000 (0.00%)
2025-11-05 15:07:30 [INFO] Testing: mul8u_L40.bin
2025-11-05 15:07:30 [INFO]   Accuracy: 0.9700
2025-11-05 15:07:30 [INFO]   Drop:     0.0100 (1.02%)
2025-11-05 15:07:30 [INFO] Testing: mul8u_NGR.bin
2025-11-05 15:07:30 [INFO]   Accuracy: 0.9800
2025-11-05 15:07:30 [INFO]   Drop:     0.0000 (0.00%)
2025-11-05 15:07:31 [INFO] Testing: mul8u_PKY.bin
2025-11-05 15:07:31 [INFO]   Accuracy: 0.9780
2025-11-05 15:07:31 [INFO]   Drop:     0.0020 (0.20%)
2025-11-05 15:07:31 [INFO] Testing: mul8u_QJD.bin
2025-11-05 15:07:31 [INFO]   Accuracy: 0.9800
2025-11-05 15:07:31 [INFO]   Drop:     0.0000 (0.00%)
2025-11-05 15:07:32 [INFO] Testing: mul8u_QKX.bin
2025-11-05 15:07:32 [INFO]   Accuracy: 0.1680
2025-11-05 15:07:32 [INFO]   Drop:     0.8120 (82.86%)
2025-11-05 15:07:33 [INFO] Testing: mul8u_Y48.bin
2025-11-05 15:07:33 [INFO]   Accuracy: 0.9800
2025-11-05 15:07:33 [INFO]   Drop:     0.0000 (0.00%)
2025-11-05 15:07:33 [INFO] Testing: mul8u_YX7.bin
2025-11-05 15:07:33 [INFO]   Accuracy: 0.1930
2025-11-05 15:07:33 [INFO]   Drop:     0.7870 (80.31%)
2025-11-05 15:07:34 [INFO] Testing: mul8u_ZFB.bin
2025-11-05 15:07:34 [INFO]   Accuracy: 0.9780
2025-11-05 15:07:34 [INFO]   Drop:     0.0020 (0.20%)
2025-11-05 15:07:34 [INFO] 
======================================================================
2025-11-05 15:07:34 [INFO] FINAL RESULTS SUMMARY
2025-11-05 15:07:34 [INFO] ======================================================================
2025-11-05 15:07:34 [INFO] Standard Accuracy: 0.9800
2025-11-05 15:07:34 [INFO] Total Multipliers Tested: 36
2025-11-05 15:07:34 [INFO] 
Accuracy Statistics:
2025-11-05 15:07:34 [INFO]   Best:  0.9800
2025-11-05 15:07:34 [INFO]   Worst: 0.1260
2025-11-05 15:07:34 [INFO]   Mean:  0.8151
2025-11-05 15:07:34 [INFO] 
Drop Statistics:
2025-11-05 15:07:34 [INFO]   Min Drop:  0.0000 (0.00%)
2025-11-05 15:07:34 [INFO]   Max Drop:  0.8540 (87.14%)
2025-11-05 15:07:34 [INFO]   Mean Drop: 0.1649
2025-11-05 15:07:34 [INFO] 
Multiplier Categories:
2025-11-05 15:07:34 [INFO]   Excellent (≤1% drop):   24
2025-11-05 15:07:34 [INFO]   Good (1-5% drop):       3
2025-11-05 15:07:34 [INFO]   Medium (5-10% drop):    2
2025-11-05 15:07:34 [INFO]   Poor (>10% drop):       7
2025-11-05 15:07:34 [INFO] 
Multiplier                     Accuracy     Drop         Drop %    
2025-11-05 15:07:34 [INFO] ----------------------------------------------------------------------
2025-11-05 15:07:34 [INFO] mul8u_125K.bin                 0.9800       0.0000       0.00      %
2025-11-05 15:07:34 [INFO] mul8u_1446.bin                 0.9800       0.0000       0.00      %
2025-11-05 15:07:34 [INFO] mul8u_14VP.bin                 0.9800       0.0000       0.00      %
2025-11-05 15:07:34 [INFO] mul8u_150Q.bin                 0.9800       0.0000       0.00      %
2025-11-05 15:07:34 [INFO] mul8u_1JFF.bin                 0.9800       0.0000       0.00      %
2025-11-05 15:07:34 [INFO] mul8u_2P7.bin                  0.9800       0.0000       0.00      %
2025-11-05 15:07:34 [INFO] mul8u_CK5.bin                  0.9800       0.0000       0.00      %
2025-11-05 15:07:34 [INFO] mul8u_DM1.bin                  0.9800       0.0000       0.00      %
2025-11-05 15:07:34 [INFO] mul8u_EXZ.bin                  0.9800       0.0000       0.00      %
2025-11-05 15:07:34 [INFO] mul8u_GS2.bin                  0.9800       0.0000       0.00      %
2025-11-05 15:07:34 [INFO] mul8u_KEM.bin                  0.9800       0.0000       0.00      %
2025-11-05 15:07:34 [INFO] mul8u_NGR.bin                  0.9800       0.0000       0.00      %
2025-11-05 15:07:34 [INFO] mul8u_QJD.bin                  0.9800       0.0000       0.00      %
2025-11-05 15:07:34 [INFO] mul8u_Y48.bin                  0.9800       0.0000       0.00      %
2025-11-05 15:07:34 [INFO] mul8u_7C1.bin                  0.9790       0.0010       0.10      %
2025-11-05 15:07:34 [INFO] mul8u_19DB.bin                 0.9780       0.0020       0.20      %
2025-11-05 15:07:34 [INFO] mul8u_PKY.bin                  0.9780       0.0020       0.20      %
2025-11-05 15:07:34 [INFO] mul8u_ZFB.bin                  0.9780       0.0020       0.20      %
2025-11-05 15:07:34 [INFO] mul8u_12N4.bin                 0.9770       0.0030       0.31      %
2025-11-05 15:07:34 [INFO] mul8u_185Q.bin                 0.9770       0.0030       0.31      %
2025-11-05 15:07:34 [INFO] mul8u_96D.bin                  0.9770       0.0030       0.31      %
2025-11-05 15:07:34 [INFO] mul8u_JQQ.bin                  0.9760       0.0040       0.41      %
2025-11-05 15:07:34 [INFO] mul8u_1AGV.bin                 0.9720       0.0080       0.82      %
2025-11-05 15:07:34 [INFO] mul8u_L40.bin                  0.9700       0.0100       1.02      %
2025-11-05 15:07:34 [INFO] mul8u_2AC.bin                  0.9660       0.0140       1.43      %
2025-11-05 15:07:34 [INFO] mul8u_17KS.bin                 0.9620       0.0180       1.84      %
2025-11-05 15:07:34 [INFO] mul8u_FTA.bin                  0.9420       0.0380       3.88      %
2025-11-05 15:07:34 [INFO] mul8u_2HH.bin                  0.9290       0.0510       5.20      %
2025-11-05 15:07:34 [INFO] mul8u_JV3.bin                  0.9290       0.0510       5.20      %
2025-11-05 15:07:34 [INFO] mul8u_18DU.bin                 0.2050       0.7750       79.08     %
2025-11-05 15:07:34 [INFO] mul8u_YX7.bin                  0.1930       0.7870       80.31     %
2025-11-05 15:07:34 [INFO] mul8u_QKX.bin                  0.1680       0.8120       82.86     %
2025-11-05 15:07:34 [INFO] mul8u_17C8.bin                 0.1580       0.8220       83.88     %
2025-11-05 15:07:34 [INFO] mul8u_199Z.bin                 0.1560       0.8240       84.08     %
2025-11-05 15:07:34 [INFO] mul8u_13QR.bin                 0.1260       0.8540       87.14     %
2025-11-05 15:07:34 [INFO] mul8u_17QU.bin                 0.1260       0.8540       87.14     %
2025-11-05 15:07:34 [INFO] 
======================================================================
2025-11-05 15:07:34 [INFO] BEST APPROXIMATE MULTIPLIER
2025-11-05 15:07:34 [INFO] ======================================================================
2025-11-05 15:07:34 [INFO] Multiplier:  mul8u_125K.bin
2025-11-05 15:07:34 [INFO] Accuracy:    0.9800
2025-11-05 15:07:34 [INFO] Drop:        0.0000 (0.00%)
2025-11-05 15:07:34 [INFO] 
✓ Results saved to: logs/nas_results_20251105_150637.json
2025-11-05 15:07:34 [INFO] 
======================================================================
2025-11-05 15:07:34 [INFO] NAS Run Completed
2025-11-05 15:07:34 [INFO] Log file: logs/nas_run_20251105_150637.log
2025-11-05 15:07:34 [INFO] ======================================================================
