2025-11-05 15:49:07 [INFO] ======================================================================
2025-11-05 15:49:07 [INFO] NAS with Approximate Multipliers - Started
2025-11-05 15:49:07 [INFO] Log file: logs/nas_run_20251105_154907.log
2025-11-05 15:49:07 [INFO] ======================================================================
2025-11-05 15:49:07 [INFO] 
======================================================================
2025-11-05 15:49:07 [INFO] STEP 1: NAS with STANDARD multipliers
2025-11-05 15:49:07 [INFO] ======================================================================
2025-11-05 15:49:07 [INFO] Starting NAS: STANDARD

2025-11-05 15:49:09 [INFO] Trial 1/10
2025-11-05 15:49:09 [INFO]   Architecture: [{'op': 'max_pool', 'filters': 64, 'use_bn': False}, {'op': 'avg_pool', 'filters': 128, 'use_bn': False}]
2025-11-05 15:49:09 [INFO]   Accuracy: 0.8060
2025-11-05 15:49:10 [INFO] Trial 2/10
2025-11-05 15:49:10 [INFO]   Architecture: [{'op': 'avg_pool', 'filters': 32, 'use_bn': False}, {'op': 'conv3x3', 'filters': 32, 'use_bn': False}]
2025-11-05 15:49:10 [INFO]   Accuracy: 0.9370
2025-11-05 15:49:11 [INFO] Trial 3/10
2025-11-05 15:49:11 [INFO]   Architecture: [{'op': 'conv5x5', 'filters': 32, 'use_bn': False}, {'op': 'conv3x3', 'filters': 32, 'use_bn': True}]
2025-11-05 15:49:11 [INFO]   Accuracy: 0.7500
2025-11-05 15:49:13 [INFO] Trial 4/10
2025-11-05 15:49:13 [INFO]   Architecture: [{'op': 'conv5x5', 'filters': 64, 'use_bn': False}, {'op': 'conv3x3', 'filters': 128, 'use_bn': True}]
2025-11-05 15:49:13 [INFO]   Accuracy: 0.9360
2025-11-05 15:49:14 [INFO] Trial 5/10
2025-11-05 15:49:14 [INFO]   Architecture: [{'op': 'max_pool', 'filters': 64, 'use_bn': False}, {'op': 'conv5x5', 'filters': 32, 'use_bn': True}]
2025-11-05 15:49:14 [INFO]   Accuracy: 0.9460
2025-11-05 15:49:15 [INFO] Trial 6/10
2025-11-05 15:49:15 [INFO]   Architecture: [{'op': 'conv5x5', 'filters': 128, 'use_bn': False}, {'op': 'avg_pool', 'filters': 64, 'use_bn': False}]
2025-11-05 15:49:15 [INFO]   Accuracy: 0.9410
2025-11-05 15:49:16 [INFO] Trial 7/10
2025-11-05 15:49:16 [INFO]   Architecture: [{'op': 'avg_pool', 'filters': 32, 'use_bn': False}, {'op': 'max_pool', 'filters': 128, 'use_bn': False}]
2025-11-05 15:49:16 [INFO]   Accuracy: 0.8090
2025-11-05 15:49:16 [INFO] Trial 8/10
2025-11-05 15:49:16 [INFO]   Architecture: [{'op': 'max_pool', 'filters': 64, 'use_bn': False}, {'op': 'conv3x3', 'filters': 64, 'use_bn': False}]
2025-11-05 15:49:16 [INFO]   Accuracy: 0.9370
2025-11-05 15:49:17 [INFO] Trial 9/10
2025-11-05 15:49:17 [INFO]   Architecture: [{'op': 'avg_pool', 'filters': 32, 'use_bn': False}, {'op': 'conv5x5', 'filters': 32, 'use_bn': False}]
2025-11-05 15:49:17 [INFO]   Accuracy: 0.9390
2025-11-05 15:49:19 [INFO] Trial 10/10
2025-11-05 15:49:19 [INFO]   Architecture: [{'op': 'conv3x3', 'filters': 32, 'use_bn': True}, {'op': 'conv5x5', 'filters': 64, 'use_bn': True}]
2025-11-05 15:49:19 [INFO]   Accuracy: 0.2660
2025-11-05 15:49:19 [INFO] 
======================================================================
2025-11-05 15:49:19 [INFO] STEP 2: Train BEST architecture
2025-11-05 15:49:19 [INFO] ======================================================================
2025-11-05 15:49:19 [INFO] Best Architecture: [{'op': 'max_pool', 'filters': 64, 'use_bn': False}, {'op': 'conv5x5', 'filters': 32, 'use_bn': True}]
2025-11-05 15:49:19 [INFO] Training standard model...
2025-11-05 15:49:22 [INFO] Training completed: 50 epochs
2025-11-05 15:49:22 [INFO] ✓ Standard model accuracy: 0.9580
2025-11-05 15:49:22 [INFO] 
============================================================
2025-11-05 15:49:22 [INFO] BEST ARCHITECTURE FOUND
2025-11-05 15:49:22 [INFO] ============================================================
2025-11-05 15:49:22 [INFO] Architecture: [{'op': 'max_pool', 'filters': 64, 'use_bn': False}, {'op': 'conv5x5', 'filters': 32, 'use_bn': True}]
2025-11-05 15:49:22 [INFO] Accuracy: 0.9580
2025-11-05 15:49:22 [INFO] ============================================================
2025-11-05 15:49:22 [INFO] 
======================================================================
2025-11-05 15:49:22 [INFO] STEP 3: Test with DIFFERENT APPROXIMATE MULTIPLIERS
2025-11-05 15:49:22 [INFO] ======================================================================
2025-11-05 15:49:22 [INFO] Found 36 multipliers to test

2025-11-05 15:49:22 [INFO] Testing: mul8u_125K.bin
2025-11-05 15:49:22 [INFO]   Accuracy: 0.9580
2025-11-05 15:49:22 [INFO]   Drop:     0.0000 (0.00%)
2025-11-05 15:49:22 [INFO] Testing: mul8u_12N4.bin
2025-11-05 15:49:22 [INFO]   Accuracy: 0.9580
2025-11-05 15:49:22 [INFO]   Drop:     0.0000 (0.00%)
2025-11-05 15:49:22 [INFO] Testing: mul8u_13QR.bin
2025-11-05 15:49:22 [INFO]   Accuracy: 0.9080
2025-11-05 15:49:22 [INFO]   Drop:     0.0500 (5.22%)
2025-11-05 15:49:23 [INFO] Testing: mul8u_1446.bin
2025-11-05 15:49:23 [INFO]   Accuracy: 0.9580
2025-11-05 15:49:23 [INFO]   Drop:     0.0000 (0.00%)
2025-11-05 15:49:23 [INFO] Testing: mul8u_14VP.bin
2025-11-05 15:49:23 [INFO]   Accuracy: 0.9580
2025-11-05 15:49:23 [INFO]   Drop:     0.0000 (0.00%)
2025-11-05 15:49:23 [INFO] Testing: mul8u_150Q.bin
2025-11-05 15:49:23 [INFO]   Accuracy: 0.9580
2025-11-05 15:49:23 [INFO]   Drop:     0.0000 (0.00%)
2025-11-05 15:49:23 [INFO] Testing: mul8u_17C8.bin
2025-11-05 15:49:23 [INFO]   Accuracy: 0.7960
2025-11-05 15:49:23 [INFO]   Drop:     0.1620 (16.91%)
2025-11-05 15:49:23 [INFO] Testing: mul8u_17KS.bin
2025-11-05 15:49:23 [INFO]   Accuracy: 0.9570
2025-11-05 15:49:23 [INFO]   Drop:     0.0010 (0.10%)
2025-11-05 15:49:23 [INFO] Testing: mul8u_17QU.bin
2025-11-05 15:49:23 [INFO]   Accuracy: 0.8930
2025-11-05 15:49:23 [INFO]   Drop:     0.0650 (6.78%)
2025-11-05 15:49:23 [INFO] Testing: mul8u_185Q.bin
2025-11-05 15:49:23 [INFO]   Accuracy: 0.9570
2025-11-05 15:49:23 [INFO]   Drop:     0.0010 (0.10%)
2025-11-05 15:49:24 [INFO] Testing: mul8u_18DU.bin
2025-11-05 15:49:24 [INFO]   Accuracy: 0.9080
2025-11-05 15:49:24 [INFO]   Drop:     0.0500 (5.22%)
2025-11-05 15:49:24 [INFO] Testing: mul8u_199Z.bin
2025-11-05 15:49:24 [INFO]   Accuracy: 0.1260
2025-11-05 15:49:24 [INFO]   Drop:     0.8320 (86.85%)
2025-11-05 15:49:24 [INFO] Testing: mul8u_19DB.bin
2025-11-05 15:49:24 [INFO]   Accuracy: 0.9590
2025-11-05 15:49:24 [INFO]   Drop:     -0.0010 (-0.10%)
2025-11-05 15:49:24 [INFO] Testing: mul8u_1AGV.bin
2025-11-05 15:49:24 [INFO]   Accuracy: 0.9590
2025-11-05 15:49:24 [INFO]   Drop:     -0.0010 (-0.10%)
2025-11-05 15:49:24 [INFO] Testing: mul8u_1JFF.bin
2025-11-05 15:49:24 [INFO]   Accuracy: 0.9580
2025-11-05 15:49:24 [INFO]   Drop:     0.0000 (0.00%)
2025-11-05 15:49:24 [INFO] Testing: mul8u_2AC.bin
2025-11-05 15:49:24 [INFO]   Accuracy: 0.9580
2025-11-05 15:49:24 [INFO]   Drop:     0.0000 (0.00%)
2025-11-05 15:49:25 [INFO] Testing: mul8u_2HH.bin
2025-11-05 15:49:25 [INFO]   Accuracy: 0.9560
2025-11-05 15:49:25 [INFO]   Drop:     0.0020 (0.21%)
2025-11-05 15:49:25 [INFO] Testing: mul8u_2P7.bin
2025-11-05 15:49:25 [INFO]   Accuracy: 0.9580
2025-11-05 15:49:25 [INFO]   Drop:     0.0000 (0.00%)
2025-11-05 15:49:25 [INFO] Testing: mul8u_7C1.bin
2025-11-05 15:49:25 [INFO]   Accuracy: 0.9580
2025-11-05 15:49:25 [INFO]   Drop:     0.0000 (0.00%)
2025-11-05 15:49:25 [INFO] Testing: mul8u_96D.bin
2025-11-05 15:49:25 [INFO]   Accuracy: 0.9540
2025-11-05 15:49:25 [INFO]   Drop:     0.0040 (0.42%)
2025-11-05 15:49:25 [INFO] Testing: mul8u_CK5.bin
2025-11-05 15:49:25 [INFO]   Accuracy: 0.9580
2025-11-05 15:49:25 [INFO]   Drop:     0.0000 (0.00%)
2025-11-05 15:49:25 [INFO] Testing: mul8u_DM1.bin
2025-11-05 15:49:25 [INFO]   Accuracy: 0.9590
2025-11-05 15:49:25 [INFO]   Drop:     -0.0010 (-0.10%)
2025-11-05 15:49:26 [INFO] Testing: mul8u_EXZ.bin
2025-11-05 15:49:26 [INFO]   Accuracy: 0.9580
2025-11-05 15:49:26 [INFO]   Drop:     0.0000 (0.00%)
2025-11-05 15:49:26 [INFO] Testing: mul8u_FTA.bin
2025-11-05 15:49:26 [INFO]   Accuracy: 0.9550
2025-11-05 15:49:26 [INFO]   Drop:     0.0030 (0.31%)
2025-11-05 15:49:26 [INFO] Testing: mul8u_GS2.bin
2025-11-05 15:49:26 [INFO]   Accuracy: 0.9580
2025-11-05 15:49:26 [INFO]   Drop:     0.0000 (0.00%)
2025-11-05 15:49:26 [INFO] Testing: mul8u_JQQ.bin
2025-11-05 15:49:26 [INFO]   Accuracy: 0.9360
2025-11-05 15:49:26 [INFO]   Drop:     0.0220 (2.30%)
2025-11-05 15:49:26 [INFO] Testing: mul8u_JV3.bin
2025-11-05 15:49:26 [INFO]   Accuracy: 0.9520
2025-11-05 15:49:26 [INFO]   Drop:     0.0060 (0.63%)
2025-11-05 15:49:26 [INFO] Testing: mul8u_KEM.bin
2025-11-05 15:49:26 [INFO]   Accuracy: 0.9580
2025-11-05 15:49:26 [INFO]   Drop:     0.0000 (0.00%)
2025-11-05 15:49:26 [INFO] Testing: mul8u_L40.bin
2025-11-05 15:49:26 [INFO]   Accuracy: 0.7820
2025-11-05 15:49:26 [INFO]   Drop:     0.1760 (18.37%)
2025-11-05 15:49:27 [INFO] Testing: mul8u_NGR.bin
2025-11-05 15:49:27 [INFO]   Accuracy: 0.9580
2025-11-05 15:49:27 [INFO]   Drop:     0.0000 (0.00%)
2025-11-05 15:49:27 [INFO] Testing: mul8u_PKY.bin
2025-11-05 15:49:27 [INFO]   Accuracy: 0.9570
2025-11-05 15:49:27 [INFO]   Drop:     0.0010 (0.10%)
2025-11-05 15:49:27 [INFO] Testing: mul8u_QJD.bin
2025-11-05 15:49:27 [INFO]   Accuracy: 0.9580
2025-11-05 15:49:27 [INFO]   Drop:     0.0000 (0.00%)
2025-11-05 15:49:27 [INFO] Testing: mul8u_QKX.bin
2025-11-05 15:49:27 [INFO]   Accuracy: 0.1260
2025-11-05 15:49:27 [INFO]   Drop:     0.8320 (86.85%)
2025-11-05 15:49:27 [INFO] Testing: mul8u_Y48.bin
2025-11-05 15:49:27 [INFO]   Accuracy: 0.9580
2025-11-05 15:49:27 [INFO]   Drop:     0.0000 (0.00%)
2025-11-05 15:49:27 [INFO] Testing: mul8u_YX7.bin
2025-11-05 15:49:27 [INFO]   Accuracy: 0.1260
2025-11-05 15:49:27 [INFO]   Drop:     0.8320 (86.85%)
2025-11-05 15:49:28 [INFO] Testing: mul8u_ZFB.bin
2025-11-05 15:49:28 [INFO]   Accuracy: 0.9570
2025-11-05 15:49:28 [INFO]   Drop:     0.0010 (0.10%)
2025-11-05 15:49:28 [INFO] 
======================================================================
2025-11-05 15:49:28 [INFO] FINAL RESULTS SUMMARY
2025-11-05 15:49:28 [INFO] ======================================================================
2025-11-05 15:49:28 [INFO] Standard Accuracy: 0.9580
2025-11-05 15:49:28 [INFO] Total Multipliers Tested: 36
2025-11-05 15:49:28 [INFO] 
Accuracy Statistics:
2025-11-05 15:49:28 [INFO]   Best:  0.9590
2025-11-05 15:49:28 [INFO]   Worst: 0.1260
2025-11-05 15:49:28 [INFO]   Mean:  0.8736
2025-11-05 15:49:28 [INFO] 
Drop Statistics:
2025-11-05 15:49:28 [INFO]   Min Drop:  -0.0010 (-0.10%)
2025-11-05 15:49:28 [INFO]   Max Drop:  0.8320 (86.85%)
2025-11-05 15:49:28 [INFO]   Mean Drop: 0.0844
2025-11-05 15:49:28 [INFO] 
Multiplier Categories:
2025-11-05 15:49:28 [INFO]   Excellent (≤1% drop):   27
2025-11-05 15:49:28 [INFO]   Good (1-5% drop):       1
2025-11-05 15:49:28 [INFO]   Medium (5-10% drop):    3
2025-11-05 15:49:28 [INFO]   Poor (>10% drop):       5
2025-11-05 15:49:28 [INFO] 
Multiplier                     Accuracy     Drop         Drop %    
2025-11-05 15:49:28 [INFO] ----------------------------------------------------------------------
2025-11-05 15:49:28 [INFO] mul8u_19DB.bin                 0.9590       -0.0010      -0.10     %
2025-11-05 15:49:28 [INFO] mul8u_1AGV.bin                 0.9590       -0.0010      -0.10     %
2025-11-05 15:49:28 [INFO] mul8u_DM1.bin                  0.9590       -0.0010      -0.10     %
2025-11-05 15:49:28 [INFO] mul8u_125K.bin                 0.9580       0.0000       0.00      %
2025-11-05 15:49:28 [INFO] mul8u_12N4.bin                 0.9580       0.0000       0.00      %
2025-11-05 15:49:28 [INFO] mul8u_1446.bin                 0.9580       0.0000       0.00      %
2025-11-05 15:49:28 [INFO] mul8u_14VP.bin                 0.9580       0.0000       0.00      %
2025-11-05 15:49:28 [INFO] mul8u_150Q.bin                 0.9580       0.0000       0.00      %
2025-11-05 15:49:28 [INFO] mul8u_1JFF.bin                 0.9580       0.0000       0.00      %
2025-11-05 15:49:28 [INFO] mul8u_2AC.bin                  0.9580       0.0000       0.00      %
2025-11-05 15:49:28 [INFO] mul8u_2P7.bin                  0.9580       0.0000       0.00      %
2025-11-05 15:49:28 [INFO] mul8u_7C1.bin                  0.9580       0.0000       0.00      %
2025-11-05 15:49:28 [INFO] mul8u_CK5.bin                  0.9580       0.0000       0.00      %
2025-11-05 15:49:28 [INFO] mul8u_EXZ.bin                  0.9580       0.0000       0.00      %
2025-11-05 15:49:28 [INFO] mul8u_GS2.bin                  0.9580       0.0000       0.00      %
2025-11-05 15:49:28 [INFO] mul8u_KEM.bin                  0.9580       0.0000       0.00      %
2025-11-05 15:49:28 [INFO] mul8u_NGR.bin                  0.9580       0.0000       0.00      %
2025-11-05 15:49:28 [INFO] mul8u_QJD.bin                  0.9580       0.0000       0.00      %
2025-11-05 15:49:28 [INFO] mul8u_Y48.bin                  0.9580       0.0000       0.00      %
2025-11-05 15:49:28 [INFO] mul8u_17KS.bin                 0.9570       0.0010       0.10      %
2025-11-05 15:49:28 [INFO] mul8u_185Q.bin                 0.9570       0.0010       0.10      %
2025-11-05 15:49:28 [INFO] mul8u_PKY.bin                  0.9570       0.0010       0.10      %
2025-11-05 15:49:28 [INFO] mul8u_ZFB.bin                  0.9570       0.0010       0.10      %
2025-11-05 15:49:28 [INFO] mul8u_2HH.bin                  0.9560       0.0020       0.21      %
2025-11-05 15:49:28 [INFO] mul8u_FTA.bin                  0.9550       0.0030       0.31      %
2025-11-05 15:49:28 [INFO] mul8u_96D.bin                  0.9540       0.0040       0.42      %
2025-11-05 15:49:28 [INFO] mul8u_JV3.bin                  0.9520       0.0060       0.63      %
2025-11-05 15:49:28 [INFO] mul8u_JQQ.bin                  0.9360       0.0220       2.30      %
2025-11-05 15:49:28 [INFO] mul8u_13QR.bin                 0.9080       0.0500       5.22      %
2025-11-05 15:49:28 [INFO] mul8u_18DU.bin                 0.9080       0.0500       5.22      %
2025-11-05 15:49:28 [INFO] mul8u_17QU.bin                 0.8930       0.0650       6.78      %
2025-11-05 15:49:28 [INFO] mul8u_17C8.bin                 0.7960       0.1620       16.91     %
2025-11-05 15:49:28 [INFO] mul8u_L40.bin                  0.7820       0.1760       18.37     %
2025-11-05 15:49:28 [INFO] mul8u_199Z.bin                 0.1260       0.8320       86.85     %
2025-11-05 15:49:28 [INFO] mul8u_QKX.bin                  0.1260       0.8320       86.85     %
2025-11-05 15:49:28 [INFO] mul8u_YX7.bin                  0.1260       0.8320       86.85     %
2025-11-05 15:49:28 [INFO] 
======================================================================
2025-11-05 15:49:28 [INFO] BEST APPROXIMATE MULTIPLIER
2025-11-05 15:49:28 [INFO] ======================================================================
2025-11-05 15:49:28 [INFO] Multiplier:  mul8u_19DB.bin
2025-11-05 15:49:28 [INFO] Accuracy:    0.9590
2025-11-05 15:49:28 [INFO] Drop:        -0.0010 (-0.10%)
2025-11-05 15:49:28 [INFO] 
✓ Results saved to: logs/nas_results_20251105_154907.json
2025-11-05 15:49:28 [INFO] 
======================================================================
2025-11-05 15:49:28 [INFO] NAS Run Completed
2025-11-05 15:49:28 [INFO] Log file: logs/nas_run_20251105_154907.log
2025-11-05 15:49:28 [INFO] ======================================================================
