2025-11-05 14:21:10 [INFO] ======================================================================
2025-11-05 14:21:10 [INFO] NAS with Approximate Multipliers - Started
2025-11-05 14:21:10 [INFO] Log file: logs/nas_run_20251105_142110.log
2025-11-05 14:21:10 [INFO] ======================================================================
2025-11-05 14:21:10 [INFO] 
======================================================================
2025-11-05 14:21:10 [INFO] STEP 1: NAS with STANDARD multipliers
2025-11-05 14:21:10 [INFO] ======================================================================
2025-11-05 14:21:10 [INFO] Starting NAS: STANDARD

2025-11-05 14:21:12 [INFO] Trial 1/20
2025-11-05 14:21:12 [INFO]   Architecture: [{'op': 'avg_pool', 'filters': 128, 'use_bn': False}, {'op': 'conv5x5', 'filters': 64, 'use_bn': False}, {'op': 'conv5x5', 'filters': 32, 'use_bn': True}]
2025-11-05 14:21:12 [INFO]   Accuracy: 0.9490
2025-11-05 14:21:15 [INFO] Trial 2/20
2025-11-05 14:21:15 [INFO]   Architecture: [{'op': 'conv3x3', 'filters': 32, 'use_bn': False}, {'op': 'conv3x3', 'filters': 64, 'use_bn': False}, {'op': 'conv3x3', 'filters': 128, 'use_bn': False}]
2025-11-05 14:21:15 [INFO]   Accuracy: 0.9630
2025-11-05 14:21:17 [INFO] Trial 3/20
2025-11-05 14:21:17 [INFO]   Architecture: [{'op': 'conv5x5', 'filters': 32, 'use_bn': True}, {'op': 'conv5x5', 'filters': 128, 'use_bn': True}, {'op': 'avg_pool', 'filters': 128, 'use_bn': False}]
2025-11-05 14:21:17 [INFO]   Accuracy: 0.2180
2025-11-05 14:21:19 [INFO] Trial 4/20
2025-11-05 14:21:19 [INFO]   Architecture: [{'op': 'conv3x3', 'filters': 64, 'use_bn': True}, {'op': 'conv3x3', 'filters': 32, 'use_bn': False}, {'op': 'conv5x5', 'filters': 64, 'use_bn': False}]
2025-11-05 14:21:19 [INFO]   Accuracy: 0.9540
2025-11-05 14:21:20 [INFO] Trial 5/20
2025-11-05 14:21:20 [INFO]   Architecture: [{'op': 'conv5x5', 'filters': 32, 'use_bn': True}, {'op': 'avg_pool', 'filters': 128, 'use_bn': False}, {'op': 'conv3x3', 'filters': 128, 'use_bn': True}]
2025-11-05 14:21:20 [INFO]   Accuracy: 0.2980
2025-11-05 14:21:22 [INFO] Trial 6/20
2025-11-05 14:21:22 [INFO]   Architecture: [{'op': 'conv5x5', 'filters': 64, 'use_bn': True}, {'op': 'conv3x3', 'filters': 32, 'use_bn': True}, {'op': 'avg_pool', 'filters': 64, 'use_bn': False}]
2025-11-05 14:21:22 [INFO]   Accuracy: 0.3670
2025-11-05 14:21:23 [INFO] Trial 7/20
2025-11-05 14:21:23 [INFO]   Architecture: [{'op': 'conv3x3', 'filters': 64, 'use_bn': True}, {'op': 'avg_pool', 'filters': 128, 'use_bn': False}, {'op': 'avg_pool', 'filters': 128, 'use_bn': False}]
2025-11-05 14:21:23 [INFO]   Accuracy: 0.8250
2025-11-05 14:21:26 [INFO] Trial 8/20
2025-11-05 14:21:26 [INFO]   Architecture: [{'op': 'conv5x5', 'filters': 128, 'use_bn': True}, {'op': 'conv3x3', 'filters': 128, 'use_bn': True}, {'op': 'avg_pool', 'filters': 32, 'use_bn': False}]
2025-11-05 14:21:26 [INFO]   Accuracy: 0.2030
2025-11-05 14:21:26 [INFO] Trial 9/20
2025-11-05 14:21:26 [INFO]   Architecture: [{'op': 'avg_pool', 'filters': 32, 'use_bn': False}, {'op': 'conv5x5', 'filters': 32, 'use_bn': True}, {'op': 'conv5x5', 'filters': 32, 'use_bn': True}]
2025-11-05 14:21:26 [INFO]   Accuracy: 0.1830
2025-11-05 14:21:27 [INFO] Trial 10/20
2025-11-05 14:21:27 [INFO]   Architecture: [{'op': 'max_pool', 'filters': 64, 'use_bn': False}, {'op': 'conv5x5', 'filters': 128, 'use_bn': False}, {'op': 'max_pool', 'filters': 64, 'use_bn': False}]
2025-11-05 14:21:27 [INFO]   Accuracy: 0.9510
2025-11-05 14:21:28 [INFO] Trial 11/20
2025-11-05 14:21:28 [INFO]   Architecture: [{'op': 'avg_pool', 'filters': 64, 'use_bn': False}, {'op': 'avg_pool', 'filters': 64, 'use_bn': False}, {'op': 'conv3x3', 'filters': 32, 'use_bn': True}]
2025-11-05 14:21:28 [INFO]   Accuracy: 0.9300
2025-11-05 14:21:29 [INFO] Trial 12/20
2025-11-05 14:21:29 [INFO]   Architecture: [{'op': 'conv3x3', 'filters': 32, 'use_bn': True}, {'op': 'avg_pool', 'filters': 64, 'use_bn': False}, {'op': 'conv5x5', 'filters': 32, 'use_bn': False}]
2025-11-05 14:21:29 [INFO]   Accuracy: 0.9470
2025-11-05 14:21:31 [INFO] Trial 13/20
2025-11-05 14:21:31 [INFO]   Architecture: [{'op': 'conv5x5', 'filters': 32, 'use_bn': True}, {'op': 'conv5x5', 'filters': 64, 'use_bn': True}, {'op': 'conv5x5', 'filters': 32, 'use_bn': False}]
2025-11-05 14:21:31 [INFO]   Accuracy: 0.3440
2025-11-05 14:21:32 [INFO] Trial 14/20
2025-11-05 14:21:32 [INFO]   Architecture: [{'op': 'avg_pool', 'filters': 128, 'use_bn': False}, {'op': 'conv5x5', 'filters': 32, 'use_bn': True}, {'op': 'conv3x3', 'filters': 128, 'use_bn': True}]
2025-11-05 14:21:32 [INFO]   Accuracy: 0.1970
2025-11-05 14:21:33 [INFO] Trial 15/20
2025-11-05 14:21:33 [INFO]   Architecture: [{'op': 'conv3x3', 'filters': 64, 'use_bn': False}, {'op': 'conv5x5', 'filters': 64, 'use_bn': False}, {'op': 'max_pool', 'filters': 128, 'use_bn': False}]
2025-11-05 14:21:33 [INFO]   Accuracy: 0.9700
2025-11-05 14:21:34 [INFO] Trial 16/20
2025-11-05 14:21:34 [INFO]   Architecture: [{'op': 'conv5x5', 'filters': 128, 'use_bn': False}, {'op': 'max_pool', 'filters': 128, 'use_bn': False}, {'op': 'avg_pool', 'filters': 128, 'use_bn': False}]
2025-11-05 14:21:34 [INFO]   Accuracy: 0.9440
2025-11-05 14:21:35 [INFO] Trial 17/20
2025-11-05 14:21:35 [INFO]   Architecture: [{'op': 'avg_pool', 'filters': 64, 'use_bn': False}, {'op': 'conv3x3', 'filters': 64, 'use_bn': True}, {'op': 'avg_pool', 'filters': 128, 'use_bn': False}]
2025-11-05 14:21:35 [INFO]   Accuracy: 0.8890
2025-11-05 14:21:35 [INFO] Trial 18/20
2025-11-05 14:21:35 [INFO]   Architecture: [{'op': 'avg_pool', 'filters': 32, 'use_bn': False}, {'op': 'conv3x3', 'filters': 64, 'use_bn': False}, {'op': 'avg_pool', 'filters': 64, 'use_bn': False}]
2025-11-05 14:21:35 [INFO]   Accuracy: 0.9060
2025-11-05 14:21:36 [INFO] Trial 19/20
2025-11-05 14:21:36 [INFO]   Architecture: [{'op': 'max_pool', 'filters': 32, 'use_bn': False}, {'op': 'max_pool', 'filters': 64, 'use_bn': False}, {'op': 'conv3x3', 'filters': 32, 'use_bn': False}]
2025-11-05 14:21:36 [INFO]   Accuracy: 0.8280
2025-11-05 14:21:38 [INFO] Trial 20/20
2025-11-05 14:21:38 [INFO]   Architecture: [{'op': 'conv3x3', 'filters': 128, 'use_bn': True}, {'op': 'conv5x5', 'filters': 32, 'use_bn': True}, {'op': 'conv5x5', 'filters': 32, 'use_bn': False}]
2025-11-05 14:21:38 [INFO]   Accuracy: 0.1640
2025-11-05 14:21:38 [INFO] 
======================================================================
2025-11-05 14:21:38 [INFO] STEP 2: Train BEST architecture
2025-11-05 14:21:38 [INFO] ======================================================================
2025-11-05 14:21:38 [INFO] Best Architecture: [{'op': 'conv3x3', 'filters': 64, 'use_bn': False}, {'op': 'conv5x5', 'filters': 64, 'use_bn': False}, {'op': 'max_pool', 'filters': 128, 'use_bn': False}]
2025-11-05 14:21:38 [INFO] Training standard model...
2025-11-05 14:21:43 [INFO] Training completed: 20 epochs
2025-11-05 14:21:43 [INFO] ✓ Standard model accuracy: 0.9760
2025-11-05 14:21:43 [INFO] 
============================================================
2025-11-05 14:21:43 [INFO] BEST ARCHITECTURE FOUND
2025-11-05 14:21:43 [INFO] ============================================================
2025-11-05 14:21:43 [INFO] Architecture: [{'op': 'conv3x3', 'filters': 64, 'use_bn': False}, {'op': 'conv5x5', 'filters': 64, 'use_bn': False}, {'op': 'max_pool', 'filters': 128, 'use_bn': False}]
2025-11-05 14:21:43 [INFO] Accuracy: 0.9760
2025-11-05 14:21:43 [INFO] ============================================================
2025-11-05 14:21:43 [INFO] 
======================================================================
2025-11-05 14:21:43 [INFO] STEP 3: Test with DIFFERENT APPROXIMATE MULTIPLIERS
2025-11-05 14:21:43 [INFO] ======================================================================
2025-11-05 14:21:43 [INFO] Found 36 multipliers to test

2025-11-05 14:21:43 [INFO] Testing: mul8u_125K.bin
2025-11-05 14:21:43 [INFO]   Accuracy: 0.9750
2025-11-05 14:21:43 [INFO]   Drop:     0.0010 (0.10%)
2025-11-05 14:21:44 [INFO] Testing: mul8u_12N4.bin
2025-11-05 14:21:44 [INFO]   Accuracy: 0.9750
2025-11-05 14:21:44 [INFO]   Drop:     0.0010 (0.10%)
2025-11-05 14:21:44 [INFO] Testing: mul8u_13QR.bin
2025-11-05 14:21:44 [INFO]   Accuracy: 0.1260
2025-11-05 14:21:44 [INFO]   Drop:     0.8500 (87.09%)
2025-11-05 14:21:45 [INFO] Testing: mul8u_1446.bin
2025-11-05 14:21:45 [INFO]   Accuracy: 0.9760
2025-11-05 14:21:45 [INFO]   Drop:     0.0000 (0.00%)
2025-11-05 14:21:45 [INFO] Testing: mul8u_14VP.bin
2025-11-05 14:21:45 [INFO]   Accuracy: 0.9760
2025-11-05 14:21:45 [INFO]   Drop:     0.0000 (0.00%)
2025-11-05 14:21:46 [INFO] Testing: mul8u_150Q.bin
2025-11-05 14:21:46 [INFO]   Accuracy: 0.9760
2025-11-05 14:21:46 [INFO]   Drop:     0.0000 (0.00%)
2025-11-05 14:21:46 [INFO] Testing: mul8u_17C8.bin
2025-11-05 14:21:46 [INFO]   Accuracy: 0.1260
2025-11-05 14:21:46 [INFO]   Drop:     0.8500 (87.09%)
2025-11-05 14:21:47 [INFO] Testing: mul8u_17KS.bin
2025-11-05 14:21:47 [INFO]   Accuracy: 0.9740
2025-11-05 14:21:47 [INFO]   Drop:     0.0020 (0.20%)
2025-11-05 14:21:47 [INFO] Testing: mul8u_17QU.bin
2025-11-05 14:21:47 [INFO]   Accuracy: 0.1270
2025-11-05 14:21:47 [INFO]   Drop:     0.8490 (86.99%)
2025-11-05 14:21:48 [INFO] Testing: mul8u_185Q.bin
2025-11-05 14:21:48 [INFO]   Accuracy: 0.9760
2025-11-05 14:21:48 [INFO]   Drop:     0.0000 (0.00%)
2025-11-05 14:21:48 [INFO] Testing: mul8u_18DU.bin
2025-11-05 14:21:48 [INFO]   Accuracy: 0.5800
2025-11-05 14:21:48 [INFO]   Drop:     0.3960 (40.57%)
2025-11-05 14:21:48 [INFO] Testing: mul8u_199Z.bin
2025-11-05 14:21:48 [INFO]   Accuracy: 0.1260
2025-11-05 14:21:48 [INFO]   Drop:     0.8500 (87.09%)
2025-11-05 14:21:49 [INFO] Testing: mul8u_19DB.bin
2025-11-05 14:21:49 [INFO]   Accuracy: 0.9760
2025-11-05 14:21:49 [INFO]   Drop:     0.0000 (0.00%)
2025-11-05 14:21:49 [INFO] Testing: mul8u_1AGV.bin
2025-11-05 14:21:49 [INFO]   Accuracy: 0.9760
2025-11-05 14:21:49 [INFO]   Drop:     0.0000 (0.00%)
2025-11-05 14:21:50 [INFO] Testing: mul8u_1JFF.bin
2025-11-05 14:21:50 [INFO]   Accuracy: 0.9750
2025-11-05 14:21:50 [INFO]   Drop:     0.0010 (0.10%)
2025-11-05 14:21:50 [INFO] Testing: mul8u_2AC.bin
2025-11-05 14:21:50 [INFO]   Accuracy: 0.9730
2025-11-05 14:21:50 [INFO]   Drop:     0.0030 (0.31%)
2025-11-05 14:21:51 [INFO] Testing: mul8u_2HH.bin
2025-11-05 14:21:51 [INFO]   Accuracy: 0.9610
2025-11-05 14:21:51 [INFO]   Drop:     0.0150 (1.54%)
2025-11-05 14:21:51 [INFO] Testing: mul8u_2P7.bin
2025-11-05 14:21:51 [INFO]   Accuracy: 0.9750
2025-11-05 14:21:51 [INFO]   Drop:     0.0010 (0.10%)
2025-11-05 14:21:52 [INFO] Testing: mul8u_7C1.bin
2025-11-05 14:21:52 [INFO]   Accuracy: 0.9760
2025-11-05 14:21:52 [INFO]   Drop:     0.0000 (0.00%)
2025-11-05 14:21:52 [INFO] Testing: mul8u_96D.bin
2025-11-05 14:21:52 [INFO]   Accuracy: 0.9750
2025-11-05 14:21:52 [INFO]   Drop:     0.0010 (0.10%)
2025-11-05 14:21:53 [INFO] Testing: mul8u_CK5.bin
2025-11-05 14:21:53 [INFO]   Accuracy: 0.9770
2025-11-05 14:21:53 [INFO]   Drop:     -0.0010 (-0.10%)
2025-11-05 14:21:53 [INFO] Testing: mul8u_DM1.bin
2025-11-05 14:21:53 [INFO]   Accuracy: 0.9760
2025-11-05 14:21:53 [INFO]   Drop:     0.0000 (0.00%)
2025-11-05 14:21:54 [INFO] Testing: mul8u_EXZ.bin
2025-11-05 14:21:54 [INFO]   Accuracy: 0.9750
2025-11-05 14:21:54 [INFO]   Drop:     0.0010 (0.10%)
2025-11-05 14:21:54 [INFO] Testing: mul8u_FTA.bin
2025-11-05 14:21:54 [INFO]   Accuracy: 0.9590
2025-11-05 14:21:54 [INFO]   Drop:     0.0170 (1.74%)
2025-11-05 14:21:55 [INFO] Testing: mul8u_GS2.bin
2025-11-05 14:21:55 [INFO]   Accuracy: 0.9770
2025-11-05 14:21:55 [INFO]   Drop:     -0.0010 (-0.10%)
2025-11-05 14:21:55 [INFO] Testing: mul8u_JQQ.bin
2025-11-05 14:21:55 [INFO]   Accuracy: 0.9740
2025-11-05 14:21:55 [INFO]   Drop:     0.0020 (0.20%)
2025-11-05 14:21:56 [INFO] Testing: mul8u_JV3.bin
2025-11-05 14:21:56 [INFO]   Accuracy: 0.9700
2025-11-05 14:21:56 [INFO]   Drop:     0.0060 (0.61%)
2025-11-05 14:21:56 [INFO] Testing: mul8u_KEM.bin
2025-11-05 14:21:56 [INFO]   Accuracy: 0.9760
2025-11-05 14:21:56 [INFO]   Drop:     0.0000 (0.00%)
2025-11-05 14:21:57 [INFO] Testing: mul8u_L40.bin
2025-11-05 14:21:57 [INFO]   Accuracy: 0.9750
2025-11-05 14:21:57 [INFO]   Drop:     0.0010 (0.10%)
2025-11-05 14:21:57 [INFO] Testing: mul8u_NGR.bin
2025-11-05 14:21:57 [INFO]   Accuracy: 0.9760
2025-11-05 14:21:57 [INFO]   Drop:     0.0000 (0.00%)
2025-11-05 14:21:58 [INFO] Testing: mul8u_PKY.bin
2025-11-05 14:21:58 [INFO]   Accuracy: 0.9770
2025-11-05 14:21:58 [INFO]   Drop:     -0.0010 (-0.10%)
2025-11-05 14:21:58 [INFO] Testing: mul8u_QJD.bin
2025-11-05 14:21:58 [INFO]   Accuracy: 0.9760
2025-11-05 14:21:58 [INFO]   Drop:     0.0000 (0.00%)
2025-11-05 14:21:59 [INFO] Testing: mul8u_QKX.bin
2025-11-05 14:21:59 [INFO]   Accuracy: 0.1280
2025-11-05 14:21:59 [INFO]   Drop:     0.8480 (86.89%)
2025-11-05 14:21:59 [INFO] Testing: mul8u_Y48.bin
2025-11-05 14:21:59 [INFO]   Accuracy: 0.9750
2025-11-05 14:21:59 [INFO]   Drop:     0.0010 (0.10%)
2025-11-05 14:22:00 [INFO] Testing: mul8u_YX7.bin
2025-11-05 14:22:00 [INFO]   Accuracy: 0.3080
2025-11-05 14:22:00 [INFO]   Drop:     0.6680 (68.44%)
2025-11-05 14:22:00 [INFO] Testing: mul8u_ZFB.bin
2025-11-05 14:22:00 [INFO]   Accuracy: 0.9760
2025-11-05 14:22:00 [INFO]   Drop:     0.0000 (0.00%)
2025-11-05 14:22:00 [INFO] 
======================================================================
2025-11-05 14:22:00 [INFO] FINAL RESULTS SUMMARY
2025-11-05 14:22:00 [INFO] ======================================================================
2025-11-05 14:22:00 [INFO] Standard Accuracy: 0.9760
2025-11-05 14:22:00 [INFO] Total Multipliers Tested: 36
2025-11-05 14:22:00 [INFO] 
Accuracy Statistics:
2025-11-05 14:22:00 [INFO]   Best:  0.9770
2025-11-05 14:22:00 [INFO]   Worst: 0.1260
2025-11-05 14:22:00 [INFO]   Mean:  0.8271
2025-11-05 14:22:00 [INFO] 
Drop Statistics:
2025-11-05 14:22:00 [INFO]   Min Drop:  -0.0010 (-0.10%)
2025-11-05 14:22:00 [INFO]   Max Drop:  0.8500 (87.09%)
2025-11-05 14:22:00 [INFO]   Mean Drop: 0.1489
2025-11-05 14:22:00 [INFO] 
Multiplier Categories:
2025-11-05 14:22:00 [INFO]   Excellent (≤1% drop):   27
2025-11-05 14:22:00 [INFO]   Good (1-5% drop):       2
2025-11-05 14:22:00 [INFO]   Medium (5-10% drop):    0
2025-11-05 14:22:00 [INFO]   Poor (>10% drop):       7
2025-11-05 14:22:00 [INFO] 
Multiplier                     Accuracy     Drop         Drop %    
2025-11-05 14:22:00 [INFO] ----------------------------------------------------------------------
2025-11-05 14:22:00 [INFO] mul8u_CK5.bin                  0.9770       -0.0010      -0.10     %
2025-11-05 14:22:00 [INFO] mul8u_GS2.bin                  0.9770       -0.0010      -0.10     %
2025-11-05 14:22:00 [INFO] mul8u_PKY.bin                  0.9770       -0.0010      -0.10     %
2025-11-05 14:22:00 [INFO] mul8u_1446.bin                 0.9760       0.0000       0.00      %
2025-11-05 14:22:00 [INFO] mul8u_14VP.bin                 0.9760       0.0000       0.00      %
2025-11-05 14:22:00 [INFO] mul8u_150Q.bin                 0.9760       0.0000       0.00      %
2025-11-05 14:22:00 [INFO] mul8u_185Q.bin                 0.9760       0.0000       0.00      %
2025-11-05 14:22:00 [INFO] mul8u_19DB.bin                 0.9760       0.0000       0.00      %
2025-11-05 14:22:00 [INFO] mul8u_1AGV.bin                 0.9760       0.0000       0.00      %
2025-11-05 14:22:00 [INFO] mul8u_7C1.bin                  0.9760       0.0000       0.00      %
2025-11-05 14:22:00 [INFO] mul8u_DM1.bin                  0.9760       0.0000       0.00      %
2025-11-05 14:22:00 [INFO] mul8u_KEM.bin                  0.9760       0.0000       0.00      %
2025-11-05 14:22:00 [INFO] mul8u_NGR.bin                  0.9760       0.0000       0.00      %
2025-11-05 14:22:00 [INFO] mul8u_QJD.bin                  0.9760       0.0000       0.00      %
2025-11-05 14:22:00 [INFO] mul8u_ZFB.bin                  0.9760       0.0000       0.00      %
2025-11-05 14:22:00 [INFO] mul8u_125K.bin                 0.9750       0.0010       0.10      %
2025-11-05 14:22:00 [INFO] mul8u_12N4.bin                 0.9750       0.0010       0.10      %
2025-11-05 14:22:00 [INFO] mul8u_1JFF.bin                 0.9750       0.0010       0.10      %
2025-11-05 14:22:00 [INFO] mul8u_2P7.bin                  0.9750       0.0010       0.10      %
2025-11-05 14:22:00 [INFO] mul8u_96D.bin                  0.9750       0.0010       0.10      %
2025-11-05 14:22:00 [INFO] mul8u_EXZ.bin                  0.9750       0.0010       0.10      %
2025-11-05 14:22:00 [INFO] mul8u_L40.bin                  0.9750       0.0010       0.10      %
2025-11-05 14:22:00 [INFO] mul8u_Y48.bin                  0.9750       0.0010       0.10      %
2025-11-05 14:22:00 [INFO] mul8u_17KS.bin                 0.9740       0.0020       0.20      %
2025-11-05 14:22:00 [INFO] mul8u_JQQ.bin                  0.9740       0.0020       0.20      %
2025-11-05 14:22:00 [INFO] mul8u_2AC.bin                  0.9730       0.0030       0.31      %
2025-11-05 14:22:00 [INFO] mul8u_JV3.bin                  0.9700       0.0060       0.61      %
2025-11-05 14:22:00 [INFO] mul8u_2HH.bin                  0.9610       0.0150       1.54      %
2025-11-05 14:22:00 [INFO] mul8u_FTA.bin                  0.9590       0.0170       1.74      %
2025-11-05 14:22:00 [INFO] mul8u_18DU.bin                 0.5800       0.3960       40.57     %
2025-11-05 14:22:00 [INFO] mul8u_YX7.bin                  0.3080       0.6680       68.44     %
2025-11-05 14:22:00 [INFO] mul8u_QKX.bin                  0.1280       0.8480       86.89     %
2025-11-05 14:22:00 [INFO] mul8u_17QU.bin                 0.1270       0.8490       86.99     %
2025-11-05 14:22:00 [INFO] mul8u_13QR.bin                 0.1260       0.8500       87.09     %
2025-11-05 14:22:00 [INFO] mul8u_17C8.bin                 0.1260       0.8500       87.09     %
2025-11-05 14:22:00 [INFO] mul8u_199Z.bin                 0.1260       0.8500       87.09     %
2025-11-05 14:22:00 [INFO] 
======================================================================
2025-11-05 14:22:00 [INFO] BEST APPROXIMATE MULTIPLIER
2025-11-05 14:22:00 [INFO] ======================================================================
2025-11-05 14:22:00 [INFO] Multiplier:  mul8u_CK5.bin
2025-11-05 14:22:00 [INFO] Accuracy:    0.9770
2025-11-05 14:22:00 [INFO] Drop:        -0.0010 (-0.10%)
