2025-11-09 14:56:37 [INFO] ======================================================================
2025-11-09 14:56:37 [INFO] NAS with Approximate Multipliers - Started
2025-11-09 14:56:37 [INFO] Log file: logs/nas_run_20251109_145637.log
2025-11-09 14:56:37 [INFO] ======================================================================
2025-11-09 14:56:37 [INFO] ======================================================================
2025-11-09 14:56:37 [INFO] CONFIGURATION
2025-11-09 14:56:37 [INFO] ======================================================================
2025-11-09 14:56:37 [INFO] Dataset: cifar10
2025-11-09 14:56:37 [INFO] Training samples: 5000
2025-11-09 14:56:37 [INFO] Validation samples: 1000
2025-11-09 14:56:37 [INFO] NAS trials: 20
2025-11-09 14:56:37 [INFO] NAS blocks: 4
2025-11-09 14:56:37 [INFO] NAS method: evolutionary
2025-11-09 14:56:37 [INFO] Training epochs: 30
2025-11-09 14:56:37 [INFO] Batch size: 128
2025-11-09 14:56:37 [INFO] Learning rate: 0.001
2025-11-09 14:56:37 [INFO] LR scheduling: No
2025-11-09 14:56:37 [INFO] Multiplier dir: ./multipliers
2025-11-09 14:56:37 [INFO] Save predictions: No
2025-11-09 14:56:37 [INFO] Results dir: logs/results
2025-11-09 14:56:37 [INFO] 
======================================================================
2025-11-09 14:56:37 [INFO] STEP 0: Loading Dataset
2025-11-09 14:56:37 [INFO] ======================================================================
2025-11-09 14:56:37 [INFO] Input shape: (32, 32, 3)
2025-11-09 14:56:37 [INFO] Number of classes: 10
2025-11-09 14:56:37 [INFO] Training samples (full): 44000
2025-11-09 14:56:37 [INFO] Validation samples (full): 6000
2025-11-09 14:56:37 [INFO] Test samples: 10000
2025-11-09 14:56:37 [INFO] 
Using subset:
2025-11-09 14:56:37 [INFO]   Training: 5000 samples
2025-11-09 14:56:37 [INFO]   Validation: 1000 samples
2025-11-09 14:56:37 [INFO]   Classes: airplane, automobile, bird, cat, deer...
2025-11-09 14:56:37 [INFO] 
======================================================================
2025-11-09 14:56:37 [INFO] STEP 1: Using Predefined Architecture (NAS Skipped)
2025-11-09 14:56:37 [INFO] ======================================================================
2025-11-09 14:56:37 [INFO] Architecture: [{'op': 'conv3x3', 'filters': 32, 'use_bn': True}, {'op': 'conv3x3', 'filters': 64, 'use_bn': True}, {'op': 'max_pool', 'filters': 64, 'use_bn': False}, {'op': 'conv3x3', 'filters': 128, 'use_bn': True}, {'op': 'conv1x1', 'filters': 128, 'use_bn': False}]
2025-11-09 14:56:38 [WARNING] sample_weight modes were coerced from
  ...
    to  
  ['...']
