2025-11-07 11:36:40 [INFO] ======================================================================
2025-11-07 11:36:40 [INFO] NAS with Approximate Multipliers - Started
2025-11-07 11:36:40 [INFO] Log file: logs/nas_run_20251107_113640.log
2025-11-07 11:36:40 [INFO] ======================================================================
2025-11-07 11:36:40 [INFO] ======================================================================
2025-11-07 11:36:40 [INFO] CONFIGURATION
2025-11-07 11:36:40 [INFO] ======================================================================
2025-11-07 11:36:40 [INFO] Dataset: cifar10
2025-11-07 11:36:40 [INFO] Training samples: 5000
2025-11-07 11:36:40 [INFO] Validation samples: 1000
2025-11-07 11:36:40 [INFO] NAS trials: 200
2025-11-07 11:36:40 [INFO] NAS blocks: 3
2025-11-07 11:36:40 [INFO] NAS method: evolutionary
2025-11-07 11:36:40 [INFO] Training epochs: 80
2025-11-07 11:36:40 [INFO] Batch size: 128
2025-11-07 11:36:40 [INFO] Multiplier dir: ./multipliers
2025-11-07 11:36:40 [INFO] 
======================================================================
2025-11-07 11:36:40 [INFO] STEP 0: Loading Dataset
2025-11-07 11:36:40 [INFO] ======================================================================
2025-11-07 11:36:40 [INFO] Input shape: (32, 32, 3)
2025-11-07 11:36:40 [INFO] Number of classes: 10
2025-11-07 11:36:40 [INFO] Training samples (full): 44000
2025-11-07 11:36:40 [INFO] Validation samples (full): 6000
2025-11-07 11:36:40 [INFO] Test samples: 10000
2025-11-07 11:36:40 [INFO] 
Using subset:
2025-11-07 11:36:40 [INFO]   Training: 5000 samples
2025-11-07 11:36:40 [INFO]   Validation: 1000 samples
2025-11-07 11:36:40 [INFO] 
======================================================================
2025-11-07 11:36:40 [INFO] STEP 1: Neural Architecture Search
2025-11-07 11:36:40 [INFO] ======================================================================
2025-11-07 11:36:40 [INFO] Starting NAS: STANDARD - Method: EVOLUTIONARY

2025-11-07 11:36:40 [INFO] Phase 1: Generating initial population (40 architectures)
2025-11-07 11:36:42 [INFO] Init 1/40: Accuracy 0.1890
2025-11-07 11:36:43 [INFO] Init 2/40: Accuracy 0.2120
2025-11-07 11:36:47 [INFO] Init 3/40: Accuracy 0.0930
2025-11-07 11:36:48 [INFO] Init 4/40: Accuracy 0.1920
2025-11-07 11:36:49 [INFO] Init 5/40: Accuracy 0.1170
2025-11-07 11:36:51 [INFO] Init 6/40: Accuracy 0.2370
2025-11-07 11:36:51 [INFO] Init 7/40: Accuracy 0.1820
2025-11-07 11:36:54 [INFO] Init 8/40: Accuracy 0.2340
2025-11-07 11:36:56 [INFO] Init 9/40: Accuracy 0.1640
2025-11-07 11:36:58 [INFO] Init 10/40: Accuracy 0.1480
2025-11-07 11:37:02 [INFO] Init 11/40: Accuracy 0.1220
2025-11-07 11:37:03 [INFO] Init 12/40: Accuracy 0.1810
2025-11-07 11:37:09 [INFO] Init 13/40: Accuracy 0.1010
2025-11-07 11:37:10 [INFO] Init 14/40: Accuracy 0.2050
2025-11-07 11:37:11 [INFO] Init 15/40: Accuracy 0.2100
2025-11-07 11:37:12 [INFO] Init 16/40: Accuracy 0.0960
2025-11-07 11:37:14 [INFO] Init 17/40: Accuracy 0.3250
2025-11-07 11:37:17 [INFO] Init 18/40: Accuracy 0.1000
2025-11-07 11:37:18 [INFO] Init 19/40: Accuracy 0.1840
2025-11-07 11:37:22 [INFO] Init 20/40: Accuracy 0.2440
2025-11-07 11:37:26 [INFO] Init 21/40: Accuracy 0.1990
2025-11-07 11:37:27 [INFO] Init 22/40: Accuracy 0.2560
2025-11-07 11:37:31 [INFO] Init 23/40: Accuracy 0.0930
2025-11-07 11:37:33 [INFO] Init 24/40: Accuracy 0.1000
2025-11-07 11:37:36 [INFO] Init 25/40: Accuracy 0.1800
2025-11-07 11:37:39 [INFO] Init 26/40: Accuracy 0.2440
2025-11-07 11:37:40 [INFO] Init 27/40: Accuracy 0.2010
2025-11-07 11:37:41 [INFO] Init 28/40: Accuracy 0.2820
2025-11-07 11:37:44 [INFO] Init 29/40: Accuracy 0.2490
2025-11-07 11:37:46 [INFO] Init 30/40: Accuracy 0.0950
2025-11-07 11:37:48 [INFO] Init 31/40: Accuracy 0.2370
2025-11-07 11:37:49 [INFO] Init 32/40: Accuracy 0.2600
2025-11-07 11:37:50 [INFO] Init 33/40: Accuracy 0.1440
2025-11-07 11:37:53 [INFO] Init 34/40: Accuracy 0.0900
2025-11-07 11:37:55 [INFO] Init 35/40: Accuracy 0.2540
2025-11-07 11:37:59 [INFO] Init 36/40: Accuracy 0.2140
2025-11-07 11:38:00 [INFO] Init 37/40: Accuracy 0.1260
2025-11-07 11:38:02 [INFO] Init 38/40: Accuracy 0.1710
2025-11-07 11:38:03 [INFO] Init 39/40: Accuracy 0.2700
2025-11-07 11:38:04 [INFO] Init 40/40: Accuracy 0.1840
2025-11-07 11:38:04 [INFO] 
Phase 2: Evolution (160 generations)
2025-11-07 11:38:07 [INFO] Trial 41/200
2025-11-07 11:38:07 [INFO]   Architecture: [{'op': 'conv5x5', 'filters': 32, 'use_bn': False}, {'op': 'conv3x3', 'filters': 128, 'use_bn': True}, {'op': 'conv5x5', 'filters': 32, 'use_bn': False}]
2025-11-07 11:38:07 [INFO]   Accuracy: 0.2780
2025-11-07 11:38:09 [INFO] Trial 42/200
2025-11-07 11:38:09 [INFO]   Architecture: [{'op': 'conv1x1', 'filters': 32, 'use_bn': False}, {'op': 'avg_pool', 'filters': 64, 'use_bn': False}, {'op': 'conv5x5', 'filters': 128, 'use_bn': False}]
2025-11-07 11:38:09 [INFO]   Accuracy: 0.2320
2025-11-07 11:38:10 [INFO] Trial 43/200
2025-11-07 11:38:10 [INFO]   Architecture: [{'op': 'conv3x3', 'filters': 64, 'use_bn': True}, {'op': 'avg_pool', 'filters': 128, 'use_bn': False}, {'op': 'conv1x1', 'filters': 128, 'use_bn': False}]
2025-11-07 11:38:10 [INFO]   Accuracy: 0.2630
2025-11-07 11:38:12 [INFO] Trial 44/200
2025-11-07 11:38:12 [INFO]   Architecture: [{'op': 'conv5x5', 'filters': 64, 'use_bn': True}, {'op': 'conv3x3', 'filters': 64, 'use_bn': False}, {'op': 'avg_pool', 'filters': 32, 'use_bn': False}]
2025-11-07 11:38:12 [INFO]   Accuracy: 0.2830
2025-11-07 11:38:13 [INFO] Trial 45/200
2025-11-07 11:38:13 [INFO]   Architecture: [{'op': 'conv1x1', 'filters': 32, 'use_bn': True}, {'op': 'conv5x5', 'filters': 64, 'use_bn': False}, {'op': 'max_pool', 'filters': 128, 'use_bn': False}]
2025-11-07 11:38:13 [INFO]   Accuracy: 0.3010
2025-11-07 11:38:15 [INFO] Trial 46/200
2025-11-07 11:38:15 [INFO]   Architecture: [{'op': 'conv3x3', 'filters': 64, 'use_bn': False}, {'op': 'max_pool', 'filters': 128, 'use_bn': False}, {'op': 'conv5x5', 'filters': 128, 'use_bn': True}]
2025-11-07 11:38:15 [INFO]   Accuracy: 0.3120
2025-11-07 11:38:16 [INFO] Trial 47/200
2025-11-07 11:38:16 [INFO]   Architecture: [{'op': 'conv3x3', 'filters': 32, 'use_bn': False}, {'op': 'max_pool', 'filters': 128, 'use_bn': False}, {'op': 'conv5x5', 'filters': 128, 'use_bn': True}]
2025-11-07 11:38:16 [INFO]   Accuracy: 0.3080
2025-11-07 11:38:18 [INFO] Trial 48/200
2025-11-07 11:38:18 [INFO]   Architecture: [{'op': 'conv1x1', 'filters': 32, 'use_bn': True}, {'op': 'conv5x5', 'filters': 64, 'use_bn': False}, {'op': 'max_pool', 'filters': 32, 'use_bn': False}]
2025-11-07 11:38:18 [INFO]   Accuracy: 0.2800
2025-11-07 11:38:20 [INFO] Trial 49/200
2025-11-07 11:38:20 [INFO]   Architecture: [{'op': 'conv1x1', 'filters': 32, 'use_bn': True}, {'op': 'conv5x5', 'filters': 32, 'use_bn': False}, {'op': 'max_pool', 'filters': 32, 'use_bn': False}]
2025-11-07 11:38:20 [INFO]   Accuracy: 0.2000
2025-11-07 11:38:22 [INFO] Trial 50/200
2025-11-07 11:38:22 [INFO]   Architecture: [{'op': 'conv3x3', 'filters': 128, 'use_bn': False}, {'op': 'max_pool', 'filters': 128, 'use_bn': False}, {'op': 'conv5x5', 'filters': 128, 'use_bn': True}]
2025-11-07 11:38:22 [INFO]   Accuracy: 0.2430
2025-11-07 11:38:24 [INFO] Trial 51/200
2025-11-07 11:38:24 [INFO]   Architecture: [{'op': 'conv3x3', 'filters': 128, 'use_bn': False}, {'op': 'max_pool', 'filters': 128, 'use_bn': False}, {'op': 'conv5x5', 'filters': 128, 'use_bn': True}]
2025-11-07 11:38:24 [INFO]   Accuracy: 0.2830
2025-11-07 11:38:26 [INFO] Trial 52/200
2025-11-07 11:38:26 [INFO]   Architecture: [{'op': 'conv5x5', 'filters': 64, 'use_bn': True}, {'op': 'conv3x3', 'filters': 64, 'use_bn': False}, {'op': 'avg_pool', 'filters': 32, 'use_bn': False}]
2025-11-07 11:38:26 [INFO]   Accuracy: 0.2970
2025-11-07 11:38:27 [INFO] Trial 53/200
2025-11-07 11:38:27 [INFO]   Architecture: [{'op': 'conv1x1', 'filters': 32, 'use_bn': True}, {'op': 'conv5x5', 'filters': 32, 'use_bn': False}, {'op': 'max_pool', 'filters': 32, 'use_bn': False}]
2025-11-07 11:38:27 [INFO]   Accuracy: 0.2170
2025-11-07 11:38:29 [INFO] Trial 54/200
2025-11-07 11:38:29 [INFO]   Architecture: [{'op': 'conv5x5', 'filters': 64, 'use_bn': True}, {'op': 'conv3x3', 'filters': 64, 'use_bn': True}, {'op': 'avg_pool', 'filters': 32, 'use_bn': False}]
2025-11-07 11:38:29 [INFO]   Accuracy: 0.2190
2025-11-07 11:38:31 [INFO] Trial 55/200
2025-11-07 11:38:31 [INFO]   Architecture: [{'op': 'conv3x3', 'filters': 128, 'use_bn': False}, {'op': 'max_pool', 'filters': 128, 'use_bn': False}, {'op': 'conv5x5', 'filters': 128, 'use_bn': True}]
2025-11-07 11:38:31 [INFO]   Accuracy: 0.3800
2025-11-07 11:38:33 [INFO] Trial 56/200
2025-11-07 11:38:33 [INFO]   Architecture: [{'op': 'conv3x3', 'filters': 128, 'use_bn': False}, {'op': 'max_pool', 'filters': 128, 'use_bn': False}, {'op': 'conv5x5', 'filters': 128, 'use_bn': True}]
2025-11-07 11:38:33 [INFO]   Accuracy: 0.1610
2025-11-07 11:38:34 [INFO] Trial 57/200
2025-11-07 11:38:34 [INFO]   Architecture: [{'op': 'conv1x1', 'filters': 32, 'use_bn': True}, {'op': 'conv5x5', 'filters': 64, 'use_bn': False}, {'op': 'max_pool', 'filters': 32, 'use_bn': False}]
2025-11-07 11:38:34 [INFO]   Accuracy: 0.2010
2025-11-07 11:38:36 [INFO] Trial 58/200
2025-11-07 11:38:36 [INFO]   Architecture: [{'op': 'conv1x1', 'filters': 32, 'use_bn': False}, {'op': 'avg_pool', 'filters': 64, 'use_bn': False}, {'op': 'conv5x5', 'filters': 128, 'use_bn': False}]
2025-11-07 11:38:36 [INFO]   Accuracy: 0.2410
2025-11-07 11:38:37 [INFO] Trial 59/200
2025-11-07 11:38:37 [INFO]   Architecture: [{'op': 'conv1x1', 'filters': 32, 'use_bn': False}, {'op': 'conv5x5', 'filters': 64, 'use_bn': False}, {'op': 'max_pool', 'filters': 32, 'use_bn': False}]
2025-11-07 11:38:37 [INFO]   Accuracy: 0.2440
2025-11-07 11:38:39 [INFO] Trial 60/200
2025-11-07 11:38:39 [INFO]   Architecture: [{'op': 'conv1x1', 'filters': 32, 'use_bn': False}, {'op': 'conv5x5', 'filters': 64, 'use_bn': False}, {'op': 'max_pool', 'filters': 32, 'use_bn': False}]
2025-11-07 11:38:39 [INFO]   Accuracy: 0.2520
2025-11-07 11:38:40 [INFO] Trial 61/200
2025-11-07 11:38:40 [INFO]   Architecture: [{'op': 'conv1x1', 'filters': 32, 'use_bn': True}, {'op': 'avg_pool', 'filters': 64, 'use_bn': False}, {'op': 'conv5x5', 'filters': 128, 'use_bn': False}]
2025-11-07 11:38:40 [INFO]   Accuracy: 0.2800
2025-11-07 11:38:44 [INFO] Trial 62/200
2025-11-07 11:38:44 [INFO]   Architecture: [{'op': 'conv3x3', 'filters': 64, 'use_bn': True}, {'op': 'conv5x5', 'filters': 128, 'use_bn': False}, {'op': 'conv1x1', 'filters': 128, 'use_bn': False}]
2025-11-07 11:38:44 [INFO]   Accuracy: 0.3040
2025-11-07 11:38:45 [INFO] Trial 63/200
2025-11-07 11:38:45 [INFO]   Architecture: [{'op': 'identity', 'filters': 64, 'use_bn': True}, {'op': 'conv3x3', 'filters': 64, 'use_bn': True}, {'op': 'avg_pool', 'filters': 32, 'use_bn': False}]
2025-11-07 11:38:45 [INFO]   Accuracy: 0.2040
2025-11-07 11:38:47 [INFO] Trial 64/200
2025-11-07 11:38:47 [INFO]   Architecture: [{'op': 'conv3x3', 'filters': 128, 'use_bn': False}, {'op': 'max_pool', 'filters': 128, 'use_bn': False}, {'op': 'conv5x5', 'filters': 128, 'use_bn': True}]
2025-11-07 11:38:47 [INFO]   Accuracy: 0.3170
2025-11-07 11:38:48 [INFO] Trial 65/200
2025-11-07 11:38:48 [INFO]   Architecture: [{'op': 'conv1x1', 'filters': 32, 'use_bn': True}, {'op': 'avg_pool', 'filters': 64, 'use_bn': False}, {'op': 'conv5x5', 'filters': 128, 'use_bn': False}]
2025-11-07 11:38:48 [INFO]   Accuracy: 0.2570
2025-11-07 11:38:50 [INFO] Trial 66/200
2025-11-07 11:38:50 [INFO]   Architecture: [{'op': 'conv1x1', 'filters': 32, 'use_bn': True}, {'op': 'conv5x5', 'filters': 64, 'use_bn': True}, {'op': 'max_pool', 'filters': 128, 'use_bn': False}]
2025-11-07 11:38:50 [INFO]   Accuracy: 0.1070
2025-11-07 11:38:54 [INFO] Trial 67/200
2025-11-07 11:38:54 [INFO]   Architecture: [{'op': 'conv3x3', 'filters': 64, 'use_bn': True}, {'op': 'conv5x5', 'filters': 128, 'use_bn': False}, {'op': 'conv1x1', 'filters': 128, 'use_bn': False}]
2025-11-07 11:38:54 [INFO]   Accuracy: 0.2370
2025-11-07 11:38:55 [INFO] Trial 68/200
2025-11-07 11:38:55 [INFO]   Architecture: [{'op': 'conv3x3', 'filters': 128, 'use_bn': False}, {'op': 'max_pool', 'filters': 128, 'use_bn': False}, {'op': 'conv5x5', 'filters': 32, 'use_bn': True}]
2025-11-07 11:38:55 [INFO]   Accuracy: 0.2450
2025-11-07 11:38:57 [INFO] Trial 69/200
2025-11-07 11:38:57 [INFO]   Architecture: [{'op': 'conv1x1', 'filters': 32, 'use_bn': False}, {'op': 'conv5x5', 'filters': 64, 'use_bn': True}, {'op': 'max_pool', 'filters': 128, 'use_bn': False}]
2025-11-07 11:38:57 [INFO]   Accuracy: 0.2430
2025-11-07 11:38:59 [INFO] Trial 70/200
2025-11-07 11:38:59 [INFO]   Architecture: [{'op': 'conv3x3', 'filters': 128, 'use_bn': False}, {'op': 'max_pool', 'filters': 128, 'use_bn': False}, {'op': 'conv5x5', 'filters': 32, 'use_bn': True}]
2025-11-07 11:38:59 [INFO]   Accuracy: 0.1900
2025-11-07 11:39:02 [INFO] Trial 71/200
2025-11-07 11:39:02 [INFO]   Architecture: [{'op': 'conv3x3', 'filters': 64, 'use_bn': True}, {'op': 'conv5x5', 'filters': 128, 'use_bn': False}, {'op': 'conv1x1', 'filters': 128, 'use_bn': False}]
2025-11-07 11:39:02 [INFO]   Accuracy: 0.2890
2025-11-07 11:39:04 [INFO] Trial 72/200
2025-11-07 11:39:04 [INFO]   Architecture: [{'op': 'conv1x1', 'filters': 64, 'use_bn': True}, {'op': 'avg_pool', 'filters': 64, 'use_bn': False}, {'op': 'conv5x5', 'filters': 128, 'use_bn': False}]
2025-11-07 11:39:04 [INFO]   Accuracy: 0.2680
2025-11-07 11:39:07 [INFO] Trial 73/200
2025-11-07 11:39:07 [INFO]   Architecture: [{'op': 'conv3x3', 'filters': 64, 'use_bn': True}, {'op': 'conv5x5', 'filters': 128, 'use_bn': True}, {'op': 'conv1x1', 'filters': 128, 'use_bn': False}]
2025-11-07 11:39:07 [INFO]   Accuracy: 0.0930
2025-11-07 11:39:08 [INFO] Trial 74/200
2025-11-07 11:39:08 [INFO]   Architecture: [{'op': 'identity', 'filters': 64, 'use_bn': True}, {'op': 'conv3x3', 'filters': 64, 'use_bn': True}, {'op': 'avg_pool', 'filters': 32, 'use_bn': False}]
2025-11-07 11:39:08 [INFO]   Accuracy: 0.1470
2025-11-07 11:39:10 [INFO] Trial 75/200
2025-11-07 11:39:10 [INFO]   Architecture: [{'op': 'conv3x3', 'filters': 128, 'use_bn': False}, {'op': 'max_pool', 'filters': 128, 'use_bn': False}, {'op': 'conv5x5', 'filters': 32, 'use_bn': True}]
2025-11-07 11:39:10 [INFO]   Accuracy: 0.3370
2025-11-07 11:39:11 [INFO] Trial 76/200
2025-11-07 11:39:11 [INFO]   Architecture: [{'op': 'conv1x1', 'filters': 64, 'use_bn': True}, {'op': 'avg_pool', 'filters': 64, 'use_bn': False}, {'op': 'conv5x5', 'filters': 128, 'use_bn': True}]
2025-11-07 11:39:11 [INFO]   Accuracy: 0.0870
2025-11-07 11:39:15 [INFO] Trial 77/200
2025-11-07 11:39:15 [INFO]   Architecture: [{'op': 'conv3x3', 'filters': 64, 'use_bn': True}, {'op': 'conv5x5', 'filters': 128, 'use_bn': False}, {'op': 'conv1x1', 'filters': 64, 'use_bn': False}]
2025-11-07 11:39:15 [INFO]   Accuracy: 0.2390
2025-11-07 11:39:18 [INFO] Trial 78/200
2025-11-07 11:39:18 [INFO]   Architecture: [{'op': 'conv3x3', 'filters': 64, 'use_bn': True}, {'op': 'conv5x5', 'filters': 128, 'use_bn': False}, {'op': 'conv1x1', 'filters': 64, 'use_bn': False}]
2025-11-07 11:39:18 [INFO]   Accuracy: 0.2790
2025-11-07 11:39:19 [INFO] Trial 79/200
2025-11-07 11:39:19 [INFO]   Architecture: [{'op': 'avg_pool', 'filters': 64, 'use_bn': True}, {'op': 'conv5x5', 'filters': 64, 'use_bn': False}, {'op': 'conv1x1', 'filters': 64, 'use_bn': False}]
2025-11-07 11:39:19 [INFO]   Accuracy: 0.2320
2025-11-07 11:39:20 [INFO] Trial 80/200
2025-11-07 11:39:20 [INFO]   Architecture: [{'op': 'identity', 'filters': 128, 'use_bn': True}, {'op': 'conv3x3', 'filters': 64, 'use_bn': False}, {'op': 'avg_pool', 'filters': 32, 'use_bn': False}]
2025-11-07 11:39:20 [INFO]   Accuracy: 0.1940
2025-11-07 11:39:22 [INFO] Trial 81/200
2025-11-07 11:39:22 [INFO]   Architecture: [{'op': 'conv1x1', 'filters': 32, 'use_bn': True}, {'op': 'conv5x5', 'filters': 64, 'use_bn': True}, {'op': 'max_pool', 'filters': 128, 'use_bn': False}]
2025-11-07 11:39:22 [INFO]   Accuracy: 0.1310
2025-11-07 11:39:23 [INFO] Trial 82/200
2025-11-07 11:39:23 [INFO]   Architecture: [{'op': 'identity', 'filters': 128, 'use_bn': True}, {'op': 'conv3x3', 'filters': 64, 'use_bn': False}, {'op': 'avg_pool', 'filters': 32, 'use_bn': False}]
2025-11-07 11:39:23 [INFO]   Accuracy: 0.2000
2025-11-07 11:39:27 [INFO] Trial 83/200
2025-11-07 11:39:27 [INFO]   Architecture: [{'op': 'conv3x3', 'filters': 128, 'use_bn': False}, {'op': 'conv5x5', 'filters': 128, 'use_bn': False}, {'op': 'conv5x5', 'filters': 32, 'use_bn': False}]
2025-11-07 11:39:27 [INFO]   Accuracy: 0.2230
2025-11-07 11:39:28 [INFO] Trial 84/200
2025-11-07 11:39:28 [INFO]   Architecture: [{'op': 'identity', 'filters': 128, 'use_bn': True}, {'op': 'conv3x3', 'filters': 64, 'use_bn': False}, {'op': 'avg_pool', 'filters': 32, 'use_bn': False}]
2025-11-07 11:39:28 [INFO]   Accuracy: 0.2030
2025-11-07 11:39:29 [INFO] Trial 85/200
2025-11-07 11:39:29 [INFO]   Architecture: [{'op': 'identity', 'filters': 128, 'use_bn': True}, {'op': 'conv3x3', 'filters': 64, 'use_bn': False}, {'op': 'avg_pool', 'filters': 32, 'use_bn': False}]
2025-11-07 11:39:29 [INFO]   Accuracy: 0.2000
2025-11-07 11:39:31 [INFO] Trial 86/200
2025-11-07 11:39:31 [INFO]   Architecture: [{'op': 'conv1x1', 'filters': 64, 'use_bn': True}, {'op': 'avg_pool', 'filters': 64, 'use_bn': False}, {'op': 'conv5x5', 'filters': 128, 'use_bn': True}]
2025-11-07 11:39:31 [INFO]   Accuracy: 0.1150
2025-11-07 11:39:32 [INFO] Trial 87/200
2025-11-07 11:39:32 [INFO]   Architecture: [{'op': 'conv1x1', 'filters': 32, 'use_bn': True}, {'op': 'max_pool', 'filters': 64, 'use_bn': True}, {'op': 'max_pool', 'filters': 128, 'use_bn': False}]
2025-11-07 11:39:32 [INFO]   Accuracy: 0.1250
2025-11-07 11:39:33 [INFO] Trial 88/200
2025-11-07 11:39:33 [INFO]   Architecture: [{'op': 'conv1x1', 'filters': 64, 'use_bn': True}, {'op': 'avg_pool', 'filters': 64, 'use_bn': False}, {'op': 'conv5x5', 'filters': 128, 'use_bn': True}]
2025-11-07 11:39:33 [INFO]   Accuracy: 0.0980
2025-11-07 11:39:34 [INFO] Trial 89/200
2025-11-07 11:39:34 [INFO]   Architecture: [{'op': 'conv1x1', 'filters': 32, 'use_bn': True}, {'op': 'max_pool', 'filters': 64, 'use_bn': True}, {'op': 'max_pool', 'filters': 128, 'use_bn': False}]
2025-11-07 11:39:34 [INFO]   Accuracy: 0.1130
2025-11-07 11:39:36 [INFO] Trial 90/200
2025-11-07 11:39:36 [INFO]   Architecture: [{'op': 'conv1x1', 'filters': 64, 'use_bn': True}, {'op': 'avg_pool', 'filters': 32, 'use_bn': False}, {'op': 'conv5x5', 'filters': 128, 'use_bn': True}]
2025-11-07 11:39:36 [INFO]   Accuracy: 0.1090
2025-11-07 11:39:37 [INFO] Trial 91/200
2025-11-07 11:39:37 [INFO]   Architecture: [{'op': 'conv1x1', 'filters': 32, 'use_bn': True}, {'op': 'max_pool', 'filters': 64, 'use_bn': True}, {'op': 'max_pool', 'filters': 128, 'use_bn': False}]
2025-11-07 11:39:37 [INFO]   Accuracy: 0.1350
2025-11-07 11:39:39 [INFO] Trial 92/200
2025-11-07 11:39:39 [INFO]   Architecture: [{'op': 'conv1x1', 'filters': 32, 'use_bn': True}, {'op': 'conv5x5', 'filters': 64, 'use_bn': True}, {'op': 'max_pool', 'filters': 128, 'use_bn': False}]
2025-11-07 11:39:39 [INFO]   Accuracy: 0.0950
2025-11-07 11:39:41 [INFO] Trial 93/200
2025-11-07 11:39:41 [INFO]   Architecture: [{'op': 'conv1x1', 'filters': 32, 'use_bn': True}, {'op': 'conv5x5', 'filters': 32, 'use_bn': True}, {'op': 'max_pool', 'filters': 128, 'use_bn': False}]
2025-11-07 11:39:41 [INFO]   Accuracy: 0.1760
2025-11-07 11:39:43 [INFO] Trial 94/200
2025-11-07 11:39:43 [INFO]   Architecture: [{'op': 'conv3x3', 'filters': 64, 'use_bn': True}, {'op': 'conv5x5', 'filters': 64, 'use_bn': False}, {'op': 'conv1x1', 'filters': 64, 'use_bn': False}]
2025-11-07 11:39:43 [INFO]   Accuracy: 0.3020
2025-11-07 11:39:44 [INFO] Trial 95/200
2025-11-07 11:39:44 [INFO]   Architecture: [{'op': 'identity', 'filters': 128, 'use_bn': True}, {'op': 'conv3x3', 'filters': 64, 'use_bn': False}, {'op': 'avg_pool', 'filters': 32, 'use_bn': False}]
2025-11-07 11:39:44 [INFO]   Accuracy: 0.2210
2025-11-07 11:39:47 [INFO] Trial 96/200
2025-11-07 11:39:47 [INFO]   Architecture: [{'op': 'conv3x3', 'filters': 64, 'use_bn': True}, {'op': 'conv5x5', 'filters': 64, 'use_bn': False}, {'op': 'conv1x1', 'filters': 64, 'use_bn': False}]
2025-11-07 11:39:47 [INFO]   Accuracy: 0.1960
2025-11-07 11:39:47 [INFO] Trial 97/200
2025-11-07 11:39:47 [INFO]   Architecture: [{'op': 'avg_pool', 'filters': 64, 'use_bn': True}, {'op': 'avg_pool', 'filters': 32, 'use_bn': False}, {'op': 'conv5x5', 'filters': 128, 'use_bn': True}]
2025-11-07 11:39:47 [INFO]   Accuracy: 0.2080
2025-11-07 11:39:52 [INFO] Trial 98/200
2025-11-07 11:39:52 [INFO]   Architecture: [{'op': 'conv3x3', 'filters': 128, 'use_bn': False}, {'op': 'conv5x5', 'filters': 128, 'use_bn': False}, {'op': 'conv5x5', 'filters': 32, 'use_bn': False}]
2025-11-07 11:39:52 [INFO]   Accuracy: 0.2200
2025-11-07 11:39:53 [INFO] Trial 99/200
2025-11-07 11:39:53 [INFO]   Architecture: [{'op': 'avg_pool', 'filters': 64, 'use_bn': True}, {'op': 'conv5x5', 'filters': 64, 'use_bn': False}, {'op': 'conv1x1', 'filters': 64, 'use_bn': False}]
2025-11-07 11:39:53 [INFO]   Accuracy: 0.2020
2025-11-07 11:39:54 [INFO] Trial 100/200
2025-11-07 11:39:54 [INFO]   Architecture: [{'op': 'identity', 'filters': 64, 'use_bn': True}, {'op': 'conv3x3', 'filters': 64, 'use_bn': False}, {'op': 'avg_pool', 'filters': 32, 'use_bn': False}]
2025-11-07 11:39:54 [INFO]   Accuracy: 0.2060
2025-11-07 11:39:55 [INFO] Trial 101/200
2025-11-07 11:39:55 [INFO]   Architecture: [{'op': 'identity', 'filters': 64, 'use_bn': True}, {'op': 'conv3x3', 'filters': 64, 'use_bn': False}, {'op': 'avg_pool', 'filters': 32, 'use_bn': False}]
2025-11-07 11:39:55 [INFO]   Accuracy: 0.1890
2025-11-07 11:39:55 [INFO] Trial 102/200
2025-11-07 11:39:55 [INFO]   Architecture: [{'op': 'avg_pool', 'filters': 64, 'use_bn': True}, {'op': 'avg_pool', 'filters': 32, 'use_bn': False}, {'op': 'conv5x5', 'filters': 128, 'use_bn': True}]
2025-11-07 11:39:55 [INFO]   Accuracy: 0.3050
2025-11-07 11:40:00 [INFO] Trial 103/200
2025-11-07 11:40:00 [INFO]   Architecture: [{'op': 'conv3x3', 'filters': 128, 'use_bn': False}, {'op': 'conv5x5', 'filters': 128, 'use_bn': False}, {'op': 'conv5x5', 'filters': 32, 'use_bn': False}]
2025-11-07 11:40:00 [INFO]   Accuracy: 0.2790
2025-11-07 11:40:01 [INFO] Trial 104/200
2025-11-07 11:40:01 [INFO]   Architecture: [{'op': 'identity', 'filters': 64, 'use_bn': True}, {'op': 'conv3x3', 'filters': 64, 'use_bn': False}, {'op': 'avg_pool', 'filters': 32, 'use_bn': False}]
2025-11-07 11:40:01 [INFO]   Accuracy: 0.1940
2025-11-07 11:40:02 [INFO] Trial 105/200
2025-11-07 11:40:02 [INFO]   Architecture: [{'op': 'avg_pool', 'filters': 64, 'use_bn': True}, {'op': 'avg_pool', 'filters': 32, 'use_bn': False}, {'op': 'conv5x5', 'filters': 128, 'use_bn': True}]
2025-11-07 11:40:02 [INFO]   Accuracy: 0.2970
2025-11-07 11:40:03 [INFO] Trial 106/200
2025-11-07 11:40:03 [INFO]   Architecture: [{'op': 'avg_pool', 'filters': 64, 'use_bn': True}, {'op': 'conv5x5', 'filters': 32, 'use_bn': False}, {'op': 'conv5x5', 'filters': 128, 'use_bn': True}]
2025-11-07 11:40:03 [INFO]   Accuracy: 0.3090
2025-11-07 11:40:06 [INFO] Trial 107/200
2025-11-07 11:40:06 [INFO]   Architecture: [{'op': 'conv3x3', 'filters': 128, 'use_bn': True}, {'op': 'identity', 'filters': 128, 'use_bn': False}, {'op': 'conv5x5', 'filters': 32, 'use_bn': False}]
2025-11-07 11:40:06 [INFO]   Accuracy: 0.2390
2025-11-07 11:40:07 [INFO] Trial 108/200
2025-11-07 11:40:07 [INFO]   Architecture: [{'op': 'max_pool', 'filters': 32, 'use_bn': True}, {'op': 'conv5x5', 'filters': 32, 'use_bn': True}, {'op': 'max_pool', 'filters': 64, 'use_bn': False}]
2025-11-07 11:40:07 [INFO]   Accuracy: 0.1160
2025-11-07 11:40:08 [INFO] Trial 109/200
2025-11-07 11:40:08 [INFO]   Architecture: [{'op': 'avg_pool', 'filters': 64, 'use_bn': True}, {'op': 'conv5x5', 'filters': 64, 'use_bn': False}, {'op': 'conv1x1', 'filters': 64, 'use_bn': False}]
2025-11-07 11:40:08 [INFO]   Accuracy: 0.2080
2025-11-07 11:40:09 [INFO] Trial 110/200
2025-11-07 11:40:09 [INFO]   Architecture: [{'op': 'avg_pool', 'filters': 64, 'use_bn': True}, {'op': 'conv5x5', 'filters': 64, 'use_bn': False}, {'op': 'conv1x1', 'filters': 64, 'use_bn': True}]
2025-11-07 11:40:09 [INFO]   Accuracy: 0.2070
2025-11-07 11:40:09 [INFO] Trial 111/200
2025-11-07 11:40:09 [INFO]   Architecture: [{'op': 'max_pool', 'filters': 128, 'use_bn': True}, {'op': 'conv5x5', 'filters': 32, 'use_bn': True}, {'op': 'max_pool', 'filters': 64, 'use_bn': False}]
2025-11-07 11:40:09 [INFO]   Accuracy: 0.1440
2025-11-07 11:40:10 [INFO] Trial 112/200
2025-11-07 11:40:10 [INFO]   Architecture: [{'op': 'max_pool', 'filters': 128, 'use_bn': True}, {'op': 'conv5x5', 'filters': 32, 'use_bn': True}, {'op': 'max_pool', 'filters': 64, 'use_bn': False}]
2025-11-07 11:40:10 [INFO]   Accuracy: 0.1570
2025-11-07 11:40:11 [INFO] Trial 113/200
2025-11-07 11:40:11 [INFO]   Architecture: [{'op': 'avg_pool', 'filters': 64, 'use_bn': True}, {'op': 'conv5x5', 'filters': 32, 'use_bn': False}, {'op': 'conv5x5', 'filters': 64, 'use_bn': True}]
2025-11-07 11:40:11 [INFO]   Accuracy: 0.3160
2025-11-07 11:40:15 [INFO] Trial 114/200
2025-11-07 11:40:15 [INFO]   Architecture: [{'op': 'conv3x3', 'filters': 128, 'use_bn': True}, {'op': 'identity', 'filters': 128, 'use_bn': False}, {'op': 'conv5x5', 'filters': 128, 'use_bn': False}]
2025-11-07 11:40:15 [INFO]   Accuracy: 0.2890
2025-11-07 11:40:16 [INFO] Trial 115/200
2025-11-07 11:40:16 [INFO]   Architecture: [{'op': 'max_pool', 'filters': 128, 'use_bn': True}, {'op': 'conv5x5', 'filters': 32, 'use_bn': False}, {'op': 'max_pool', 'filters': 64, 'use_bn': False}]
2025-11-07 11:40:16 [INFO]   Accuracy: 0.2020
2025-11-07 11:40:17 [INFO] Trial 116/200
2025-11-07 11:40:17 [INFO]   Architecture: [{'op': 'identity', 'filters': 64, 'use_bn': True}, {'op': 'conv3x3', 'filters': 64, 'use_bn': False}, {'op': 'conv5x5', 'filters': 32, 'use_bn': False}]
2025-11-07 11:40:17 [INFO]   Accuracy: 0.1920
2025-11-07 11:40:19 [INFO] Trial 117/200
2025-11-07 11:40:19 [INFO]   Architecture: [{'op': 'identity', 'filters': 64, 'use_bn': True}, {'op': 'conv3x3', 'filters': 64, 'use_bn': False}, {'op': 'conv5x5', 'filters': 32, 'use_bn': False}]
2025-11-07 11:40:19 [INFO]   Accuracy: 0.2600
2025-11-07 11:40:23 [INFO] Trial 118/200
2025-11-07 11:40:23 [INFO]   Architecture: [{'op': 'conv3x3', 'filters': 128, 'use_bn': True}, {'op': 'identity', 'filters': 64, 'use_bn': False}, {'op': 'conv5x5', 'filters': 128, 'use_bn': False}]
2025-11-07 11:40:23 [INFO]   Accuracy: 0.2420
2025-11-07 11:40:24 [INFO] Trial 119/200
2025-11-07 11:40:24 [INFO]   Architecture: [{'op': 'avg_pool', 'filters': 64, 'use_bn': True}, {'op': 'conv5x5', 'filters': 32, 'use_bn': True}, {'op': 'conv5x5', 'filters': 64, 'use_bn': True}]
2025-11-07 11:40:24 [INFO]   Accuracy: 0.1190
2025-11-07 11:40:28 [INFO] Trial 120/200
2025-11-07 11:40:28 [INFO]   Architecture: [{'op': 'conv3x3', 'filters': 128, 'use_bn': True}, {'op': 'identity', 'filters': 64, 'use_bn': False}, {'op': 'conv5x5', 'filters': 128, 'use_bn': False}]
2025-11-07 11:40:28 [INFO]   Accuracy: 0.1730
2025-11-07 11:40:31 [INFO] Trial 121/200
2025-11-07 11:40:31 [INFO]   Architecture: [{'op': 'conv5x5', 'filters': 128, 'use_bn': True}, {'op': 'identity', 'filters': 64, 'use_bn': False}, {'op': 'conv5x5', 'filters': 128, 'use_bn': False}]
2025-11-07 11:40:31 [INFO]   Accuracy: 0.1900
2025-11-07 11:40:33 [INFO] Trial 122/200
2025-11-07 11:40:33 [INFO]   Architecture: [{'op': 'identity', 'filters': 64, 'use_bn': True}, {'op': 'conv3x3', 'filters': 32, 'use_bn': False}, {'op': 'conv5x5', 'filters': 32, 'use_bn': False}]
2025-11-07 11:40:33 [INFO]   Accuracy: 0.2300
2025-11-07 11:40:35 [INFO] Trial 123/200
2025-11-07 11:40:35 [INFO]   Architecture: [{'op': 'conv5x5', 'filters': 64, 'use_bn': True}, {'op': 'conv3x3', 'filters': 32, 'use_bn': False}, {'op': 'conv5x5', 'filters': 32, 'use_bn': True}]
2025-11-07 11:40:35 [INFO]   Accuracy: 0.1120
2025-11-07 11:40:36 [INFO] Trial 124/200
2025-11-07 11:40:36 [INFO]   Architecture: [{'op': 'max_pool', 'filters': 128, 'use_bn': True}, {'op': 'conv5x5', 'filters': 32, 'use_bn': False}, {'op': 'max_pool', 'filters': 64, 'use_bn': False}]
2025-11-07 11:40:36 [INFO]   Accuracy: 0.1840
2025-11-07 11:40:41 [INFO] Trial 125/200
2025-11-07 11:40:41 [INFO]   Architecture: [{'op': 'conv5x5', 'filters': 128, 'use_bn': True}, {'op': 'conv5x5', 'filters': 64, 'use_bn': False}, {'op': 'conv5x5', 'filters': 128, 'use_bn': True}]
2025-11-07 11:40:41 [INFO]   Accuracy: 0.1140
2025-11-07 11:40:42 [INFO] Trial 126/200
2025-11-07 11:40:42 [INFO]   Architecture: [{'op': 'avg_pool', 'filters': 64, 'use_bn': True}, {'op': 'conv5x5', 'filters': 32, 'use_bn': True}, {'op': 'conv5x5', 'filters': 64, 'use_bn': True}]
2025-11-07 11:40:42 [INFO]   Accuracy: 0.1420
2025-11-07 11:40:45 [INFO] Trial 127/200
2025-11-07 11:40:45 [INFO]   Architecture: [{'op': 'conv5x5', 'filters': 64, 'use_bn': True}, {'op': 'conv3x3', 'filters': 32, 'use_bn': False}, {'op': 'conv5x5', 'filters': 32, 'use_bn': False}]
2025-11-07 11:40:45 [INFO]   Accuracy: 0.2040
2025-11-07 11:40:47 [INFO] Trial 128/200
2025-11-07 11:40:47 [INFO]   Architecture: [{'op': 'conv5x5', 'filters': 64, 'use_bn': False}, {'op': 'conv3x3', 'filters': 32, 'use_bn': False}, {'op': 'conv5x5', 'filters': 64, 'use_bn': False}]
2025-11-07 11:40:47 [INFO]   Accuracy: 0.2760
2025-11-07 11:40:49 [INFO] Trial 129/200
2025-11-07 11:40:49 [INFO]   Architecture: [{'op': 'conv5x5', 'filters': 64, 'use_bn': False}, {'op': 'conv3x3', 'filters': 32, 'use_bn': False}, {'op': 'conv5x5', 'filters': 64, 'use_bn': False}]
2025-11-07 11:40:49 [INFO]   Accuracy: 0.2380
2025-11-07 11:40:50 [INFO] Trial 130/200
2025-11-07 11:40:50 [INFO]   Architecture: [{'op': 'avg_pool', 'filters': 64, 'use_bn': True}, {'op': 'conv5x5', 'filters': 32, 'use_bn': False}, {'op': 'max_pool', 'filters': 64, 'use_bn': True}]
2025-11-07 11:40:50 [INFO]   Accuracy: 0.1950
2025-11-07 11:40:53 [INFO] Trial 131/200
2025-11-07 11:40:53 [INFO]   Architecture: [{'op': 'conv3x3', 'filters': 128, 'use_bn': True}, {'op': 'conv5x5', 'filters': 32, 'use_bn': False}, {'op': 'max_pool', 'filters': 64, 'use_bn': False}]
2025-11-07 11:40:53 [INFO]   Accuracy: 0.2040
2025-11-07 11:40:54 [INFO] Trial 132/200
2025-11-07 11:40:54 [INFO]   Architecture: [{'op': 'avg_pool', 'filters': 128, 'use_bn': True}, {'op': 'conv5x5', 'filters': 64, 'use_bn': False}, {'op': 'conv5x5', 'filters': 128, 'use_bn': False}]
2025-11-07 11:40:54 [INFO]   Accuracy: 0.2690
2025-11-07 11:40:55 [INFO] Trial 133/200
2025-11-07 11:40:55 [INFO]   Architecture: [{'op': 'avg_pool', 'filters': 64, 'use_bn': True}, {'op': 'conv5x5', 'filters': 32, 'use_bn': False}, {'op': 'conv1x1', 'filters': 64, 'use_bn': True}]
2025-11-07 11:40:55 [INFO]   Accuracy: 0.1980
2025-11-07 11:40:56 [INFO] Trial 134/200
2025-11-07 11:40:56 [INFO]   Architecture: [{'op': 'avg_pool', 'filters': 64, 'use_bn': True}, {'op': 'conv5x5', 'filters': 32, 'use_bn': False}, {'op': 'max_pool', 'filters': 64, 'use_bn': True}]
2025-11-07 11:40:56 [INFO]   Accuracy: 0.2070
2025-11-07 11:40:57 [INFO] Trial 135/200
2025-11-07 11:40:57 [INFO]   Architecture: [{'op': 'avg_pool', 'filters': 64, 'use_bn': True}, {'op': 'conv3x3', 'filters': 32, 'use_bn': False}, {'op': 'conv1x1', 'filters': 64, 'use_bn': True}]
2025-11-07 11:40:57 [INFO]   Accuracy: 0.1490
2025-11-07 11:40:57 [INFO] Trial 136/200
2025-11-07 11:40:57 [INFO]   Architecture: [{'op': 'avg_pool', 'filters': 64, 'use_bn': True}, {'op': 'conv3x3', 'filters': 32, 'use_bn': False}, {'op': 'conv1x1', 'filters': 64, 'use_bn': True}]
2025-11-07 11:40:57 [INFO]   Accuracy: 0.1620
2025-11-07 11:41:00 [INFO] Trial 137/200
2025-11-07 11:41:00 [INFO]   Architecture: [{'op': 'conv3x3', 'filters': 128, 'use_bn': True}, {'op': 'conv5x5', 'filters': 32, 'use_bn': False}, {'op': 'max_pool', 'filters': 64, 'use_bn': False}]
2025-11-07 11:41:00 [INFO]   Accuracy: 0.1980
2025-11-07 11:41:01 [INFO] Trial 138/200
2025-11-07 11:41:01 [INFO]   Architecture: [{'op': 'avg_pool', 'filters': 64, 'use_bn': True}, {'op': 'conv5x5', 'filters': 32, 'use_bn': False}, {'op': 'max_pool', 'filters': 64, 'use_bn': True}]
2025-11-07 11:41:01 [INFO]   Accuracy: 0.1990
2025-11-07 11:41:03 [INFO] Trial 139/200
2025-11-07 11:41:03 [INFO]   Architecture: [{'op': 'conv5x5', 'filters': 64, 'use_bn': False}, {'op': 'conv3x3', 'filters': 32, 'use_bn': False}, {'op': 'conv5x5', 'filters': 64, 'use_bn': False}]
2025-11-07 11:41:03 [INFO]   Accuracy: 0.2100
2025-11-07 11:41:04 [INFO] Trial 140/200
2025-11-07 11:41:04 [INFO]   Architecture: [{'op': 'avg_pool', 'filters': 128, 'use_bn': True}, {'op': 'conv3x3', 'filters': 32, 'use_bn': False}, {'op': 'conv1x1', 'filters': 64, 'use_bn': True}]
2025-11-07 11:41:04 [INFO]   Accuracy: 0.1900
2025-11-07 11:41:07 [INFO] Trial 141/200
2025-11-07 11:41:07 [INFO]   Architecture: [{'op': 'conv5x5', 'filters': 64, 'use_bn': False}, {'op': 'conv3x3', 'filters': 64, 'use_bn': False}, {'op': 'conv5x5', 'filters': 64, 'use_bn': True}]
2025-11-07 11:41:07 [INFO]   Accuracy: 0.1840
2025-11-07 11:41:09 [INFO] Trial 142/200
2025-11-07 11:41:09 [INFO]   Architecture: [{'op': 'conv5x5', 'filters': 64, 'use_bn': True}, {'op': 'conv5x5', 'filters': 64, 'use_bn': False}, {'op': 'max_pool', 'filters': 64, 'use_bn': True}]
2025-11-07 11:41:09 [INFO]   Accuracy: 0.2980
2025-11-07 11:41:14 [INFO] Trial 143/200
2025-11-07 11:41:14 [INFO]   Architecture: [{'op': 'conv5x5', 'filters': 128, 'use_bn': True}, {'op': 'conv5x5', 'filters': 64, 'use_bn': False}, {'op': 'conv5x5', 'filters': 128, 'use_bn': False}]
2025-11-07 11:41:14 [INFO]   Accuracy: 0.2220
2025-11-07 11:41:16 [INFO] Trial 144/200
2025-11-07 11:41:16 [INFO]   Architecture: [{'op': 'conv5x5', 'filters': 64, 'use_bn': True}, {'op': 'conv5x5', 'filters': 64, 'use_bn': False}, {'op': 'max_pool', 'filters': 64, 'use_bn': True}]
2025-11-07 11:41:16 [INFO]   Accuracy: 0.3150
2025-11-07 11:41:18 [INFO] Trial 145/200
2025-11-07 11:41:18 [INFO]   Architecture: [{'op': 'conv5x5', 'filters': 64, 'use_bn': True}, {'op': 'avg_pool', 'filters': 64, 'use_bn': False}, {'op': 'max_pool', 'filters': 64, 'use_bn': True}]
2025-11-07 11:41:18 [INFO]   Accuracy: 0.1430
2025-11-07 11:41:18 [INFO] Trial 146/200
2025-11-07 11:41:18 [INFO]   Architecture: [{'op': 'avg_pool', 'filters': 128, 'use_bn': True}, {'op': 'conv3x3', 'filters': 32, 'use_bn': False}, {'op': 'conv1x1', 'filters': 64, 'use_bn': True}]
2025-11-07 11:41:18 [INFO]   Accuracy: 0.1840
2025-11-07 11:41:21 [INFO] Trial 147/200
2025-11-07 11:41:21 [INFO]   Architecture: [{'op': 'conv5x5', 'filters': 64, 'use_bn': True}, {'op': 'conv3x3', 'filters': 64, 'use_bn': False}, {'op': 'conv5x5', 'filters': 64, 'use_bn': True}]
2025-11-07 11:41:21 [INFO]   Accuracy: 0.1650
2025-11-07 11:41:24 [INFO] Trial 148/200
2025-11-07 11:41:24 [INFO]   Architecture: [{'op': 'conv3x3', 'filters': 128, 'use_bn': True}, {'op': 'conv5x5', 'filters': 32, 'use_bn': False}, {'op': 'max_pool', 'filters': 64, 'use_bn': False}]
2025-11-07 11:41:24 [INFO]   Accuracy: 0.3390
2025-11-07 11:41:25 [INFO] Trial 149/200
2025-11-07 11:41:25 [INFO]   Architecture: [{'op': 'avg_pool', 'filters': 128, 'use_bn': True}, {'op': 'conv3x3', 'filters': 32, 'use_bn': False}, {'op': 'conv1x1', 'filters': 64, 'use_bn': True}]
2025-11-07 11:41:25 [INFO]   Accuracy: 0.1440
2025-11-07 11:41:28 [INFO] Trial 150/200
2025-11-07 11:41:28 [INFO]   Architecture: [{'op': 'conv3x3', 'filters': 128, 'use_bn': True}, {'op': 'conv5x5', 'filters': 32, 'use_bn': False}, {'op': 'max_pool', 'filters': 64, 'use_bn': False}]
2025-11-07 11:41:28 [INFO]   Accuracy: 0.2110
2025-11-07 11:41:30 [INFO] Trial 151/200
2025-11-07 11:41:30 [INFO]   Architecture: [{'op': 'conv5x5', 'filters': 64, 'use_bn': True}, {'op': 'identity', 'filters': 64, 'use_bn': False}, {'op': 'conv5x5', 'filters': 64, 'use_bn': True}]
2025-11-07 11:41:30 [INFO]   Accuracy: 0.1810
2025-11-07 11:41:35 [INFO] Trial 152/200
2025-11-07 11:41:35 [INFO]   Architecture: [{'op': 'conv5x5', 'filters': 128, 'use_bn': True}, {'op': 'conv5x5', 'filters': 64, 'use_bn': False}, {'op': 'conv5x5', 'filters': 128, 'use_bn': False}]
2025-11-07 11:41:35 [INFO]   Accuracy: 0.2990
2025-11-07 11:41:37 [INFO] Trial 153/200
2025-11-07 11:41:37 [INFO]   Architecture: [{'op': 'conv5x5', 'filters': 64, 'use_bn': True}, {'op': 'identity', 'filters': 32, 'use_bn': False}, {'op': 'conv5x5', 'filters': 64, 'use_bn': True}]
2025-11-07 11:41:37 [INFO]   Accuracy: 0.1050
2025-11-07 11:41:40 [INFO] Trial 154/200
2025-11-07 11:41:40 [INFO]   Architecture: [{'op': 'conv5x5', 'filters': 64, 'use_bn': True}, {'op': 'identity', 'filters': 32, 'use_bn': False}, {'op': 'conv5x5', 'filters': 64, 'use_bn': True}]
2025-11-07 11:41:40 [INFO]   Accuracy: 0.1190
2025-11-07 11:41:41 [INFO] Trial 155/200
2025-11-07 11:41:41 [INFO]   Architecture: [{'op': 'conv5x5', 'filters': 64, 'use_bn': True}, {'op': 'avg_pool', 'filters': 64, 'use_bn': False}, {'op': 'max_pool', 'filters': 64, 'use_bn': True}]
2025-11-07 11:41:41 [INFO]   Accuracy: 0.1250
2025-11-07 11:41:45 [INFO] Trial 156/200
2025-11-07 11:41:45 [INFO]   Architecture: [{'op': 'conv5x5', 'filters': 128, 'use_bn': True}, {'op': 'conv5x5', 'filters': 64, 'use_bn': False}, {'op': 'conv5x5', 'filters': 128, 'use_bn': False}]
2025-11-07 11:41:45 [INFO]   Accuracy: 0.2700
2025-11-07 11:41:46 [INFO] Trial 157/200
2025-11-07 11:41:46 [INFO]   Architecture: [{'op': 'max_pool', 'filters': 128, 'use_bn': True}, {'op': 'conv3x3', 'filters': 32, 'use_bn': False}, {'op': 'conv1x1', 'filters': 64, 'use_bn': True}]
2025-11-07 11:41:46 [INFO]   Accuracy: 0.1830
2025-11-07 11:41:47 [INFO] Trial 158/200
2025-11-07 11:41:47 [INFO]   Architecture: [{'op': 'max_pool', 'filters': 128, 'use_bn': True}, {'op': 'conv3x3', 'filters': 128, 'use_bn': False}, {'op': 'conv1x1', 'filters': 64, 'use_bn': True}]
2025-11-07 11:41:47 [INFO]   Accuracy: 0.1880
2025-11-07 11:41:48 [INFO] Trial 159/200
2025-11-07 11:41:48 [INFO]   Architecture: [{'op': 'max_pool', 'filters': 128, 'use_bn': True}, {'op': 'conv3x3', 'filters': 128, 'use_bn': False}, {'op': 'conv1x1', 'filters': 64, 'use_bn': True}]
2025-11-07 11:41:48 [INFO]   Accuracy: 0.1660
2025-11-07 11:41:52 [INFO] Trial 160/200
2025-11-07 11:41:52 [INFO]   Architecture: [{'op': 'conv5x5', 'filters': 128, 'use_bn': True}, {'op': 'identity', 'filters': 64, 'use_bn': False}, {'op': 'conv5x5', 'filters': 128, 'use_bn': False}]
2025-11-07 11:41:52 [INFO]   Accuracy: 0.1950
2025-11-07 11:41:55 [INFO] Trial 161/200
2025-11-07 11:41:55 [INFO]   Architecture: [{'op': 'conv5x5', 'filters': 64, 'use_bn': True}, {'op': 'identity', 'filters': 32, 'use_bn': False}, {'op': 'conv5x5', 'filters': 64, 'use_bn': True}]
2025-11-07 11:41:55 [INFO]   Accuracy: 0.1130
2025-11-07 11:41:58 [INFO] Trial 162/200
2025-11-07 11:41:58 [INFO]   Architecture: [{'op': 'conv5x5', 'filters': 128, 'use_bn': True}, {'op': 'identity', 'filters': 64, 'use_bn': False}, {'op': 'conv5x5', 'filters': 128, 'use_bn': False}]
2025-11-07 11:41:58 [INFO]   Accuracy: 0.1770
2025-11-07 11:41:59 [INFO] Trial 163/200
2025-11-07 11:41:59 [INFO]   Architecture: [{'op': 'conv5x5', 'filters': 64, 'use_bn': True}, {'op': 'avg_pool', 'filters': 64, 'use_bn': False}, {'op': 'max_pool', 'filters': 64, 'use_bn': True}]
2025-11-07 11:41:59 [INFO]   Accuracy: 0.2000
2025-11-07 11:42:02 [INFO] Trial 164/200
2025-11-07 11:42:02 [INFO]   Architecture: [{'op': 'conv3x3', 'filters': 128, 'use_bn': False}, {'op': 'conv5x5', 'filters': 32, 'use_bn': True}, {'op': 'max_pool', 'filters': 64, 'use_bn': False}]
2025-11-07 11:42:02 [INFO]   Accuracy: 0.2650
2025-11-07 11:42:04 [INFO] Trial 165/200
2025-11-07 11:42:04 [INFO]   Architecture: [{'op': 'conv3x3', 'filters': 128, 'use_bn': False}, {'op': 'conv5x5', 'filters': 32, 'use_bn': True}, {'op': 'max_pool', 'filters': 64, 'use_bn': False}]
2025-11-07 11:42:04 [INFO]   Accuracy: 0.1650
2025-11-07 11:42:08 [INFO] Trial 166/200
2025-11-07 11:42:08 [INFO]   Architecture: [{'op': 'conv5x5', 'filters': 128, 'use_bn': True}, {'op': 'identity', 'filters': 64, 'use_bn': False}, {'op': 'conv5x5', 'filters': 128, 'use_bn': False}]
2025-11-07 11:42:08 [INFO]   Accuracy: 0.2520
2025-11-07 11:42:10 [INFO] Trial 167/200
2025-11-07 11:42:10 [INFO]   Architecture: [{'op': 'conv5x5', 'filters': 64, 'use_bn': True}, {'op': 'avg_pool', 'filters': 64, 'use_bn': False}, {'op': 'max_pool', 'filters': 64, 'use_bn': True}]
2025-11-07 11:42:10 [INFO]   Accuracy: 0.2120
2025-11-07 11:42:13 [INFO] Trial 168/200
2025-11-07 11:42:13 [INFO]   Architecture: [{'op': 'conv5x5', 'filters': 128, 'use_bn': True}, {'op': 'identity', 'filters': 64, 'use_bn': False}, {'op': 'conv5x5', 'filters': 128, 'use_bn': False}]
2025-11-07 11:42:13 [INFO]   Accuracy: 0.3400
2025-11-07 11:42:16 [INFO] Trial 169/200
2025-11-07 11:42:16 [INFO]   Architecture: [{'op': 'conv3x3', 'filters': 128, 'use_bn': False}, {'op': 'conv5x5', 'filters': 32, 'use_bn': True}, {'op': 'max_pool', 'filters': 64, 'use_bn': False}]
2025-11-07 11:42:16 [INFO]   Accuracy: 0.2940
2025-11-07 11:42:18 [INFO] Trial 170/200
2025-11-07 11:42:18 [INFO]   Architecture: [{'op': 'conv3x3', 'filters': 128, 'use_bn': False}, {'op': 'conv5x5', 'filters': 32, 'use_bn': True}, {'op': 'max_pool', 'filters': 64, 'use_bn': False}]
2025-11-07 11:42:18 [INFO]   Accuracy: 0.2710
2025-11-07 11:42:23 [INFO] Trial 171/200
2025-11-07 11:42:23 [INFO]   Architecture: [{'op': 'conv5x5', 'filters': 128, 'use_bn': True}, {'op': 'identity', 'filters': 64, 'use_bn': False}, {'op': 'conv5x5', 'filters': 128, 'use_bn': True}]
2025-11-07 11:42:23 [INFO]   Accuracy: 0.1290
2025-11-07 11:42:27 [INFO] Trial 173/200
2025-11-07 11:42:27 [INFO]   Architecture: [{'op': 'conv5x5', 'filters': 128, 'use_bn': True}, {'op': 'identity', 'filters': 64, 'use_bn': False}, {'op': 'conv5x5', 'filters': 128, 'use_bn': True}]
2025-11-07 11:42:27 [INFO]   Accuracy: 0.1160
2025-11-07 11:42:27 [INFO] Trial 174/200
2025-11-07 11:42:27 [INFO]   Architecture: [{'op': 'identity', 'filters': 128, 'use_bn': False}, {'op': 'conv5x5', 'filters': 32, 'use_bn': True}, {'op': 'max_pool', 'filters': 64, 'use_bn': False}]
2025-11-07 11:42:27 [INFO]   Accuracy: 0.1970
2025-11-07 11:42:28 [INFO] Trial 175/200
2025-11-07 11:42:28 [INFO]   Architecture: [{'op': 'max_pool', 'filters': 128, 'use_bn': True}, {'op': 'conv3x3', 'filters': 32, 'use_bn': False}, {'op': 'conv1x1', 'filters': 64, 'use_bn': True}]
2025-11-07 11:42:28 [INFO]   Accuracy: 0.1650
2025-11-07 11:42:32 [INFO] Trial 177/200
2025-11-07 11:42:32 [INFO]   Architecture: [{'op': 'conv5x5', 'filters': 128, 'use_bn': True}, {'op': 'identity', 'filters': 64, 'use_bn': False}, {'op': 'conv5x5', 'filters': 128, 'use_bn': True}]
2025-11-07 11:42:32 [INFO]   Accuracy: 0.0930
2025-11-07 11:42:36 [INFO] Trial 178/200
2025-11-07 11:42:36 [INFO]   Architecture: [{'op': 'conv5x5', 'filters': 128, 'use_bn': True}, {'op': 'identity', 'filters': 64, 'use_bn': False}, {'op': 'conv5x5', 'filters': 128, 'use_bn': True}]
2025-11-07 11:42:36 [INFO]   Accuracy: 0.0930
2025-11-07 11:42:38 [INFO] Trial 179/200
2025-11-07 11:42:38 [INFO]   Architecture: [{'op': 'conv5x5', 'filters': 128, 'use_bn': False}, {'op': 'avg_pool', 'filters': 64, 'use_bn': False}, {'op': 'conv5x5', 'filters': 128, 'use_bn': True}]
2025-11-07 11:42:38 [INFO]   Accuracy: 0.3120
2025-11-07 11:42:40 [INFO] Trial 180/200
2025-11-07 11:42:40 [INFO]   Architecture: [{'op': 'conv5x5', 'filters': 128, 'use_bn': False}, {'op': 'avg_pool', 'filters': 64, 'use_bn': False}, {'op': 'conv1x1', 'filters': 128, 'use_bn': True}]
2025-11-07 11:42:40 [INFO]   Accuracy: 0.2060
2025-11-07 11:42:42 [INFO] Trial 181/200
2025-11-07 11:42:42 [INFO]   Architecture: [{'op': 'conv5x5', 'filters': 64, 'use_bn': False}, {'op': 'identity', 'filters': 32, 'use_bn': False}, {'op': 'conv5x5', 'filters': 64, 'use_bn': False}]
2025-11-07 11:42:42 [INFO]   Accuracy: 0.2220
2025-11-07 11:42:44 [INFO] Trial 182/200
2025-11-07 11:42:44 [INFO]   Architecture: [{'op': 'conv5x5', 'filters': 64, 'use_bn': False}, {'op': 'identity', 'filters': 32, 'use_bn': False}, {'op': 'conv5x5', 'filters': 64, 'use_bn': False}]
2025-11-07 11:42:44 [INFO]   Accuracy: 0.2780
2025-11-07 11:42:46 [INFO] Trial 185/200
2025-11-07 11:42:46 [INFO]   Architecture: [{'op': 'conv5x5', 'filters': 64, 'use_bn': False}, {'op': 'identity', 'filters': 32, 'use_bn': False}, {'op': 'conv5x5', 'filters': 64, 'use_bn': False}]
2025-11-07 11:42:46 [INFO]   Accuracy: 0.2240
2025-11-07 11:42:48 [INFO] Trial 186/200
2025-11-07 11:42:48 [INFO]   Architecture: [{'op': 'identity', 'filters': 128, 'use_bn': False}, {'op': 'conv5x5', 'filters': 32, 'use_bn': True}, {'op': 'conv3x3', 'filters': 64, 'use_bn': False}]
2025-11-07 11:42:48 [INFO]   Accuracy: 0.1880
2025-11-07 11:42:49 [INFO] Trial 187/200
2025-11-07 11:42:49 [INFO]   Architecture: [{'op': 'conv5x5', 'filters': 64, 'use_bn': False}, {'op': 'avg_pool', 'filters': 64, 'use_bn': False}, {'op': 'conv1x1', 'filters': 128, 'use_bn': False}]
2025-11-07 11:42:49 [INFO]   Accuracy: 0.2080
2025-11-07 11:42:51 [INFO] Trial 189/200
2025-11-07 11:42:51 [INFO]   Architecture: [{'op': 'conv1x1', 'filters': 64, 'use_bn': False}, {'op': 'identity', 'filters': 32, 'use_bn': False}, {'op': 'conv5x5', 'filters': 64, 'use_bn': False}]
2025-11-07 11:42:51 [INFO]   Accuracy: 0.2620
2025-11-07 11:42:53 [INFO] Trial 190/200
2025-11-07 11:42:53 [INFO]   Architecture: [{'op': 'conv5x5', 'filters': 64, 'use_bn': False}, {'op': 'identity', 'filters': 64, 'use_bn': False}, {'op': 'conv1x1', 'filters': 128, 'use_bn': False}]
2025-11-07 11:42:53 [INFO]   Accuracy: 0.2140
2025-11-07 11:42:54 [INFO] Trial 192/200
2025-11-07 11:42:54 [INFO]   Architecture: [{'op': 'conv5x5', 'filters': 64, 'use_bn': False}, {'op': 'avg_pool', 'filters': 64, 'use_bn': False}, {'op': 'conv1x1', 'filters': 128, 'use_bn': False}]
2025-11-07 11:42:54 [INFO]   Accuracy: 0.2060
2025-11-07 11:42:55 [INFO] Trial 193/200
2025-11-07 11:42:55 [INFO]   Architecture: [{'op': 'conv5x5', 'filters': 64, 'use_bn': False}, {'op': 'avg_pool', 'filters': 64, 'use_bn': False}, {'op': 'conv1x1', 'filters': 128, 'use_bn': False}]
2025-11-07 11:42:55 [INFO]   Accuracy: 0.2020
2025-11-07 11:42:57 [INFO] Trial 194/200
2025-11-07 11:42:57 [INFO]   Architecture: [{'op': 'conv1x1', 'filters': 128, 'use_bn': False}, {'op': 'conv1x1', 'filters': 32, 'use_bn': True}, {'op': 'conv3x3', 'filters': 64, 'use_bn': False}]
2025-11-07 11:42:57 [INFO]   Accuracy: 0.2230
2025-11-07 11:42:59 [INFO] Trial 195/200
2025-11-07 11:42:59 [INFO]   Architecture: [{'op': 'conv1x1', 'filters': 128, 'use_bn': True}, {'op': 'conv1x1', 'filters': 32, 'use_bn': True}, {'op': 'conv3x3', 'filters': 64, 'use_bn': False}]
2025-11-07 11:42:59 [INFO]   Accuracy: 0.0940
2025-11-07 11:43:01 [INFO] Trial 197/200
2025-11-07 11:43:01 [INFO]   Architecture: [{'op': 'conv1x1', 'filters': 64, 'use_bn': False}, {'op': 'identity', 'filters': 32, 'use_bn': False}, {'op': 'conv5x5', 'filters': 64, 'use_bn': False}]
2025-11-07 11:43:01 [INFO]   Accuracy: 0.2420
2025-11-07 11:43:04 [INFO] Trial 198/200
2025-11-07 11:43:04 [INFO]   Architecture: [{'op': 'conv1x1', 'filters': 128, 'use_bn': True}, {'op': 'conv1x1', 'filters': 64, 'use_bn': True}, {'op': 'conv3x3', 'filters': 64, 'use_bn': True}]
2025-11-07 11:43:04 [INFO]   Accuracy: 0.0950
2025-11-07 11:43:07 [INFO] Trial 199/200
2025-11-07 11:43:07 [INFO]   Architecture: [{'op': 'conv1x1', 'filters': 128, 'use_bn': True}, {'op': 'conv1x1', 'filters': 64, 'use_bn': True}, {'op': 'conv3x3', 'filters': 64, 'use_bn': False}]
2025-11-07 11:43:07 [INFO]   Accuracy: 0.0940
2025-11-07 11:43:08 [INFO] Trial 200/200
2025-11-07 11:43:08 [INFO]   Architecture: [{'op': 'max_pool', 'filters': 128, 'use_bn': True}, {'op': 'conv3x3', 'filters': 32, 'use_bn': False}, {'op': 'conv1x1', 'filters': 64, 'use_bn': True}]
2025-11-07 11:43:08 [INFO]   Accuracy: 0.1540
2025-11-07 11:43:08 [INFO] 
Top 3 Architectures:
2025-11-07 11:43:08 [INFO] 1. Accuracy: 0.3800
2025-11-07 11:43:08 [INFO]    [{'op': 'conv3x3', 'filters': 128, 'use_bn': False}, {'op': 'max_pool', 'filters': 128, 'use_bn': False}, {'op': 'conv5x5', 'filters': 128, 'use_bn': True}]
2025-11-07 11:43:08 [INFO] 2. Accuracy: 0.3400
2025-11-07 11:43:08 [INFO]    [{'op': 'conv5x5', 'filters': 128, 'use_bn': True}, {'op': 'identity', 'filters': 64, 'use_bn': False}, {'op': 'conv5x5', 'filters': 128, 'use_bn': False}]
2025-11-07 11:43:08 [INFO] 3. Accuracy: 0.3390
2025-11-07 11:43:08 [INFO]    [{'op': 'conv3x3', 'filters': 128, 'use_bn': True}, {'op': 'conv5x5', 'filters': 32, 'use_bn': False}, {'op': 'max_pool', 'filters': 64, 'use_bn': False}]
2025-11-07 11:43:08 [INFO] 
======================================================================
2025-11-07 11:43:08 [INFO] STEP 2: Training Best Architecture
2025-11-07 11:43:08 [INFO] ======================================================================
2025-11-07 11:43:08 [INFO] Best Architecture: [{'op': 'conv3x3', 'filters': 128, 'use_bn': False}, {'op': 'max_pool', 'filters': 128, 'use_bn': False}, {'op': 'conv5x5', 'filters': 128, 'use_bn': True}]
2025-11-07 11:43:08 [INFO] 
Model Complexity:
2025-11-07 11:43:08 [INFO]   Trainable Parameters: 431,370
2025-11-07 11:43:08 [INFO]   Estimated FLOPs: 108,396,544
2025-11-07 11:43:08 [INFO]   Model Size (approx): 1.65 MB (float32)
2025-11-07 11:43:08 [INFO] 
Training for 80 epochs...
2025-11-07 11:43:31 [INFO] Training completed: 80 epochs
2025-11-07 11:43:31 [INFO] ✓ Standard model accuracy: 0.6160
2025-11-07 11:43:31 [INFO] 
============================================================
2025-11-07 11:43:31 [INFO] BEST ARCHITECTURE FOUND
2025-11-07 11:43:31 [INFO] ============================================================
2025-11-07 11:43:31 [INFO] Architecture: [{'op': 'conv3x3', 'filters': 128, 'use_bn': False}, {'op': 'max_pool', 'filters': 128, 'use_bn': False}, {'op': 'conv5x5', 'filters': 128, 'use_bn': True}]
2025-11-07 11:43:31 [INFO] Accuracy: 0.6160
2025-11-07 11:43:31 [INFO] ============================================================
2025-11-07 11:43:31 [INFO] 
Training Summary:
2025-11-07 11:43:31 [INFO]   Final Training Accuracy: 0.9518
2025-11-07 11:43:31 [INFO]   Final Validation Accuracy: 0.6160
2025-11-07 11:43:31 [INFO]   Final Training Loss: 0.1712
2025-11-07 11:43:31 [INFO]   Final Validation Loss: 1.4637
2025-11-07 11:43:31 [INFO]   ⚠ Warning: Large train-val gap (0.3358) suggests overfitting
2025-11-07 11:43:31 [INFO] 
======================================================================
2025-11-07 11:43:31 [INFO] STEP 3: Testing Approximate Multipliers
2025-11-07 11:43:31 [INFO] ======================================================================
2025-11-07 11:43:31 [INFO] Found 36 multipliers to test
2025-11-07 11:43:31 [INFO] Standard model accuracy: 0.6160

2025-11-07 11:43:31 [INFO] [1/36] Testing: mul8u_125K.bin
2025-11-07 11:43:31 [INFO] Testing: mul8u_125K.bin
2025-11-07 11:43:31 [INFO]   Accuracy: 0.6180
2025-11-07 11:43:31 [INFO]   Drop:     -0.0020 (-0.32%)
2025-11-07 11:43:31 [INFO] [2/36] Testing: mul8u_12N4.bin
2025-11-07 11:43:32 [INFO] Testing: mul8u_12N4.bin
2025-11-07 11:43:32 [INFO]   Accuracy: 0.1160
2025-11-07 11:43:32 [INFO]   Drop:     0.5000 (81.17%)
2025-11-07 11:43:32 [INFO] [3/36] Testing: mul8u_13QR.bin
2025-11-07 11:43:32 [INFO] Testing: mul8u_13QR.bin
2025-11-07 11:43:32 [INFO]   Accuracy: 0.0840
2025-11-07 11:43:32 [INFO]   Drop:     0.5320 (86.36%)
2025-11-07 11:43:32 [INFO] [4/36] Testing: mul8u_1446.bin
2025-11-07 11:43:33 [INFO] Testing: mul8u_1446.bin
2025-11-07 11:43:33 [INFO]   Accuracy: 0.6160
2025-11-07 11:43:33 [INFO]   Drop:     0.0000 (0.00%)
2025-11-07 11:43:33 [INFO] [5/36] Testing: mul8u_14VP.bin
2025-11-07 11:43:34 [INFO] Testing: mul8u_14VP.bin
2025-11-07 11:43:34 [INFO]   Accuracy: 0.6100
2025-11-07 11:43:34 [INFO]   Drop:     0.0060 (0.97%)
2025-11-07 11:43:34 [INFO] [6/36] Testing: mul8u_150Q.bin
2025-11-07 11:43:34 [INFO] Testing: mul8u_150Q.bin
2025-11-07 11:43:34 [INFO]   Accuracy: 0.5910
2025-11-07 11:43:34 [INFO]   Drop:     0.0250 (4.06%)
2025-11-07 11:43:34 [INFO] [7/36] Testing: mul8u_17C8.bin
2025-11-07 11:43:35 [INFO] Testing: mul8u_17C8.bin
2025-11-07 11:43:35 [INFO]   Accuracy: 0.0940
2025-11-07 11:43:35 [INFO]   Drop:     0.5220 (84.74%)
2025-11-07 11:43:35 [INFO] [8/36] Testing: mul8u_17KS.bin
2025-11-07 11:43:35 [INFO] Testing: mul8u_17KS.bin
2025-11-07 11:43:35 [INFO]   Accuracy: 0.0930
2025-11-07 11:43:35 [INFO]   Drop:     0.5230 (84.90%)
2025-11-07 11:43:35 [INFO] [9/36] Testing: mul8u_17QU.bin
2025-11-07 11:43:36 [INFO] Testing: mul8u_17QU.bin
2025-11-07 11:43:36 [INFO]   Accuracy: 0.0850
2025-11-07 11:43:36 [INFO]   Drop:     0.5310 (86.20%)
2025-11-07 11:43:36 [INFO] [10/36] Testing: mul8u_185Q.bin
2025-11-07 11:43:36 [INFO] Testing: mul8u_185Q.bin
2025-11-07 11:43:36 [INFO]   Accuracy: 0.1680
2025-11-07 11:43:36 [INFO]   Drop:     0.4480 (72.73%)
2025-11-07 11:43:36 [INFO] [11/36] Testing: mul8u_18DU.bin
2025-11-07 11:43:37 [INFO] Testing: mul8u_18DU.bin
2025-11-07 11:43:37 [INFO]   Accuracy: 0.0870
2025-11-07 11:43:37 [INFO]   Drop:     0.5290 (85.88%)
2025-11-07 11:43:37 [INFO] [12/36] Testing: mul8u_199Z.bin
2025-11-07 11:43:37 [INFO] Testing: mul8u_199Z.bin
2025-11-07 11:43:37 [INFO]   Accuracy: 0.0860
2025-11-07 11:43:37 [INFO]   Drop:     0.5300 (86.04%)
2025-11-07 11:43:37 [INFO] [13/36] Testing: mul8u_19DB.bin
2025-11-07 11:43:38 [INFO] Testing: mul8u_19DB.bin
2025-11-07 11:43:38 [INFO]   Accuracy: 0.1360
2025-11-07 11:43:38 [INFO]   Drop:     0.4800 (77.92%)
2025-11-07 11:43:38 [INFO] [14/36] Testing: mul8u_1AGV.bin
2025-11-07 11:43:39 [INFO] Testing: mul8u_1AGV.bin
2025-11-07 11:43:39 [INFO]   Accuracy: 0.0930
2025-11-07 11:43:39 [INFO]   Drop:     0.5230 (84.90%)
2025-11-07 11:43:39 [INFO] [15/36] Testing: mul8u_1JFF.bin
2025-11-07 11:43:39 [INFO] Testing: mul8u_1JFF.bin
2025-11-07 11:43:39 [INFO]   Accuracy: 0.6170
2025-11-07 11:43:39 [INFO]   Drop:     -0.0010 (-0.16%)
2025-11-07 11:43:39 [INFO] [16/36] Testing: mul8u_2AC.bin
2025-11-07 11:43:40 [INFO] Testing: mul8u_2AC.bin
2025-11-07 11:43:40 [INFO]   Accuracy: 0.1880
2025-11-07 11:43:40 [INFO]   Drop:     0.4280 (69.48%)
2025-11-07 11:43:40 [INFO] [17/36] Testing: mul8u_2HH.bin
2025-11-07 11:43:40 [INFO] Testing: mul8u_2HH.bin
2025-11-07 11:43:40 [INFO]   Accuracy: 0.1800
2025-11-07 11:43:40 [INFO]   Drop:     0.4360 (70.78%)
2025-11-07 11:43:40 [INFO] [18/36] Testing: mul8u_2P7.bin
2025-11-07 11:43:41 [INFO] Testing: mul8u_2P7.bin
2025-11-07 11:43:41 [INFO]   Accuracy: 0.6180
2025-11-07 11:43:41 [INFO]   Drop:     -0.0020 (-0.32%)
2025-11-07 11:43:41 [INFO] [19/36] Testing: mul8u_7C1.bin
2025-11-07 11:43:41 [INFO] Testing: mul8u_7C1.bin
2025-11-07 11:43:41 [INFO]   Accuracy: 0.5790
2025-11-07 11:43:41 [INFO]   Drop:     0.0370 (6.01%)
2025-11-07 11:43:41 [INFO] [20/36] Testing: mul8u_96D.bin
2025-11-07 11:43:42 [INFO] Testing: mul8u_96D.bin
2025-11-07 11:43:42 [INFO]   Accuracy: 0.4820
2025-11-07 11:43:42 [INFO]   Drop:     0.1340 (21.75%)
2025-11-07 11:43:42 [INFO] [21/36] Testing: mul8u_CK5.bin
2025-11-07 11:43:42 [INFO] Testing: mul8u_CK5.bin
2025-11-07 11:43:42 [INFO]   Accuracy: 0.5880
2025-11-07 11:43:42 [INFO]   Drop:     0.0280 (4.55%)
2025-11-07 11:43:42 [INFO] [22/36] Testing: mul8u_DM1.bin
2025-11-07 11:43:43 [INFO] Testing: mul8u_DM1.bin
2025-11-07 11:43:43 [INFO]   Accuracy: 0.1000
2025-11-07 11:43:43 [INFO]   Drop:     0.5160 (83.77%)
2025-11-07 11:43:43 [INFO] [23/36] Testing: mul8u_EXZ.bin
2025-11-07 11:43:44 [INFO] Testing: mul8u_EXZ.bin
2025-11-07 11:43:44 [INFO]   Accuracy: 0.6190
2025-11-07 11:43:44 [INFO]   Drop:     -0.0030 (-0.49%)
2025-11-07 11:43:44 [INFO] [24/36] Testing: mul8u_FTA.bin
2025-11-07 11:43:44 [INFO] Testing: mul8u_FTA.bin
2025-11-07 11:43:44 [INFO]   Accuracy: 0.0930
2025-11-07 11:43:44 [INFO]   Drop:     0.5230 (84.90%)
2025-11-07 11:43:44 [INFO] [25/36] Testing: mul8u_GS2.bin
2025-11-07 11:43:45 [INFO] Testing: mul8u_GS2.bin
2025-11-07 11:43:45 [INFO]   Accuracy: 0.6140
2025-11-07 11:43:45 [INFO]   Drop:     0.0020 (0.32%)
2025-11-07 11:43:45 [INFO] [26/36] Testing: mul8u_JQQ.bin
2025-11-07 11:43:46 [INFO] Testing: mul8u_JQQ.bin
2025-11-07 11:43:46 [INFO]   Accuracy: 0.5240
2025-11-07 11:43:46 [INFO]   Drop:     0.0920 (14.94%)
2025-11-07 11:43:46 [INFO] [27/36] Testing: mul8u_JV3.bin
2025-11-07 11:43:46 [INFO] Testing: mul8u_JV3.bin
2025-11-07 11:43:46 [INFO]   Accuracy: 0.0980
2025-11-07 11:43:46 [INFO]   Drop:     0.5180 (84.09%)
2025-11-07 11:43:46 [INFO] [28/36] Testing: mul8u_KEM.bin
2025-11-07 11:43:47 [INFO] Testing: mul8u_KEM.bin
2025-11-07 11:43:47 [INFO]   Accuracy: 0.6160
2025-11-07 11:43:47 [INFO]   Drop:     0.0000 (0.00%)
2025-11-07 11:43:47 [INFO] [29/36] Testing: mul8u_L40.bin
2025-11-07 11:43:47 [INFO] Testing: mul8u_L40.bin
2025-11-07 11:43:47 [INFO]   Accuracy: 0.2330
2025-11-07 11:43:47 [INFO]   Drop:     0.3830 (62.18%)
2025-11-07 11:43:47 [INFO] [30/36] Testing: mul8u_NGR.bin
2025-11-07 11:43:48 [INFO] Testing: mul8u_NGR.bin
2025-11-07 11:43:48 [INFO]   Accuracy: 0.2790
2025-11-07 11:43:48 [INFO]   Drop:     0.3370 (54.71%)
2025-11-07 11:43:48 [INFO] [31/36] Testing: mul8u_PKY.bin
2025-11-07 11:43:48 [INFO] Testing: mul8u_PKY.bin
2025-11-07 11:43:48 [INFO]   Accuracy: 0.3920
2025-11-07 11:43:48 [INFO]   Drop:     0.2240 (36.36%)
2025-11-07 11:43:48 [INFO] [32/36] Testing: mul8u_QJD.bin
2025-11-07 11:43:49 [INFO] Testing: mul8u_QJD.bin
2025-11-07 11:43:49 [INFO]   Accuracy: 0.5550
2025-11-07 11:43:49 [INFO]   Drop:     0.0610 (9.90%)
2025-11-07 11:43:49 [INFO] [33/36] Testing: mul8u_QKX.bin
2025-11-07 11:43:50 [INFO] Testing: mul8u_QKX.bin
2025-11-07 11:43:50 [INFO]   Accuracy: 0.0910
2025-11-07 11:43:50 [INFO]   Drop:     0.5250 (85.23%)
2025-11-07 11:43:50 [INFO] [34/36] Testing: mul8u_Y48.bin
2025-11-07 11:43:50 [INFO] Testing: mul8u_Y48.bin
2025-11-07 11:43:50 [INFO]   Accuracy: 0.6170
2025-11-07 11:43:50 [INFO]   Drop:     -0.0010 (-0.16%)
2025-11-07 11:43:50 [INFO] [35/36] Testing: mul8u_YX7.bin
2025-11-07 11:43:51 [INFO] Testing: mul8u_YX7.bin
2025-11-07 11:43:51 [INFO]   Accuracy: 0.0950
2025-11-07 11:43:51 [INFO]   Drop:     0.5210 (84.58%)
2025-11-07 11:43:51 [INFO] [36/36] Testing: mul8u_ZFB.bin
2025-11-07 11:43:51 [INFO] Testing: mul8u_ZFB.bin
2025-11-07 11:43:51 [INFO]   Accuracy: 0.5370
2025-11-07 11:43:51 [INFO]   Drop:     0.0790 (12.82%)
2025-11-07 11:43:51 [INFO] 
======================================================================
2025-11-07 11:43:51 [INFO] STEP 4: Results Analysis
2025-11-07 11:43:51 [INFO] ======================================================================
2025-11-07 11:43:51 [INFO] 
======================================================================
2025-11-07 11:43:51 [INFO] FINAL RESULTS SUMMARY
2025-11-07 11:43:51 [INFO] ======================================================================
2025-11-07 11:43:51 [INFO] Standard Accuracy: 0.6160
2025-11-07 11:43:51 [INFO] Total Multipliers Tested: 36
2025-11-07 11:43:51 [INFO] 
Accuracy Statistics:
2025-11-07 11:43:51 [INFO]   Best:  0.6190
2025-11-07 11:43:51 [INFO]   Worst: 0.0840
2025-11-07 11:43:51 [INFO]   Mean:  0.3387
2025-11-07 11:43:51 [INFO] 
Drop Statistics:
2025-11-07 11:43:51 [INFO]   Min Drop:  -0.0030 (-0.49%)
2025-11-07 11:43:51 [INFO]   Max Drop:  0.5320 (86.36%)
2025-11-07 11:43:51 [INFO]   Mean Drop: 0.2773
2025-11-07 11:43:51 [INFO] 
Multiplier Categories:
2025-11-07 11:43:51 [INFO]   Excellent (≤1% drop):   9
2025-11-07 11:43:51 [INFO]   Good (1-5% drop):       3
2025-11-07 11:43:51 [INFO]   Medium (5-10% drop):    3
2025-11-07 11:43:51 [INFO]   Poor (>10% drop):       21
2025-11-07 11:43:51 [INFO] 
Multiplier                     Accuracy     Drop         Drop %    
2025-11-07 11:43:51 [INFO] ----------------------------------------------------------------------
2025-11-07 11:43:51 [INFO] mul8u_EXZ.bin                  0.6190       -0.0030      -0.49     %
2025-11-07 11:43:51 [INFO] mul8u_125K.bin                 0.6180       -0.0020      -0.32     %
2025-11-07 11:43:51 [INFO] mul8u_2P7.bin                  0.6180       -0.0020      -0.32     %
2025-11-07 11:43:51 [INFO] mul8u_1JFF.bin                 0.6170       -0.0010      -0.16     %
2025-11-07 11:43:51 [INFO] mul8u_Y48.bin                  0.6170       -0.0010      -0.16     %
2025-11-07 11:43:51 [INFO] mul8u_1446.bin                 0.6160       0.0000       0.00      %
2025-11-07 11:43:51 [INFO] mul8u_KEM.bin                  0.6160       0.0000       0.00      %
2025-11-07 11:43:51 [INFO] mul8u_GS2.bin                  0.6140       0.0020       0.32      %
2025-11-07 11:43:51 [INFO] mul8u_14VP.bin                 0.6100       0.0060       0.97      %
2025-11-07 11:43:51 [INFO] mul8u_150Q.bin                 0.5910       0.0250       4.06      %
2025-11-07 11:43:51 [INFO] mul8u_CK5.bin                  0.5880       0.0280       4.55      %
2025-11-07 11:43:51 [INFO] mul8u_7C1.bin                  0.5790       0.0370       6.01      %
2025-11-07 11:43:51 [INFO] mul8u_QJD.bin                  0.5550       0.0610       9.90      %
2025-11-07 11:43:51 [INFO] mul8u_ZFB.bin                  0.5370       0.0790       12.82     %
2025-11-07 11:43:51 [INFO] mul8u_JQQ.bin                  0.5240       0.0920       14.94     %
2025-11-07 11:43:51 [INFO] mul8u_96D.bin                  0.4820       0.1340       21.75     %
2025-11-07 11:43:51 [INFO] mul8u_PKY.bin                  0.3920       0.2240       36.36     %
2025-11-07 11:43:51 [INFO] mul8u_NGR.bin                  0.2790       0.3370       54.71     %
2025-11-07 11:43:51 [INFO] mul8u_L40.bin                  0.2330       0.3830       62.18     %
2025-11-07 11:43:51 [INFO] mul8u_2AC.bin                  0.1880       0.4280       69.48     %
2025-11-07 11:43:51 [INFO] mul8u_2HH.bin                  0.1800       0.4360       70.78     %
2025-11-07 11:43:51 [INFO] mul8u_185Q.bin                 0.1680       0.4480       72.73     %
2025-11-07 11:43:51 [INFO] mul8u_19DB.bin                 0.1360       0.4800       77.92     %
2025-11-07 11:43:51 [INFO] mul8u_12N4.bin                 0.1160       0.5000       81.17     %
2025-11-07 11:43:51 [INFO] mul8u_DM1.bin                  0.1000       0.5160       83.77     %
2025-11-07 11:43:51 [INFO] mul8u_JV3.bin                  0.0980       0.5180       84.09     %
2025-11-07 11:43:51 [INFO] mul8u_YX7.bin                  0.0950       0.5210       84.58     %
2025-11-07 11:43:51 [INFO] mul8u_17C8.bin                 0.0940       0.5220       84.74     %
2025-11-07 11:43:51 [INFO] mul8u_17KS.bin                 0.0930       0.5230       84.90     %
2025-11-07 11:43:51 [INFO] mul8u_1AGV.bin                 0.0930       0.5230       84.90     %
2025-11-07 11:43:51 [INFO] mul8u_FTA.bin                  0.0930       0.5230       84.90     %
2025-11-07 11:43:51 [INFO] mul8u_QKX.bin                  0.0910       0.5250       85.23     %
2025-11-07 11:43:51 [INFO] mul8u_18DU.bin                 0.0870       0.5290       85.88     %
2025-11-07 11:43:51 [INFO] mul8u_199Z.bin                 0.0860       0.5300       86.04     %
2025-11-07 11:43:51 [INFO] mul8u_17QU.bin                 0.0850       0.5310       86.20     %
2025-11-07 11:43:51 [INFO] mul8u_13QR.bin                 0.0840       0.5320       86.36     %
2025-11-07 11:43:51 [INFO] 
======================================================================
2025-11-07 11:43:51 [INFO] BEST APPROXIMATE MULTIPLIER
2025-11-07 11:43:51 [INFO] ======================================================================
2025-11-07 11:43:51 [INFO] Multiplier:  mul8u_EXZ.bin
2025-11-07 11:43:51 [INFO] Accuracy:    0.6190
2025-11-07 11:43:51 [INFO] Drop:        -0.0030 (-0.49%)
2025-11-07 11:43:51 [INFO] 
Top 5 Multipliers:
2025-11-07 11:43:51 [INFO] 1. mul8u_EXZ.bin                  Acc: 0.6190 Drop: -0.49%
2025-11-07 11:43:51 [INFO] 2. mul8u_125K.bin                 Acc: 0.6180 Drop: -0.32%
2025-11-07 11:43:51 [INFO] 3. mul8u_2P7.bin                  Acc: 0.6180 Drop: -0.32%
2025-11-07 11:43:51 [INFO] 4. mul8u_1JFF.bin                 Acc: 0.6170 Drop: -0.16%
2025-11-07 11:43:51 [INFO] 5. mul8u_Y48.bin                  Acc: 0.6170 Drop: -0.16%
2025-11-07 11:43:51 [INFO] 
Estimated Energy Savings:
2025-11-07 11:43:51 [INFO]   9 multipliers with ≤1% accuracy drop
2025-11-07 11:43:51 [INFO]   Potential energy savings: 30-50% (typical for approximate multipliers)
2025-11-07 11:43:51 [INFO]   Model parameters: 431,370
2025-11-07 11:43:51 [INFO]   Estimated MACs per inference: 54,198,272
2025-11-07 11:43:51 [INFO] 
======================================================================
2025-11-07 11:43:51 [INFO] FINAL SUMMARY
2025-11-07 11:43:51 [INFO] ======================================================================
2025-11-07 11:43:51 [INFO] Dataset: cifar10
2025-11-07 11:43:51 [INFO] Best Architecture: [{'op': 'conv3x3', 'filters': 128, 'use_bn': False}, {'op': 'max_pool', 'filters': 128, 'use_bn': False}, {'op': 'conv5x5', 'filters': 128, 'use_bn': True}]
2025-11-07 11:43:51 [INFO] Standard Model Accuracy: 0.6160
2025-11-07 11:43:51 [INFO] Model Parameters: 431,370
2025-11-07 11:43:51 [INFO] Estimated FLOPs: 108,396,544
2025-11-07 11:43:51 [INFO] 
Multiplier Testing:
2025-11-07 11:43:51 [INFO]   Total tested: 36
2025-11-07 11:43:51 [INFO]   Best accuracy: 0.6190
2025-11-07 11:43:51 [INFO]   Best multiplier: mul8u_EXZ.bin
2025-11-07 11:43:51 [INFO] 
✓ Results saved to: logs/nas_results_20251107_113640.json
2025-11-07 11:43:51 [INFO] 
======================================================================
2025-11-07 11:43:51 [INFO] NAS Run Completed
2025-11-07 11:43:51 [INFO] Log file: logs/nas_run_20251107_113640.log
2025-11-07 11:43:51 [INFO] ======================================================================
2025-11-07 11:43:51 [INFO] 
✓ All done!
