2025-11-10 00:27:15 [INFO] ======================================================================
2025-11-10 00:27:15 [INFO] NAS with Approximate Multipliers - Started
2025-11-10 00:27:15 [INFO] Log file: logs/nas_run_20251110_002715.log
2025-11-10 00:27:15 [INFO] ======================================================================
2025-11-10 00:27:15 [INFO] ======================================================================
2025-11-10 00:27:15 [INFO] CONFIGURATION
2025-11-10 00:27:15 [INFO] ======================================================================
2025-11-10 00:27:15 [INFO] Dataset: mnist
2025-11-10 00:27:15 [INFO] Training samples: 5000
2025-11-10 00:27:15 [INFO] Validation samples: 1000
2025-11-10 00:27:15 [INFO] NAS trials: 5
2025-11-10 00:27:15 [INFO] NAS blocks: 4
2025-11-10 00:27:15 [INFO] NAS method: evolutionary
2025-11-10 00:27:15 [INFO] Training epochs: 30
2025-11-10 00:27:15 [INFO] Batch size: 128
2025-11-10 00:27:15 [INFO] Learning rate: 0.001
2025-11-10 00:27:15 [INFO] LR scheduling: No
2025-11-10 00:27:15 [INFO] Multiplier dir: ./multipliers
2025-11-10 00:27:15 [INFO] Save predictions: No
2025-11-10 00:27:15 [INFO] Results dir: logs/results
2025-11-10 00:27:15 [INFO] 
======================================================================
2025-11-10 00:27:15 [INFO] STEP 0: Loading Dataset
2025-11-10 00:27:15 [INFO] ======================================================================
2025-11-10 00:27:16 [INFO] Input shape: (28, 28, 1)
2025-11-10 00:27:16 [INFO] Number of classes: 10
2025-11-10 00:27:16 [INFO] Training samples (full): 54000
2025-11-10 00:27:16 [INFO] Validation samples (full): 6000
2025-11-10 00:27:16 [INFO] Test samples: 10000
2025-11-10 00:27:16 [INFO] 
Using subset:
2025-11-10 00:27:16 [INFO]   Training: 5000 samples
2025-11-10 00:27:16 [INFO]   Validation: 1000 samples
2025-11-10 00:27:16 [INFO]   Classes: 0, 1, 2, 3, 4...
2025-11-10 00:27:16 [INFO] 
======================================================================
2025-11-10 00:27:16 [INFO] STEP 1: Using Predefined Architecture (NAS Skipped)
2025-11-10 00:27:16 [INFO] ======================================================================
2025-11-10 00:27:16 [INFO] Architecture: [{'op': 'conv3x3', 'filters': 64, 'use_bn': True}, {'op': 'max_pool', 'filters': 64, 'use_bn': False}, {'op': 'conv5x5', 'filters': 128, 'use_bn': True}, {'op': 'conv1x1', 'filters': 64, 'use_bn': False}]
