2025-11-07 11:27:47 [INFO] ======================================================================
2025-11-07 11:27:47 [INFO] NAS with Approximate Multipliers - Started
2025-11-07 11:27:47 [INFO] Log file: logs/nas_run_20251107_112747.log
2025-11-07 11:27:47 [INFO] ======================================================================
2025-11-07 11:27:47 [INFO] ======================================================================
2025-11-07 11:27:47 [INFO] CONFIGURATION
2025-11-07 11:27:47 [INFO] ======================================================================
2025-11-07 11:27:47 [INFO] Dataset: cifar10
2025-11-07 11:27:47 [INFO] Training samples: 5000
2025-11-07 11:27:47 [INFO] Validation samples: 1000
2025-11-07 11:27:47 [INFO] NAS trials: 20
2025-11-07 11:27:47 [INFO] NAS blocks: 4
2025-11-07 11:27:47 [INFO] NAS method: evolutionary
2025-11-07 11:27:47 [INFO] Training epochs: 50
2025-11-07 11:27:47 [INFO] Batch size: 128
2025-11-07 11:27:47 [INFO] Multiplier dir: ./multipliers
2025-11-07 11:27:47 [INFO] 
======================================================================
2025-11-07 11:27:47 [INFO] STEP 0: Loading Dataset
2025-11-07 11:27:47 [INFO] ======================================================================
2025-11-07 11:27:47 [INFO] Input shape: (32, 32, 3)
2025-11-07 11:27:47 [INFO] Number of classes: 10
2025-11-07 11:27:47 [INFO] Training samples (full): 44000
2025-11-07 11:27:47 [INFO] Validation samples (full): 6000
2025-11-07 11:27:47 [INFO] Test samples: 10000
2025-11-07 11:27:47 [INFO] 
Using subset:
2025-11-07 11:27:47 [INFO]   Training: 5000 samples
2025-11-07 11:27:47 [INFO]   Validation: 1000 samples
2025-11-07 11:27:47 [INFO] 
======================================================================
2025-11-07 11:27:47 [INFO] STEP 1: Neural Architecture Search
2025-11-07 11:27:47 [INFO] ======================================================================
2025-11-07 11:27:47 [INFO] Starting NAS: STANDARD - Method: EVOLUTIONARY

2025-11-07 11:27:47 [INFO] Phase 1: Generating initial population (4 architectures)
2025-11-07 11:27:54 [INFO] Init 1/4: Accuracy 0.1230
2025-11-07 11:27:56 [INFO] Init 2/4: Accuracy 0.1950
2025-11-07 11:27:58 [INFO] Init 3/4: Accuracy 0.1180
2025-11-07 11:27:59 [INFO] Init 4/4: Accuracy 0.1640
2025-11-07 11:27:59 [INFO] 
Phase 2: Evolution (16 generations)
2025-11-07 11:28:00 [INFO] Trial 5/20
2025-11-07 11:28:00 [INFO]   Architecture: [{'op': 'conv1x1', 'filters': 32, 'use_bn': False}, {'op': 'max_pool', 'filters': 128, 'use_bn': False}, {'op': 'conv3x3', 'filters': 32, 'use_bn': True}, {'op': 'max_pool', 'filters': 32, 'use_bn': False}]
2025-11-07 11:28:00 [INFO]   Accuracy: 0.2320
2025-11-07 11:28:01 [INFO] Trial 6/20
2025-11-07 11:28:01 [INFO]   Architecture: [{'op': 'conv1x1', 'filters': 32, 'use_bn': False}, {'op': 'max_pool', 'filters': 32, 'use_bn': False}, {'op': 'conv3x3', 'filters': 64, 'use_bn': True}, {'op': 'max_pool', 'filters': 32, 'use_bn': False}]
2025-11-07 11:28:01 [INFO]   Accuracy: 0.2300
2025-11-07 11:28:02 [INFO] Trial 7/20
2025-11-07 11:28:02 [INFO]   Architecture: [{'op': 'conv1x1', 'filters': 32, 'use_bn': False}, {'op': 'max_pool', 'filters': 32, 'use_bn': False}, {'op': 'conv3x3', 'filters': 32, 'use_bn': True}, {'op': 'max_pool', 'filters': 32, 'use_bn': False}]
2025-11-07 11:28:02 [INFO]   Accuracy: 0.2130
2025-11-07 11:28:03 [INFO] Trial 8/20
2025-11-07 11:28:03 [INFO]   Architecture: [{'op': 'conv1x1', 'filters': 32, 'use_bn': False}, {'op': 'max_pool', 'filters': 32, 'use_bn': False}, {'op': 'conv3x3', 'filters': 32, 'use_bn': True}, {'op': 'max_pool', 'filters': 32, 'use_bn': False}]
2025-11-07 11:28:03 [INFO]   Accuracy: 0.1790
2025-11-07 11:28:04 [INFO] Trial 9/20
2025-11-07 11:28:04 [INFO]   Architecture: [{'op': 'conv1x1', 'filters': 32, 'use_bn': False}, {'op': 'max_pool', 'filters': 32, 'use_bn': False}, {'op': 'conv3x3', 'filters': 32, 'use_bn': True}, {'op': 'max_pool', 'filters': 32, 'use_bn': False}]
2025-11-07 11:28:04 [INFO]   Accuracy: 0.1650
2025-11-07 11:28:05 [INFO] Trial 10/20
2025-11-07 11:28:05 [INFO]   Architecture: [{'op': 'conv1x1', 'filters': 32, 'use_bn': False}, {'op': 'max_pool', 'filters': 32, 'use_bn': False}, {'op': 'conv3x3', 'filters': 32, 'use_bn': True}, {'op': 'max_pool', 'filters': 32, 'use_bn': False}]
2025-11-07 11:28:05 [INFO]   Accuracy: 0.2360
2025-11-07 11:28:06 [INFO] Trial 11/20
2025-11-07 11:28:06 [INFO]   Architecture: [{'op': 'identity', 'filters': 32, 'use_bn': False}, {'op': 'max_pool', 'filters': 32, 'use_bn': False}, {'op': 'conv3x3', 'filters': 32, 'use_bn': True}, {'op': 'max_pool', 'filters': 32, 'use_bn': False}]
2025-11-07 11:28:06 [INFO]   Accuracy: 0.1770
2025-11-07 11:28:07 [INFO] Trial 12/20
2025-11-07 11:28:07 [INFO]   Architecture: [{'op': 'conv3x3', 'filters': 64, 'use_bn': True}, {'op': 'conv1x1', 'filters': 64, 'use_bn': False}, {'op': 'identity', 'filters': 128, 'use_bn': False}, {'op': 'max_pool', 'filters': 64, 'use_bn': False}]
2025-11-07 11:28:07 [INFO]   Accuracy: 0.1940
2025-11-07 11:28:08 [INFO] Trial 13/20
2025-11-07 11:28:08 [INFO]   Architecture: [{'op': 'conv1x1', 'filters': 32, 'use_bn': False}, {'op': 'avg_pool', 'filters': 32, 'use_bn': False}, {'op': 'conv3x3', 'filters': 32, 'use_bn': True}, {'op': 'max_pool', 'filters': 32, 'use_bn': False}]
2025-11-07 11:28:08 [INFO]   Accuracy: 0.2150
2025-11-07 11:28:09 [INFO] Trial 14/20
2025-11-07 11:28:09 [INFO]   Architecture: [{'op': 'identity', 'filters': 32, 'use_bn': False}, {'op': 'max_pool', 'filters': 32, 'use_bn': False}, {'op': 'conv3x3', 'filters': 32, 'use_bn': True}, {'op': 'max_pool', 'filters': 32, 'use_bn': False}]
2025-11-07 11:28:09 [INFO]   Accuracy: 0.1330
2025-11-07 11:28:10 [INFO] Trial 15/20
2025-11-07 11:28:10 [INFO]   Architecture: [{'op': 'conv1x1', 'filters': 32, 'use_bn': False}, {'op': 'max_pool', 'filters': 32, 'use_bn': False}, {'op': 'conv3x3', 'filters': 32, 'use_bn': True}, {'op': 'max_pool', 'filters': 32, 'use_bn': False}]
2025-11-07 11:28:10 [INFO]   Accuracy: 0.2350
2025-11-07 11:28:11 [INFO] Trial 16/20
2025-11-07 11:28:11 [INFO]   Architecture: [{'op': 'conv1x1', 'filters': 32, 'use_bn': False}, {'op': 'avg_pool', 'filters': 32, 'use_bn': False}, {'op': 'conv1x1', 'filters': 32, 'use_bn': True}, {'op': 'max_pool', 'filters': 32, 'use_bn': False}]
2025-11-07 11:28:11 [INFO]   Accuracy: 0.1330
2025-11-07 11:28:12 [INFO] Trial 17/20
2025-11-07 11:28:12 [INFO]   Architecture: [{'op': 'conv1x1', 'filters': 32, 'use_bn': False}, {'op': 'avg_pool', 'filters': 32, 'use_bn': False}, {'op': 'conv1x1', 'filters': 32, 'use_bn': True}, {'op': 'max_pool', 'filters': 32, 'use_bn': False}]
2025-11-07 11:28:12 [INFO]   Accuracy: 0.1730
2025-11-07 11:28:13 [INFO] Trial 18/20
2025-11-07 11:28:13 [INFO]   Architecture: [{'op': 'conv1x1', 'filters': 32, 'use_bn': False}, {'op': 'avg_pool', 'filters': 32, 'use_bn': False}, {'op': 'conv1x1', 'filters': 32, 'use_bn': True}, {'op': 'max_pool', 'filters': 32, 'use_bn': False}]
2025-11-07 11:28:13 [INFO]   Accuracy: 0.1750
2025-11-07 11:28:14 [INFO] Trial 19/20
2025-11-07 11:28:14 [INFO]   Architecture: [{'op': 'conv1x1', 'filters': 32, 'use_bn': False}, {'op': 'avg_pool', 'filters': 32, 'use_bn': False}, {'op': 'conv1x1', 'filters': 32, 'use_bn': True}, {'op': 'max_pool', 'filters': 32, 'use_bn': False}]
2025-11-07 11:28:14 [INFO]   Accuracy: 0.1600
2025-11-07 11:28:15 [INFO] Trial 20/20
2025-11-07 11:28:15 [INFO]   Architecture: [{'op': 'conv1x1', 'filters': 32, 'use_bn': False}, {'op': 'avg_pool', 'filters': 32, 'use_bn': False}, {'op': 'conv1x1', 'filters': 32, 'use_bn': True}, {'op': 'max_pool', 'filters': 32, 'use_bn': False}]
2025-11-07 11:28:15 [INFO]   Accuracy: 0.1610
2025-11-07 11:28:15 [INFO] 
Top 3 Architectures:
2025-11-07 11:28:15 [INFO] 1. Accuracy: 0.2360
2025-11-07 11:28:15 [INFO]    [{'op': 'identity', 'filters': 32, 'use_bn': False}, {'op': 'max_pool', 'filters': 32, 'use_bn': False}, {'op': 'conv3x3', 'filters': 32, 'use_bn': True}, {'op': 'max_pool', 'filters': 32, 'use_bn': False}]
2025-11-07 11:28:15 [INFO] 2. Accuracy: 0.2350
2025-11-07 11:28:15 [INFO]    [{'op': 'conv1x1', 'filters': 32, 'use_bn': False}, {'op': 'max_pool', 'filters': 32, 'use_bn': False}, {'op': 'conv3x3', 'filters': 32, 'use_bn': True}, {'op': 'max_pool', 'filters': 32, 'use_bn': False}]
2025-11-07 11:28:15 [INFO] 3. Accuracy: 0.2320
2025-11-07 11:28:15 [INFO]    [{'op': 'conv1x1', 'filters': 32, 'use_bn': False}, {'op': 'max_pool', 'filters': 32, 'use_bn': False}, {'op': 'conv3x3', 'filters': 64, 'use_bn': True}, {'op': 'max_pool', 'filters': 32, 'use_bn': False}]
2025-11-07 11:28:15 [INFO] 
======================================================================
2025-11-07 11:28:15 [INFO] STEP 2: Training Best Architecture
2025-11-07 11:28:15 [INFO] ======================================================================
2025-11-07 11:28:15 [INFO] Best Architecture: [{'op': 'identity', 'filters': 32, 'use_bn': False}, {'op': 'max_pool', 'filters': 32, 'use_bn': False}, {'op': 'conv3x3', 'filters': 32, 'use_bn': True}, {'op': 'max_pool', 'filters': 32, 'use_bn': False}]
2025-11-07 11:28:15 [INFO] 
Model Complexity:
2025-11-07 11:28:15 [INFO]   Trainable Parameters: 6,474
2025-11-07 11:28:15 [INFO]   Estimated FLOPs: 2,359,296
2025-11-07 11:28:15 [INFO]   Model Size (approx): 0.02 MB (float32)
2025-11-07 11:28:15 [INFO] 
Training for 50 epochs...
2025-11-07 11:28:19 [INFO] Training completed: 50 epochs
2025-11-07 11:28:19 [INFO] ✓ Standard model accuracy: 0.4090
2025-11-07 11:28:19 [INFO] 
============================================================
2025-11-07 11:28:19 [INFO] BEST ARCHITECTURE FOUND
2025-11-07 11:28:19 [INFO] ============================================================
2025-11-07 11:28:19 [INFO] Architecture: [{'op': 'identity', 'filters': 32, 'use_bn': False}, {'op': 'max_pool', 'filters': 32, 'use_bn': False}, {'op': 'conv3x3', 'filters': 32, 'use_bn': True}, {'op': 'max_pool', 'filters': 32, 'use_bn': False}]
2025-11-07 11:28:19 [INFO] Accuracy: 0.4090
2025-11-07 11:28:19 [INFO] ============================================================
2025-11-07 11:28:19 [INFO] 
Training Summary:
2025-11-07 11:28:19 [INFO]   Final Training Accuracy: 0.4812
2025-11-07 11:28:19 [INFO]   Final Validation Accuracy: 0.4090
2025-11-07 11:28:19 [INFO]   Final Training Loss: 1.4297
2025-11-07 11:28:19 [INFO]   Final Validation Loss: 1.5628
2025-11-07 11:28:19 [INFO] 
======================================================================
2025-11-07 11:28:19 [INFO] STEP 3: Testing Approximate Multipliers
2025-11-07 11:28:19 [INFO] ======================================================================
2025-11-07 11:28:19 [INFO] Found 36 multipliers to test
2025-11-07 11:28:19 [INFO] Standard model accuracy: 0.4090

2025-11-07 11:28:19 [INFO] [1/36] Testing: mul8u_125K.bin
2025-11-07 11:28:19 [INFO] Testing: mul8u_125K.bin
2025-11-07 11:28:19 [INFO]   Accuracy: 0.4040
2025-11-07 11:28:19 [INFO]   Drop:     0.0050 (1.22%)
2025-11-07 11:28:19 [INFO] [2/36] Testing: mul8u_12N4.bin
2025-11-07 11:28:20 [INFO] Testing: mul8u_12N4.bin
2025-11-07 11:28:20 [INFO]   Accuracy: 0.3000
2025-11-07 11:28:20 [INFO]   Drop:     0.1090 (26.65%)
2025-11-07 11:28:20 [INFO] [3/36] Testing: mul8u_13QR.bin
2025-11-07 11:28:20 [INFO] Testing: mul8u_13QR.bin
2025-11-07 11:28:20 [INFO]   Accuracy: 0.1230
2025-11-07 11:28:20 [INFO]   Drop:     0.2860 (69.93%)
2025-11-07 11:28:20 [INFO] [4/36] Testing: mul8u_1446.bin
2025-11-07 11:28:20 [INFO] Testing: mul8u_1446.bin
2025-11-07 11:28:20 [INFO]   Accuracy: 0.4060
2025-11-07 11:28:20 [INFO]   Drop:     0.0030 (0.73%)
2025-11-07 11:28:20 [INFO] [5/36] Testing: mul8u_14VP.bin
2025-11-07 11:28:20 [INFO] Testing: mul8u_14VP.bin
2025-11-07 11:28:20 [INFO]   Accuracy: 0.4000
2025-11-07 11:28:20 [INFO]   Drop:     0.0090 (2.20%)
2025-11-07 11:28:20 [INFO] [6/36] Testing: mul8u_150Q.bin
2025-11-07 11:28:20 [INFO] Testing: mul8u_150Q.bin
2025-11-07 11:28:20 [INFO]   Accuracy: 0.3970
2025-11-07 11:28:20 [INFO]   Drop:     0.0120 (2.93%)
2025-11-07 11:28:20 [INFO] [7/36] Testing: mul8u_17C8.bin
2025-11-07 11:28:20 [INFO] Testing: mul8u_17C8.bin
2025-11-07 11:28:20 [INFO]   Accuracy: 0.1150
2025-11-07 11:28:20 [INFO]   Drop:     0.2940 (71.88%)
2025-11-07 11:28:20 [INFO] [8/36] Testing: mul8u_17KS.bin
2025-11-07 11:28:21 [INFO] Testing: mul8u_17KS.bin
2025-11-07 11:28:21 [INFO]   Accuracy: 0.2620
2025-11-07 11:28:21 [INFO]   Drop:     0.1470 (35.94%)
2025-11-07 11:28:21 [INFO] [9/36] Testing: mul8u_17QU.bin
2025-11-07 11:28:21 [INFO] Testing: mul8u_17QU.bin
2025-11-07 11:28:21 [INFO]   Accuracy: 0.1250
2025-11-07 11:28:21 [INFO]   Drop:     0.2840 (69.44%)
2025-11-07 11:28:21 [INFO] [10/36] Testing: mul8u_185Q.bin
2025-11-07 11:28:21 [INFO] Testing: mul8u_185Q.bin
2025-11-07 11:28:21 [INFO]   Accuracy: 0.3930
2025-11-07 11:28:21 [INFO]   Drop:     0.0160 (3.91%)
2025-11-07 11:28:21 [INFO] [11/36] Testing: mul8u_18DU.bin
2025-11-07 11:28:21 [INFO] Testing: mul8u_18DU.bin
2025-11-07 11:28:21 [INFO]   Accuracy: 0.1600
2025-11-07 11:28:21 [INFO]   Drop:     0.2490 (60.88%)
2025-11-07 11:28:21 [INFO] [12/36] Testing: mul8u_199Z.bin
2025-11-07 11:28:21 [INFO] Testing: mul8u_199Z.bin
2025-11-07 11:28:21 [INFO]   Accuracy: 0.0950
2025-11-07 11:28:21 [INFO]   Drop:     0.3140 (76.77%)
2025-11-07 11:28:21 [INFO] [13/36] Testing: mul8u_19DB.bin
2025-11-07 11:28:22 [INFO] Testing: mul8u_19DB.bin
2025-11-07 11:28:22 [INFO]   Accuracy: 0.3490
2025-11-07 11:28:22 [INFO]   Drop:     0.0600 (14.67%)
2025-11-07 11:28:22 [INFO] [14/36] Testing: mul8u_1AGV.bin
2025-11-07 11:28:22 [INFO] Testing: mul8u_1AGV.bin
2025-11-07 11:28:22 [INFO]   Accuracy: 0.2780
2025-11-07 11:28:22 [INFO]   Drop:     0.1310 (32.03%)
2025-11-07 11:28:22 [INFO] [15/36] Testing: mul8u_1JFF.bin
2025-11-07 11:28:22 [INFO] Testing: mul8u_1JFF.bin
2025-11-07 11:28:22 [INFO]   Accuracy: 0.4050
2025-11-07 11:28:22 [INFO]   Drop:     0.0040 (0.98%)
2025-11-07 11:28:22 [INFO] [16/36] Testing: mul8u_2AC.bin
2025-11-07 11:28:22 [INFO] Testing: mul8u_2AC.bin
2025-11-07 11:28:22 [INFO]   Accuracy: 0.4040
2025-11-07 11:28:22 [INFO]   Drop:     0.0050 (1.22%)
2025-11-07 11:28:22 [INFO] [17/36] Testing: mul8u_2HH.bin
2025-11-07 11:28:22 [INFO] Testing: mul8u_2HH.bin
2025-11-07 11:28:22 [INFO]   Accuracy: 0.4100
2025-11-07 11:28:22 [INFO]   Drop:     -0.0010 (-0.24%)
2025-11-07 11:28:22 [INFO] [18/36] Testing: mul8u_2P7.bin
2025-11-07 11:28:22 [INFO] Testing: mul8u_2P7.bin
2025-11-07 11:28:22 [INFO]   Accuracy: 0.4050
2025-11-07 11:28:22 [INFO]   Drop:     0.0040 (0.98%)
2025-11-07 11:28:22 [INFO] [19/36] Testing: mul8u_7C1.bin
2025-11-07 11:28:23 [INFO] Testing: mul8u_7C1.bin
2025-11-07 11:28:23 [INFO]   Accuracy: 0.3570
2025-11-07 11:28:23 [INFO]   Drop:     0.0520 (12.71%)
2025-11-07 11:28:23 [INFO] [20/36] Testing: mul8u_96D.bin
2025-11-07 11:28:23 [INFO] Testing: mul8u_96D.bin
2025-11-07 11:28:23 [INFO]   Accuracy: 0.2470
2025-11-07 11:28:23 [INFO]   Drop:     0.1620 (39.61%)
2025-11-07 11:28:23 [INFO] [21/36] Testing: mul8u_CK5.bin
2025-11-07 11:28:23 [INFO] Testing: mul8u_CK5.bin
2025-11-07 11:28:23 [INFO]   Accuracy: 0.3970
2025-11-07 11:28:23 [INFO]   Drop:     0.0120 (2.93%)
2025-11-07 11:28:23 [INFO] [22/36] Testing: mul8u_DM1.bin
2025-11-07 11:28:23 [INFO] Testing: mul8u_DM1.bin
2025-11-07 11:28:23 [INFO]   Accuracy: 0.3860
2025-11-07 11:28:23 [INFO]   Drop:     0.0230 (5.62%)
2025-11-07 11:28:23 [INFO] [23/36] Testing: mul8u_EXZ.bin
2025-11-07 11:28:23 [INFO] Testing: mul8u_EXZ.bin
2025-11-07 11:28:23 [INFO]   Accuracy: 0.4040
2025-11-07 11:28:23 [INFO]   Drop:     0.0050 (1.22%)
2025-11-07 11:28:23 [INFO] [24/36] Testing: mul8u_FTA.bin
2025-11-07 11:28:23 [INFO] Testing: mul8u_FTA.bin
2025-11-07 11:28:23 [INFO]   Accuracy: 0.2130
2025-11-07 11:28:23 [INFO]   Drop:     0.1960 (47.92%)
2025-11-07 11:28:23 [INFO] [25/36] Testing: mul8u_GS2.bin
2025-11-07 11:28:24 [INFO] Testing: mul8u_GS2.bin
2025-11-07 11:28:24 [INFO]   Accuracy: 0.3890
2025-11-07 11:28:24 [INFO]   Drop:     0.0200 (4.89%)
2025-11-07 11:28:24 [INFO] [26/36] Testing: mul8u_JQQ.bin
2025-11-07 11:28:24 [INFO] Testing: mul8u_JQQ.bin
2025-11-07 11:28:24 [INFO]   Accuracy: 0.2820
2025-11-07 11:28:24 [INFO]   Drop:     0.1270 (31.05%)
2025-11-07 11:28:24 [INFO] [27/36] Testing: mul8u_JV3.bin
2025-11-07 11:28:24 [INFO] Testing: mul8u_JV3.bin
2025-11-07 11:28:24 [INFO]   Accuracy: 0.2630
2025-11-07 11:28:24 [INFO]   Drop:     0.1460 (35.70%)
2025-11-07 11:28:24 [INFO] [28/36] Testing: mul8u_KEM.bin
2025-11-07 11:28:24 [INFO] Testing: mul8u_KEM.bin
2025-11-07 11:28:24 [INFO]   Accuracy: 0.4040
2025-11-07 11:28:24 [INFO]   Drop:     0.0050 (1.22%)
2025-11-07 11:28:24 [INFO] [29/36] Testing: mul8u_L40.bin
2025-11-07 11:28:24 [INFO] Testing: mul8u_L40.bin
2025-11-07 11:28:24 [INFO]   Accuracy: 0.1350
2025-11-07 11:28:24 [INFO]   Drop:     0.2740 (66.99%)
2025-11-07 11:28:24 [INFO] [30/36] Testing: mul8u_NGR.bin
2025-11-07 11:28:24 [INFO] Testing: mul8u_NGR.bin
2025-11-07 11:28:24 [INFO]   Accuracy: 0.3950
2025-11-07 11:28:24 [INFO]   Drop:     0.0140 (3.42%)
2025-11-07 11:28:24 [INFO] [31/36] Testing: mul8u_PKY.bin
2025-11-07 11:28:25 [INFO] Testing: mul8u_PKY.bin
2025-11-07 11:28:25 [INFO]   Accuracy: 0.2730
2025-11-07 11:28:25 [INFO]   Drop:     0.1360 (33.25%)
2025-11-07 11:28:25 [INFO] [32/36] Testing: mul8u_QJD.bin
2025-11-07 11:28:25 [INFO] Testing: mul8u_QJD.bin
2025-11-07 11:28:25 [INFO]   Accuracy: 0.3990
2025-11-07 11:28:25 [INFO]   Drop:     0.0100 (2.44%)
2025-11-07 11:28:25 [INFO] [33/36] Testing: mul8u_QKX.bin
2025-11-07 11:28:25 [INFO] Testing: mul8u_QKX.bin
2025-11-07 11:28:25 [INFO]   Accuracy: 0.0940
2025-11-07 11:28:25 [INFO]   Drop:     0.3150 (77.02%)
2025-11-07 11:28:25 [INFO] [34/36] Testing: mul8u_Y48.bin
2025-11-07 11:28:25 [INFO] Testing: mul8u_Y48.bin
2025-11-07 11:28:25 [INFO]   Accuracy: 0.4040
2025-11-07 11:28:25 [INFO]   Drop:     0.0050 (1.22%)
2025-11-07 11:28:25 [INFO] [35/36] Testing: mul8u_YX7.bin
2025-11-07 11:28:25 [INFO] Testing: mul8u_YX7.bin
2025-11-07 11:28:25 [INFO]   Accuracy: 0.0940
2025-11-07 11:28:25 [INFO]   Drop:     0.3150 (77.02%)
2025-11-07 11:28:25 [INFO] [36/36] Testing: mul8u_ZFB.bin
2025-11-07 11:28:26 [INFO] Testing: mul8u_ZFB.bin
2025-11-07 11:28:26 [INFO]   Accuracy: 0.3990
2025-11-07 11:28:26 [INFO]   Drop:     0.0100 (2.44%)
2025-11-07 11:28:26 [INFO] 
======================================================================
2025-11-07 11:28:26 [INFO] STEP 4: Results Analysis
2025-11-07 11:28:26 [INFO] ======================================================================
2025-11-07 11:28:26 [INFO] 
======================================================================
2025-11-07 11:28:26 [INFO] FINAL RESULTS SUMMARY
2025-11-07 11:28:26 [INFO] ======================================================================
2025-11-07 11:28:26 [INFO] Standard Accuracy: 0.4090
2025-11-07 11:28:26 [INFO] Total Multipliers Tested: 36
2025-11-07 11:28:26 [INFO] 
Accuracy Statistics:
2025-11-07 11:28:26 [INFO]   Best:  0.4100
2025-11-07 11:28:26 [INFO]   Worst: 0.0940
2025-11-07 11:28:26 [INFO]   Mean:  0.3046
2025-11-07 11:28:26 [INFO] 
Drop Statistics:
2025-11-07 11:28:26 [INFO]   Min Drop:  -0.0010 (-0.24%)
2025-11-07 11:28:26 [INFO]   Max Drop:  0.3150 (77.02%)
2025-11-07 11:28:26 [INFO]   Mean Drop: 0.1044
2025-11-07 11:28:26 [INFO] 
Multiplier Categories:
2025-11-07 11:28:26 [INFO]   Excellent (≤1% drop):   10
2025-11-07 11:28:26 [INFO]   Good (1-5% drop):       8
2025-11-07 11:28:26 [INFO]   Medium (5-10% drop):    2
2025-11-07 11:28:26 [INFO]   Poor (>10% drop):       16
2025-11-07 11:28:26 [INFO] 
Multiplier                     Accuracy     Drop         Drop %    
2025-11-07 11:28:26 [INFO] ----------------------------------------------------------------------
2025-11-07 11:28:26 [INFO] mul8u_2HH.bin                  0.4100       -0.0010      -0.24     %
2025-11-07 11:28:26 [INFO] mul8u_1446.bin                 0.4060       0.0030       0.73      %
2025-11-07 11:28:26 [INFO] mul8u_1JFF.bin                 0.4050       0.0040       0.98      %
2025-11-07 11:28:26 [INFO] mul8u_2P7.bin                  0.4050       0.0040       0.98      %
2025-11-07 11:28:26 [INFO] mul8u_125K.bin                 0.4040       0.0050       1.22      %
2025-11-07 11:28:26 [INFO] mul8u_2AC.bin                  0.4040       0.0050       1.22      %
2025-11-07 11:28:26 [INFO] mul8u_EXZ.bin                  0.4040       0.0050       1.22      %
2025-11-07 11:28:26 [INFO] mul8u_KEM.bin                  0.4040       0.0050       1.22      %
2025-11-07 11:28:26 [INFO] mul8u_Y48.bin                  0.4040       0.0050       1.22      %
2025-11-07 11:28:26 [INFO] mul8u_14VP.bin                 0.4000       0.0090       2.20      %
2025-11-07 11:28:26 [INFO] mul8u_QJD.bin                  0.3990       0.0100       2.44      %
2025-11-07 11:28:26 [INFO] mul8u_ZFB.bin                  0.3990       0.0100       2.44      %
2025-11-07 11:28:26 [INFO] mul8u_150Q.bin                 0.3970       0.0120       2.93      %
2025-11-07 11:28:26 [INFO] mul8u_CK5.bin                  0.3970       0.0120       2.93      %
2025-11-07 11:28:26 [INFO] mul8u_NGR.bin                  0.3950       0.0140       3.42      %
2025-11-07 11:28:26 [INFO] mul8u_185Q.bin                 0.3930       0.0160       3.91      %
2025-11-07 11:28:26 [INFO] mul8u_GS2.bin                  0.3890       0.0200       4.89      %
2025-11-07 11:28:26 [INFO] mul8u_DM1.bin                  0.3860       0.0230       5.62      %
2025-11-07 11:28:26 [INFO] mul8u_7C1.bin                  0.3570       0.0520       12.71     %
2025-11-07 11:28:26 [INFO] mul8u_19DB.bin                 0.3490       0.0600       14.67     %
2025-11-07 11:28:26 [INFO] mul8u_12N4.bin                 0.3000       0.1090       26.65     %
2025-11-07 11:28:26 [INFO] mul8u_JQQ.bin                  0.2820       0.1270       31.05     %
2025-11-07 11:28:26 [INFO] mul8u_1AGV.bin                 0.2780       0.1310       32.03     %
2025-11-07 11:28:26 [INFO] mul8u_PKY.bin                  0.2730       0.1360       33.25     %
2025-11-07 11:28:26 [INFO] mul8u_JV3.bin                  0.2630       0.1460       35.70     %
2025-11-07 11:28:26 [INFO] mul8u_17KS.bin                 0.2620       0.1470       35.94     %
2025-11-07 11:28:26 [INFO] mul8u_96D.bin                  0.2470       0.1620       39.61     %
2025-11-07 11:28:26 [INFO] mul8u_FTA.bin                  0.2130       0.1960       47.92     %
2025-11-07 11:28:26 [INFO] mul8u_18DU.bin                 0.1600       0.2490       60.88     %
2025-11-07 11:28:26 [INFO] mul8u_L40.bin                  0.1350       0.2740       66.99     %
2025-11-07 11:28:26 [INFO] mul8u_17QU.bin                 0.1250       0.2840       69.44     %
2025-11-07 11:28:26 [INFO] mul8u_13QR.bin                 0.1230       0.2860       69.93     %
2025-11-07 11:28:26 [INFO] mul8u_17C8.bin                 0.1150       0.2940       71.88     %
2025-11-07 11:28:26 [INFO] mul8u_199Z.bin                 0.0950       0.3140       76.77     %
2025-11-07 11:28:26 [INFO] mul8u_QKX.bin                  0.0940       0.3150       77.02     %
2025-11-07 11:28:26 [INFO] mul8u_YX7.bin                  0.0940       0.3150       77.02     %
2025-11-07 11:28:26 [INFO] 
======================================================================
2025-11-07 11:28:26 [INFO] BEST APPROXIMATE MULTIPLIER
2025-11-07 11:28:26 [INFO] ======================================================================
2025-11-07 11:28:26 [INFO] Multiplier:  mul8u_2HH.bin
2025-11-07 11:28:26 [INFO] Accuracy:    0.4100
2025-11-07 11:28:26 [INFO] Drop:        -0.0010 (-0.24%)
2025-11-07 11:28:26 [INFO] 
Top 5 Multipliers:
2025-11-07 11:28:26 [INFO] 1. mul8u_2HH.bin                  Acc: 0.4100 Drop: -0.24%
2025-11-07 11:28:26 [INFO] 2. mul8u_1446.bin                 Acc: 0.4060 Drop: +0.73%
2025-11-07 11:28:26 [INFO] 3. mul8u_1JFF.bin                 Acc: 0.4050 Drop: +0.98%
2025-11-07 11:28:26 [INFO] 4. mul8u_2P7.bin                  Acc: 0.4050 Drop: +0.98%
2025-11-07 11:28:26 [INFO] 5. mul8u_125K.bin                 Acc: 0.4040 Drop: +1.22%
2025-11-07 11:28:26 [INFO] 
Estimated Energy Savings:
2025-11-07 11:28:26 [INFO]   10 multipliers with ≤1% accuracy drop
2025-11-07 11:28:26 [INFO]   Potential energy savings: 30-50% (typical for approximate multipliers)
2025-11-07 11:28:26 [INFO]   Model parameters: 6,474
2025-11-07 11:28:26 [INFO]   Estimated MACs per inference: 1,179,648
2025-11-07 11:28:26 [INFO] 
======================================================================
2025-11-07 11:28:26 [INFO] FINAL SUMMARY
2025-11-07 11:28:26 [INFO] ======================================================================
2025-11-07 11:28:26 [INFO] Dataset: cifar10
2025-11-07 11:28:26 [INFO] Best Architecture: [{'op': 'identity', 'filters': 32, 'use_bn': False}, {'op': 'max_pool', 'filters': 32, 'use_bn': False}, {'op': 'conv3x3', 'filters': 32, 'use_bn': True}, {'op': 'max_pool', 'filters': 32, 'use_bn': False}]
2025-11-07 11:28:26 [INFO] Standard Model Accuracy: 0.4090
2025-11-07 11:28:26 [INFO] Model Parameters: 6,474
2025-11-07 11:28:26 [INFO] Estimated FLOPs: 2,359,296
2025-11-07 11:28:26 [INFO] 
Multiplier Testing:
2025-11-07 11:28:26 [INFO]   Total tested: 36
2025-11-07 11:28:26 [INFO]   Best accuracy: 0.4100
2025-11-07 11:28:26 [INFO]   Best multiplier: mul8u_2HH.bin
2025-11-07 11:28:26 [INFO] 
✓ Results saved to: logs/nas_results_20251107_112747.json
2025-11-07 11:28:26 [INFO] 
======================================================================
2025-11-07 11:28:26 [INFO] NAS Run Completed
2025-11-07 11:28:26 [INFO] Log file: logs/nas_run_20251107_112747.log
2025-11-07 11:28:26 [INFO] ======================================================================
2025-11-07 11:28:26 [INFO] 
✓ All done!
