2025-11-10 00:54:42 [INFO] ======================================================================
2025-11-10 00:54:42 [INFO] NAS with Approximate Multipliers - Started
2025-11-10 00:54:42 [INFO] Log file: logs/nas_run_20251110_005442.log
2025-11-10 00:54:42 [INFO] ======================================================================
2025-11-10 00:54:42 [INFO] ======================================================================
2025-11-10 00:54:42 [INFO] CONFIGURATION
2025-11-10 00:54:42 [INFO] ======================================================================
2025-11-10 00:54:42 [INFO] Dataset: mnist
2025-11-10 00:54:42 [INFO] Training samples: 5000
2025-11-10 00:54:42 [INFO] Validation samples: 1000
2025-11-10 00:54:42 [INFO] NAS trials: 20
2025-11-10 00:54:42 [INFO] NAS blocks: 4
2025-11-10 00:54:42 [INFO] NAS method: evolutionary
2025-11-10 00:54:42 [INFO] Training epochs: 30
2025-11-10 00:54:42 [INFO] Batch size: 128
2025-11-10 00:54:42 [INFO] Learning rate: 0.001
2025-11-10 00:54:42 [INFO] LR scheduling: No
2025-11-10 00:54:42 [INFO] Multiplier dir: ./multipliers
2025-11-10 00:54:42 [INFO] Save predictions: No
2025-11-10 00:54:42 [INFO] Results dir: logs/results
2025-11-10 00:54:42 [INFO] 
======================================================================
2025-11-10 00:54:42 [INFO] STEP 0: Loading Dataset
2025-11-10 00:54:42 [INFO] ======================================================================
2025-11-10 00:54:42 [INFO] Input shape: (28, 28, 1)
2025-11-10 00:54:42 [INFO] Number of classes: 10
2025-11-10 00:54:42 [INFO] Training samples (full): 54000
2025-11-10 00:54:42 [INFO] Validation samples (full): 6000
2025-11-10 00:54:42 [INFO] Test samples: 10000
2025-11-10 00:54:42 [INFO] 
Using subset:
2025-11-10 00:54:42 [INFO]   Training: 5000 samples
2025-11-10 00:54:42 [INFO]   Validation: 1000 samples
2025-11-10 00:54:42 [INFO]   Classes: 0, 1, 2, 3, 4...
2025-11-10 00:54:42 [INFO] 
======================================================================
2025-11-10 00:54:42 [INFO] STEP 1: Using Predefined Architecture (NAS Skipped)
2025-11-10 00:54:42 [INFO] ======================================================================
2025-11-10 00:54:42 [INFO] Architecture: [{'op': 'conv3x3', 'filters': 128, 'use_bn': False}, {'op': 'conv5x5', 'filters': 128, 'use_bn': True}]
2025-11-10 00:54:49 [INFO] Quick evaluation accuracy: 0.9500
2025-11-10 00:54:49 [INFO] 
======================================================================
2025-11-10 00:54:49 [INFO] STEP 2: Training Best Architecture
2025-11-10 00:54:49 [INFO] ======================================================================
2025-11-10 00:54:49 [INFO] Best Architecture: [{'op': 'conv3x3', 'filters': 128, 'use_bn': False}, {'op': 'conv5x5', 'filters': 128, 'use_bn': True}]
2025-11-10 00:54:49 [INFO] 
Model Complexity:
2025-11-10 00:54:49 [INFO]   Trainable Parameters: 13,257,738
2025-11-10 00:54:49 [INFO]   Estimated FLOPs: 322,029,568
2025-11-10 00:54:49 [INFO]   Model Size (approx): 50.57 MB (float32)
2025-11-10 00:54:49 [INFO] 
Training for 30 epochs...
2025-11-10 00:55:05 [INFO] Training completed: 30 epochs
2025-11-10 00:55:05 [INFO] ✓ Standard model accuracy: 0.9720
2025-11-10 00:55:05 [INFO] 
============================================================
2025-11-10 00:55:05 [INFO] BEST ARCHITECTURE FOUND
2025-11-10 00:55:05 [INFO] ============================================================
2025-11-10 00:55:05 [INFO] Architecture: [{'op': 'conv3x3', 'filters': 128, 'use_bn': False}, {'op': 'conv5x5', 'filters': 128, 'use_bn': True}]
2025-11-10 00:55:05 [INFO] Accuracy: 0.9720
2025-11-10 00:55:05 [INFO] ============================================================
2025-11-10 00:55:05 [INFO] 
Training Summary:
2025-11-10 00:55:05 [INFO]   Final Training Accuracy: 1.0000
2025-11-10 00:55:05 [INFO]   Final Validation Accuracy: 0.9720
2025-11-10 00:55:05 [INFO]   Final Training Loss: 0.0000
2025-11-10 00:55:05 [INFO]   Final Validation Loss: 0.1914
2025-11-10 00:55:05 [INFO] 
Saving training curves...
2025-11-10 00:55:05 [INFO]   ✓ Training curves saved to logs/results/
2025-11-10 00:55:06 [INFO] 
✓ Standard model weights saved to logs/results/standard_model_weights.h5
2025-11-10 00:55:06 [INFO] 
======================================================================
2025-11-10 00:55:06 [INFO] STEP 3: Testing Approximate Multipliers
2025-11-10 00:55:06 [INFO] ======================================================================
2025-11-10 00:55:06 [INFO] Found 36 multipliers
2025-11-10 00:55:06 [INFO] Testing first 10 (use --test_all_multipliers to test all)
2025-11-10 00:55:06 [INFO] Testing 10 multipliers
2025-11-10 00:55:06 [INFO] Standard model accuracy: 0.9720
2025-11-10 00:55:06 [INFO] Using saved weights from: logs/results/standard_model_weights.h5

2025-11-10 00:55:06 [INFO] [1/10] Testing: mul8u_125K.bin
2025-11-10 00:55:06 [INFO]   ✓ Weights transferred successfully using set_weights()
2025-11-10 00:55:07 [INFO] Testing: mul8u_125K.bin
2025-11-10 00:55:07 [INFO]   Accuracy: 0.9720
2025-11-10 00:55:07 [INFO]   Drop:     0.0000 (0.00%)
2025-11-10 00:55:07 [INFO] [2/10] Testing: mul8u_12N4.bin
2025-11-10 00:55:08 [INFO] Testing: mul8u_12N4.bin
2025-11-10 00:55:08 [INFO]   Accuracy: 0.2510
2025-11-10 00:55:08 [INFO]   Drop:     0.7210 (74.18%)
2025-11-10 00:55:08 [INFO] [3/10] Testing: mul8u_13QR.bin
2025-11-10 00:55:09 [INFO] Testing: mul8u_13QR.bin
2025-11-10 00:55:09 [INFO]   Accuracy: 0.1000
2025-11-10 00:55:09 [INFO]   Drop:     0.8720 (89.71%)
2025-11-10 00:55:09 [INFO] [4/10] Testing: mul8u_1446.bin
2025-11-10 00:55:11 [INFO] Testing: mul8u_1446.bin
2025-11-10 00:55:11 [INFO]   Accuracy: 0.9720
2025-11-10 00:55:11 [INFO]   Drop:     0.0000 (0.00%)
2025-11-10 00:55:11 [INFO] [5/10] Testing: mul8u_14VP.bin
2025-11-10 00:55:12 [INFO] Testing: mul8u_14VP.bin
2025-11-10 00:55:12 [INFO]   Accuracy: 0.9740
2025-11-10 00:55:12 [INFO]   Drop:     -0.0020 (-0.21%)
2025-11-10 00:55:12 [INFO] [6/10] Testing: mul8u_150Q.bin
2025-11-10 00:55:13 [INFO] Testing: mul8u_150Q.bin
2025-11-10 00:55:13 [INFO]   Accuracy: 0.9750
2025-11-10 00:55:13 [INFO]   Drop:     -0.0030 (-0.31%)
2025-11-10 00:55:13 [INFO] [7/10] Testing: mul8u_17C8.bin
2025-11-10 00:55:15 [INFO] Testing: mul8u_17C8.bin
2025-11-10 00:55:15 [INFO]   Accuracy: 0.1040
2025-11-10 00:55:15 [INFO]   Drop:     0.8680 (89.30%)
2025-11-10 00:55:15 [INFO] [8/10] Testing: mul8u_17KS.bin
2025-11-10 00:55:16 [INFO] Testing: mul8u_17KS.bin
2025-11-10 00:55:16 [INFO]   Accuracy: 0.1000
2025-11-10 00:55:16 [INFO]   Drop:     0.8720 (89.71%)
2025-11-10 00:55:16 [INFO] [9/10] Testing: mul8u_17QU.bin
2025-11-10 00:55:17 [INFO] Testing: mul8u_17QU.bin
2025-11-10 00:55:17 [INFO]   Accuracy: 0.1010
2025-11-10 00:55:17 [INFO]   Drop:     0.8710 (89.61%)
2025-11-10 00:55:17 [INFO] [10/10] Testing: mul8u_185Q.bin
2025-11-10 00:55:18 [INFO] Testing: mul8u_185Q.bin
2025-11-10 00:55:18 [INFO]   Accuracy: 0.6910
2025-11-10 00:55:18 [INFO]   Drop:     0.2810 (28.91%)
2025-11-10 00:55:18 [INFO] 
======================================================================
2025-11-10 00:55:18 [INFO] STEP 4: Results Analysis
2025-11-10 00:55:18 [INFO] ======================================================================
2025-11-10 00:55:18 [INFO] 
======================================================================
2025-11-10 00:55:18 [INFO] FINAL RESULTS SUMMARY
2025-11-10 00:55:18 [INFO] ======================================================================
2025-11-10 00:55:18 [INFO] Standard Accuracy: 0.9720
2025-11-10 00:55:18 [INFO] Total Multipliers Tested: 10
2025-11-10 00:55:18 [INFO] 
Accuracy Statistics:
2025-11-10 00:55:18 [INFO]   Best:  0.9750
2025-11-10 00:55:18 [INFO]   Worst: 0.1000
2025-11-10 00:55:18 [INFO]   Mean:  0.5240
2025-11-10 00:55:18 [INFO] 
Drop Statistics:
2025-11-10 00:55:18 [INFO]   Min Drop:  -0.0030 (-0.31%)
2025-11-10 00:55:18 [INFO]   Max Drop:  0.8720 (89.71%)
2025-11-10 00:55:18 [INFO]   Mean Drop: 0.4480
2025-11-10 00:55:18 [INFO] 
Multiplier Categories:
2025-11-10 00:55:18 [INFO]   Excellent (≤1% drop):   4
2025-11-10 00:55:18 [INFO]   Good (1-5% drop):       0
2025-11-10 00:55:18 [INFO]   Medium (5-10% drop):    0
2025-11-10 00:55:18 [INFO]   Poor (>10% drop):       6
2025-11-10 00:55:18 [INFO] 
Multiplier                     Accuracy     Drop         Drop %    
2025-11-10 00:55:18 [INFO] ----------------------------------------------------------------------
2025-11-10 00:55:18 [INFO] mul8u_150Q.bin                 0.9750       -0.0030      -0.31     %
2025-11-10 00:55:18 [INFO] mul8u_14VP.bin                 0.9740       -0.0020      -0.21     %
2025-11-10 00:55:18 [INFO] mul8u_125K.bin                 0.9720       0.0000       0.00      %
2025-11-10 00:55:18 [INFO] mul8u_1446.bin                 0.9720       0.0000       0.00      %
2025-11-10 00:55:18 [INFO] mul8u_185Q.bin                 0.6910       0.2810       28.91     %
2025-11-10 00:55:18 [INFO] mul8u_12N4.bin                 0.2510       0.7210       74.18     %
2025-11-10 00:55:18 [INFO] mul8u_17C8.bin                 0.1040       0.8680       89.30     %
2025-11-10 00:55:18 [INFO] mul8u_17QU.bin                 0.1010       0.8710       89.61     %
2025-11-10 00:55:18 [INFO] mul8u_13QR.bin                 0.1000       0.8720       89.71     %
2025-11-10 00:55:18 [INFO] mul8u_17KS.bin                 0.1000       0.8720       89.71     %
2025-11-10 00:55:18 [INFO] 
======================================================================
2025-11-10 00:55:18 [INFO] BEST APPROXIMATE MULTIPLIER
2025-11-10 00:55:18 [INFO] ======================================================================
2025-11-10 00:55:18 [INFO] Multiplier:  mul8u_150Q.bin
2025-11-10 00:55:18 [INFO] Accuracy:    0.9750
2025-11-10 00:55:18 [INFO] Drop:        -0.0030 (-0.31%)
2025-11-10 00:55:18 [INFO] 
Top 5 Multipliers:
2025-11-10 00:55:18 [INFO] 1. mul8u_150Q.bin                 Acc: 0.9750 Drop: -0.31%
2025-11-10 00:55:18 [INFO] 2. mul8u_14VP.bin                 Acc: 0.9740 Drop: -0.21%
2025-11-10 00:55:18 [INFO] 3. mul8u_125K.bin                 Acc: 0.9720 Drop: +0.00%
2025-11-10 00:55:18 [INFO] 4. mul8u_1446.bin                 Acc: 0.9720 Drop: +0.00%
2025-11-10 00:55:18 [INFO] 5. mul8u_185Q.bin                 Acc: 0.6910 Drop: +28.91%
2025-11-10 00:55:18 [INFO] 
Estimated Energy Savings:
2025-11-10 00:55:18 [INFO]   Excellent (≤1% drop): 4 multipliers
2025-11-10 00:55:18 [INFO]   Good (1-5% drop):     0 multipliers
2025-11-10 00:55:18 [INFO]   Potential energy savings: 30-50% (typical for approximate multipliers)
2025-11-10 00:55:18 [INFO]   Model parameters: 13,257,738
2025-11-10 00:55:18 [INFO]   Estimated MACs per inference: 161,014,784
2025-11-10 00:55:18 [INFO] 
======================================================================
2025-11-10 00:55:18 [INFO] FINAL SUMMARY
2025-11-10 00:55:18 [INFO] ======================================================================
2025-11-10 00:55:18 [INFO] Dataset: mnist
2025-11-10 00:55:18 [INFO] Best Architecture: [{'op': 'conv3x3', 'filters': 128, 'use_bn': False}, {'op': 'conv5x5', 'filters': 128, 'use_bn': True}]
2025-11-10 00:55:18 [INFO] Standard Model Accuracy: 0.9720
2025-11-10 00:55:18 [INFO] Model Parameters: 13,257,738
2025-11-10 00:55:18 [INFO] Estimated FLOPs: 322,029,568
2025-11-10 00:55:18 [INFO] Learning Rate: 0.001
2025-11-10 00:55:18 [INFO] 
Multiplier Testing:
2025-11-10 00:55:18 [INFO]   Total tested: 10
2025-11-10 00:55:18 [INFO]   Best accuracy: 0.9750
2025-11-10 00:55:18 [INFO]   Best multiplier: mul8u_150Q.bin
2025-11-10 00:55:18 [INFO] 
Quality Distribution:
2025-11-10 00:55:18 [INFO]   Excellent (≤1%):   4
2025-11-10 00:55:18 [INFO]   Good (1-5%):       0
2025-11-10 00:55:18 [INFO]   Medium (5-10%):    0
2025-11-10 00:55:18 [INFO]   Poor (>10%):       6
2025-11-10 00:55:18 [INFO] 
Output Locations:
2025-11-10 00:55:18 [INFO]   Logs: logs/
2025-11-10 00:55:18 [INFO]   Results: logs/results/
2025-11-10 00:55:18 [INFO] 
✓ Results saved to: logs/nas_results_20251110_005442.json
2025-11-10 00:55:18 [INFO] 
======================================================================
2025-11-10 00:55:18 [INFO] NAS Run Completed
2025-11-10 00:55:18 [INFO] Log file: logs/nas_run_20251110_005442.log
2025-11-10 00:55:18 [INFO] ======================================================================
