2025-11-07 11:14:51 [INFO] ======================================================================
2025-11-07 11:14:51 [INFO] NAS with Approximate Multipliers - Started
2025-11-07 11:14:51 [INFO] Log file: logs/nas_run_20251107_111451.log
2025-11-07 11:14:51 [INFO] ======================================================================
2025-11-07 11:14:51 [INFO] ======================================================================
2025-11-07 11:14:51 [INFO] CONFIGURATION
2025-11-07 11:14:51 [INFO] ======================================================================
2025-11-07 11:14:51 [INFO] Dataset: cifar10
2025-11-07 11:14:51 [INFO] Training samples: 5000
2025-11-07 11:14:51 [INFO] Validation samples: 1000
2025-11-07 11:14:51 [INFO] NAS trials: 20
2025-11-07 11:14:51 [INFO] NAS blocks: 4
2025-11-07 11:14:51 [INFO] NAS method: evolutionary
2025-11-07 11:14:51 [INFO] Training epochs: 50
2025-11-07 11:14:51 [INFO] Multiplier dir: ./multipliers
2025-11-07 11:14:51 [INFO] 
======================================================================
2025-11-07 11:14:51 [INFO] STEP 0: Loading Dataset
2025-11-07 11:14:51 [INFO] ======================================================================
2025-11-07 11:14:51 [INFO] Input shape: (32, 32, 3)
2025-11-07 11:14:51 [INFO] Number of classes: 10
2025-11-07 11:14:51 [INFO] Training samples (full): 44000
2025-11-07 11:14:51 [INFO] Validation samples (full): 6000
2025-11-07 11:14:51 [INFO] Test samples: 10000
2025-11-07 11:14:51 [INFO] 
Using subset:
2025-11-07 11:14:51 [INFO]   Training: 5000 samples
2025-11-07 11:14:51 [INFO]   Validation: 1000 samples
2025-11-07 11:14:51 [INFO] 
======================================================================
2025-11-07 11:14:51 [INFO] STEP 1: Neural Architecture Search
2025-11-07 11:14:51 [INFO] ======================================================================
2025-11-07 11:14:51 [INFO] Starting NAS: STANDARD - Method: EVOLUTIONARY

2025-11-07 11:14:51 [INFO] Phase 1: Generating initial population (4 architectures)
2025-11-07 11:14:54 [INFO] Init 1/4: Accuracy 0.1050
2025-11-07 11:14:58 [INFO] Init 2/4: Accuracy 0.2920
2025-11-07 11:14:59 [INFO] Init 3/4: Accuracy 0.1930
2025-11-07 11:15:02 [INFO] Init 4/4: Accuracy 0.3680
2025-11-07 11:15:02 [INFO] 
Phase 2: Evolution (16 generations)
2025-11-07 11:15:03 [INFO] Trial 5/20
2025-11-07 11:15:03 [INFO]   Architecture: [{'op': 'conv3x3', 'filters': 64, 'use_bn': False}, {'op': 'identity', 'filters': 128, 'use_bn': False}, {'op': 'avg_pool', 'filters': 32, 'use_bn': True}, {'op': 'conv5x5', 'filters': 32, 'use_bn': False}]
2025-11-07 11:15:03 [INFO]   Accuracy: 0.2150
2025-11-07 11:15:04 [INFO] Trial 6/20
2025-11-07 11:15:04 [INFO]   Architecture: [{'op': 'conv3x3', 'filters': 64, 'use_bn': True}, {'op': 'identity', 'filters': 128, 'use_bn': False}, {'op': 'avg_pool', 'filters': 32, 'use_bn': True}, {'op': 'conv5x5', 'filters': 32, 'use_bn': False}]
2025-11-07 11:15:04 [INFO]   Accuracy: 0.2830
2025-11-07 11:15:05 [INFO] Trial 7/20
2025-11-07 11:15:05 [INFO]   Architecture: [{'op': 'conv3x3', 'filters': 32, 'use_bn': True}, {'op': 'identity', 'filters': 128, 'use_bn': False}, {'op': 'avg_pool', 'filters': 32, 'use_bn': True}, {'op': 'conv5x5', 'filters': 32, 'use_bn': False}]
2025-11-07 11:15:05 [INFO]   Accuracy: 0.1850
2025-11-07 11:15:06 [INFO] Trial 8/20
2025-11-07 11:15:06 [INFO]   Architecture: [{'op': 'identity', 'filters': 64, 'use_bn': True}, {'op': 'identity', 'filters': 128, 'use_bn': False}, {'op': 'avg_pool', 'filters': 32, 'use_bn': True}, {'op': 'conv5x5', 'filters': 32, 'use_bn': False}]
2025-11-07 11:15:06 [INFO]   Accuracy: 0.2010
2025-11-07 11:15:08 [INFO] Trial 9/20
2025-11-07 11:15:08 [INFO]   Architecture: [{'op': 'conv3x3', 'filters': 32, 'use_bn': True}, {'op': 'identity', 'filters': 64, 'use_bn': False}, {'op': 'conv1x1', 'filters': 32, 'use_bn': True}, {'op': 'conv5x5', 'filters': 32, 'use_bn': True}]
2025-11-07 11:15:08 [INFO]   Accuracy: 0.0930
2025-11-07 11:15:10 [INFO] Trial 10/20
2025-11-07 11:15:10 [INFO]   Architecture: [{'op': 'conv3x3', 'filters': 32, 'use_bn': False}, {'op': 'identity', 'filters': 64, 'use_bn': False}, {'op': 'conv1x1', 'filters': 32, 'use_bn': True}, {'op': 'conv5x5', 'filters': 32, 'use_bn': True}]
2025-11-07 11:15:10 [INFO]   Accuracy: 0.1120
2025-11-07 11:15:12 [INFO] Trial 11/20
2025-11-07 11:15:12 [INFO]   Architecture: [{'op': 'conv3x3', 'filters': 32, 'use_bn': True}, {'op': 'identity', 'filters': 64, 'use_bn': False}, {'op': 'conv1x1', 'filters': 64, 'use_bn': True}, {'op': 'conv5x5', 'filters': 32, 'use_bn': True}]
2025-11-07 11:15:12 [INFO]   Accuracy: 0.0850
2025-11-07 11:15:15 [INFO] Trial 12/20
2025-11-07 11:15:15 [INFO]   Architecture: [{'op': 'conv5x5', 'filters': 32, 'use_bn': False}, {'op': 'conv3x3', 'filters': 128, 'use_bn': False}, {'op': 'conv5x5', 'filters': 32, 'use_bn': True}, {'op': 'avg_pool', 'filters': 32, 'use_bn': False}]
2025-11-07 11:15:15 [INFO]   Accuracy: 0.3560
2025-11-07 11:15:19 [INFO] Trial 13/20
2025-11-07 11:15:19 [INFO]   Architecture: [{'op': 'conv5x5', 'filters': 32, 'use_bn': False}, {'op': 'conv3x3', 'filters': 128, 'use_bn': False}, {'op': 'conv5x5', 'filters': 32, 'use_bn': True}, {'op': 'conv1x1', 'filters': 32, 'use_bn': False}]
2025-11-07 11:15:19 [INFO]   Accuracy: 0.2560
2025-11-07 11:15:22 [INFO] Trial 14/20
2025-11-07 11:15:22 [INFO]   Architecture: [{'op': 'conv5x5', 'filters': 32, 'use_bn': True}, {'op': 'conv3x3', 'filters': 128, 'use_bn': False}, {'op': 'conv5x5', 'filters': 32, 'use_bn': True}, {'op': 'conv1x1', 'filters': 32, 'use_bn': False}]
2025-11-07 11:15:22 [INFO]   Accuracy: 0.0950
2025-11-07 11:15:23 [INFO] Trial 15/20
2025-11-07 11:15:23 [INFO]   Architecture: [{'op': 'identity', 'filters': 64, 'use_bn': True}, {'op': 'identity', 'filters': 128, 'use_bn': False}, {'op': 'avg_pool', 'filters': 32, 'use_bn': True}, {'op': 'conv5x5', 'filters': 32, 'use_bn': False}]
2025-11-07 11:15:23 [INFO]   Accuracy: 0.1860
2025-11-07 11:15:24 [INFO] Trial 16/20
2025-11-07 11:15:24 [INFO]   Architecture: [{'op': 'conv3x3', 'filters': 64, 'use_bn': True}, {'op': 'identity', 'filters': 128, 'use_bn': False}, {'op': 'avg_pool', 'filters': 32, 'use_bn': True}, {'op': 'conv5x5', 'filters': 32, 'use_bn': False}]
2025-11-07 11:15:24 [INFO]   Accuracy: 0.2370
2025-11-07 11:15:27 [INFO] Trial 17/20
2025-11-07 11:15:27 [INFO]   Architecture: [{'op': 'conv5x5', 'filters': 32, 'use_bn': False}, {'op': 'conv3x3', 'filters': 128, 'use_bn': False}, {'op': 'conv5x5', 'filters': 32, 'use_bn': True}, {'op': 'conv1x1', 'filters': 32, 'use_bn': False}]
2025-11-07 11:15:27 [INFO]   Accuracy: 0.2760
2025-11-07 11:15:29 [INFO] Trial 18/20
2025-11-07 11:15:29 [INFO]   Architecture: [{'op': 'conv3x3', 'filters': 64, 'use_bn': True}, {'op': 'identity', 'filters': 128, 'use_bn': False}, {'op': 'avg_pool', 'filters': 128, 'use_bn': True}, {'op': 'conv5x5', 'filters': 32, 'use_bn': True}]
2025-11-07 11:15:29 [INFO]   Accuracy: 0.2040
2025-11-07 11:15:30 [INFO] Trial 19/20
2025-11-07 11:15:30 [INFO]   Architecture: [{'op': 'conv1x1', 'filters': 64, 'use_bn': True}, {'op': 'identity', 'filters': 128, 'use_bn': False}, {'op': 'avg_pool', 'filters': 32, 'use_bn': True}, {'op': 'conv5x5', 'filters': 32, 'use_bn': False}]
2025-11-07 11:15:30 [INFO]   Accuracy: 0.3180
2025-11-07 11:15:31 [INFO] Trial 20/20
2025-11-07 11:15:31 [INFO]   Architecture: [{'op': 'identity', 'filters': 64, 'use_bn': True}, {'op': 'identity', 'filters': 128, 'use_bn': False}, {'op': 'avg_pool', 'filters': 32, 'use_bn': True}, {'op': 'conv5x5', 'filters': 32, 'use_bn': False}]
2025-11-07 11:15:31 [INFO]   Accuracy: 0.2040
2025-11-07 11:15:31 [INFO] 
Top 3 Architectures:
2025-11-07 11:15:31 [INFO] 1. Accuracy: 0.3560
2025-11-07 11:15:31 [INFO]    [{'op': 'conv5x5', 'filters': 32, 'use_bn': False}, {'op': 'conv3x3', 'filters': 128, 'use_bn': False}, {'op': 'conv5x5', 'filters': 32, 'use_bn': True}, {'op': 'avg_pool', 'filters': 32, 'use_bn': False}]
2025-11-07 11:15:31 [INFO] 2. Accuracy: 0.3180
2025-11-07 11:15:31 [INFO]    [{'op': 'conv1x1', 'filters': 64, 'use_bn': True}, {'op': 'identity', 'filters': 128, 'use_bn': False}, {'op': 'avg_pool', 'filters': 32, 'use_bn': True}, {'op': 'conv5x5', 'filters': 32, 'use_bn': False}]
2025-11-07 11:15:31 [INFO] 3. Accuracy: 0.2830
2025-11-07 11:15:31 [INFO]    [{'op': 'identity', 'filters': 64, 'use_bn': True}, {'op': 'identity', 'filters': 128, 'use_bn': False}, {'op': 'avg_pool', 'filters': 32, 'use_bn': True}, {'op': 'conv5x5', 'filters': 32, 'use_bn': False}]
2025-11-07 11:15:31 [INFO] 
======================================================================
2025-11-07 11:15:31 [INFO] STEP 2: Training Best Architecture
2025-11-07 11:15:31 [INFO] ======================================================================
2025-11-07 11:15:31 [INFO] Best Architecture: [{'op': 'conv5x5', 'filters': 32, 'use_bn': False}, {'op': 'conv3x3', 'filters': 128, 'use_bn': False}, {'op': 'conv5x5', 'filters': 32, 'use_bn': True}, {'op': 'avg_pool', 'filters': 32, 'use_bn': False}]
2025-11-07 11:15:31 [INFO] 
Model Complexity:
2025-11-07 11:15:31 [INFO]   Trainable Parameters: 147,434
2025-11-07 11:15:31 [INFO]   Estimated FLOPs: 145,063,936
2025-11-07 11:15:31 [INFO]   Model Size (approx): 0.56 MB (float32)
2025-11-07 11:15:31 [INFO] 
Training for 50 epochs...
